#
# A fatal error has been detected by the Java Runtime Environment:
#
#  SIGSEGV (0xb) at pc=0x00007f6a7505b2fa, pid=8237, tid=140093873977088
#
# JRE version: OpenJDK Runtime Environment (7.0_55-b14) (build 1.7.0_55-b14)
# Java VM: OpenJDK 64-Bit Server VM (24.51-b03 mixed mode linux-amd64 compressed oops)
# Problematic frame:
# v  ~BufferBlob::jni_fast_GetLongField
#
# Failed to write core dump. Core dumps have been disabled. To enable core dumping, try "ulimit -c unlimited" before starting Java again
#
# If you would like to submit a bug report, please include
# instructions on how to reproduce the bug and visit:
#   http://icedtea.classpath.org/bugzilla
# The crash happened outside the Java Virtual Machine in native code.
# See problematic frame for where to report the bug.
#

---------------  T H R E A D  ---------------

Current thread (0x00007f6a782aa000):  JavaThread "AWT-XAWT" daemon [_thread_in_native, id=8262, stack(0x00007f6a2587f000,0x00007f6a25980000)]

siginfo:si_signo=SIGSEGV: si_errno=0, si_code=1 (SEGV_MAPERR), si_addr=0x0000000000000000

Registers:
RAX=0x00007f6a80394ec0, RBX=0x00007f6a782aa1d8, RCX=0x00007f6a8080b320, RDX=0x0000000000000042
RSP=0x00007f6a2597e7e8, RBP=0x00007f6a2597e810, RSI=0x0000000000000000, RDI=0x00007f6a782aa1d8
R8 =0x0000000000000320, R9 =0x0000000000000000, R10=0x000000000000000e, R11=0x00007f6a7fe43830
R12=0x00007f6a10010cf0, R13=0x0000000000000000, R14=0x00007f6a4cdd04a0, R15=0x00007f6a782aa000
RIP=0x00007f6a7505b2fa, EFLAGS=0x0000000000010246, CSGSFS=0x0000000000000033, ERR=0x0000000000000004
  TRAPNO=0x000000000000000e

Top of Stack: (sp=0x00007f6a2597e7e8)
0x00007f6a2597e7e8:   00007f6a4cb9c564 000000077a8f4138
0x00007f6a2597e7f8:   00007f6a10010cf0 000000077a8f4138
0x00007f6a2597e808:   00007f6a2597e900 0000000000000000
0x00007f6a2597e818:   00007f6a4c696ae8 000000077a8f4138
0x00007f6a2597e828:   00007f6a2597e850 0000000000000000
0x00007f6a2597e838:   00007f6a4c68e9a3 000000077a8f4138
0x00007f6a2597e848:   00007f6a4cb9109f 00007f6a2597e8c8
0x00007f6a2597e858:   00007f6a75012cd8 0000000000000000
0x00007f6a2597e868:   00000007d70c86e8 00000007d70c8c10
0x00007f6a2597e878:   00007f6a2597e878 000000077acec976
0x00007f6a2597e888:   00007f6a2597e888 0000000000000000
0x00007f6a2597e898:   00007f6a2597e900 000000077a8fa2b8
0x00007f6a2597e8a8:   0000000000000000 000000077a8f4138
0x00007f6a2597e8b8:   0000000000000000 00007f6a2597e910
0x00007f6a2597e8c8:   0000000000000000 00007f6a750b771c
0x00007f6a2597e8d8:   00000007d7072a88 00007f6a7500ecc0
0x00007f6a2597e8e8:   0000000000000000 0000000000000000
0x00007f6a2597e8f8:   00007f6a18002dc0 0000000000000000
0x00007f6a2597e908:   00007f6a750b771c 00000007d7040d80
0x00007f6a2597e918:   0000000500000000 0000000000600003
0x00007f6a2597e928:   00000007d7073f60 fae081b0fae081b0
0x00007f6a2597e938:   00007f6afada219a fae081b0fae081b0
0x00007f6a2597e948:   00000007d70c86e8 00007f6a18002dc0
0x00007f6a2597e958:   00007f6afada219a 00007f6a18002dc0
0x00007f6a2597e968:   00000007d75de440 0000000000000001
0x00007f6a2597e978:   0000000000000000 00007f6a2597e9e0
0x00007f6a2597e988:   00007f6a75006058 0000000000000000
0x00007f6a2597e998:   00000007d7073f60 00007f6a2597e9a0
0x00007f6a2597e9a8:   000000077a7eb7d5 00007f6a2597e9f0
0x00007f6a2597e9b8:   000000077a7f87c0 0000000000000000
0x00007f6a2597e9c8:   000000077a7eb7f0 00007f6a2597e990
0x00007f6a2597e9d8:   00007f6a2597e9f0 00007f6a2597ea38 

Instructions: (pc=0x00007f6a7505b2fa)
0x00007f6a7505b2da:   00 00 00 00 00 00 44 8b 15 fd 3e 36 0b 4c 8b ce
0x00007f6a7505b2ea:   41 f6 c2 01 0f 85 2e 00 00 00 4d 33 ca 4d 33 ca
0x00007f6a7505b2fa:   4d 8b 09 4c 8b da 49 c1 eb 02 4b 8b 04 19 49 bb
0x00007f6a7505b30a:   e4 f1 3b 80 6a 7f 00 00 4c 33 d8 4c 33 d8 45 3b 

Register to memory mapping:

RAX=0x00007f6a80394ec0: <offset 0xd7dec0> in /usr/lib/jvm/java-7-openjdk-amd64/jre/lib/amd64/server/libjvm.so at 0x00007f6a7f617000
RBX=0x00007f6a782aa1d8 is an unknown value
RCX=0x00007f6a8080b320: <offset 0x219320> in /lib/x86_64-linux-gnu/libpthread.so.0 at 0x00007f6a805f2000
RDX=0x0000000000000042 is an unknown value
RSP=0x00007f6a2597e7e8 is pointing into the stack for thread: 0x00007f6a782aa000
RBP=0x00007f6a2597e810 is pointing into the stack for thread: 0x00007f6a782aa000
RSI=0x0000000000000000 is an unknown value
RDI=0x00007f6a782aa1d8 is an unknown value
R8 =0x0000000000000320 is an unknown value
R9 =0x0000000000000000 is an unknown value
R10=0x000000000000000e is an unknown value
R11=0x00007f6a7fe43830: <offset 0x82c830> in /usr/lib/jvm/java-7-openjdk-amd64/jre/lib/amd64/server/libjvm.so at 0x00007f6a7f617000
R12=0x00007f6a10010cf0 is an unknown value
R13=0x0000000000000000 is an unknown value
R14=0x00007f6a4cdd04a0: <offset 0x2544a0> in /usr/lib/jvm/java-7-openjdk-amd64/jre/lib/amd64/xawt/libmawt.so at 0x00007f6a4cb7c000
R15=0x00007f6a782aa000 is a thread


Stack: [0x00007f6a2587f000,0x00007f6a25980000],  sp=0x00007f6a2597e7e8,  free space=1021k
Native frames: (J=compiled Java code, j=interpreted, Vv=VM code, C=native code)
v  ~BufferBlob::jni_fast_GetLongField

Java frames: (J=compiled Java code, j=interpreted, Vv=VM code)
j  sun.awt.X11.XlibWrapper.XFilterEvent(JJ)Z+0
J  sun.awt.X11.XToolkit.run(Z)V
j  sun.awt.X11.XToolkit.run()V+5
j  java.lang.Thread.run()V+11
v  ~StubRoutines::call_stub

---------------  P R O C E S S  ---------------

Java Threads: ( => current thread )
  0x00007f6a1002e800 JavaThread "TimerQueue" daemon [_thread_blocked, id=8266, stack(0x00007f6a25328000,0x00007f6a25429000)]
  0x00007f6a7800a800 JavaThread "DestroyJavaVM" [_thread_blocked, id=8243, stack(0x00007f6a810e5000,0x00007f6a811e6000)]
  0x00007f6a78301000 JavaThread "AWT-EventQueue-0" [_thread_blocked, id=8264, stack(0x00007f6a2567d000,0x00007f6a2577e000)]
  0x00007f6a782d1800 JavaThread "AWT-Shutdown" [_thread_blocked, id=8263, stack(0x00007f6a2577e000,0x00007f6a2587f000)]
=>0x00007f6a782aa000 JavaThread "AWT-XAWT" daemon [_thread_in_native, id=8262, stack(0x00007f6a2587f000,0x00007f6a25980000)]
  0x00007f6a7828e000 JavaThread "Java2D Disposer" daemon [_thread_blocked, id=8261, stack(0x00007f6a25980000,0x00007f6a25a81000)]
  0x00007f6a780b0800 JavaThread "Service Thread" daemon [_thread_blocked, id=8258, stack(0x00007f6a4e920000,0x00007f6a4ea21000)]
  0x00007f6a780ae000 JavaThread "C2 CompilerThread1" daemon [_thread_blocked, id=8257, stack(0x00007f6a4ea21000,0x00007f6a4eb22000)]
  0x00007f6a780ab800 JavaThread "C2 CompilerThread0" daemon [_thread_blocked, id=8256, stack(0x00007f6a4eb22000,0x00007f6a4ec23000)]
  0x00007f6a780a9000 JavaThread "Signal Dispatcher" daemon [_thread_blocked, id=8255, stack(0x00007f6a4ec23000,0x00007f6a4ed24000)]
  0x00007f6a78085000 JavaThread "Finalizer" daemon [_thread_blocked, id=8254, stack(0x00007f6a4f407000,0x00007f6a4f508000)]
  0x00007f6a78083000 JavaThread "Reference Handler" daemon [_thread_blocked, id=8253, stack(0x00007f6a4f508000,0x00007f6a4f609000)]

Other Threads:
  0x00007f6a7807e800 VMThread [stack: 0x00007f6a4f609000,0x00007f6a4f70a000] [id=8252]
  0x00007f6a780c3800 WatcherThread [stack: 0x00007f6a4e81f000,0x00007f6a4e920000] [id=8259]

VM state:not at safepoint (normal execution)

VM Mutex/Monitor currently owned by a thread: None

Heap
 PSYoungGen      total 37376K, used 12263K [0x00000007d6d00000, 0x00000007d9680000, 0x0000000800000000)
  eden space 32256K, 38% used [0x00000007d6d00000,0x00000007d78f9d88,0x00000007d8c80000)
  from space 5120K, 0% used [0x00000007d9180000,0x00000007d9180000,0x00000007d9680000)
  to   space 5120K, 0% used [0x00000007d8c80000,0x00000007d8c80000,0x00000007d9180000)
 ParOldGen       total 83968K, used 0K [0x0000000784800000, 0x0000000789a00000, 0x00000007d6d00000)
  object space 83968K, 0% used [0x0000000784800000,0x0000000784800000,0x0000000789a00000)
 PSPermGen       total 21504K, used 14568K [0x000000077a200000, 0x000000077b700000, 0x0000000784800000)
  object space 21504K, 67% used [0x000000077a200000,0x000000077b03a2a0,0x000000077b700000)

Card table byte_map: [0x00007f6a7d93b000,0x00007f6a7dd6b000] byte_map_base: 0x00007f6a79d6a000

Polling page: 0x00007f6a81207000

Code Cache  [0x00007f6a75000000, 0x00007f6a75270000, 0x00007f6a78000000)
 total_blobs=596 nmethods=95 adapters=454 free_code_cache=48421Kb largest_free_block=49538240

Compilation events (10 events):
Event: 5221,124 Thread 0x00007f6a780ab800   91             sun.awt.X11.XWrapperBase::<init> (5 bytes)
Event: 5221,124 Thread 0x00007f6a780ab800 nmethod 91 0x00007f6a750ab390 code [0x00007f6a750ab4c0, 0x00007f6a750ab518]
Event: 5250,821 Thread 0x00007f6a780ae000   92             java.lang.Long::<init> (10 bytes)
Event: 5250,822 Thread 0x00007f6a780ae000 nmethod 92 0x00007f6a750ab150 code [0x00007f6a750ab280, 0x00007f6a750ab2d8]
Event: 5262,363 Thread 0x00007f6a780ae000   93             java.lang.Long::valueOf (40 bytes)
Event: 5262,365 Thread 0x00007f6a780ae000 nmethod 93 0x00007f6a750ae2d0 code [0x00007f6a750ae420, 0x00007f6a750ae518]
Event: 5357,420 Thread 0x00007f6a780ab800   94 % !         sun.awt.X11.XToolkit::run @ 59 (410 bytes)
Event: 5357,512 Thread 0x00007f6a780ab800 nmethod 94% 0x00007f6a750b5cd0 code [0x00007f6a750b66e0, 0x00007f6a750bad08]
Event: 5521,487 Thread 0x00007f6a780ae000   95             sun.awt.X11.XAnyEvent::get_window (20 bytes)
Event: 5521,491 Thread 0x00007f6a780ae000 nmethod 95 0x00007f6a750adbd0 code [0x00007f6a750add60, 0x00007f6a750adf98]

GC Heap History (0 events):
No events

Deoptimization events (5 events):
Event: 0,229 Thread 0x00007f6a7800a800 Uncommon trap: reason=class_check action=maybe_recompile pc=0x00007f6a750687b0 method=java.util.Properties$LineReader.readLine()I @ 62
Event: 0,238 Thread 0x00007f6a7800a800 Uncommon trap: reason=null_check action=make_not_entrant pc=0x00007f6a7506e0d0 method=java.lang.String.equals(Ljava/lang/Object;)Z @ 8
Event: 0,283 Thread 0x00007f6a7800a800 Uncommon trap: reason=class_check action=maybe_recompile pc=0x00007f6a750687b0 method=java.util.Properties$LineReader.readLine()I @ 62
Event: 0,408 Thread 0x00007f6a7800a800 Uncommon trap: reason=class_check action=maybe_recompile pc=0x00007f6a750687b0 method=java.util.Properties$LineReader.readLine()I @ 62
Event: 0,408 Thread 0x00007f6a7800a800 Uncommon trap: reason=class_check action=maybe_recompile pc=0x00007f6a750687b0 method=java.util.Properties$LineReader.readLine()I @ 62

Internal exceptions (10 events):
Event: 1,527 Thread 0x00007f6a78301000 Threw 0x00000007d75b7c18 at /build/buildd/openjdk-7-7u55-2.4.7/build/openjdk/hotspot/src/share/vm/prims/jvm.cpp:1244
Event: 1,528 Thread 0x00007f6a78301000 Threw 0x00000007d75bb0c8 at /build/buildd/openjdk-7-7u55-2.4.7/build/openjdk/hotspot/src/share/vm/prims/jvm.cpp:1244
Event: 1,528 Thread 0x00007f6a78301000 Threw 0x00000007d75be030 at /build/buildd/openjdk-7-7u55-2.4.7/build/openjdk/hotspot/src/share/vm/prims/jvm.cpp:1244
Event: 1,529 Thread 0x00007f6a78301000 Threw 0x00000007d75c1cd0 at /build/buildd/openjdk-7-7u55-2.4.7/build/openjdk/hotspot/src/share/vm/prims/jvm.cpp:1244
Event: 1,530 Thread 0x00007f6a78301000 Threw 0x00000007d75c5ad0 at /build/buildd/openjdk-7-7u55-2.4.7/build/openjdk/hotspot/src/share/vm/prims/jvm.cpp:1244
Event: 1,530 Thread 0x00007f6a78301000 Threw 0x00000007d75c8dd8 at /build/buildd/openjdk-7-7u55-2.4.7/build/openjdk/hotspot/src/share/vm/prims/jvm.cpp:1244
Event: 1,531 Thread 0x00007f6a78301000 Threw 0x00000007d75cb348 at /build/buildd/openjdk-7-7u55-2.4.7/build/openjdk/hotspot/src/share/vm/prims/jvm.cpp:1244
Event: 1,531 Thread 0x00007f6a78301000 Threw 0x00000007d75ce788 at /build/buildd/openjdk-7-7u55-2.4.7/build/openjdk/hotspot/src/share/vm/prims/jvm.cpp:1244
Event: 1,532 Thread 0x00007f6a78301000 Threw 0x00000007d75d0f50 at /build/buildd/openjdk-7-7u55-2.4.7/build/openjdk/hotspot/src/share/vm/prims/jvm.cpp:1244
Event: 1,645 Thread 0x00007f6a78301000 Threw 0x00000007d7614060 at /build/buildd/openjdk-7-7u55-2.4.7/build/openjdk/hotspot/src/share/vm/prims/jni.cpp:743

Events (10 events):
Event: 3,633 loading class 0x00007f6a3c095d00
Event: 3,633 loading class 0x00007f6a3c095d00 done
Event: 4,066 Executing VM operation: EnableBiasedLocking
Event: 4,066 Executing VM operation: EnableBiasedLocking done
Event: 11369,297 loading class 0x00007f6a781356d0
Event: 11369,297 loading class 0x00007f6a781356d0 done
Event: 11369,519 loading class 0x00007f6a3c134f30
Event: 11369,519 loading class 0x00007f6a3c134f30 done
Event: 11369,556 loading class 0x00007f6a3c1346e0
Event: 11369,556 loading class 0x00007f6a3c1346e0 done


Dynamic libraries:
00400000-00401000 r-xp 00000000 08:0c 6038082                            /usr/lib/jvm/java-7-openjdk-amd64/jre/bin/java
00600000-00601000 r--p 00000000 08:0c 6038082                            /usr/lib/jvm/java-7-openjdk-amd64/jre/bin/java
00601000-00602000 rw-p 00001000 08:0c 6038082                            /usr/lib/jvm/java-7-openjdk-amd64/jre/bin/java
01ca7000-01cc8000 rw-p 00000000 00:00 0                                  [heap]
77a200000-77b700000 rw-p 00000000 00:00 0 
77b700000-784800000 rw-p 00000000 00:00 0 
784800000-789a00000 rw-p 00000000 00:00 0 
789a00000-7d6d00000 rw-p 00000000 00:00 0 
7d6d00000-7d9680000 rw-p 00000000 00:00 0 
7d9680000-800000000 rw-p 00000000 00:00 0 
7f6a10000000-7f6a10050000 rw-p 00000000 00:00 0 
7f6a10050000-7f6a14000000 ---p 00000000 00:00 0 
7f6a14000000-7f6a14021000 rw-p 00000000 00:00 0 
7f6a14021000-7f6a18000000 ---p 00000000 00:00 0 
7f6a18000000-7f6a18021000 rw-p 00000000 00:00 0 
7f6a18021000-7f6a1c000000 ---p 00000000 00:00 0 
7f6a1c000000-7f6a1c021000 rw-p 00000000 00:00 0 
7f6a1c021000-7f6a20000000 ---p 00000000 00:00 0 
7f6a20000000-7f6a20021000 rw-p 00000000 00:00 0 
7f6a20021000-7f6a24000000 ---p 00000000 00:00 0 
7f6a25328000-7f6a2532b000 ---p 00000000 00:00 0 
7f6a2532b000-7f6a25429000 rw-p 00000000 00:00 0                          [stack:8266]
7f6a25429000-7f6a2547a000 r-xp 00000000 08:0c 6038157                    /usr/lib/jvm/java-7-openjdk-amd64/jre/lib/amd64/libfontmanager.so
7f6a2547a000-7f6a25679000 ---p 00051000 08:0c 6038157                    /usr/lib/jvm/java-7-openjdk-amd64/jre/lib/amd64/libfontmanager.so
7f6a25679000-7f6a2567c000 r--p 00050000 08:0c 6038157                    /usr/lib/jvm/java-7-openjdk-amd64/jre/lib/amd64/libfontmanager.so
7f6a2567c000-7f6a2567d000 rw-p 00053000 08:0c 6038157                    /usr/lib/jvm/java-7-openjdk-amd64/jre/lib/amd64/libfontmanager.so
7f6a2567d000-7f6a25680000 ---p 00000000 00:00 0 
7f6a25680000-7f6a2577e000 rw-p 00000000 00:00 0                          [stack:8264]
7f6a2577e000-7f6a25781000 ---p 00000000 00:00 0 
7f6a25781000-7f6a2587f000 rw-p 00000000 00:00 0                          [stack:8263]
7f6a2587f000-7f6a25882000 ---p 00000000 00:00 0 
7f6a25882000-7f6a25980000 rw-p 00000000 00:00 0                          [stack:8262]
7f6a25980000-7f6a25983000 ---p 00000000 00:00 0 
7f6a25983000-7f6a25a81000 rw-p 00000000 00:00 0                          [stack:8261]
7f6a25a81000-7f6a25a85000 r-xp 00000000 08:0c 6295469                    /lib/x86_64-linux-gnu/libgpg-error.so.0.10.0
7f6a25a85000-7f6a25c84000 ---p 00004000 08:0c 6295469                    /lib/x86_64-linux-gnu/libgpg-error.so.0.10.0
7f6a25c84000-7f6a25c85000 r--p 00003000 08:0c 6295469                    /lib/x86_64-linux-gnu/libgpg-error.so.0.10.0
7f6a25c85000-7f6a25c86000 rw-p 00004000 08:0c 6295469                    /lib/x86_64-linux-gnu/libgpg-error.so.0.10.0
7f6a25c86000-7f6a25c88000 r-xp 00000000 08:0c 6295479                    /lib/x86_64-linux-gnu/libkeyutils.so.1.4
7f6a25c88000-7f6a25e88000 ---p 00002000 08:0c 6295479                    /lib/x86_64-linux-gnu/libkeyutils.so.1.4
7f6a25e88000-7f6a25e89000 r--p 00002000 08:0c 6295479                    /lib/x86_64-linux-gnu/libkeyutils.so.1.4
7f6a25e89000-7f6a25e8a000 rw-p 00003000 08:0c 6295479                    /lib/x86_64-linux-gnu/libkeyutils.so.1.4
7f6a25e8a000-7f6a25ea4000 r-xp 00000000 08:0c 5906754                    /usr/lib/x86_64-linux-gnu/libgraphite2.so.3.0.1
7f6a25ea4000-7f6a260a3000 ---p 0001a000 08:0c 5906754                    /usr/lib/x86_64-linux-gnu/libgraphite2.so.3.0.1
7f6a260a3000-7f6a260a5000 r--p 00019000 08:0c 5906754                    /usr/lib/x86_64-linux-gnu/libgraphite2.so.3.0.1
7f6a260a5000-7f6a260a6000 rw-p 0001b000 08:0c 5906754                    /usr/lib/x86_64-linux-gnu/libgraphite2.so.3.0.1
7f6a260a6000-7f6a260ea000 r-xp 00000000 08:0c 6295450                    /lib/x86_64-linux-gnu/libdbus-1.so.3.7.6
7f6a260ea000-7f6a262e9000 ---p 00044000 08:0c 6295450                    /lib/x86_64-linux-gnu/libdbus-1.so.3.7.6
7f6a262e9000-7f6a262ea000 r--p 00043000 08:0c 6295450                    /lib/x86_64-linux-gnu/libdbus-1.so.3.7.6
7f6a262ea000-7f6a262eb000 rw-p 00044000 08:0c 6295450                    /lib/x86_64-linux-gnu/libdbus-1.so.3.7.6
7f6a262eb000-7f6a26326000 r-xp 00000000 08:0c 5907052                    /usr/lib/x86_64-linux-gnu/libp11-kit.so.0.0.0
7f6a26326000-7f6a26525000 ---p 0003b000 08:0c 5907052                    /usr/lib/x86_64-linux-gnu/libp11-kit.so.0.0.0
7f6a26525000-7f6a2652b000 r--p 0003a000 08:0c 5907052                    /usr/lib/x86_64-linux-gnu/libp11-kit.so.0.0.0
7f6a2652b000-7f6a2652d000 rw-p 00040000 08:0c 5907052                    /usr/lib/x86_64-linux-gnu/libp11-kit.so.0.0.0
7f6a2652d000-7f6a2653f000 r-xp 00000000 08:0c 5907237                    /usr/lib/x86_64-linux-gnu/libtasn1.so.6.2.0
7f6a2653f000-7f6a2673f000 ---p 00012000 08:0c 5907237                    /usr/lib/x86_64-linux-gnu/libtasn1.so.6.2.0
7f6a2673f000-7f6a26740000 r--p 00012000 08:0c 5907237                    /usr/lib/x86_64-linux-gnu/libtasn1.so.6.2.0
7f6a26740000-7f6a26741000 rw-p 00013000 08:0c 5907237                    /usr/lib/x86_64-linux-gnu/libtasn1.so.6.2.0
7f6a26741000-7f6a267bc000 r-xp 00000000 08:0c 6295465                    /lib/x86_64-linux-gnu/libgcrypt.so.11.8.2
7f6a267bc000-7f6a269bc000 ---p 0007b000 08:0c 6295465                    /lib/x86_64-linux-gnu/libgcrypt.so.11.8.2
7f6a269bc000-7f6a269bd000 r--p 0007b000 08:0c 6295465                    /lib/x86_64-linux-gnu/libgcrypt.so.11.8.2
7f6a269bd000-7f6a269c0000 rw-p 0007c000 08:0c 6295465                    /lib/x86_64-linux-gnu/libgcrypt.so.11.8.2
7f6a269c0000-7f6a269ca000 r-xp 00000000 08:0c 5906935                    /usr/lib/x86_64-linux-gnu/libkrb5support.so.0.1
7f6a269ca000-7f6a26bc9000 ---p 0000a000 08:0c 5906935                    /usr/lib/x86_64-linux-gnu/libkrb5support.so.0.1
7f6a26bc9000-7f6a26bca000 r--p 00009000 08:0c 5906935                    /usr/lib/x86_64-linux-gnu/libkrb5support.so.0.1
7f6a26bca000-7f6a26bcb000 rw-p 0000a000 08:0c 5906935                    /usr/lib/x86_64-linux-gnu/libkrb5support.so.0.1
7f6a26bcb000-7f6a26bce000 r-xp 00000000 08:0c 6295445                    /lib/x86_64-linux-gnu/libcom_err.so.2.1
7f6a26bce000-7f6a26dcd000 ---p 00003000 08:0c 6295445                    /lib/x86_64-linux-gnu/libcom_err.so.2.1
7f6a26dcd000-7f6a26dce000 r--p 00002000 08:0c 6295445                    /lib/x86_64-linux-gnu/libcom_err.so.2.1
7f6a26dce000-7f6a26dcf000 rw-p 00003000 08:0c 6295445                    /lib/x86_64-linux-gnu/libcom_err.so.2.1
7f6a26dcf000-7f6a26dfb000 r-xp 00000000 08:0c 5906929                    /usr/lib/x86_64-linux-gnu/libk5crypto.so.3.1
7f6a26dfb000-7f6a26ffa000 ---p 0002c000 08:0c 5906929                    /usr/lib/x86_64-linux-gnu/libk5crypto.so.3.1
7f6a26ffa000-7f6a26ffc000 r--p 0002b000 08:0c 5906929                    /usr/lib/x86_64-linux-gnu/libk5crypto.so.3.1
7f6a26ffc000-7f6a26ffd000 rw-p 0002d000 08:0c 5906929                    /usr/lib/x86_64-linux-gnu/libk5crypto.so.3.1
7f6a26ffd000-7f6a26ffe000 rw-p 00000000 00:00 0 
7f6a26ffe000-7f6a270ba000 r-xp 00000000 08:0c 5906933                    /usr/lib/x86_64-linux-gnu/libkrb5.so.3.3
7f6a270ba000-7f6a272ba000 ---p 000bc000 08:0c 5906933                    /usr/lib/x86_64-linux-gnu/libkrb5.so.3.3
7f6a272ba000-7f6a272c7000 r--p 000bc000 08:0c 5906933                    /usr/lib/x86_64-linux-gnu/libkrb5.so.3.3
7f6a272c7000-7f6a272c9000 rw-p 000c9000 08:0c 5906933                    /usr/lib/x86_64-linux-gnu/libkrb5.so.3.3
7f6a272c9000-7f6a272cf000 r-xp 00000000 08:0c 5906528                    /usr/lib/x86_64-linux-gnu/libdatrie.so.1.3.1
7f6a272cf000-7f6a274ce000 ---p 00006000 08:0c 5906528                    /usr/lib/x86_64-linux-gnu/libdatrie.so.1.3.1
7f6a274ce000-7f6a274cf000 r--p 00005000 08:0c 5906528                    /usr/lib/x86_64-linux-gnu/libdatrie.so.1.3.1
7f6a274cf000-7f6a274d0000 rw-p 00006000 08:0c 5906528                    /usr/lib/x86_64-linux-gnu/libdatrie.so.1.3.1
7f6a274d0000-7f6a27523000 r-xp 00000000 08:0c 5906867                    /usr/lib/x86_64-linux-gnu/libharfbuzz.so.0.927.0
7f6a27523000-7f6a27723000 ---p 00053000 08:0c 5906867                    /usr/lib/x86_64-linux-gnu/libharfbuzz.so.0.927.0
7f6a27723000-7f6a27724000 r--p 00053000 08:0c 5906867                    /usr/lib/x86_64-linux-gnu/libharfbuzz.so.0.927.0
7f6a27724000-7f6a27725000 rw-p 00054000 08:0c 5906867                    /usr/lib/x86_64-linux-gnu/libharfbuzz.so.0.927.0
7f6a27725000-7f6a2772d000 r-xp 00000000 08:0c 5907379                    /usr/lib/x86_64-linux-gnu/libxcb-render.so.0.0.0
7f6a2772d000-7f6a2792c000 ---p 00008000 08:0c 5907379                    /usr/lib/x86_64-linux-gnu/libxcb-render.so.0.0.0
7f6a2792c000-7f6a2792d000 r--p 00007000 08:0c 5907379                    /usr/lib/x86_64-linux-gnu/libxcb-render.so.0.0.0
7f6a2792d000-7f6a2792e000 rw-p 00008000 08:0c 5907379                    /usr/lib/x86_64-linux-gnu/libxcb-render.so.0.0.0
7f6a2792e000-7f6a27930000 r-xp 00000000 08:0c 5907383                    /usr/lib/x86_64-linux-gnu/libxcb-shm.so.0.0.0
7f6a27930000-7f6a27b2f000 ---p 00002000 08:0c 5907383                    /usr/lib/x86_64-linux-gnu/libxcb-shm.so.0.0.0
7f6a27b2f000-7f6a27b30000 r--p 00001000 08:0c 5907383                    /usr/lib/x86_64-linux-gnu/libxcb-shm.so.0.0.0
7f6a27b30000-7f6a27b31000 rw-p 00002000 08:0c 5907383                    /usr/lib/x86_64-linux-gnu/libxcb-shm.so.0.0.0
7f6a27b31000-7f6a27b56000 r-xp 00000000 08:0c 6295551                    /lib/x86_64-linux-gnu/libpng12.so.0.50.0
7f6a27b56000-7f6a27d55000 ---p 00025000 08:0c 6295551                    /lib/x86_64-linux-gnu/libpng12.so.0.50.0
7f6a27d55000-7f6a27d56000 r--p 00024000 08:0c 6295551                    /lib/x86_64-linux-gnu/libpng12.so.0.50.0
7f6a27d56000-7f6a27d57000 rw-p 00025000 08:0c 6295551                    /lib/x86_64-linux-gnu/libpng12.so.0.50.0
7f6a27d57000-7f6a27df8000 r-xp 00000000 08:0c 5907083                    /usr/lib/x86_64-linux-gnu/libpixman-1.so.0.30.2
7f6a27df8000-7f6a27ff8000 ---p 000a1000 08:0c 5907083                    /usr/lib/x86_64-linux-gnu/libpixman-1.so.0.30.2
7f6a27ff8000-7f6a27fff000 r--p 000a1000 08:0c 5907083                    /usr/lib/x86_64-linux-gnu/libpixman-1.so.0.30.2
7f6a27fff000-7f6a28000000 rw-p 000a8000 08:0c 5907083                    /usr/lib/x86_64-linux-gnu/libpixman-1.so.0.30.2
7f6a28000000-7f6a28021000 rw-p 00000000 00:00 0 
7f6a28021000-7f6a2c000000 ---p 00000000 00:00 0 
7f6a2c060000-7f6a2c065000 r-xp 00000000 08:0c 5906336                    /usr/lib/x86_64-linux-gnu/libXdmcp.so.6.0.0
7f6a2c065000-7f6a2c264000 ---p 00005000 08:0c 5906336                    /usr/lib/x86_64-linux-gnu/libXdmcp.so.6.0.0
7f6a2c264000-7f6a2c265000 r--p 00004000 08:0c 5906336                    /usr/lib/x86_64-linux-gnu/libXdmcp.so.6.0.0
7f6a2c265000-7f6a2c266000 rw-p 00005000 08:0c 5906336                    /usr/lib/x86_64-linux-gnu/libXdmcp.so.6.0.0
7f6a2c266000-7f6a2c268000 r-xp 00000000 08:0c 5906325                    /usr/lib/x86_64-linux-gnu/libXau.so.6.0.0
7f6a2c268000-7f6a2c468000 ---p 00002000 08:0c 5906325                    /usr/lib/x86_64-linux-gnu/libXau.so.6.0.0
7f6a2c468000-7f6a2c469000 r--p 00002000 08:0c 5906325                    /usr/lib/x86_64-linux-gnu/libXau.so.6.0.0
7f6a2c469000-7f6a2c46a000 rw-p 00003000 08:0c 5906325                    /usr/lib/x86_64-linux-gnu/libXau.so.6.0.0
7f6a2c46a000-7f6a2c479000 r-xp 00000000 08:0c 5906429                    /usr/lib/x86_64-linux-gnu/libavahi-client.so.3.2.9
7f6a2c479000-7f6a2c679000 ---p 0000f000 08:0c 5906429                    /usr/lib/x86_64-linux-gnu/libavahi-client.so.3.2.9
7f6a2c679000-7f6a2c67a000 r--p 0000f000 08:0c 5906429                    /usr/lib/x86_64-linux-gnu/libavahi-client.so.3.2.9
7f6a2c67a000-7f6a2c67b000 rw-p 00010000 08:0c 5906429                    /usr/lib/x86_64-linux-gnu/libavahi-client.so.3.2.9
7f6a2c67b000-7f6a2c686000 r-xp 00000000 08:0c 5906431                    /usr/lib/x86_64-linux-gnu/libavahi-common.so.3.5.3
7f6a2c686000-7f6a2c885000 ---p 0000b000 08:0c 5906431                    /usr/lib/x86_64-linux-gnu/libavahi-common.so.3.5.3
7f6a2c885000-7f6a2c886000 r--p 0000a000 08:0c 5906431                    /usr/lib/x86_64-linux-gnu/libavahi-common.so.3.5.3
7f6a2c886000-7f6a2c887000 rw-p 0000b000 08:0c 5906431                    /usr/lib/x86_64-linux-gnu/libavahi-common.so.3.5.3
7f6a2c887000-7f6a2c93d000 r-xp 00000000 08:0c 5899072                    /usr/lib/x86_64-linux-gnu/libgnutls.so.26.22.6
7f6a2c93d000-7f6a2cb3d000 ---p 000b6000 08:0c 5899072                    /usr/lib/x86_64-linux-gnu/libgnutls.so.26.22.6
7f6a2cb3d000-7f6a2cb43000 r--p 000b6000 08:0c 5899072                    /usr/lib/x86_64-linux-gnu/libgnutls.so.26.22.6
7f6a2cb43000-7f6a2cb44000 rw-p 000bc000 08:0c 5899072                    /usr/lib/x86_64-linux-gnu/libgnutls.so.26.22.6
7f6a2cb44000-7f6a2cb45000 rw-p 00000000 00:00 0 
7f6a2cb45000-7f6a2cb88000 r-xp 00000000 08:0c 5906763                    /usr/lib/x86_64-linux-gnu/libgssapi_krb5.so.2.2
7f6a2cb88000-7f6a2cd88000 ---p 00043000 08:0c 5906763                    /usr/lib/x86_64-linux-gnu/libgssapi_krb5.so.2.2
7f6a2cd88000-7f6a2cd89000 r--p 00043000 08:0c 5906763                    /usr/lib/x86_64-linux-gnu/libgssapi_krb5.so.2.2
7f6a2cd89000-7f6a2cd8b000 rw-p 00044000 08:0c 5906763                    /usr/lib/x86_64-linux-gnu/libgssapi_krb5.so.2.2
7f6a2cd8b000-7f6a2cdb2000 r-xp 00000000 08:0c 6295458                    /lib/x86_64-linux-gnu/libexpat.so.1.6.0
7f6a2cdb2000-7f6a2cfb2000 ---p 00027000 08:0c 6295458                    /lib/x86_64-linux-gnu/libexpat.so.1.6.0
7f6a2cfb2000-7f6a2cfb4000 r--p 00027000 08:0c 6295458                    /lib/x86_64-linux-gnu/libexpat.so.1.6.0
7f6a2cfb4000-7f6a2cfb5000 rw-p 00029000 08:0c 6295458                    /lib/x86_64-linux-gnu/libexpat.so.1.6.0
7f6a2cfb5000-7f6a2d052000 r-xp 00000000 08:0c 5899445                    /usr/lib/x86_64-linux-gnu/libfreetype.so.6.11.1
7f6a2d052000-7f6a2d251000 ---p 0009d000 08:0c 5899445                    /usr/lib/x86_64-linux-gnu/libfreetype.so.6.11.1
7f6a2d251000-7f6a2d257000 r--p 0009c000 08:0c 5899445                    /usr/lib/x86_64-linux-gnu/libfreetype.so.6.11.1
7f6a2d257000-7f6a2d258000 rw-p 000a2000 08:0c 5899445                    /usr/lib/x86_64-linux-gnu/libfreetype.so.6.11.1
7f6a2d258000-7f6a2d260000 r-xp 00000000 08:0c 5907253                    /usr/lib/x86_64-linux-gnu/libthai.so.0.2.0
7f6a2d260000-7f6a2d45f000 ---p 00008000 08:0c 5907253                    /usr/lib/x86_64-linux-gnu/libthai.so.0.2.0
7f6a2d45f000-7f6a2d460000 r--p 00007000 08:0c 5907253                    /usr/lib/x86_64-linux-gnu/libthai.so.0.2.0
7f6a2d460000-7f6a2d461000 rw-p 00008000 08:0c 5907253                    /usr/lib/x86_64-linux-gnu/libthai.so.0.2.0
7f6a2d461000-7f6a2d463000 r-xp 00000000 08:0c 5906334                    /usr/lib/x86_64-linux-gnu/libXdamage.so.1.1.0
7f6a2d463000-7f6a2d662000 ---p 00002000 08:0c 5906334                    /usr/lib/x86_64-linux-gnu/libXdamage.so.1.1.0
7f6a2d662000-7f6a2d663000 r--p 00001000 08:0c 5906334                    /usr/lib/x86_64-linux-gnu/libXdamage.so.1.1.0
7f6a2d663000-7f6a2d664000 rw-p 00002000 08:0c 5906334                    /usr/lib/x86_64-linux-gnu/libXdamage.so.1.1.0
7f6a2d664000-7f6a2d666000 r-xp 00000000 08:0c 5906330                    /usr/lib/x86_64-linux-gnu/libXcomposite.so.1.0.0
7f6a2d666000-7f6a2d865000 ---p 00002000 08:0c 5906330                    /usr/lib/x86_64-linux-gnu/libXcomposite.so.1.0.0
7f6a2d865000-7f6a2d866000 r--p 00001000 08:0c 5906330                    /usr/lib/x86_64-linux-gnu/libXcomposite.so.1.0.0
7f6a2d866000-7f6a2d867000 rw-p 00002000 08:0c 5906330                    /usr/lib/x86_64-linux-gnu/libXcomposite.so.1.0.0
7f6a2d867000-7f6a2d870000 r-xp 00000000 08:0c 5906332                    /usr/lib/x86_64-linux-gnu/libXcursor.so.1.0.2
7f6a2d870000-7f6a2da6f000 ---p 00009000 08:0c 5906332                    /usr/lib/x86_64-linux-gnu/libXcursor.so.1.0.2
7f6a2da6f000-7f6a2da70000 r--p 00008000 08:0c 5906332                    /usr/lib/x86_64-linux-gnu/libXcursor.so.1.0.2
7f6a2da70000-7f6a2da71000 rw-p 00009000 08:0c 5906332                    /usr/lib/x86_64-linux-gnu/libXcursor.so.1.0.2
7f6a2da71000-7f6a2da7a000 r-xp 00000000 08:0c 5906358                    /usr/lib/x86_64-linux-gnu/libXrandr.so.2.2.0
7f6a2da7a000-7f6a2dc79000 ---p 00009000 08:0c 5906358                    /usr/lib/x86_64-linux-gnu/libXrandr.so.2.2.0
7f6a2dc79000-7f6a2dc7a000 r--p 00008000 08:0c 5906358                    /usr/lib/x86_64-linux-gnu/libXrandr.so.2.2.0
7f6a2dc7a000-7f6a2dc7b000 rw-p 00009000 08:0c 5906358                    /usr/lib/x86_64-linux-gnu/libXrandr.so.2.2.0
7f6a2dc7b000-7f6a2dc7d000 r-xp 00000000 08:0c 5906348                    /usr/lib/x86_64-linux-gnu/libXinerama.so.1.0.0
7f6a2dc7d000-7f6a2de7c000 ---p 00002000 08:0c 5906348                    /usr/lib/x86_64-linux-gnu/libXinerama.so.1.0.0
7f6a2de7c000-7f6a2de7d000 r--p 00001000 08:0c 5906348                    /usr/lib/x86_64-linux-gnu/libXinerama.so.1.0.0
7f6a2de7d000-7f6a2de7e000 rw-p 00002000 08:0c 5906348                    /usr/lib/x86_64-linux-gnu/libXinerama.so.1.0.0
7f6a2de7e000-7f6a2de92000 r-xp 00000000 08:0c 5907064                    /usr/lib/x86_64-linux-gnu/libpangoft2-1.0.so.0.3600.3
7f6a2de92000-7f6a2e091000 ---p 00014000 08:0c 5907064                    /usr/lib/x86_64-linux-gnu/libpangoft2-1.0.so.0.3600.3
7f6a2e091000-7f6a2e092000 r--p 00013000 08:0c 5907064                    /usr/lib/x86_64-linux-gnu/libpangoft2-1.0.so.0.3600.3
7f6a2e092000-7f6a2e093000 rw-p 00014000 08:0c 5907064                    /usr/lib/x86_64-linux-gnu/libpangoft2-1.0.so.0.3600.3
7f6a2e093000-7f6a2e199000 r-xp 00000000 08:0c 5906456                    /usr/lib/x86_64-linux-gnu/libcairo.so.2.11301.0
7f6a2e199000-7f6a2e398000 ---p 00106000 08:0c 5906456                    /usr/lib/x86_64-linux-gnu/libcairo.so.2.11301.0
7f6a2e398000-7f6a2e39b000 r--p 00105000 08:0c 5906456                    /usr/lib/x86_64-linux-gnu/libcairo.so.2.11301.0
7f6a2e39b000-7f6a2e39c000 rw-p 00108000 08:0c 5906456                    /usr/lib/x86_64-linux-gnu/libcairo.so.2.11301.0
7f6a2e39c000-7f6a2e39e000 rw-p 00000000 00:00 0 
7f6a2e39e000-7f6a2e3bd000 r-xp 00000000 08:0c 5906417                    /usr/lib/x86_64-linux-gnu/libatk-1.0.so.0.21009.1
7f6a2e3bd000-7f6a2e5bd000 ---p 0001f000 08:0c 5906417                    /usr/lib/x86_64-linux-gnu/libatk-1.0.so.0.21009.1
7f6a2e5bd000-7f6a2e5bf000 r--p 0001f000 08:0c 5906417                    /usr/lib/x86_64-linux-gnu/libatk-1.0.so.0.21009.1
7f6a2e5bf000-7f6a2e5c0000 rw-p 00021000 08:0c 5906417                    /usr/lib/x86_64-linux-gnu/libatk-1.0.so.0.21009.1
7f6a2e5c0000-7f6a2e5c5000 r-xp 00000000 08:0c 5906340                    /usr/lib/x86_64-linux-gnu/libXfixes.so.3.1.0
7f6a2e5c5000-7f6a2e7c4000 ---p 00005000 08:0c 5906340                    /usr/lib/x86_64-linux-gnu/libXfixes.so.3.1.0
7f6a2e7c4000-7f6a2e7c5000 r--p 00004000 08:0c 5906340                    /usr/lib/x86_64-linux-gnu/libXfixes.so.3.1.0
7f6a2e7c5000-7f6a2e7c6000 rw-p 00005000 08:0c 5906340                    /usr/lib/x86_64-linux-gnu/libXfixes.so.3.1.0
7f6a2e7c6000-7f6a2e7d1000 r-xp 00000000 08:0c 5907062                    /usr/lib/x86_64-linux-gnu/libpangocairo-1.0.so.0.3600.3
7f6a2e7d1000-7f6a2e9d1000 ---p 0000b000 08:0c 5907062                    /usr/lib/x86_64-linux-gnu/libpangocairo-1.0.so.0.3600.3
7f6a2e9d1000-7f6a2e9d2000 r--p 0000b000 08:0c 5907062                    /usr/lib/x86_64-linux-gnu/libpangocairo-1.0.so.0.3600.3
7f6a2e9d2000-7f6a2e9d3000 rw-p 0000c000 08:0c 5907062                    /usr/lib/x86_64-linux-gnu/libpangocairo-1.0.so.0.3600.3
7f6a2e9d3000-7f6a2e9f0000 r-xp 00000000 08:0c 5907393                    /usr/lib/x86_64-linux-gnu/libxcb.so.1.1.0
7f6a2e9f0000-7f6a2ebf0000 ---p 0001d000 08:0c 5907393                    /usr/lib/x86_64-linux-gnu/libxcb.so.1.1.0
7f6a2ebf0000-7f6a2ebf1000 r--p 0001d000 08:0c 5907393                    /usr/lib/x86_64-linux-gnu/libxcb.so.1.1.0
7f6a2ebf1000-7f6a2ebf2000 rw-p 0001e000 08:0c 5907393                    /usr/lib/x86_64-linux-gnu/libxcb.so.1.1.0
7f6a2ebf2000-7f6a2ec5e000 r-xp 00000000 08:0c 5906514                    /usr/lib/x86_64-linux-gnu/libcups.so.2
7f6a2ec5e000-7f6a2ee5e000 ---p 0006c000 08:0c 5906514                    /usr/lib/x86_64-linux-gnu/libcups.so.2
7f6a2ee5e000-7f6a2ee65000 r--p 0006c000 08:0c 5906514                    /usr/lib/x86_64-linux-gnu/libcups.so.2
7f6a2ee65000-7f6a2ee66000 rw-p 00073000 08:0c 5906514                    /usr/lib/x86_64-linux-gnu/libcups.so.2
7f6a2ee66000-7f6a2ee67000 r-xp 00000000 08:0c 5906843                    /usr/lib/x86_64-linux-gnu/libgthread-2.0.so.0.4000.0
7f6a2ee67000-7f6a2f066000 ---p 00001000 08:0c 5906843                    /usr/lib/x86_64-linux-gnu/libgthread-2.0.so.0.4000.0
7f6a2f066000-7f6a2f067000 r--p 00000000 08:0c 5906843                    /usr/lib/x86_64-linux-gnu/libgthread-2.0.so.0.4000.0
7f6a2f067000-7f6a2f068000 rw-p 00001000 08:0c 5906843                    /usr/lib/x86_64-linux-gnu/libgthread-2.0.so.0.4000.0
7f6a2f068000-7f6a2f0a2000 r-xp 00000000 08:0c 5906617                    /usr/lib/x86_64-linux-gnu/libfontconfig.so.1.8.0
7f6a2f0a2000-7f6a2f2a1000 ---p 0003a000 08:0c 5906617                    /usr/lib/x86_64-linux-gnu/libfontconfig.so.1.8.0
7f6a2f2a1000-7f6a2f2a3000 r--p 00039000 08:0c 5906617                    /usr/lib/x86_64-linux-gnu/libfontconfig.so.1.8.0
7f6a2f2a3000-7f6a2f2a4000 rw-p 0003b000 08:0c 5906617                    /usr/lib/x86_64-linux-gnu/libfontconfig.so.1.8.0
7f6a2f2a4000-7f6a2f2ee000 r-xp 00000000 08:0c 5907060                    /usr/lib/x86_64-linux-gnu/libpango-1.0.so.0.3600.3
7f6a2f2ee000-7f6a2f4ee000 ---p 0004a000 08:0c 5907060                    /usr/lib/x86_64-linux-gnu/libpango-1.0.so.0.3600.3
7f6a2f4ee000-7f6a2f4f0000 r--p 0004a000 08:0c 5907060                    /usr/lib/x86_64-linux-gnu/libpango-1.0.so.0.3600.3
7f6a2f4f0000-7f6a2f4f1000 rw-p 0004c000 08:0c 5907060                    /usr/lib/x86_64-linux-gnu/libpango-1.0.so.0.3600.3
7f6a2f4f1000-7f6a2f510000 r-xp 00000000 08:0c 5906682                    /usr/lib/x86_64-linux-gnu/libgdk_pixbuf-2.0.so.0.3000.7
7f6a2f510000-7f6a2f710000 ---p 0001f000 08:0c 5906682                    /usr/lib/x86_64-linux-gnu/libgdk_pixbuf-2.0.so.0.3000.7
7f6a2f710000-7f6a2f711000 r--p 0001f000 08:0c 5906682                    /usr/lib/x86_64-linux-gnu/libgdk_pixbuf-2.0.so.0.3000.7
7f6a2f711000-7f6a2f712000 rw-p 00020000 08:0c 5906682                    /usr/lib/x86_64-linux-gnu/libgdk_pixbuf-2.0.so.0.3000.7
7f6a2f712000-7f6a2f7bf000 r-xp 00000000 08:0c 5900288                    /usr/lib/x86_64-linux-gnu/libgdk-x11-2.0.so.0.2400.23
7f6a2f7bf000-7f6a2f9be000 ---p 000ad000 08:0c 5900288                    /usr/lib/x86_64-linux-gnu/libgdk-x11-2.0.so.0.2400.23
7f6a2f9be000-7f6a2f9c2000 r--p 000ac000 08:0c 5900288                    /usr/lib/x86_64-linux-gnu/libgdk-x11-2.0.so.0.2400.23
7f6a2f9c2000-7f6a2f9c4000 rw-p 000b0000 08:0c 5900288                    /usr/lib/x86_64-linux-gnu/libgdk-x11-2.0.so.0.2400.23
7f6a2f9c4000-7f6a2fdf3000 r-xp 00000000 08:0c 5899952                    /usr/lib/x86_64-linux-gnu/libgtk-x11-2.0.so.0.2400.23
7f6a2fdf3000-7f6a2fff2000 ---p 0042f000 08:0c 5899952                    /usr/lib/x86_64-linux-gnu/libgtk-x11-2.0.so.0.2400.23
7f6a2fff2000-7f6a2fff9000 r--p 0042e000 08:0c 5899952                    /usr/lib/x86_64-linux-gnu/libgtk-x11-2.0.so.0.2400.23
7f6a2fff9000-7f6a2fffd000 rw-p 00435000 08:0c 5899952                    /usr/lib/x86_64-linux-gnu/libgtk-x11-2.0.so.0.2400.23
7f6a2fffd000-7f6a30000000 rw-p 00000000 00:00 0 
7f6a30000000-7f6a301f9000 rw-p 00000000 00:00 0 
7f6a301f9000-7f6a34000000 ---p 00000000 00:00 0 
7f6a34000000-7f6a34021000 rw-p 00000000 00:00 0 
7f6a34021000-7f6a38000000 ---p 00000000 00:00 0 
7f6a38000000-7f6a38021000 rw-p 00000000 00:00 0 
7f6a38021000-7f6a3c000000 ---p 00000000 00:00 0 
7f6a3c000000-7f6a3ca9f000 rw-p 00000000 00:00 0 
7f6a3ca9f000-7f6a40000000 ---p 00000000 00:00 0 
7f6a40000000-7f6a40021000 rw-p 00000000 00:00 0 
7f6a40021000-7f6a44000000 ---p 00000000 00:00 0 
7f6a44000000-7f6a44021000 rw-p 00000000 00:00 0 
7f6a44021000-7f6a48000000 ---p 00000000 00:00 0 
7f6a48000000-7f6a48021000 rw-p 00000000 00:00 0 
7f6a48021000-7f6a4c000000 ---p 00000000 00:00 0 
7f6a4c015000-7f6a4c024000 r-xp 00000000 08:0c 5906346                    /usr/lib/x86_64-linux-gnu/libXi.so.6.1.0
7f6a4c024000-7f6a4c223000 ---p 0000f000 08:0c 5906346                    /usr/lib/x86_64-linux-gnu/libXi.so.6.1.0
7f6a4c223000-7f6a4c224000 r--p 0000e000 08:0c 5906346                    /usr/lib/x86_64-linux-gnu/libXi.so.6.1.0
7f6a4c224000-7f6a4c225000 rw-p 0000f000 08:0c 5906346                    /usr/lib/x86_64-linux-gnu/libXi.so.6.1.0
7f6a4c225000-7f6a4c22a000 r-xp 00000000 08:0c 5906366                    /usr/lib/x86_64-linux-gnu/libXtst.so.6.1.0
7f6a4c22a000-7f6a4c429000 ---p 00005000 08:0c 5906366                    /usr/lib/x86_64-linux-gnu/libXtst.so.6.1.0
7f6a4c429000-7f6a4c42a000 r--p 00004000 08:0c 5906366                    /usr/lib/x86_64-linux-gnu/libXtst.so.6.1.0
7f6a4c42a000-7f6a4c42b000 rw-p 00005000 08:0c 5906366                    /usr/lib/x86_64-linux-gnu/libXtst.so.6.1.0
7f6a4c42b000-7f6a4c434000 r-xp 00000000 08:0c 5906360                    /usr/lib/x86_64-linux-gnu/libXrender.so.1.3.0
7f6a4c434000-7f6a4c633000 ---p 00009000 08:0c 5906360                    /usr/lib/x86_64-linux-gnu/libXrender.so.1.3.0
7f6a4c633000-7f6a4c634000 r--p 00008000 08:0c 5906360                    /usr/lib/x86_64-linux-gnu/libXrender.so.1.3.0
7f6a4c634000-7f6a4c635000 rw-p 00009000 08:0c 5906360                    /usr/lib/x86_64-linux-gnu/libXrender.so.1.3.0
7f6a4c635000-7f6a4c765000 r-xp 00000000 08:0c 5906321                    /usr/lib/x86_64-linux-gnu/libX11.so.6.3.0
7f6a4c765000-7f6a4c965000 ---p 00130000 08:0c 5906321                    /usr/lib/x86_64-linux-gnu/libX11.so.6.3.0
7f6a4c965000-7f6a4c966000 r--p 00130000 08:0c 5906321                    /usr/lib/x86_64-linux-gnu/libX11.so.6.3.0
7f6a4c966000-7f6a4c96a000 rw-p 00131000 08:0c 5906321                    /usr/lib/x86_64-linux-gnu/libX11.so.6.3.0
7f6a4c96a000-7f6a4c97b000 r-xp 00000000 08:0c 5906338                    /usr/lib/x86_64-linux-gnu/libXext.so.6.4.0
7f6a4c97b000-7f6a4cb7a000 ---p 00011000 08:0c 5906338                    /usr/lib/x86_64-linux-gnu/libXext.so.6.4.0
7f6a4cb7a000-7f6a4cb7b000 r--p 00010000 08:0c 5906338                    /usr/lib/x86_64-linux-gnu/libXext.so.6.4.0
7f6a4cb7b000-7f6a4cb7c000 rw-p 00011000 08:0c 5906338                    /usr/lib/x86_64-linux-gnu/libXext.so.6.4.0
7f6a4cb7c000-7f6a4cbcd000 r-xp 00000000 08:0c 6038063                    /usr/lib/jvm/java-7-openjdk-amd64/jre/lib/amd64/xawt/libmawt.so
7f6a4cbcd000-7f6a4cdcc000 ---p 00051000 08:0c 6038063                    /usr/lib/jvm/java-7-openjdk-amd64/jre/lib/amd64/xawt/libmawt.so
7f6a4cdcc000-7f6a4cdcd000 r--p 00050000 08:0c 6038063                    /usr/lib/jvm/java-7-openjdk-amd64/jre/lib/amd64/xawt/libmawt.so
7f6a4cdcd000-7f6a4cdd0000 rw-p 00051000 08:0c 6038063                    /usr/lib/jvm/java-7-openjdk-amd64/jre/lib/amd64/xawt/libmawt.so
7f6a4cdd0000-7f6a4cdd1000 rw-p 00000000 00:00 0 
7f6a4cdd1000-7f6a4ce71000 r-xp 00000000 08:0c 6038150                    /usr/lib/jvm/java-7-openjdk-amd64/jre/lib/amd64/libawt.so
7f6a4ce71000-7f6a4d070000 ---p 000a0000 08:0c 6038150                    /usr/lib/jvm/java-7-openjdk-amd64/jre/lib/amd64/libawt.so
7f6a4d070000-7f6a4d071000 r--p 0009f000 08:0c 6038150                    /usr/lib/jvm/java-7-openjdk-amd64/jre/lib/amd64/libawt.so
7f6a4d071000-7f6a4d07c000 rw-p 000a0000 08:0c 6038150                    /usr/lib/jvm/java-7-openjdk-amd64/jre/lib/amd64/libawt.so
7f6a4d07c000-7f6a4d0a1000 rw-p 00000000 00:00 0 
7f6a4d0a1000-7f6a4d0de000 r-xp 00000000 08:0c 6295539                    /lib/x86_64-linux-gnu/libpcre.so.3.13.1
7f6a4d0de000-7f6a4d2dd000 ---p 0003d000 08:0c 6295539                    /lib/x86_64-linux-gnu/libpcre.so.3.13.1
7f6a4d2dd000-7f6a4d2de000 r--p 0003c000 08:0c 6295539                    /lib/x86_64-linux-gnu/libpcre.so.3.13.1
7f6a4d2de000-7f6a4d2df000 rw-p 0003d000 08:0c 6295539                    /lib/x86_64-linux-gnu/libpcre.so.3.13.1
7f6a4d2df000-7f6a4d2e6000 r-xp 00000000 08:0c 5906603                    /usr/lib/x86_64-linux-gnu/libffi.so.6.0.1
7f6a4d2e6000-7f6a4d4e5000 ---p 00007000 08:0c 5906603                    /usr/lib/x86_64-linux-gnu/libffi.so.6.0.1
7f6a4d4e5000-7f6a4d4e6000 r--p 00006000 08:0c 5906603                    /usr/lib/x86_64-linux-gnu/libffi.so.6.0.1
7f6a4d4e6000-7f6a4d4e7000 rw-p 00007000 08:0c 5906603                    /usr/lib/x86_64-linux-gnu/libffi.so.6.0.1
7f6a4d4e7000-7f6a4d4fe000 r-xp 00000000 08:0c 6295562                    /lib/x86_64-linux-gnu/libresolv-2.19.so
7f6a4d4fe000-7f6a4d6fe000 ---p 00017000 08:0c 6295562                    /lib/x86_64-linux-gnu/libresolv-2.19.so
7f6a4d6fe000-7f6a4d6ff000 r--p 00017000 08:0c 6295562                    /lib/x86_64-linux-gnu/libresolv-2.19.so
7f6a4d6ff000-7f6a4d700000 rw-p 00018000 08:0c 6295562                    /lib/x86_64-linux-gnu/libresolv-2.19.so
7f6a4d700000-7f6a4d702000 rw-p 00000000 00:00 0 
7f6a4d702000-7f6a4d722000 r-xp 00000000 08:0c 6292666                    /lib/x86_64-linux-gnu/libselinux.so.1
7f6a4d722000-7f6a4d921000 ---p 00020000 08:0c 6292666                    /lib/x86_64-linux-gnu/libselinux.so.1
7f6a4d921000-7f6a4d922000 r--p 0001f000 08:0c 6292666                    /lib/x86_64-linux-gnu/libselinux.so.1
7f6a4d922000-7f6a4d923000 rw-p 00020000 08:0c 6292666                    /lib/x86_64-linux-gnu/libselinux.so.1
7f6a4d923000-7f6a4d925000 rw-p 00000000 00:00 0 
7f6a4d925000-7f6a4d928000 r-xp 00000000 08:0c 5906720                    /usr/lib/x86_64-linux-gnu/libgmodule-2.0.so.0.4000.0
7f6a4d928000-7f6a4db27000 ---p 00003000 08:0c 5906720                    /usr/lib/x86_64-linux-gnu/libgmodule-2.0.so.0.4000.0
7f6a4db27000-7f6a4db28000 r--p 00002000 08:0c 5906720                    /usr/lib/x86_64-linux-gnu/libgmodule-2.0.so.0.4000.0
7f6a4db28000-7f6a4db29000 rw-p 00003000 08:0c 5906720                    /usr/lib/x86_64-linux-gnu/libgmodule-2.0.so.0.4000.0
7f6a4db29000-7f6a4dc2f000 r-xp 00000000 08:0c 6295467                    /lib/x86_64-linux-gnu/libglib-2.0.so.0.4000.0
7f6a4dc2f000-7f6a4de2e000 ---p 00106000 08:0c 6295467                    /lib/x86_64-linux-gnu/libglib-2.0.so.0.4000.0
7f6a4de2e000-7f6a4de2f000 r--p 00105000 08:0c 6295467                    /lib/x86_64-linux-gnu/libglib-2.0.so.0.4000.0
7f6a4de2f000-7f6a4de30000 rw-p 00106000 08:0c 6295467                    /lib/x86_64-linux-gnu/libglib-2.0.so.0.4000.0
7f6a4de30000-7f6a4de31000 rw-p 00000000 00:00 0 
7f6a4de31000-7f6a4de80000 r-xp 00000000 08:0c 5906736                    /usr/lib/x86_64-linux-gnu/libgobject-2.0.so.0.4000.0
7f6a4de80000-7f6a4e080000 ---p 0004f000 08:0c 5906736                    /usr/lib/x86_64-linux-gnu/libgobject-2.0.so.0.4000.0
7f6a4e080000-7f6a4e081000 r--p 0004f000 08:0c 5906736                    /usr/lib/x86_64-linux-gnu/libgobject-2.0.so.0.4000.0
7f6a4e081000-7f6a4e082000 rw-p 00050000 08:0c 5906736                    /usr/lib/x86_64-linux-gnu/libgobject-2.0.so.0.4000.0
7f6a4e082000-7f6a4e1ed000 r-xp 00000000 08:0c 5906706                    /usr/lib/x86_64-linux-gnu/libgio-2.0.so.0.4000.0
7f6a4e1ed000-7f6a4e3ed000 ---p 0016b000 08:0c 5906706                    /usr/lib/x86_64-linux-gnu/libgio-2.0.so.0.4000.0
7f6a4e3ed000-7f6a4e3f1000 r--p 0016b000 08:0c 5906706                    /usr/lib/x86_64-linux-gnu/libgio-2.0.so.0.4000.0
7f6a4e3f1000-7f6a4e3f3000 rw-p 0016f000 08:0c 5906706                    /usr/lib/x86_64-linux-gnu/libgio-2.0.so.0.4000.0
7f6a4e3f3000-7f6a4e3f5000 rw-p 00000000 00:00 0 
7f6a4e3f5000-7f6a4e40b000 r-xp 00000000 08:0c 6038134                    /usr/lib/jvm/java-7-openjdk-amd64/jre/lib/amd64/libnet.so
7f6a4e40b000-7f6a4e60b000 ---p 00016000 08:0c 6038134                    /usr/lib/jvm/java-7-openjdk-amd64/jre/lib/amd64/libnet.so
7f6a4e60b000-7f6a4e60c000 r--p 00016000 08:0c 6038134                    /usr/lib/jvm/java-7-openjdk-amd64/jre/lib/amd64/libnet.so
7f6a4e60c000-7f6a4e60d000 rw-p 00017000 08:0c 6038134                    /usr/lib/jvm/java-7-openjdk-amd64/jre/lib/amd64/libnet.so
7f6a4e60d000-7f6a4e61d000 r-xp 00000000 08:0c 6038142                    /usr/lib/jvm/java-7-openjdk-amd64/jre/lib/amd64/libnio.so
7f6a4e61d000-7f6a4e81d000 ---p 00010000 08:0c 6038142                    /usr/lib/jvm/java-7-openjdk-amd64/jre/lib/amd64/libnio.so
7f6a4e81d000-7f6a4e81e000 r--p 00010000 08:0c 6038142                    /usr/lib/jvm/java-7-openjdk-amd64/jre/lib/amd64/libnio.so
7f6a4e81e000-7f6a4e81f000 rw-p 00011000 08:0c 6038142                    /usr/lib/jvm/java-7-openjdk-amd64/jre/lib/amd64/libnio.so
7f6a4e81f000-7f6a4e820000 ---p 00000000 00:00 0 
7f6a4e820000-7f6a4e920000 rw-p 00000000 00:00 0                          [stack:8259]
7f6a4e920000-7f6a4e923000 ---p 00000000 00:00 0 
7f6a4e923000-7f6a4ea21000 rw-p 00000000 00:00 0                          [stack:8258]
7f6a4ea21000-7f6a4ea24000 ---p 00000000 00:00 0 
7f6a4ea24000-7f6a4eb22000 rw-p 00000000 00:00 0                          [stack:8257]
7f6a4eb22000-7f6a4eb25000 ---p 00000000 00:00 0 
7f6a4eb25000-7f6a4ec23000 rw-p 00000000 00:00 0                          [stack:8256]
7f6a4ec23000-7f6a4ec26000 ---p 00000000 00:00 0 
7f6a4ec26000-7f6a4ed24000 rw-p 00000000 00:00 0                          [stack:8255]
7f6a4ed24000-7f6a4f407000 r--p 00000000 08:0c 5905319                    /usr/lib/locale/locale-archive
7f6a4f407000-7f6a4f40a000 ---p 00000000 00:00 0 
7f6a4f40a000-7f6a4f508000 rw-p 00000000 00:00 0                          [stack:8254]
7f6a4f508000-7f6a4f50b000 ---p 00000000 00:00 0 
7f6a4f50b000-7f6a4f609000 rw-p 00000000 00:00 0                          [stack:8253]
7f6a4f609000-7f6a4f60a000 ---p 00000000 00:00 0 
7f6a4f60a000-7f6a54000000 rw-p 00000000 00:00 0                          [stack:8252]
7f6a54000000-7f6a54021000 rw-p 00000000 00:00 0 
7f6a54021000-7f6a58000000 ---p 00000000 00:00 0 
7f6a58000000-7f6a58021000 rw-p 00000000 00:00 0 
7f6a58021000-7f6a5c000000 ---p 00000000 00:00 0 
7f6a5c000000-7f6a5c021000 rw-p 00000000 00:00 0 
7f6a5c021000-7f6a60000000 ---p 00000000 00:00 0 
7f6a60000000-7f6a60021000 rw-p 00000000 00:00 0 
7f6a60021000-7f6a64000000 ---p 00000000 00:00 0 
7f6a64000000-7f6a64021000 rw-p 00000000 00:00 0 
7f6a64021000-7f6a68000000 ---p 00000000 00:00 0 
7f6a68000000-7f6a68021000 rw-p 00000000 00:00 0 
7f6a68021000-7f6a6c000000 ---p 00000000 00:00 0 
7f6a6c000000-7f6a6c021000 rw-p 00000000 00:00 0 
7f6a6c021000-7f6a70000000 ---p 00000000 00:00 0 
7f6a70000000-7f6a70021000 rw-p 00000000 00:00 0 
7f6a70021000-7f6a74000000 ---p 00000000 00:00 0 
7f6a74055000-7f6a74058000 rw-s 00000000 00:04 25198600                   /SYSV00000000 (deleted)
7f6a74058000-7f6a74061000 r--s 000b9000 08:0c 6038099                    /usr/lib/jvm/java-7-openjdk-amd64/jre/lib/resources.jar
7f6a74061000-7f6a74092000 rw-p 00000000 00:00 0 
7f6a74094000-7f6a74095000 r--p 00000000 08:0c 7363661                    /usr/share/locale-langpack/en_GB/LC_MESSAGES/libc.mo
7f6a74095000-7f6a7409c000 r--s 0009e000 08:08 2405582                    /home/ruioliveira/Downloads/jgoodies-binding-2.10.0/jgoodies-binding-2.10.0-javadoc.jar
7f6a7409c000-7f6a7409f000 r--s 0003d000 08:08 2405583                    /home/ruioliveira/Downloads/jgoodies-binding-2.10.0/jgoodies-binding-2.10.0-sources.jar
7f6a7409f000-7f6a740a2000 r--s 00020000 08:08 2405584                    /home/ruioliveira/Downloads/jgoodies-binding-2.10.0/jgoodies-binding-2.10.0-tests.jar
7f6a740a2000-7f6a740a8000 r--s 0002b000 08:08 2405585                    /home/ruioliveira/Downloads/jgoodies-binding-2.10.0/jgoodies-binding-2.10.0.jar
7f6a740a8000-7f6a740ab000 r--s 00035000 08:08 2405312                    /home/ruioliveira/Downloads/jgoodies-common-1.8.0/jgoodies-common-1.8.0-javadoc.jar
7f6a740ab000-7f6a740ad000 r--s 00010000 08:08 2405313                    /home/ruioliveira/Downloads/jgoodies-common-1.8.0/jgoodies-common-1.8.0-sources.jar
7f6a740ad000-7f6a740af000 r--s 00007000 08:08 2405315                    /home/ruioliveira/Downloads/jgoodies-common-1.8.0/jgoodies-common-1.8.0.jar
7f6a740af000-7f6a75000000 rw-p 00000000 00:00 0 
7f6a75000000-7f6a75270000 rwxp 00000000 00:00 0 
7f6a75270000-7f6a7836e000 rw-p 00000000 00:00 0 
7f6a7836e000-7f6a7c000000 ---p 00000000 00:00 0 
7f6a7c000000-7f6a7c001000 r--s 00004000 08:08 2405314                    /home/ruioliveira/Downloads/jgoodies-common-1.8.0/jgoodies-common-1.8.0-tests.jar
7f6a7c001000-7f6a7c008000 r--s 000a4000 08:08 2405115                    /home/ruioliveira/Downloads/jgoodies-looks-2.6.0/jgoodies-looks-2.6.0-javadoc.jar
7f6a7c008000-7f6a7c00d000 r--s 00051000 08:08 2405116                    /home/ruioliveira/Downloads/jgoodies-looks-2.6.0/jgoodies-looks-2.6.0-sources.jar
7f6a7c00d000-7f6a7c00e000 r--s 00001000 08:08 2405117                    /home/ruioliveira/Downloads/jgoodies-looks-2.6.0/jgoodies-looks-2.6.0-tests.jar
7f6a7c00e000-7f6a7c017000 r--s 0005a000 08:08 2405118                    /home/ruioliveira/Downloads/jgoodies-looks-2.6.0/jgoodies-looks-2.6.0.jar
7f6a7c017000-7f6a7c74d000 rw-p 00000000 00:00 0 
7f6a7c74d000-7f6a7c8fb000 r--s 01cfc000 08:0c 6038089                    /usr/lib/jvm/java-7-openjdk-amd64/jre/lib/rt.jar
7f6a7c8fb000-7f6a7ce4d000 rw-p 00000000 00:00 0 
7f6a7ce4d000-7f6a7ce4e000 ---p 00000000 00:00 0 
7f6a7ce4e000-7f6a7cf4e000 rw-p 00000000 00:00 0                          [stack:8251]
7f6a7cf4e000-7f6a7cf4f000 ---p 00000000 00:00 0 
7f6a7cf4f000-7f6a7d04f000 rw-p 00000000 00:00 0                          [stack:8250]
7f6a7d04f000-7f6a7d050000 ---p 00000000 00:00 0 
7f6a7d050000-7f6a7d150000 rw-p 00000000 00:00 0                          [stack:8249]
7f6a7d150000-7f6a7d151000 ---p 00000000 00:00 0 
7f6a7d151000-7f6a7d251000 rw-p 00000000 00:00 0                          [stack:8248]
7f6a7d251000-7f6a7d252000 ---p 00000000 00:00 0 
7f6a7d252000-7f6a7d352000 rw-p 00000000 00:00 0                          [stack:8247]
7f6a7d352000-7f6a7d353000 ---p 00000000 00:00 0 
7f6a7d353000-7f6a7d453000 rw-p 00000000 00:00 0                          [stack:8246]
7f6a7d453000-7f6a7d454000 ---p 00000000 00:00 0 
7f6a7d454000-7f6a7d554000 rw-p 00000000 00:00 0                          [stack:8245]
7f6a7d554000-7f6a7d555000 ---p 00000000 00:00 0 
7f6a7d555000-7f6a7d660000 rw-p 00000000 00:00 0                          [stack:8244]
7f6a7d660000-7f6a7d6a8000 rw-p 00000000 00:00 0 
7f6a7d6a8000-7f6a7d6d1000 rw-p 00000000 00:00 0 
7f6a7d6d1000-7f6a7d93b000 rw-p 00000000 00:00 0 
7f6a7d93b000-7f6a7d946000 rw-p 00000000 00:00 0 
7f6a7d946000-7f6a7d98e000 rw-p 00000000 00:00 0 
7f6a7d98e000-7f6a7d9b7000 rw-p 00000000 00:00 0 
7f6a7d9b7000-7f6a7dc20000 rw-p 00000000 00:00 0 
7f6a7dc20000-7f6a7dc36000 rw-p 00000000 00:00 0 
7f6a7dc36000-7f6a7dd6a000 rw-p 00000000 00:00 0 
7f6a7dd6a000-7f6a7dd6b000 rw-p 00000000 00:00 0 
7f6a7dd6b000-7f6a7dd73000 r-xp 00000000 08:0c 6038129                    /usr/lib/jvm/java-7-openjdk-amd64/jre/lib/amd64/libzip.so
7f6a7dd73000-7f6a7df72000 ---p 00008000 08:0c 6038129                    /usr/lib/jvm/java-7-openjdk-amd64/jre/lib/amd64/libzip.so
7f6a7df72000-7f6a7df73000 r--p 00007000 08:0c 6038129                    /usr/lib/jvm/java-7-openjdk-amd64/jre/lib/amd64/libzip.so
7f6a7df73000-7f6a7df74000 rw-p 00008000 08:0c 6038129                    /usr/lib/jvm/java-7-openjdk-amd64/jre/lib/amd64/libzip.so
7f6a7df74000-7f6a7df7f000 r-xp 00000000 08:0c 6295511                    /lib/x86_64-linux-gnu/libnss_files-2.19.so
7f6a7df7f000-7f6a7e17e000 ---p 0000b000 08:0c 6295511                    /lib/x86_64-linux-gnu/libnss_files-2.19.so
7f6a7e17e000-7f6a7e17f000 r--p 0000a000 08:0c 6295511                    /lib/x86_64-linux-gnu/libnss_files-2.19.so
7f6a7e17f000-7f6a7e180000 rw-p 0000b000 08:0c 6295511                    /lib/x86_64-linux-gnu/libnss_files-2.19.so
7f6a7e180000-7f6a7e18b000 r-xp 00000000 08:0c 6295521                    /lib/x86_64-linux-gnu/libnss_nis-2.19.so
7f6a7e18b000-7f6a7e38a000 ---p 0000b000 08:0c 6295521                    /lib/x86_64-linux-gnu/libnss_nis-2.19.so
7f6a7e38a000-7f6a7e38b000 r--p 0000a000 08:0c 6295521                    /lib/x86_64-linux-gnu/libnss_nis-2.19.so
7f6a7e38b000-7f6a7e38c000 rw-p 0000b000 08:0c 6295521                    /lib/x86_64-linux-gnu/libnss_nis-2.19.so
7f6a7e38c000-7f6a7e3a3000 r-xp 00000000 08:0c 6295505                    /lib/x86_64-linux-gnu/libnsl-2.19.so
7f6a7e3a3000-7f6a7e5a2000 ---p 00017000 08:0c 6295505                    /lib/x86_64-linux-gnu/libnsl-2.19.so
7f6a7e5a2000-7f6a7e5a3000 r--p 00016000 08:0c 6295505                    /lib/x86_64-linux-gnu/libnsl-2.19.so
7f6a7e5a3000-7f6a7e5a4000 rw-p 00017000 08:0c 6295505                    /lib/x86_64-linux-gnu/libnsl-2.19.so
7f6a7e5a4000-7f6a7e5a6000 rw-p 00000000 00:00 0 
7f6a7e5a6000-7f6a7e5af000 r-xp 00000000 08:0c 6295507                    /lib/x86_64-linux-gnu/libnss_compat-2.19.so
7f6a7e5af000-7f6a7e7ae000 ---p 00009000 08:0c 6295507                    /lib/x86_64-linux-gnu/libnss_compat-2.19.so
7f6a7e7ae000-7f6a7e7af000 r--p 00008000 08:0c 6295507                    /lib/x86_64-linux-gnu/libnss_compat-2.19.so
7f6a7e7af000-7f6a7e7b0000 rw-p 00009000 08:0c 6295507                    /lib/x86_64-linux-gnu/libnss_compat-2.19.so
7f6a7e7b0000-7f6a7e7db000 r-xp 00000000 08:0c 6038125                    /usr/lib/jvm/java-7-openjdk-amd64/jre/lib/amd64/libjava.so
7f6a7e7db000-7f6a7e9da000 ---p 0002b000 08:0c 6038125                    /usr/lib/jvm/java-7-openjdk-amd64/jre/lib/amd64/libjava.so
7f6a7e9da000-7f6a7e9db000 r--p 0002a000 08:0c 6038125                    /usr/lib/jvm/java-7-openjdk-amd64/jre/lib/amd64/libjava.so
7f6a7e9db000-7f6a7e9dd000 rw-p 0002b000 08:0c 6038125                    /usr/lib/jvm/java-7-openjdk-amd64/jre/lib/amd64/libjava.so
7f6a7e9dd000-7f6a7e9ed000 r-xp 00000000 08:0c 6038158                    /usr/lib/jvm/java-7-openjdk-amd64/jre/lib/amd64/libverify.so
7f6a7e9ed000-7f6a7ebec000 ---p 00010000 08:0c 6038158                    /usr/lib/jvm/java-7-openjdk-amd64/jre/lib/amd64/libverify.so
7f6a7ebec000-7f6a7ebee000 r--p 0000f000 08:0c 6038158                    /usr/lib/jvm/java-7-openjdk-amd64/jre/lib/amd64/libverify.so
7f6a7ebee000-7f6a7ebef000 rw-p 00011000 08:0c 6038158                    /usr/lib/jvm/java-7-openjdk-amd64/jre/lib/amd64/libverify.so
7f6a7ebef000-7f6a7ebf6000 r-xp 00000000 08:0c 6295564                    /lib/x86_64-linux-gnu/librt-2.19.so
7f6a7ebf6000-7f6a7edf5000 ---p 00007000 08:0c 6295564                    /lib/x86_64-linux-gnu/librt-2.19.so
7f6a7edf5000-7f6a7edf6000 r--p 00006000 08:0c 6295564                    /lib/x86_64-linux-gnu/librt-2.19.so
7f6a7edf6000-7f6a7edf7000 rw-p 00007000 08:0c 6295564                    /lib/x86_64-linux-gnu/librt-2.19.so
7f6a7edf7000-7f6a7ee0d000 r-xp 00000000 08:0c 6295463                    /lib/x86_64-linux-gnu/libgcc_s.so.1
7f6a7ee0d000-7f6a7f00c000 ---p 00016000 08:0c 6295463                    /lib/x86_64-linux-gnu/libgcc_s.so.1
7f6a7f00c000-7f6a7f00d000 rw-p 00015000 08:0c 6295463                    /lib/x86_64-linux-gnu/libgcc_s.so.1
7f6a7f00d000-7f6a7f112000 r-xp 00000000 08:0c 6295486                    /lib/x86_64-linux-gnu/libm-2.19.so
7f6a7f112000-7f6a7f311000 ---p 00105000 08:0c 6295486                    /lib/x86_64-linux-gnu/libm-2.19.so
7f6a7f311000-7f6a7f312000 r--p 00104000 08:0c 6295486                    /lib/x86_64-linux-gnu/libm-2.19.so
7f6a7f312000-7f6a7f313000 rw-p 00105000 08:0c 6295486                    /lib/x86_64-linux-gnu/libm-2.19.so
7f6a7f313000-7f6a7f3f9000 r-xp 00000000 08:0c 5907231                    /usr/lib/x86_64-linux-gnu/libstdc++.so.6.0.19
7f6a7f3f9000-7f6a7f5f8000 ---p 000e6000 08:0c 5907231                    /usr/lib/x86_64-linux-gnu/libstdc++.so.6.0.19
7f6a7f5f8000-7f6a7f600000 r--p 000e5000 08:0c 5907231                    /usr/lib/x86_64-linux-gnu/libstdc++.so.6.0.19
7f6a7f600000-7f6a7f602000 rw-p 000ed000 08:0c 5907231                    /usr/lib/x86_64-linux-gnu/libstdc++.so.6.0.19
7f6a7f602000-7f6a7f617000 rw-p 00000000 00:00 0 
7f6a7f617000-7f6a800f8000 r-xp 00000000 08:0c 6038139                    /usr/lib/jvm/java-7-openjdk-amd64/jre/lib/amd64/server/libjvm.so
7f6a800f8000-7f6a802f7000 ---p 00ae1000 08:0c 6038139                    /usr/lib/jvm/java-7-openjdk-amd64/jre/lib/amd64/server/libjvm.so
7f6a802f7000-7f6a80389000 r--p 00ae0000 08:0c 6038139                    /usr/lib/jvm/java-7-openjdk-amd64/jre/lib/amd64/server/libjvm.so
7f6a80389000-7f6a803ac000 rw-p 00b72000 08:0c 6038139                    /usr/lib/jvm/java-7-openjdk-amd64/jre/lib/amd64/server/libjvm.so
7f6a803ac000-7f6a803d9000 rw-p 00000000 00:00 0 
7f6a803d9000-7f6a803f1000 r-xp 00000000 08:0c 6295599                    /lib/x86_64-linux-gnu/libz.so.1.2.8
7f6a803f1000-7f6a805f0000 ---p 00018000 08:0c 6295599                    /lib/x86_64-linux-gnu/libz.so.1.2.8
7f6a805f0000-7f6a805f1000 r--p 00017000 08:0c 6295599                    /lib/x86_64-linux-gnu/libz.so.1.2.8
7f6a805f1000-7f6a805f2000 rw-p 00018000 08:0c 6295599                    /lib/x86_64-linux-gnu/libz.so.1.2.8
7f6a805f2000-7f6a8060b000 r-xp 00000000 08:0c 6295556                    /lib/x86_64-linux-gnu/libpthread-2.19.so
7f6a8060b000-7f6a8080a000 ---p 00019000 08:0c 6295556                    /lib/x86_64-linux-gnu/libpthread-2.19.so
7f6a8080a000-7f6a8080b000 r--p 00018000 08:0c 6295556                    /lib/x86_64-linux-gnu/libpthread-2.19.so
7f6a8080b000-7f6a8080c000 rw-p 00019000 08:0c 6295556                    /lib/x86_64-linux-gnu/libpthread-2.19.so
7f6a8080c000-7f6a80810000 rw-p 00000000 00:00 0 
7f6a80810000-7f6a80813000 r-xp 00000000 08:0c 6295453                    /lib/x86_64-linux-gnu/libdl-2.19.so
7f6a80813000-7f6a80a12000 ---p 00003000 08:0c 6295453                    /lib/x86_64-linux-gnu/libdl-2.19.so
7f6a80a12000-7f6a80a13000 r--p 00002000 08:0c 6295453                    /lib/x86_64-linux-gnu/libdl-2.19.so
7f6a80a13000-7f6a80a14000 rw-p 00003000 08:0c 6295453                    /lib/x86_64-linux-gnu/libdl-2.19.so
7f6a80a14000-7f6a80bd0000 r-xp 00000000 08:0c 6295436                    /lib/x86_64-linux-gnu/libc-2.19.so
7f6a80bd0000-7f6a80dcf000 ---p 001bc000 08:0c 6295436                    /lib/x86_64-linux-gnu/libc-2.19.so
7f6a80dcf000-7f6a80dd3000 r--p 001bb000 08:0c 6295436                    /lib/x86_64-linux-gnu/libc-2.19.so
7f6a80dd3000-7f6a80dd5000 rw-p 001bf000 08:0c 6295436                    /lib/x86_64-linux-gnu/libc-2.19.so
7f6a80dd5000-7f6a80dda000 rw-p 00000000 00:00 0 
7f6a80dda000-7f6a80de7000 r-xp 00000000 08:0c 6038149                    /usr/lib/jvm/java-7-openjdk-amd64/jre/lib/amd64/jli/libjli.so
7f6a80de7000-7f6a80fe6000 ---p 0000d000 08:0c 6038149                    /usr/lib/jvm/java-7-openjdk-amd64/jre/lib/amd64/jli/libjli.so
7f6a80fe6000-7f6a80fe7000 r--p 0000c000 08:0c 6038149                    /usr/lib/jvm/java-7-openjdk-amd64/jre/lib/amd64/jli/libjli.so
7f6a80fe7000-7f6a80fe8000 rw-p 0000d000 08:0c 6038149                    /usr/lib/jvm/java-7-openjdk-amd64/jre/lib/amd64/jli/libjli.so
7f6a80fe8000-7f6a8100b000 r-xp 00000000 08:0c 6295412                    /lib/x86_64-linux-gnu/ld-2.19.so
7f6a8100b000-7f6a81010000 r--s 00064000 08:08 2404801                    /home/ruioliveira/Downloads/jgoodies-forms-1.8.0/jgoodies-forms-1.8.0-javadoc.jar
7f6a81010000-7f6a81012000 r--s 00006000 08:08 2404803                    /home/ruioliveira/Downloads/jgoodies-forms-1.8.0/jgoodies-forms-1.8.0-tests.jar
7f6a81012000-7f6a81015000 r--s 0001b000 08:08 2404804                    /home/ruioliveira/Downloads/jgoodies-forms-1.8.0/jgoodies-forms-1.8.0.jar
7f6a81015000-7f6a81020000 r--s 00203000 08:0c 6038090                    /usr/lib/jvm/java-7-openjdk-amd64/jre/lib/charsets.jar
7f6a81020000-7f6a81025000 r--s 0004c000 08:0c 6038108                    /usr/lib/jvm/java-7-openjdk-amd64/jre/lib/jsse.jar
7f6a81025000-7f6a8102f000 rw-p 00000000 00:00 0 
7f6a8102f000-7f6a810e5000 rw-p 00000000 00:00 0 
7f6a810e5000-7f6a810e8000 ---p 00000000 00:00 0 
7f6a810e8000-7f6a811eb000 rw-p 00000000 00:00 0                          [stack:8243]
7f6a811eb000-7f6a811ed000 r--s 00012000 08:0c 6038093                    /usr/lib/jvm/java-7-openjdk-amd64/jre/lib/ext/zipfs.jar
7f6a811ed000-7f6a811ef000 r--s 00006000 08:0c 6560210                    /usr/share/java/java-atk-wrapper.jar
7f6a811ef000-7f6a811f3000 r--s 00085000 08:0c 6038095                    /usr/lib/jvm/java-7-openjdk-amd64/jre/lib/ext/localedata.jar
7f6a811f3000-7f6a811f6000 r--s 0000f000 08:0c 6038092                    /usr/lib/jvm/java-7-openjdk-amd64/jre/lib/ext/pulse-java.jar
7f6a811f6000-7f6a811f7000 r--s 00002000 08:0c 6038097                    /usr/lib/jvm/java-7-openjdk-amd64/jre/lib/ext/dnsns.jar
7f6a811f7000-7f6a811fa000 r--s 00032000 08:0c 6038094                    /usr/lib/jvm/java-7-openjdk-amd64/jre/lib/ext/sunjce_provider.jar
7f6a811fa000-7f6a811fe000 r--s 0003b000 08:0c 6038096                    /usr/lib/jvm/java-7-openjdk-amd64/jre/lib/ext/sunpkcs11.jar
7f6a811fe000-7f6a81206000 rw-s 00000000 08:0c 9437208                    /tmp/hsperfdata_ruioliveiras/8237
7f6a81206000-7f6a81207000 rw-p 00000000 00:00 0 
7f6a81207000-7f6a81208000 r--p 00000000 00:00 0 
7f6a81208000-7f6a8120a000 rw-p 00000000 00:00 0 
7f6a8120a000-7f6a8120b000 r--p 00022000 08:0c 6295412                    /lib/x86_64-linux-gnu/ld-2.19.so
7f6a8120b000-7f6a8120c000 rw-p 00023000 08:0c 6295412                    /lib/x86_64-linux-gnu/ld-2.19.so
7f6a8120c000-7f6a8120d000 rw-p 00000000 00:00 0 
7fff1dbc6000-7fff1dbe7000 rw-p 00000000 00:00 0                          [stack]
7fff1dbfe000-7fff1dc00000 r-xp 00000000 00:00 0                          [vdso]
ffffffffff600000-ffffffffff601000 r-xp 00000000 00:00 0                  [vsyscall]

VM Arguments:
jvm_args: -Dfile.encoding=UTF-8 
java_command: controller.Main
Launcher Type: SUN_STANDARD

Environment Variables:
PATH=/home/ruioliveiras/bin:/usr/local/sbin:/usr/local/bin:/usr/sbin:/usr/bin:/sbin:/bin:/usr/games:/usr/local/games
USERNAME=ruioliveiras
SHELL=/bin/bash
DISPLAY=:0

Signal Handlers:
SIGSEGV: [libjvm.so+0x918620], sa_mask[0]=0x7ffbfeff, sa_flags=0x10000004
SIGBUS: [libjvm.so+0x918620], sa_mask[0]=0x7ffbfeff, sa_flags=0x10000004
SIGFPE: [libjvm.so+0x795e30], sa_mask[0]=0x7ffbfeff, sa_flags=0x10000004
SIGPIPE: [libjvm.so+0x795e30], sa_mask[0]=0x7ffbfeff, sa_flags=0x10000004
SIGXFSZ: [libjvm.so+0x795e30], sa_mask[0]=0x7ffbfeff, sa_flags=0x10000004
SIGILL: [libjvm.so+0x795e30], sa_mask[0]=0x7ffbfeff, sa_flags=0x10000004
SIGUSR1: SIG_DFL, sa_mask[0]=0x00000000, sa_flags=0x00000000
SIGUSR2: [libjvm.so+0x795cd0], sa_mask[0]=0x00000004, sa_flags=0x10000004
SIGHUP: [libjvm.so+0x795eb0], sa_mask[0]=0x7ffbfeff, sa_flags=0x10000004
SIGINT: [libjvm.so+0x795eb0], sa_mask[0]=0x7ffbfeff, sa_flags=0x10000004
SIGTERM: [libjvm.so+0x795eb0], sa_mask[0]=0x7ffbfeff, sa_flags=0x10000004
SIGQUIT: [libjvm.so+0x795eb0], sa_mask[0]=0x7ffbfeff, sa_flags=0x10000004


---------------  S Y S T E M  ---------------

OS:Ubuntu 14.04 (trusty)
uname:Linux 3.13.0-27-generic #50-Ubuntu SMP Thu May 15 18:06:16 UTC 2014 x86_64
libc:glibc 2.19 NPTL 2.19 
rlimit: STACK 8192k, CORE 0k, NPROC 63008, NOFILE 4096, AS infinity
load average:0,74 1,12 1,02

/proc/meminfo:
MemTotal:        8086640 kB
MemFree:         4760608 kB
Buffers:          153396 kB
Cached:          1504068 kB
SwapCached:            0 kB
Active:          2005972 kB
Inactive:        1045972 kB
Active(anon):    1395732 kB
Inactive(anon):   200764 kB
Active(file):     610240 kB
Inactive(file):   845208 kB
Unevictable:          16 kB
Mlocked:              16 kB
SwapTotal:       8389628 kB
SwapFree:        8389628 kB
Dirty:              3948 kB
Writeback:             0 kB
AnonPages:       1394128 kB
Mapped:           129320 kB
Shmem:            202236 kB
Slab:             152996 kB
SReclaimable:     108068 kB
SUnreclaim:        44928 kB
KernelStack:        7008 kB
PageTables:        20684 kB
NFS_Unstable:          0 kB
Bounce:                0 kB
WritebackTmp:          0 kB
CommitLimit:    12432948 kB
Committed_AS:    3932744 kB
VmallocTotal:   34359738367 kB
VmallocUsed:      361728 kB
VmallocChunk:   34359364184 kB
HardwareCorrupted:     0 kB
AnonHugePages:   1433600 kB
HugePages_Total:       0
HugePages_Free:        0
HugePages_Rsvd:        0
HugePages_Surp:        0
Hugepagesize:       2048 kB
DirectMap4k:       98656 kB
DirectMap2M:     4005888 kB
DirectMap1G:     4194304 kB


CPU:total 8 (4 cores per cpu, 2 threads per core) family 6 model 60 stepping 3, cmov, cx8, fxsr, mmx, sse, sse2, sse3, ssse3, sse4.1, sse4.2, popcnt, avx, avx2, aes, erms, ht, tsc, tscinvbit

/proc/cpuinfo:
processor	: 0
vendor_id	: GenuineIntel
cpu family	: 6
model		: 60
model name	: Intel(R) Core(TM) i7-4700MQ CPU @ 2.40GHz
stepping	: 3
microcode	: 0x8
cpu MHz		: 2400.000
cache size	: 6144 KB
physical id	: 0
siblings	: 8
core id		: 0
cpu cores	: 4
apicid		: 0
initial apicid	: 0
fpu		: yes
fpu_exception	: yes
cpuid level	: 13
wp		: yes
flags		: fpu vme de pse tsc msr pae mce cx8 apic sep mtrr pge mca cmov pat pse36 clflush dts acpi mmx fxsr sse sse2 ss ht tm pbe syscall nx pdpe1gb rdtscp lm constant_tsc arch_perfmon pebs bts rep_good nopl xtopology nonstop_tsc aperfmperf eagerfpu pni pclmulqdq dtes64 monitor ds_cpl vmx est tm2 ssse3 fma cx16 xtpr pdcm pcid sse4_1 sse4_2 movbe popcnt tsc_deadline_timer aes xsave avx f16c rdrand lahf_lm abm ida arat epb xsaveopt pln pts dtherm tpr_shadow vnmi flexpriority ept vpid fsgsbase tsc_adjust bmi1 avx2 smep bmi2 erms invpcid
bogomips	: 4789.32
clflush size	: 64
cache_alignment	: 64
address sizes	: 39 bits physical, 48 bits virtual
power management:

processor	: 1
vendor_id	: GenuineIntel
cpu family	: 6
model		: 60
model name	: Intel(R) Core(TM) i7-4700MQ CPU @ 2.40GHz
stepping	: 3
microcode	: 0x8
cpu MHz		: 2400.000
cache size	: 6144 KB
physical id	: 0
siblings	: 8
core id		: 1
cpu cores	: 4
apicid		: 2
initial apicid	: 2
fpu		: yes
fpu_exception	: yes
cpuid level	: 13
wp		: yes
flags		: fpu vme de pse tsc msr pae mce cx8 apic sep mtrr pge mca cmov pat pse36 clflush dts acpi mmx fxsr sse sse2 ss ht tm pbe syscall nx pdpe1gb rdtscp lm constant_tsc arch_perfmon pebs bts rep_good nopl xtopology nonstop_tsc aperfmperf eagerfpu pni pclmulqdq dtes64 monitor ds_cpl vmx est tm2 ssse3 fma cx16 xtpr pdcm pcid sse4_1 sse4_2 movbe popcnt tsc_deadline_timer aes xsave avx f16c rdrand lahf_lm abm ida arat epb xsaveopt pln pts dtherm tpr_shadow vnmi flexpriority ept vpid fsgsbase tsc_adjust bmi1 avx2 smep bmi2 erms invpcid
bogomips	: 4789.32
clflush size	: 64
cache_alignment	: 64
address sizes	: 39 bits physical, 48 bits virtual
power management:

processor	: 2
vendor_id	: GenuineIntel
cpu family	: 6
model		: 60
model name	: Intel(R) Core(TM) i7-4700MQ CPU @ 2.40GHz
stepping	: 3
microcode	: 0x8
cpu MHz		: 2400.000
cache size	: 6144 KB
physical id	: 0
siblings	: 8
core id		: 2
cpu cores	: 4
apicid		: 4
initial apicid	: 4
fpu		: yes
fpu_exception	: yes
cpuid level	: 13
wp		: yes
flags		: fpu vme de pse tsc msr pae mce cx8 apic sep mtrr pge mca cmov pat pse36 clflush dts acpi mmx fxsr sse sse2 ss ht tm pbe syscall nx pdpe1gb rdtscp lm constant_tsc arch_perfmon pebs bts rep_good nopl xtopology nonstop_tsc aperfmperf eagerfpu pni pclmulqdq dtes64 monitor ds_cpl vmx est tm2 ssse3 fma cx16 xtpr pdcm pcid sse4_1 sse4_2 movbe popcnt tsc_deadline_timer aes xsave avx f16c rdrand lahf_lm abm ida arat epb xsaveopt pln pts dtherm tpr_shadow vnmi flexpriority ept vpid fsgsbase tsc_adjust bmi1 avx2 smep bmi2 erms invpcid
bogomips	: 4789.32
clflush size	: 64
cache_alignment	: 64
address sizes	: 39 bits physical, 48 bits virtual
power management:

processor	: 3
vendor_id	: GenuineIntel
cpu family	: 6
model		: 60
model name	: Intel(R) Core(TM) i7-4700MQ CPU @ 2.40GHz
stepping	: 3
microcode	: 0x8
cpu MHz		: 2400.000
cache size	: 6144 KB
physical id	: 0
siblings	: 8
core id		: 3
cpu cores	: 4
apicid		: 6
initial apicid	: 6
fpu		: yes
fpu_exception	: yes
cpuid level	: 13
wp		: yes
flags		: fpu vme de pse tsc msr pae mce cx8 apic sep mtrr pge mca cmov pat pse36 clflush dts acpi mmx fxsr sse sse2 ss ht tm pbe syscall nx pdpe1gb rdtscp lm constant_tsc arch_perfmon pebs bts rep_good nopl xtopology nonstop_tsc aperfmperf eagerfpu pni pclmulqdq dtes64 monitor ds_cpl vmx est tm2 ssse3 fma cx16 xtpr pdcm pcid sse4_1 sse4_2 movbe popcnt tsc_deadline_timer aes xsave avx f16c rdrand lahf_lm abm ida arat epb xsaveopt pln pts dtherm tpr_shadow vnmi flexpriority ept vpid fsgsbase tsc_adjust bmi1 avx2 smep bmi2 erms invpcid
bogomips	: 4789.32
clflush size	: 64
cache_alignment	: 64
address sizes	: 39 bits physical, 48 bits virtual
power management:

processor	: 4
vendor_id	: GenuineIntel
cpu family	: 6
model		: 60
model name	: Intel(R) Core(TM) i7-4700MQ CPU @ 2.40GHz
stepping	: 3
microcode	: 0x8
cpu MHz		: 2400.000
cache size	: 6144 KB
physical id	: 0
siblings	: 8
core id		: 0
cpu cores	: 4
apicid		: 1
initial apicid	: 1
fpu		: yes
fpu_exception	: yes
cpuid level	: 13
wp		: yes
flags		: fpu vme de pse tsc msr pae mce cx8 apic sep mtrr pge mca cmov pat pse36 clflush dts acpi mmx fxsr sse sse2 ss ht tm pbe syscall nx pdpe1gb rdtscp lm constant_tsc arch_perfmon pebs bts rep_good nopl xtopology nonstop_tsc aperfmperf eagerfpu pni pclmulqdq dtes64 monitor ds_cpl vmx est tm2 ssse3 fma cx16 xtpr pdcm pcid sse4_1 sse4_2 movbe popcnt tsc_deadline_timer aes xsave avx f16c rdrand lahf_lm abm ida arat epb xsaveopt pln pts dtherm tpr_shadow vnmi flexpriority ept vpid fsgsbase tsc_adjust bmi1 avx2 smep bmi2 erms invpcid
bogomips	: 4789.32
clflush size	: 64
cache_alignment	: 64
address sizes	: 39 bits physical, 48 bits virtual
power management:

processor	: 5
vendor_id	: GenuineIntel
cpu family	: 6
model		: 60
model name	: Intel(R) Core(TM) i7-4700MQ CPU @ 2.40GHz
stepping	: 3
microcode	: 0x8
cpu MHz		: 2400.000
cache size	: 6144 KB
physical id	: 0
siblings	: 8
core id		: 1
cpu cores	: 4
apicid		: 3
initial apicid	: 3
fpu		: yes
fpu_exception	: yes
cpuid level	: 13
wp		: yes
flags		: fpu vme de pse tsc msr pae mce cx8 apic sep mtrr pge mca cmov pat pse36 clflush dts acpi mmx fxsr sse sse2 ss ht tm pbe syscall nx pdpe1gb rdtscp lm constant_tsc arch_perfmon pebs bts rep_good nopl xtopology nonstop_tsc aperfmperf eagerfpu pni pclmulqdq dtes64 monitor ds_cpl vmx est tm2 ssse3 fma cx16 xtpr pdcm pcid sse4_1 sse4_2 movbe popcnt tsc_deadline_timer aes xsave avx f16c rdrand lahf_lm abm ida arat epb xsaveopt pln pts dtherm tpr_shadow vnmi flexpriority ept vpid fsgsbase tsc_adjust bmi1 avx2 smep bmi2 erms invpcid
bogomips	: 4789.32
clflush size	: 64
cache_alignment	: 64
address sizes	: 39 bits physical, 48 bits virtual
power management:

processor	: 6
vendor_id	: GenuineIntel
cpu family	: 6
model		: 60
model name	: Intel(R) Core(TM) i7-4700MQ CPU @ 2.40GHz
stepping	: 3
microcode	: 0x8
cpu MHz		: 2400.000
cache size	: 6144 KB
physical id	: 0
siblings	: 8
core id		: 2
cpu cores	: 4
apicid		: 5
initial apicid	: 5
fpu		: yes
fpu_exception	: yes
cpuid level	: 13
wp		: yes
flags		: fpu vme de pse tsc msr pae mce cx8 apic sep mtrr pge mca cmov pat pse36 clflush dts acpi mmx fxsr sse sse2 ss ht tm pbe syscall nx pdpe1gb rdtscp lm constant_tsc arch_perfmon pebs bts rep_good nopl xtopology nonstop_tsc aperfmperf eagerfpu pni pclmulqdq dtes64 monitor ds_cpl vmx est tm2 ssse3 fma cx16 xtpr pdcm pcid sse4_1 sse4_2 movbe popcnt tsc_deadline_timer aes xsave avx f16c rdrand lahf_lm abm ida arat epb xsaveopt pln pts dtherm tpr_shadow vnmi flexpriority ept vpid fsgsbase tsc_adjust bmi1 avx2 smep bmi2 erms invpcid
bogomips	: 4789.32
clflush size	: 64
cache_alignment	: 64
address sizes	: 39 bits physical, 48 bits virtual
power management:

processor	: 7
vendor_id	: GenuineIntel
cpu family	: 6
model		: 60
model name	: Intel(R) Core(TM) i7-4700MQ CPU @ 2.40GHz
stepping	: 3
microcode	: 0x8
cpu MHz		: 1300.000
cache size	: 6144 KB
physical id	: 0
siblings	: 8
core id		: 3
cpu cores	: 4
apicid		: 7
initial apicid	: 7
fpu		: yes
fpu_exception	: yes
cpuid level	: 13
wp		: yes
flags		: fpu vme de pse tsc msr pae mce cx8 apic sep mtrr pge mca cmov pat pse36 clflush dts acpi mmx fxsr sse sse2 ss ht tm pbe syscall nx pdpe1gb rdtscp lm constant_tsc arch_perfmon pebs bts rep_good nopl xtopology nonstop_tsc aperfmperf eagerfpu pni pclmulqdq dtes64 monitor ds_cpl vmx est tm2 ssse3 fma cx16 xtpr pdcm pcid sse4_1 sse4_2 movbe popcnt tsc_deadline_timer aes xsave avx f16c rdrand lahf_lm abm ida arat epb xsaveopt pln pts dtherm tpr_shadow vnmi flexpriority ept vpid fsgsbase tsc_adjust bmi1 avx2 smep bmi2 erms invpcid
bogomips	: 4789.32
clflush size	: 64
cache_alignment	: 64
address sizes	: 39 bits physical, 48 bits virtual
power management:



Memory: 4k page, physical 8086640k(4760608k free), swap 8389628k(8389628k free)

vm_info: OpenJDK 64-Bit Server VM (24.51-b03) for linux-amd64 JRE (1.7.0_55-b14), built on Apr 17 2014 20:08:07 by "buildd" with gcc 4.8.2

time: Fri Jun  6 02:24:11 2014
elapsed time: 11369 seconds

