#
# A fatal error has been detected by the Java Runtime Environment:
#
#  SIGSEGV (0xb) at pc=0x00007fa274c1fa9b, pid=11170, tid=140334666786560
#
# JRE version: OpenJDK Runtime Environment (7.0_55-b14) (build 1.7.0_55-b14)
# Java VM: OpenJDK 64-Bit Server VM (24.51-b03 mixed mode linux-amd64 compressed oops)
# Problematic frame:
# V  [libjvm.so+0x5cba9b]  jni_GetLongField+0x4b
#
# Failed to write core dump. Core dumps have been disabled. To enable core dumping, try "ulimit -c unlimited" before starting Java again
#
# If you would like to submit a bug report, please include
# instructions on how to reproduce the bug and visit:
#   http://icedtea.classpath.org/bugzilla
#

---------------  T H R E A D  ---------------

Current thread (0x00007fa26c2d2800):  JavaThread "AWT-XAWT" daemon [_thread_in_vm, id=11209, stack(0x00007fa235e6a000,0x00007fa235f6b000)]

siginfo:si_signo=SIGSEGV: si_errno=0, si_code=1 (SEGV_MAPERR), si_addr=0x0000000000000000

Registers:
RAX=0x0000000000000000, RBX=0x00007fa26c2d2800, RCX=0x00007fa275848320, RDX=0x00007fa2753f1f43
RSP=0x00007fa235f697a0, RBP=0x00007fa235f697c0, RSI=0x0000000000000000, RDI=0x00007fa26c2d2800
R8 =0x00000000000001f4, R9 =0x00000007d8ca8970, R10=0x00007fa269018acd, R11=0x00007fa274e80830
R12=0x0000000000000042, R13=0x0000000000000000, R14=0x00007fa2597a04a0, R15=0x00007fa26c2d2800
RIP=0x00007fa274c1fa9b, EFLAGS=0x0000000000010206, CSGSFS=0x0000000000000033, ERR=0x0000000000000004
  TRAPNO=0x000000000000000e

Top of Stack: (sp=0x00007fa235f697a0)
0x00007fa235f697a0:   00007fa26c2d29d8 00007fa1f80132d0
0x00007fa235f697b0:   0000000000000000 00007fa2597a04a0
0x00007fa235f697c0:   00007fa235f697f0 00007fa25956c564
0x00007fa235f697d0:   000000077a8c1b08 00007fa1f80132d0
0x00007fa235f697e0:   000000077a8c1b08 00007fa235f698e0
0x00007fa235f697f0:   0000000000000000 00007fa259066ae8
0x00007fa235f69800:   000000077a8c1b08 00007fa235f69830
0x00007fa235f69810:   0000000000000000 00007fa25905e9a3
0x00007fa235f69820:   000000077a8c1b08 00007fa25956109f
0x00007fa235f69830:   00007fa235f698a8 00007fa269018af9
0x00007fa235f69840:   0000000000000000 00000007d8ca8000
0x00007fa235f69850:   0000000000000000 00007fa235f69858
0x00007fa235f69860:   000000077acce646 00007fa235f69868
0x00007fa235f69870:   0000000000000000 00007fa235f698e0
0x00007fa235f69880:   000000077a8c7f08 0000000000000000
0x00007fa235f69890:   000000077a8c1b08 0000000000000000
0x00007fa235f698a0:   00007fa235f698f0 00007fa2000011f0
0x00007fa235f698b0:   00007fa2691007e0 00000007d8ca8088
0x00007fa235f698c0:   00007fa269012f20 0000000000000000
0x00007fa235f698d0:   0000000000000009 00007fa2000011d0
0x00007fa235f698e0:   00007fa2000011f0 00007fa2691007e0
0x00007fa235f698f0:   00000000d8ddaa18 fb19513dd6d409f8
0x00007fa235f69900:   ffffffff00000000 00000007d6d42a78
0x00007fa235f69910:   0000000000000000 000000010000012c
0x00007fa235f69920:   00000007d8c90230 00000007d8ca81d0
0x00007fa235f69930:   000000070000012c 00000007d6d409c8
0x00007fa235f69940:   00000007d6d429e0 00000007d6d42a18
0x00007fa235f69950:   000000070000012c 00007fa20000012c
0x00007fa235f69960:   00000007d8ca8000 00000007d777bd68
0x00007fa235f69970:   0000000000000009 0000000005000029
0x00007fa235f69980:   00007fa235f699e0 00007fa2690060d8
0x00007fa235f69990:   0000000000000000 00000007d70ea318 

Instructions: (pc=0x00007fa274c1fa9b)
0x00007fa274c1fa7b:   3d ac de 00 00 74 0a 48 89 df 31 db e8 84 d4 2f
0x00007fa274c1fa8b:   00 48 89 df e8 ec ef ff ff 48 8d 15 a8 24 7d 00
0x00007fa274c1fa9b:   49 8b 45 00 80 3a 00 74 5c 48 8d 15 75 63 7b 00
0x00007fa274c1faab:   8b 78 08 8b 4a 08 48 d3 e7 48 03 3a 48 8d 15 82 

Register to memory mapping:

RAX=0x0000000000000000 is an unknown value
RBX=0x00007fa26c2d2800 is a thread
RCX=0x00007fa275848320: <offset 0x219320> in /lib/x86_64-linux-gnu/libpthread.so.0 at 0x00007fa27562f000
RDX=0x00007fa2753f1f43: <offset 0xd9df43> in /usr/lib/jvm/java-7-openjdk-amd64/jre/lib/amd64/server/libjvm.so at 0x00007fa274654000
RSP=0x00007fa235f697a0 is pointing into the stack for thread: 0x00007fa26c2d2800
RBP=0x00007fa235f697c0 is pointing into the stack for thread: 0x00007fa26c2d2800
RSI=0x0000000000000000 is an unknown value
RDI=0x00007fa26c2d2800 is a thread
R8 =0x00000000000001f4 is an unknown value
R9 =0x00000007d8ca8970 is an oop
sun.util.logging.PlatformLogger$DefaultLoggerProxy 
 - klass: 'sun/util/logging/PlatformLogger$DefaultLoggerProxy'
R10=0x00007fa269018acd is at code_begin+1197 in an Interpreter codelet
method entry point (kind = native)  [0x00007fa269018620, 0x00007fa269019420]  3584 bytes
R11=0x00007fa274e80830: <offset 0x82c830> in /usr/lib/jvm/java-7-openjdk-amd64/jre/lib/amd64/server/libjvm.so at 0x00007fa274654000
R12=0x0000000000000042 is an unknown value
R13=0x0000000000000000 is an unknown value
R14=0x00007fa2597a04a0: <offset 0x2544a0> in /usr/lib/jvm/java-7-openjdk-amd64/jre/lib/amd64/xawt/libmawt.so at 0x00007fa25954c000
R15=0x00007fa26c2d2800 is a thread


Stack: [0x00007fa235e6a000,0x00007fa235f6b000],  sp=0x00007fa235f697a0,  free space=1021k
Native frames: (J=compiled Java code, j=interpreted, Vv=VM code, C=native code)
V  [libjvm.so+0x5cba9b]  jni_GetLongField+0x4b
C  [libmawt.so+0x20564]  Java_sun_awt_X11GraphicsDevice_exitFullScreenExclusive+0x214

Java frames: (J=compiled Java code, j=interpreted, Vv=VM code)
j  sun.awt.X11.XlibWrapper.XFilterEvent(JJ)Z+0
J  sun.awt.X11.XToolkit.run(Z)V
j  sun.awt.X11.XToolkit.run()V+5
j  java.lang.Thread.run()V+11
v  ~StubRoutines::call_stub

---------------  P R O C E S S  ---------------

Java Threads: ( => current thread )
  0x00007fa1f806e000 JavaThread "TimerQueue" daemon [_thread_blocked, id=11375, stack(0x00007fa235913000,0x00007fa235a14000)]
  0x00007fa26c00e000 JavaThread "DestroyJavaVM" [_thread_blocked, id=11178, stack(0x00007fa276122000,0x00007fa276223000)]
  0x00007fa26c32a000 JavaThread "AWT-EventQueue-0" [_thread_blocked, id=11211, stack(0x00007fa235c68000,0x00007fa235d69000)]
  0x00007fa26c328800 JavaThread "AWT-Shutdown" [_thread_blocked, id=11210, stack(0x00007fa235d69000,0x00007fa235e6a000)]
=>0x00007fa26c2d2800 JavaThread "AWT-XAWT" daemon [_thread_in_vm, id=11209, stack(0x00007fa235e6a000,0x00007fa235f6b000)]
  0x00007fa26c2ad000 JavaThread "Java2D Disposer" daemon [_thread_blocked, id=11208, stack(0x00007fa235f6b000,0x00007fa23606c000)]
  0x00007fa26c0c3000 JavaThread "Service Thread" daemon [_thread_blocked, id=11203, stack(0x00007fa25b2f0000,0x00007fa25b3f1000)]
  0x00007fa26c0c0800 JavaThread "C2 CompilerThread1" daemon [_thread_blocked, id=11202, stack(0x00007fa25b3f1000,0x00007fa25b4f2000)]
  0x00007fa26c0bd800 JavaThread "C2 CompilerThread0" daemon [_thread_blocked, id=11201, stack(0x00007fa25b4f2000,0x00007fa25b5f3000)]
  0x00007fa220001000 JavaThread "JDWP Command Reader" daemon [_thread_in_native, id=11197, stack(0x00007fa25b5f3000,0x00007fa25b6f4000)]
  0x00007fa26c0bb000 JavaThread "JDWP Event Helper Thread" daemon [_thread_blocked, id=11196, stack(0x00007fa25b6f4000,0x00007fa25b7f5000)]
  0x00007fa26c0b7800 JavaThread "JDWP Transport Listener: dt_socket" daemon [_thread_blocked, id=11193, stack(0x00007fa25b7f5000,0x00007fa25b8f6000)]
  0x00007fa26c0aa800 JavaThread "Signal Dispatcher" daemon [_thread_blocked, id=11191, stack(0x00007fa25bafb000,0x00007fa25bbfc000)]
  0x00007fa26c088800 JavaThread "Finalizer" daemon [_thread_blocked, id=11190, stack(0x00007fa25bbfc000,0x00007fa25bcfd000)]
  0x00007fa26c086800 JavaThread "Reference Handler" daemon [_thread_blocked, id=11189, stack(0x00007fa25bcfd000,0x00007fa25bdfe000)]

Other Threads:
  0x00007fa26c082000 VMThread [stack: 0x00007fa25bdfe000,0x00007fa25beff000] [id=11188]
  0x00007fa26c0cd800 WatcherThread [stack: 0x00007fa25b1ef000,0x00007fa25b2f0000] [id=11204]

VM state:not at safepoint (normal execution)

VM Mutex/Monitor currently owned by a thread: None

Heap
 PSYoungGen      total 37376K, used 5594K [0x00000007d6d00000, 0x00000007d9680000, 0x0000000800000000)
  eden space 32256K, 7% used [0x00000007d6d00000,0x00000007d6f72190,0x00000007d8c80000)
  from space 5120K, 60% used [0x00000007d8c80000,0x00000007d8f84840,0x00000007d9180000)
  to   space 5120K, 0% used [0x00000007d9180000,0x00000007d9180000,0x00000007d9680000)
 ParOldGen       total 83968K, used 8K [0x0000000784800000, 0x0000000789a00000, 0x00000007d6d00000)
  object space 83968K, 0% used [0x0000000784800000,0x0000000784802000,0x0000000789a00000)
 PSPermGen       total 21504K, used 15582K [0x000000077a200000, 0x000000077b700000, 0x0000000784800000)
  object space 21504K, 72% used [0x000000077a200000,0x000000077b137898,0x000000077b700000)

Card table byte_map: [0x00007fa271e56000,0x00007fa272286000] byte_map_base: 0x00007fa26e285000

Polling page: 0x00007fa276244000

Code Cache  [0x00007fa269000000, 0x00007fa269270000, 0x00007fa26c000000)
 total_blobs=781 nmethods=285 adapters=457 free_code_cache=47791Kb largest_free_block=48891968

Compilation events (10 events):
Event: 2808,053 Thread 0x00007fa26c0c0800  290             java.beans.PropertyChangeSupport::fire (39 bytes)
Event: 2808,054 Thread 0x00007fa26c0c0800 nmethod 290 0x00007fa269149350 code [0x00007fa2691494a0, 0x00007fa269149578]
Event: 2812,541 Thread 0x00007fa26c0bd800  291             javax.swing.UIDefaults::get (21 bytes)
Event: 2812,546 Thread 0x00007fa26c0bd800 nmethod 291 0x00007fa269147b10 code [0x00007fa269147ca0, 0x00007fa269148398]
Event: 2815,060 Thread 0x00007fa26c0c0800  292             java.util.ArrayList::indexOf (67 bytes)
Event: 2815,062 Thread 0x00007fa26c0c0800 nmethod 292 0x00007fa2690f6a10 code [0x00007fa2690f6b60, 0x00007fa2690f6c98]
Event: 2816,233 Thread 0x00007fa26c0bd800  293             javax.swing.RepaintManager::collectDirtyComponents (344 bytes)
Event: 2816,258 Thread 0x00007fa26c0bd800 nmethod 293 0x00007fa26915bf10 code [0x00007fa26915c1a0, 0x00007fa26915dd80]
Event: 2816,349 Thread 0x00007fa26c0c0800  294   !         java.awt.Container::isParentOf (49 bytes)
Event: 2816,351 Thread 0x00007fa26c0c0800 nmethod 294 0x00007fa2690f6510 code [0x00007fa2690f6660, 0x00007fa2690f6918]

GC Heap History (2 events):
Event: 2815,935 GC heap before
{Heap before GC invocations=1 (full 0):
 PSYoungGen      total 37376K, used 32256K [0x00000007d6d00000, 0x00000007d9680000, 0x0000000800000000)
  eden space 32256K, 100% used [0x00000007d6d00000,0x00000007d8c80000,0x00000007d8c80000)
  from space 5120K, 0% used [0x00000007d9180000,0x00000007d9180000,0x00000007d9680000)
  to   space 5120K, 0% used [0x00000007d8c80000,0x00000007d8c80000,0x00000007d9180000)
 ParOldGen       total 83968K, used 0K [0x0000000784800000, 0x0000000789a00000, 0x00000007d6d00000)
  object space 83968K, 0% used [0x0000000784800000,0x0000000784800000,0x0000000789a00000)
 PSPermGen       total 21504K, used 15547K [0x000000077a200000, 0x000000077b700000, 0x0000000784800000)
  object space 21504K, 72% used [0x000000077a200000,0x000000077b12ec70,0x000000077b700000)
Event: 2815,944 GC heap after
Heap after GC invocations=1 (full 0):
 PSYoungGen      total 37376K, used 3090K [0x00000007d6d00000, 0x00000007d9680000, 0x0000000800000000)
  eden space 32256K, 0% used [0x00000007d6d00000,0x00000007d6d00000,0x00000007d8c80000)
  from space 5120K, 60% used [0x00000007d8c80000,0x00000007d8f84840,0x00000007d9180000)
  to   space 5120K, 0% used [0x00000007d9180000,0x00000007d9180000,0x00000007d9680000)
 ParOldGen       total 83968K, used 8K [0x0000000784800000, 0x0000000789a00000, 0x00000007d6d00000)
  object space 83968K, 0% used [0x0000000784800000,0x0000000784802000,0x0000000789a00000)
 PSPermGen       total 21504K, used 15547K [0x000000077a200000, 0x000000077b700000, 0x0000000784800000)
  object space 21504K, 72% used [0x000000077a200000,0x000000077b12ec70,0x000000077b700000)
}

Deoptimization events (10 events):
Event: 187,944 Thread 0x00007fa26c32a000 Uncommon trap: reason=class_check action=maybe_recompile pc=0x00007fa26911bd54 method=java.awt.LightweightDispatcher.dispatchEvent(Ljava/awt/AWTEvent;)Z @ 44
Event: 188,074 Thread 0x00007fa26c32a000 Uncommon trap: reason=class_check action=maybe_recompile pc=0x00007fa26911bd54 method=java.awt.LightweightDispatcher.dispatchEvent(Ljava/awt/AWTEvent;)Z @ 44
Event: 190,630 Thread 0x00007fa26c32a000 Uncommon trap: reason=class_check action=maybe_recompile pc=0x00007fa2690fadb0 method=javax.swing.plaf.basic.BasicListUI.convertLocationToRow(IIZ)I @ 7
Event: 190,631 Thread 0x00007fa26c32a000 Uncommon trap: reason=class_check action=maybe_recompile pc=0x00007fa2690fadb0 method=javax.swing.plaf.basic.BasicListUI.convertLocationToRow(IIZ)I @ 7
Event: 190,634 Thread 0x00007fa26c32a000 Uncommon trap: reason=class_check action=maybe_recompile pc=0x00007fa2690fadb0 method=javax.swing.plaf.basic.BasicListUI.convertLocationToRow(IIZ)I @ 7
Event: 190,692 Thread 0x00007fa26c32a000 Uncommon trap: reason=class_check action=maybe_recompile pc=0x00007fa2690fadb0 method=javax.swing.plaf.basic.BasicListUI.convertLocationToRow(IIZ)I @ 7
Event: 192,304 Thread 0x00007fa26c32a000 Uncommon trap: reason=null_check action=make_not_entrant pc=0x00007fa2690c3310 method=javax.swing.RepaintManager.extendDirtyRegion(Ljava/awt/Component;IIII)Z @ 10
Event: 2815,944 Thread 0x00007fa26c2ad000 Uncommon trap: reason=unreached action=reinterpret pc=0x00007fa2690f9af0 method=java.util.concurrent.locks.AbstractQueuedSynchronizer.acquireQueued(Ljava/util/concurrent/locks/AbstractQueuedSynchronizer$Node;I)Z @ 17
Event: 2819,987 Thread 0x00007fa26c32a000 Uncommon trap: reason=unreached action=reinterpret pc=0x00007fa2690f6750 method=java.awt.Container.isParentOf(Ljava/awt/Component;)Z @ 13
Event: 2819,993 Thread 0x00007fa26c32a000 Uncommon trap: reason=unreached action=reinterpret pc=0x00007fa2690f77f0 method=java.awt.Window.getInputContext()Ljava/awt/im/InputContext; @ 11

Internal exceptions (10 events):
Event: 111,209 Thread 0x00007fa26c32a000 Threw 0x00000007d7757fb8 at /build/buildd/openjdk-7-7u55-2.4.7/build/openjdk/hotspot/src/share/vm/prims/jvm.cpp:1244
Event: 111,210 Thread 0x00007fa26c32a000 Threw 0x00000007d775ad08 at /build/buildd/openjdk-7-7u55-2.4.7/build/openjdk/hotspot/src/share/vm/prims/jvm.cpp:1244
Event: 111,211 Thread 0x00007fa26c32a000 Threw 0x00000007d7766748 at /build/buildd/openjdk-7-7u55-2.4.7/build/openjdk/hotspot/src/share/vm/prims/jvm.cpp:1244
Event: 111,212 Thread 0x00007fa26c32a000 Threw 0x00000007d7768cb8 at /build/buildd/openjdk-7-7u55-2.4.7/build/openjdk/hotspot/src/share/vm/prims/jvm.cpp:1244
Event: 111,212 Thread 0x00007fa26c32a000 Threw 0x00000007d776c0f8 at /build/buildd/openjdk-7-7u55-2.4.7/build/openjdk/hotspot/src/share/vm/prims/jvm.cpp:1244
Event: 111,212 Thread 0x00007fa26c32a000 Threw 0x00000007d776e8c0 at /build/buildd/openjdk-7-7u55-2.4.7/build/openjdk/hotspot/src/share/vm/prims/jvm.cpp:1244
Event: 111,333 Thread 0x00007fa26c32a000 Threw 0x00000007d77b3230 at /build/buildd/openjdk-7-7u55-2.4.7/build/openjdk/hotspot/src/share/vm/prims/jni.cpp:743
Event: 137,547 Thread 0x00007fa26c32a000 Threw 0x00000007d7b394b0 at /build/buildd/openjdk-7-7u55-2.4.7/build/openjdk/hotspot/src/share/vm/prims/jvm.cpp:1244
Event: 192,304 Thread 0x00007fa26c32a000 Implicit null exception at 0x00007fa2690c2fc4 to 0x00007fa2690c3304
Event: 2805,230 Thread 0x00007fa26c32a000 Threw 0x00000007d88b5e20 at /build/buildd/openjdk-7-7u55-2.4.7/build/openjdk/hotspot/src/share/vm/prims/jvm.cpp:1244

Events (10 events):
Event: 2819,993 Thread 0x00007fa26c32a000 DEOPT PACKING pc=0x00007fa2690f77f0 sp=0x00007fa235d664f0
Event: 2819,993 Thread 0x00007fa26c32a000 DEOPT UNPACKING pc=0x00007fa269039445 sp=0x00007fa235d664b0 mode 2
Event: 2819,996 loading class 0x00007fa21c08c220
Event: 2819,996 loading class 0x00007fa21c08c220 done
Event: 5196,124 loading class 0x00007fa21c072280
Event: 5196,124 loading class 0x00007fa21c072280 done
Event: 5196,341 loading class 0x00007fa21c0a27d0
Event: 5196,341 loading class 0x00007fa21c0a27d0 done
Event: 5196,377 loading class 0x00007fa21c0a1f80
Event: 5196,377 loading class 0x00007fa21c0a1f80 done


Dynamic libraries:
00400000-00401000 r-xp 00000000 08:0c 6038082                            /usr/lib/jvm/java-7-openjdk-amd64/jre/bin/java
00600000-00601000 r--p 00000000 08:0c 6038082                            /usr/lib/jvm/java-7-openjdk-amd64/jre/bin/java
00601000-00602000 rw-p 00001000 08:0c 6038082                            /usr/lib/jvm/java-7-openjdk-amd64/jre/bin/java
0253a000-0255b000 rw-p 00000000 00:00 0                                  [heap]
77a200000-77b700000 rw-p 00000000 00:00 0 
77b700000-784800000 rw-p 00000000 00:00 0 
784800000-789a00000 rw-p 00000000 00:00 0 
789a00000-7d6d00000 rw-p 00000000 00:00 0 
7d6d00000-7d9680000 rw-p 00000000 00:00 0 
7d9680000-800000000 rw-p 00000000 00:00 0 
7fa1f8000000-7fa1f80d7000 rw-p 00000000 00:00 0 
7fa1f80d7000-7fa1fc000000 ---p 00000000 00:00 0 
7fa1fc000000-7fa1fc23c000 rw-p 00000000 00:00 0 
7fa1fc23c000-7fa200000000 ---p 00000000 00:00 0 
7fa200000000-7fa200250000 rw-p 00000000 00:00 0 
7fa200250000-7fa204000000 ---p 00000000 00:00 0 
7fa204000000-7fa204021000 rw-p 00000000 00:00 0 
7fa204021000-7fa208000000 ---p 00000000 00:00 0 
7fa208000000-7fa208021000 rw-p 00000000 00:00 0 
7fa208021000-7fa20c000000 ---p 00000000 00:00 0 
7fa20c000000-7fa20c021000 rw-p 00000000 00:00 0 
7fa20c021000-7fa210000000 ---p 00000000 00:00 0 
7fa210000000-7fa21158a000 rw-p 00000000 00:00 0 
7fa21158a000-7fa214000000 ---p 00000000 00:00 0 
7fa214000000-7fa214021000 rw-p 00000000 00:00 0 
7fa214021000-7fa218000000 ---p 00000000 00:00 0 
7fa218000000-7fa218021000 rw-p 00000000 00:00 0 
7fa218021000-7fa21c000000 ---p 00000000 00:00 0 
7fa21c000000-7fa21cac1000 rw-p 00000000 00:00 0 
7fa21cac1000-7fa220000000 ---p 00000000 00:00 0 
7fa220000000-7fa220022000 rw-p 00000000 00:00 0 
7fa220022000-7fa224000000 ---p 00000000 00:00 0 
7fa224000000-7fa224021000 rw-p 00000000 00:00 0 
7fa224021000-7fa228000000 ---p 00000000 00:00 0 
7fa228000000-7fa228021000 rw-p 00000000 00:00 0 
7fa228021000-7fa22c000000 ---p 00000000 00:00 0 
7fa22c000000-7fa22c021000 rw-p 00000000 00:00 0 
7fa22c021000-7fa230000000 ---p 00000000 00:00 0 
7fa230000000-7fa230021000 rw-p 00000000 00:00 0 
7fa230021000-7fa234000000 ---p 00000000 00:00 0 
7fa235913000-7fa235916000 ---p 00000000 00:00 0 
7fa235916000-7fa235a14000 rw-p 00000000 00:00 0                          [stack:11375]
7fa235a14000-7fa235a65000 r-xp 00000000 08:0c 6038157                    /usr/lib/jvm/java-7-openjdk-amd64/jre/lib/amd64/libfontmanager.so
7fa235a65000-7fa235c64000 ---p 00051000 08:0c 6038157                    /usr/lib/jvm/java-7-openjdk-amd64/jre/lib/amd64/libfontmanager.so
7fa235c64000-7fa235c67000 r--p 00050000 08:0c 6038157                    /usr/lib/jvm/java-7-openjdk-amd64/jre/lib/amd64/libfontmanager.so
7fa235c67000-7fa235c68000 rw-p 00053000 08:0c 6038157                    /usr/lib/jvm/java-7-openjdk-amd64/jre/lib/amd64/libfontmanager.so
7fa235c68000-7fa235c6b000 ---p 00000000 00:00 0 
7fa235c6b000-7fa235d69000 rw-p 00000000 00:00 0                          [stack:11211]
7fa235d69000-7fa235d6c000 ---p 00000000 00:00 0 
7fa235d6c000-7fa235e6a000 rw-p 00000000 00:00 0                          [stack:11210]
7fa235e6a000-7fa235e6d000 ---p 00000000 00:00 0 
7fa235e6d000-7fa235f6b000 rw-p 00000000 00:00 0                          [stack:11209]
7fa235f6b000-7fa235f6e000 ---p 00000000 00:00 0 
7fa235f6e000-7fa23606c000 rw-p 00000000 00:00 0                          [stack:11208]
7fa23606c000-7fa236070000 r-xp 00000000 08:0c 6295469                    /lib/x86_64-linux-gnu/libgpg-error.so.0.10.0
7fa236070000-7fa23626f000 ---p 00004000 08:0c 6295469                    /lib/x86_64-linux-gnu/libgpg-error.so.0.10.0
7fa23626f000-7fa236270000 r--p 00003000 08:0c 6295469                    /lib/x86_64-linux-gnu/libgpg-error.so.0.10.0
7fa236270000-7fa236271000 rw-p 00004000 08:0c 6295469                    /lib/x86_64-linux-gnu/libgpg-error.so.0.10.0
7fa236271000-7fa236273000 r-xp 00000000 08:0c 6295479                    /lib/x86_64-linux-gnu/libkeyutils.so.1.4
7fa236273000-7fa236473000 ---p 00002000 08:0c 6295479                    /lib/x86_64-linux-gnu/libkeyutils.so.1.4
7fa236473000-7fa236474000 r--p 00002000 08:0c 6295479                    /lib/x86_64-linux-gnu/libkeyutils.so.1.4
7fa236474000-7fa236475000 rw-p 00003000 08:0c 6295479                    /lib/x86_64-linux-gnu/libkeyutils.so.1.4
7fa236475000-7fa23648f000 r-xp 00000000 08:0c 5906754                    /usr/lib/x86_64-linux-gnu/libgraphite2.so.3.0.1
7fa23648f000-7fa23668e000 ---p 0001a000 08:0c 5906754                    /usr/lib/x86_64-linux-gnu/libgraphite2.so.3.0.1
7fa23668e000-7fa236690000 r--p 00019000 08:0c 5906754                    /usr/lib/x86_64-linux-gnu/libgraphite2.so.3.0.1
7fa236690000-7fa236691000 rw-p 0001b000 08:0c 5906754                    /usr/lib/x86_64-linux-gnu/libgraphite2.so.3.0.1
7fa236691000-7fa2366d5000 r-xp 00000000 08:0c 6295450                    /lib/x86_64-linux-gnu/libdbus-1.so.3.7.6
7fa2366d5000-7fa2368d4000 ---p 00044000 08:0c 6295450                    /lib/x86_64-linux-gnu/libdbus-1.so.3.7.6
7fa2368d4000-7fa2368d5000 r--p 00043000 08:0c 6295450                    /lib/x86_64-linux-gnu/libdbus-1.so.3.7.6
7fa2368d5000-7fa2368d6000 rw-p 00044000 08:0c 6295450                    /lib/x86_64-linux-gnu/libdbus-1.so.3.7.6
7fa2368d6000-7fa236911000 r-xp 00000000 08:0c 5907052                    /usr/lib/x86_64-linux-gnu/libp11-kit.so.0.0.0
7fa236911000-7fa236b10000 ---p 0003b000 08:0c 5907052                    /usr/lib/x86_64-linux-gnu/libp11-kit.so.0.0.0
7fa236b10000-7fa236b16000 r--p 0003a000 08:0c 5907052                    /usr/lib/x86_64-linux-gnu/libp11-kit.so.0.0.0
7fa236b16000-7fa236b18000 rw-p 00040000 08:0c 5907052                    /usr/lib/x86_64-linux-gnu/libp11-kit.so.0.0.0
7fa236b18000-7fa236b2a000 r-xp 00000000 08:0c 5907237                    /usr/lib/x86_64-linux-gnu/libtasn1.so.6.2.0
7fa236b2a000-7fa236d2a000 ---p 00012000 08:0c 5907237                    /usr/lib/x86_64-linux-gnu/libtasn1.so.6.2.0
7fa236d2a000-7fa236d2b000 r--p 00012000 08:0c 5907237                    /usr/lib/x86_64-linux-gnu/libtasn1.so.6.2.0
7fa236d2b000-7fa236d2c000 rw-p 00013000 08:0c 5907237                    /usr/lib/x86_64-linux-gnu/libtasn1.so.6.2.0
7fa236d2c000-7fa236da7000 r-xp 00000000 08:0c 6295465                    /lib/x86_64-linux-gnu/libgcrypt.so.11.8.2
7fa236da7000-7fa236fa7000 ---p 0007b000 08:0c 6295465                    /lib/x86_64-linux-gnu/libgcrypt.so.11.8.2
7fa236fa7000-7fa236fa8000 r--p 0007b000 08:0c 6295465                    /lib/x86_64-linux-gnu/libgcrypt.so.11.8.2
7fa236fa8000-7fa236fab000 rw-p 0007c000 08:0c 6295465                    /lib/x86_64-linux-gnu/libgcrypt.so.11.8.2
7fa236fab000-7fa236fb5000 r-xp 00000000 08:0c 5906935                    /usr/lib/x86_64-linux-gnu/libkrb5support.so.0.1
7fa236fb5000-7fa2371b4000 ---p 0000a000 08:0c 5906935                    /usr/lib/x86_64-linux-gnu/libkrb5support.so.0.1
7fa2371b4000-7fa2371b5000 r--p 00009000 08:0c 5906935                    /usr/lib/x86_64-linux-gnu/libkrb5support.so.0.1
7fa2371b5000-7fa2371b6000 rw-p 0000a000 08:0c 5906935                    /usr/lib/x86_64-linux-gnu/libkrb5support.so.0.1
7fa2371b6000-7fa2371b9000 r-xp 00000000 08:0c 6295445                    /lib/x86_64-linux-gnu/libcom_err.so.2.1
7fa2371b9000-7fa2373b8000 ---p 00003000 08:0c 6295445                    /lib/x86_64-linux-gnu/libcom_err.so.2.1
7fa2373b8000-7fa2373b9000 r--p 00002000 08:0c 6295445                    /lib/x86_64-linux-gnu/libcom_err.so.2.1
7fa2373b9000-7fa2373ba000 rw-p 00003000 08:0c 6295445                    /lib/x86_64-linux-gnu/libcom_err.so.2.1
7fa2373ba000-7fa2373e6000 r-xp 00000000 08:0c 5906929                    /usr/lib/x86_64-linux-gnu/libk5crypto.so.3.1
7fa2373e6000-7fa2375e5000 ---p 0002c000 08:0c 5906929                    /usr/lib/x86_64-linux-gnu/libk5crypto.so.3.1
7fa2375e5000-7fa2375e7000 r--p 0002b000 08:0c 5906929                    /usr/lib/x86_64-linux-gnu/libk5crypto.so.3.1
7fa2375e7000-7fa2375e8000 rw-p 0002d000 08:0c 5906929                    /usr/lib/x86_64-linux-gnu/libk5crypto.so.3.1
7fa2375e8000-7fa2375e9000 rw-p 00000000 00:00 0 
7fa2375e9000-7fa2376a5000 r-xp 00000000 08:0c 5906933                    /usr/lib/x86_64-linux-gnu/libkrb5.so.3.3
7fa2376a5000-7fa2378a5000 ---p 000bc000 08:0c 5906933                    /usr/lib/x86_64-linux-gnu/libkrb5.so.3.3
7fa2378a5000-7fa2378b2000 r--p 000bc000 08:0c 5906933                    /usr/lib/x86_64-linux-gnu/libkrb5.so.3.3
7fa2378b2000-7fa2378b4000 rw-p 000c9000 08:0c 5906933                    /usr/lib/x86_64-linux-gnu/libkrb5.so.3.3
7fa2378b4000-7fa2378ba000 r-xp 00000000 08:0c 5906528                    /usr/lib/x86_64-linux-gnu/libdatrie.so.1.3.1
7fa2378ba000-7fa237ab9000 ---p 00006000 08:0c 5906528                    /usr/lib/x86_64-linux-gnu/libdatrie.so.1.3.1
7fa237ab9000-7fa237aba000 r--p 00005000 08:0c 5906528                    /usr/lib/x86_64-linux-gnu/libdatrie.so.1.3.1
7fa237aba000-7fa237abb000 rw-p 00006000 08:0c 5906528                    /usr/lib/x86_64-linux-gnu/libdatrie.so.1.3.1
7fa237abb000-7fa237b0e000 r-xp 00000000 08:0c 5906867                    /usr/lib/x86_64-linux-gnu/libharfbuzz.so.0.927.0
7fa237b0e000-7fa237d0e000 ---p 00053000 08:0c 5906867                    /usr/lib/x86_64-linux-gnu/libharfbuzz.so.0.927.0
7fa237d0e000-7fa237d0f000 r--p 00053000 08:0c 5906867                    /usr/lib/x86_64-linux-gnu/libharfbuzz.so.0.927.0
7fa237d0f000-7fa237d10000 rw-p 00054000 08:0c 5906867                    /usr/lib/x86_64-linux-gnu/libharfbuzz.so.0.927.0
7fa237d10000-7fa23c000000 rw-p 00000000 00:00 0 
7fa23c000000-7fa23c021000 rw-p 00000000 00:00 0 
7fa23c021000-7fa240000000 ---p 00000000 00:00 0 
7fa240000000-7fa240021000 rw-p 00000000 00:00 0 
7fa240021000-7fa244000000 ---p 00000000 00:00 0 
7fa244000000-7fa244021000 rw-p 00000000 00:00 0 
7fa244021000-7fa248000000 ---p 00000000 00:00 0 
7fa248073000-7fa24807b000 r-xp 00000000 08:0c 5907379                    /usr/lib/x86_64-linux-gnu/libxcb-render.so.0.0.0
7fa24807b000-7fa24827a000 ---p 00008000 08:0c 5907379                    /usr/lib/x86_64-linux-gnu/libxcb-render.so.0.0.0
7fa24827a000-7fa24827b000 r--p 00007000 08:0c 5907379                    /usr/lib/x86_64-linux-gnu/libxcb-render.so.0.0.0
7fa24827b000-7fa24827c000 rw-p 00008000 08:0c 5907379                    /usr/lib/x86_64-linux-gnu/libxcb-render.so.0.0.0
7fa24827c000-7fa24827e000 r-xp 00000000 08:0c 5907383                    /usr/lib/x86_64-linux-gnu/libxcb-shm.so.0.0.0
7fa24827e000-7fa24847d000 ---p 00002000 08:0c 5907383                    /usr/lib/x86_64-linux-gnu/libxcb-shm.so.0.0.0
7fa24847d000-7fa24847e000 r--p 00001000 08:0c 5907383                    /usr/lib/x86_64-linux-gnu/libxcb-shm.so.0.0.0
7fa24847e000-7fa24847f000 rw-p 00002000 08:0c 5907383                    /usr/lib/x86_64-linux-gnu/libxcb-shm.so.0.0.0
7fa24847f000-7fa2484a4000 r-xp 00000000 08:0c 6295551                    /lib/x86_64-linux-gnu/libpng12.so.0.50.0
7fa2484a4000-7fa2486a3000 ---p 00025000 08:0c 6295551                    /lib/x86_64-linux-gnu/libpng12.so.0.50.0
7fa2486a3000-7fa2486a4000 r--p 00024000 08:0c 6295551                    /lib/x86_64-linux-gnu/libpng12.so.0.50.0
7fa2486a4000-7fa2486a5000 rw-p 00025000 08:0c 6295551                    /lib/x86_64-linux-gnu/libpng12.so.0.50.0
7fa2486a5000-7fa248746000 r-xp 00000000 08:0c 5907083                    /usr/lib/x86_64-linux-gnu/libpixman-1.so.0.30.2
7fa248746000-7fa248946000 ---p 000a1000 08:0c 5907083                    /usr/lib/x86_64-linux-gnu/libpixman-1.so.0.30.2
7fa248946000-7fa24894d000 r--p 000a1000 08:0c 5907083                    /usr/lib/x86_64-linux-gnu/libpixman-1.so.0.30.2
7fa24894d000-7fa24894e000 rw-p 000a8000 08:0c 5907083                    /usr/lib/x86_64-linux-gnu/libpixman-1.so.0.30.2
7fa24894e000-7fa248953000 r-xp 00000000 08:0c 5906336                    /usr/lib/x86_64-linux-gnu/libXdmcp.so.6.0.0
7fa248953000-7fa248b52000 ---p 00005000 08:0c 5906336                    /usr/lib/x86_64-linux-gnu/libXdmcp.so.6.0.0
7fa248b52000-7fa248b53000 r--p 00004000 08:0c 5906336                    /usr/lib/x86_64-linux-gnu/libXdmcp.so.6.0.0
7fa248b53000-7fa248b54000 rw-p 00005000 08:0c 5906336                    /usr/lib/x86_64-linux-gnu/libXdmcp.so.6.0.0
7fa248b54000-7fa248b56000 r-xp 00000000 08:0c 5906325                    /usr/lib/x86_64-linux-gnu/libXau.so.6.0.0
7fa248b56000-7fa248d56000 ---p 00002000 08:0c 5906325                    /usr/lib/x86_64-linux-gnu/libXau.so.6.0.0
7fa248d56000-7fa248d57000 r--p 00002000 08:0c 5906325                    /usr/lib/x86_64-linux-gnu/libXau.so.6.0.0
7fa248d57000-7fa248d58000 rw-p 00003000 08:0c 5906325                    /usr/lib/x86_64-linux-gnu/libXau.so.6.0.0
7fa248d58000-7fa248d67000 r-xp 00000000 08:0c 5906429                    /usr/lib/x86_64-linux-gnu/libavahi-client.so.3.2.9
7fa248d67000-7fa248f67000 ---p 0000f000 08:0c 5906429                    /usr/lib/x86_64-linux-gnu/libavahi-client.so.3.2.9
7fa248f67000-7fa248f68000 r--p 0000f000 08:0c 5906429                    /usr/lib/x86_64-linux-gnu/libavahi-client.so.3.2.9
7fa248f68000-7fa248f69000 rw-p 00010000 08:0c 5906429                    /usr/lib/x86_64-linux-gnu/libavahi-client.so.3.2.9
7fa248f69000-7fa248f74000 r-xp 00000000 08:0c 5906431                    /usr/lib/x86_64-linux-gnu/libavahi-common.so.3.5.3
7fa248f74000-7fa249173000 ---p 0000b000 08:0c 5906431                    /usr/lib/x86_64-linux-gnu/libavahi-common.so.3.5.3
7fa249173000-7fa249174000 r--p 0000a000 08:0c 5906431                    /usr/lib/x86_64-linux-gnu/libavahi-common.so.3.5.3
7fa249174000-7fa249175000 rw-p 0000b000 08:0c 5906431                    /usr/lib/x86_64-linux-gnu/libavahi-common.so.3.5.3
7fa249175000-7fa24922b000 r-xp 00000000 08:0c 5899072                    /usr/lib/x86_64-linux-gnu/libgnutls.so.26.22.6
7fa24922b000-7fa24942b000 ---p 000b6000 08:0c 5899072                    /usr/lib/x86_64-linux-gnu/libgnutls.so.26.22.6
7fa24942b000-7fa249431000 r--p 000b6000 08:0c 5899072                    /usr/lib/x86_64-linux-gnu/libgnutls.so.26.22.6
7fa249431000-7fa249432000 rw-p 000bc000 08:0c 5899072                    /usr/lib/x86_64-linux-gnu/libgnutls.so.26.22.6
7fa249432000-7fa249433000 rw-p 00000000 00:00 0 
7fa249433000-7fa249476000 r-xp 00000000 08:0c 5906763                    /usr/lib/x86_64-linux-gnu/libgssapi_krb5.so.2.2
7fa249476000-7fa249676000 ---p 00043000 08:0c 5906763                    /usr/lib/x86_64-linux-gnu/libgssapi_krb5.so.2.2
7fa249676000-7fa249677000 r--p 00043000 08:0c 5906763                    /usr/lib/x86_64-linux-gnu/libgssapi_krb5.so.2.2
7fa249677000-7fa249679000 rw-p 00044000 08:0c 5906763                    /usr/lib/x86_64-linux-gnu/libgssapi_krb5.so.2.2
7fa249679000-7fa2496a0000 r-xp 00000000 08:0c 6295458                    /lib/x86_64-linux-gnu/libexpat.so.1.6.0
7fa2496a0000-7fa2498a0000 ---p 00027000 08:0c 6295458                    /lib/x86_64-linux-gnu/libexpat.so.1.6.0
7fa2498a0000-7fa2498a2000 r--p 00027000 08:0c 6295458                    /lib/x86_64-linux-gnu/libexpat.so.1.6.0
7fa2498a2000-7fa2498a3000 rw-p 00029000 08:0c 6295458                    /lib/x86_64-linux-gnu/libexpat.so.1.6.0
7fa2498a3000-7fa249940000 r-xp 00000000 08:0c 5899445                    /usr/lib/x86_64-linux-gnu/libfreetype.so.6.11.1
7fa249940000-7fa249b3f000 ---p 0009d000 08:0c 5899445                    /usr/lib/x86_64-linux-gnu/libfreetype.so.6.11.1
7fa249b3f000-7fa249b45000 r--p 0009c000 08:0c 5899445                    /usr/lib/x86_64-linux-gnu/libfreetype.so.6.11.1
7fa249b45000-7fa249b46000 rw-p 000a2000 08:0c 5899445                    /usr/lib/x86_64-linux-gnu/libfreetype.so.6.11.1
7fa249b46000-7fa249b4e000 r-xp 00000000 08:0c 5907253                    /usr/lib/x86_64-linux-gnu/libthai.so.0.2.0
7fa249b4e000-7fa249d4d000 ---p 00008000 08:0c 5907253                    /usr/lib/x86_64-linux-gnu/libthai.so.0.2.0
7fa249d4d000-7fa249d4e000 r--p 00007000 08:0c 5907253                    /usr/lib/x86_64-linux-gnu/libthai.so.0.2.0
7fa249d4e000-7fa249d4f000 rw-p 00008000 08:0c 5907253                    /usr/lib/x86_64-linux-gnu/libthai.so.0.2.0
7fa249d4f000-7fa249d51000 r-xp 00000000 08:0c 5906334                    /usr/lib/x86_64-linux-gnu/libXdamage.so.1.1.0
7fa249d51000-7fa249f50000 ---p 00002000 08:0c 5906334                    /usr/lib/x86_64-linux-gnu/libXdamage.so.1.1.0
7fa249f50000-7fa249f51000 r--p 00001000 08:0c 5906334                    /usr/lib/x86_64-linux-gnu/libXdamage.so.1.1.0
7fa249f51000-7fa249f52000 rw-p 00002000 08:0c 5906334                    /usr/lib/x86_64-linux-gnu/libXdamage.so.1.1.0
7fa249f52000-7fa249f54000 r-xp 00000000 08:0c 5906330                    /usr/lib/x86_64-linux-gnu/libXcomposite.so.1.0.0
7fa249f54000-7fa24a153000 ---p 00002000 08:0c 5906330                    /usr/lib/x86_64-linux-gnu/libXcomposite.so.1.0.0
7fa24a153000-7fa24a154000 r--p 00001000 08:0c 5906330                    /usr/lib/x86_64-linux-gnu/libXcomposite.so.1.0.0
7fa24a154000-7fa24a155000 rw-p 00002000 08:0c 5906330                    /usr/lib/x86_64-linux-gnu/libXcomposite.so.1.0.0
7fa24a155000-7fa24a15e000 r-xp 00000000 08:0c 5906332                    /usr/lib/x86_64-linux-gnu/libXcursor.so.1.0.2
7fa24a15e000-7fa24a35d000 ---p 00009000 08:0c 5906332                    /usr/lib/x86_64-linux-gnu/libXcursor.so.1.0.2
7fa24a35d000-7fa24a35e000 r--p 00008000 08:0c 5906332                    /usr/lib/x86_64-linux-gnu/libXcursor.so.1.0.2
7fa24a35e000-7fa24a35f000 rw-p 00009000 08:0c 5906332                    /usr/lib/x86_64-linux-gnu/libXcursor.so.1.0.2
7fa24a35f000-7fa24a368000 r-xp 00000000 08:0c 5906358                    /usr/lib/x86_64-linux-gnu/libXrandr.so.2.2.0
7fa24a368000-7fa24a567000 ---p 00009000 08:0c 5906358                    /usr/lib/x86_64-linux-gnu/libXrandr.so.2.2.0
7fa24a567000-7fa24a568000 r--p 00008000 08:0c 5906358                    /usr/lib/x86_64-linux-gnu/libXrandr.so.2.2.0
7fa24a568000-7fa24a569000 rw-p 00009000 08:0c 5906358                    /usr/lib/x86_64-linux-gnu/libXrandr.so.2.2.0
7fa24a569000-7fa24a56b000 r-xp 00000000 08:0c 5906348                    /usr/lib/x86_64-linux-gnu/libXinerama.so.1.0.0
7fa24a56b000-7fa24a76a000 ---p 00002000 08:0c 5906348                    /usr/lib/x86_64-linux-gnu/libXinerama.so.1.0.0
7fa24a76a000-7fa24a76b000 r--p 00001000 08:0c 5906348                    /usr/lib/x86_64-linux-gnu/libXinerama.so.1.0.0
7fa24a76b000-7fa24a76c000 rw-p 00002000 08:0c 5906348                    /usr/lib/x86_64-linux-gnu/libXinerama.so.1.0.0
7fa24a76c000-7fa24a780000 r-xp 00000000 08:0c 5907064                    /usr/lib/x86_64-linux-gnu/libpangoft2-1.0.so.0.3600.3
7fa24a780000-7fa24a97f000 ---p 00014000 08:0c 5907064                    /usr/lib/x86_64-linux-gnu/libpangoft2-1.0.so.0.3600.3
7fa24a97f000-7fa24a980000 r--p 00013000 08:0c 5907064                    /usr/lib/x86_64-linux-gnu/libpangoft2-1.0.so.0.3600.3
7fa24a980000-7fa24a981000 rw-p 00014000 08:0c 5907064                    /usr/lib/x86_64-linux-gnu/libpangoft2-1.0.so.0.3600.3
7fa24a981000-7fa24aa87000 r-xp 00000000 08:0c 5906456                    /usr/lib/x86_64-linux-gnu/libcairo.so.2.11301.0
7fa24aa87000-7fa24ac86000 ---p 00106000 08:0c 5906456                    /usr/lib/x86_64-linux-gnu/libcairo.so.2.11301.0
7fa24ac86000-7fa24ac89000 r--p 00105000 08:0c 5906456                    /usr/lib/x86_64-linux-gnu/libcairo.so.2.11301.0
7fa24ac89000-7fa24ac8a000 rw-p 00108000 08:0c 5906456                    /usr/lib/x86_64-linux-gnu/libcairo.so.2.11301.0
7fa24ac8a000-7fa24ac8c000 rw-p 00000000 00:00 0 
7fa24ac8c000-7fa24acab000 r-xp 00000000 08:0c 5906417                    /usr/lib/x86_64-linux-gnu/libatk-1.0.so.0.21009.1
7fa24acab000-7fa24aeab000 ---p 0001f000 08:0c 5906417                    /usr/lib/x86_64-linux-gnu/libatk-1.0.so.0.21009.1
7fa24aeab000-7fa24aead000 r--p 0001f000 08:0c 5906417                    /usr/lib/x86_64-linux-gnu/libatk-1.0.so.0.21009.1
7fa24aead000-7fa24aeae000 rw-p 00021000 08:0c 5906417                    /usr/lib/x86_64-linux-gnu/libatk-1.0.so.0.21009.1
7fa24aeae000-7fa24aeb3000 r-xp 00000000 08:0c 5906340                    /usr/lib/x86_64-linux-gnu/libXfixes.so.3.1.0
7fa24aeb3000-7fa24b0b2000 ---p 00005000 08:0c 5906340                    /usr/lib/x86_64-linux-gnu/libXfixes.so.3.1.0
7fa24b0b2000-7fa24b0b3000 r--p 00004000 08:0c 5906340                    /usr/lib/x86_64-linux-gnu/libXfixes.so.3.1.0
7fa24b0b3000-7fa24b0b4000 rw-p 00005000 08:0c 5906340                    /usr/lib/x86_64-linux-gnu/libXfixes.so.3.1.0
7fa24b0b4000-7fa24b0bf000 r-xp 00000000 08:0c 5907062                    /usr/lib/x86_64-linux-gnu/libpangocairo-1.0.so.0.3600.3
7fa24b0bf000-7fa24b2bf000 ---p 0000b000 08:0c 5907062                    /usr/lib/x86_64-linux-gnu/libpangocairo-1.0.so.0.3600.3
7fa24b2bf000-7fa24b2c0000 r--p 0000b000 08:0c 5907062                    /usr/lib/x86_64-linux-gnu/libpangocairo-1.0.so.0.3600.3
7fa24b2c0000-7fa24b2c1000 rw-p 0000c000 08:0c 5907062                    /usr/lib/x86_64-linux-gnu/libpangocairo-1.0.so.0.3600.3
7fa24b2c1000-7fa24b2de000 r-xp 00000000 08:0c 5907393                    /usr/lib/x86_64-linux-gnu/libxcb.so.1.1.0
7fa24b2de000-7fa24b4de000 ---p 0001d000 08:0c 5907393                    /usr/lib/x86_64-linux-gnu/libxcb.so.1.1.0
7fa24b4de000-7fa24b4df000 r--p 0001d000 08:0c 5907393                    /usr/lib/x86_64-linux-gnu/libxcb.so.1.1.0
7fa24b4df000-7fa24b4e0000 rw-p 0001e000 08:0c 5907393                    /usr/lib/x86_64-linux-gnu/libxcb.so.1.1.0
7fa24b4e0000-7fa24b54c000 r-xp 00000000 08:0c 5906514                    /usr/lib/x86_64-linux-gnu/libcups.so.2
7fa24b54c000-7fa24b74c000 ---p 0006c000 08:0c 5906514                    /usr/lib/x86_64-linux-gnu/libcups.so.2
7fa24b74c000-7fa24b753000 r--p 0006c000 08:0c 5906514                    /usr/lib/x86_64-linux-gnu/libcups.so.2
7fa24b753000-7fa24b754000 rw-p 00073000 08:0c 5906514                    /usr/lib/x86_64-linux-gnu/libcups.so.2
7fa24b754000-7fa24b755000 r-xp 00000000 08:0c 5906843                    /usr/lib/x86_64-linux-gnu/libgthread-2.0.so.0.4000.0
7fa24b755000-7fa24b954000 ---p 00001000 08:0c 5906843                    /usr/lib/x86_64-linux-gnu/libgthread-2.0.so.0.4000.0
7fa24b954000-7fa24b955000 r--p 00000000 08:0c 5906843                    /usr/lib/x86_64-linux-gnu/libgthread-2.0.so.0.4000.0
7fa24b955000-7fa24b956000 rw-p 00001000 08:0c 5906843                    /usr/lib/x86_64-linux-gnu/libgthread-2.0.so.0.4000.0
7fa24b956000-7fa24b990000 r-xp 00000000 08:0c 5906617                    /usr/lib/x86_64-linux-gnu/libfontconfig.so.1.8.0
7fa24b990000-7fa24bb8f000 ---p 0003a000 08:0c 5906617                    /usr/lib/x86_64-linux-gnu/libfontconfig.so.1.8.0
7fa24bb8f000-7fa24bb91000 r--p 00039000 08:0c 5906617                    /usr/lib/x86_64-linux-gnu/libfontconfig.so.1.8.0
7fa24bb91000-7fa24bb92000 rw-p 0003b000 08:0c 5906617                    /usr/lib/x86_64-linux-gnu/libfontconfig.so.1.8.0
7fa24bb92000-7fa24bbdc000 r-xp 00000000 08:0c 5907060                    /usr/lib/x86_64-linux-gnu/libpango-1.0.so.0.3600.3
7fa24bbdc000-7fa24bddc000 ---p 0004a000 08:0c 5907060                    /usr/lib/x86_64-linux-gnu/libpango-1.0.so.0.3600.3
7fa24bddc000-7fa24bdde000 r--p 0004a000 08:0c 5907060                    /usr/lib/x86_64-linux-gnu/libpango-1.0.so.0.3600.3
7fa24bdde000-7fa24bddf000 rw-p 0004c000 08:0c 5907060                    /usr/lib/x86_64-linux-gnu/libpango-1.0.so.0.3600.3
7fa24bddf000-7fa24bdfe000 r-xp 00000000 08:0c 5906682                    /usr/lib/x86_64-linux-gnu/libgdk_pixbuf-2.0.so.0.3000.7
7fa24bdfe000-7fa24bffe000 ---p 0001f000 08:0c 5906682                    /usr/lib/x86_64-linux-gnu/libgdk_pixbuf-2.0.so.0.3000.7
7fa24bffe000-7fa24bfff000 r--p 0001f000 08:0c 5906682                    /usr/lib/x86_64-linux-gnu/libgdk_pixbuf-2.0.so.0.3000.7
7fa24bfff000-7fa24c000000 rw-p 00020000 08:0c 5906682                    /usr/lib/x86_64-linux-gnu/libgdk_pixbuf-2.0.so.0.3000.7
7fa24c000000-7fa24c021000 rw-p 00000000 00:00 0 
7fa24c021000-7fa250000000 ---p 00000000 00:00 0 
7fa250000000-7fa250021000 rw-p 00000000 00:00 0 
7fa250021000-7fa254000000 ---p 00000000 00:00 0 
7fa254000000-7fa254021000 rw-p 00000000 00:00 0 
7fa254021000-7fa258000000 ---p 00000000 00:00 0 
7fa2580f7000-7fa2581a4000 r-xp 00000000 08:0c 5900288                    /usr/lib/x86_64-linux-gnu/libgdk-x11-2.0.so.0.2400.23
7fa2581a4000-7fa2583a3000 ---p 000ad000 08:0c 5900288                    /usr/lib/x86_64-linux-gnu/libgdk-x11-2.0.so.0.2400.23
7fa2583a3000-7fa2583a7000 r--p 000ac000 08:0c 5900288                    /usr/lib/x86_64-linux-gnu/libgdk-x11-2.0.so.0.2400.23
7fa2583a7000-7fa2583a9000 rw-p 000b0000 08:0c 5900288                    /usr/lib/x86_64-linux-gnu/libgdk-x11-2.0.so.0.2400.23
7fa2583a9000-7fa2587d8000 r-xp 00000000 08:0c 5899952                    /usr/lib/x86_64-linux-gnu/libgtk-x11-2.0.so.0.2400.23
7fa2587d8000-7fa2589d7000 ---p 0042f000 08:0c 5899952                    /usr/lib/x86_64-linux-gnu/libgtk-x11-2.0.so.0.2400.23
7fa2589d7000-7fa2589de000 r--p 0042e000 08:0c 5899952                    /usr/lib/x86_64-linux-gnu/libgtk-x11-2.0.so.0.2400.23
7fa2589de000-7fa2589e2000 rw-p 00435000 08:0c 5899952                    /usr/lib/x86_64-linux-gnu/libgtk-x11-2.0.so.0.2400.23
7fa2589e2000-7fa2589e5000 rw-p 00000000 00:00 0 
7fa2589e5000-7fa2589f4000 r-xp 00000000 08:0c 5906346                    /usr/lib/x86_64-linux-gnu/libXi.so.6.1.0
7fa2589f4000-7fa258bf3000 ---p 0000f000 08:0c 5906346                    /usr/lib/x86_64-linux-gnu/libXi.so.6.1.0
7fa258bf3000-7fa258bf4000 r--p 0000e000 08:0c 5906346                    /usr/lib/x86_64-linux-gnu/libXi.so.6.1.0
7fa258bf4000-7fa258bf5000 rw-p 0000f000 08:0c 5906346                    /usr/lib/x86_64-linux-gnu/libXi.so.6.1.0
7fa258bf5000-7fa258bfa000 r-xp 00000000 08:0c 5906366                    /usr/lib/x86_64-linux-gnu/libXtst.so.6.1.0
7fa258bfa000-7fa258df9000 ---p 00005000 08:0c 5906366                    /usr/lib/x86_64-linux-gnu/libXtst.so.6.1.0
7fa258df9000-7fa258dfa000 r--p 00004000 08:0c 5906366                    /usr/lib/x86_64-linux-gnu/libXtst.so.6.1.0
7fa258dfa000-7fa258dfb000 rw-p 00005000 08:0c 5906366                    /usr/lib/x86_64-linux-gnu/libXtst.so.6.1.0
7fa258dfb000-7fa258e04000 r-xp 00000000 08:0c 5906360                    /usr/lib/x86_64-linux-gnu/libXrender.so.1.3.0
7fa258e04000-7fa259003000 ---p 00009000 08:0c 5906360                    /usr/lib/x86_64-linux-gnu/libXrender.so.1.3.0
7fa259003000-7fa259004000 r--p 00008000 08:0c 5906360                    /usr/lib/x86_64-linux-gnu/libXrender.so.1.3.0
7fa259004000-7fa259005000 rw-p 00009000 08:0c 5906360                    /usr/lib/x86_64-linux-gnu/libXrender.so.1.3.0
7fa259005000-7fa259135000 r-xp 00000000 08:0c 5906321                    /usr/lib/x86_64-linux-gnu/libX11.so.6.3.0
7fa259135000-7fa259335000 ---p 00130000 08:0c 5906321                    /usr/lib/x86_64-linux-gnu/libX11.so.6.3.0
7fa259335000-7fa259336000 r--p 00130000 08:0c 5906321                    /usr/lib/x86_64-linux-gnu/libX11.so.6.3.0
7fa259336000-7fa25933a000 rw-p 00131000 08:0c 5906321                    /usr/lib/x86_64-linux-gnu/libX11.so.6.3.0
7fa25933a000-7fa25934b000 r-xp 00000000 08:0c 5906338                    /usr/lib/x86_64-linux-gnu/libXext.so.6.4.0
7fa25934b000-7fa25954a000 ---p 00011000 08:0c 5906338                    /usr/lib/x86_64-linux-gnu/libXext.so.6.4.0
7fa25954a000-7fa25954b000 r--p 00010000 08:0c 5906338                    /usr/lib/x86_64-linux-gnu/libXext.so.6.4.0
7fa25954b000-7fa25954c000 rw-p 00011000 08:0c 5906338                    /usr/lib/x86_64-linux-gnu/libXext.so.6.4.0
7fa25954c000-7fa25959d000 r-xp 00000000 08:0c 6038063                    /usr/lib/jvm/java-7-openjdk-amd64/jre/lib/amd64/xawt/libmawt.so
7fa25959d000-7fa25979c000 ---p 00051000 08:0c 6038063                    /usr/lib/jvm/java-7-openjdk-amd64/jre/lib/amd64/xawt/libmawt.so
7fa25979c000-7fa25979d000 r--p 00050000 08:0c 6038063                    /usr/lib/jvm/java-7-openjdk-amd64/jre/lib/amd64/xawt/libmawt.so
7fa25979d000-7fa2597a0000 rw-p 00051000 08:0c 6038063                    /usr/lib/jvm/java-7-openjdk-amd64/jre/lib/amd64/xawt/libmawt.so
7fa2597a0000-7fa2597a1000 rw-p 00000000 00:00 0 
7fa2597a1000-7fa259841000 r-xp 00000000 08:0c 6038150                    /usr/lib/jvm/java-7-openjdk-amd64/jre/lib/amd64/libawt.so
7fa259841000-7fa259a40000 ---p 000a0000 08:0c 6038150                    /usr/lib/jvm/java-7-openjdk-amd64/jre/lib/amd64/libawt.so
7fa259a40000-7fa259a41000 r--p 0009f000 08:0c 6038150                    /usr/lib/jvm/java-7-openjdk-amd64/jre/lib/amd64/libawt.so
7fa259a41000-7fa259a4c000 rw-p 000a0000 08:0c 6038150                    /usr/lib/jvm/java-7-openjdk-amd64/jre/lib/amd64/libawt.so
7fa259a4c000-7fa259a71000 rw-p 00000000 00:00 0 
7fa259a71000-7fa259aae000 r-xp 00000000 08:0c 6295539                    /lib/x86_64-linux-gnu/libpcre.so.3.13.1
7fa259aae000-7fa259cad000 ---p 0003d000 08:0c 6295539                    /lib/x86_64-linux-gnu/libpcre.so.3.13.1
7fa259cad000-7fa259cae000 r--p 0003c000 08:0c 6295539                    /lib/x86_64-linux-gnu/libpcre.so.3.13.1
7fa259cae000-7fa259caf000 rw-p 0003d000 08:0c 6295539                    /lib/x86_64-linux-gnu/libpcre.so.3.13.1
7fa259caf000-7fa259cb6000 r-xp 00000000 08:0c 5906603                    /usr/lib/x86_64-linux-gnu/libffi.so.6.0.1
7fa259cb6000-7fa259eb5000 ---p 00007000 08:0c 5906603                    /usr/lib/x86_64-linux-gnu/libffi.so.6.0.1
7fa259eb5000-7fa259eb6000 r--p 00006000 08:0c 5906603                    /usr/lib/x86_64-linux-gnu/libffi.so.6.0.1
7fa259eb6000-7fa259eb7000 rw-p 00007000 08:0c 5906603                    /usr/lib/x86_64-linux-gnu/libffi.so.6.0.1
7fa259eb7000-7fa259ece000 r-xp 00000000 08:0c 6295562                    /lib/x86_64-linux-gnu/libresolv-2.19.so
7fa259ece000-7fa25a0ce000 ---p 00017000 08:0c 6295562                    /lib/x86_64-linux-gnu/libresolv-2.19.so
7fa25a0ce000-7fa25a0cf000 r--p 00017000 08:0c 6295562                    /lib/x86_64-linux-gnu/libresolv-2.19.so
7fa25a0cf000-7fa25a0d0000 rw-p 00018000 08:0c 6295562                    /lib/x86_64-linux-gnu/libresolv-2.19.so
7fa25a0d0000-7fa25a0d2000 rw-p 00000000 00:00 0 
7fa25a0d2000-7fa25a0f2000 r-xp 00000000 08:0c 6292666                    /lib/x86_64-linux-gnu/libselinux.so.1
7fa25a0f2000-7fa25a2f1000 ---p 00020000 08:0c 6292666                    /lib/x86_64-linux-gnu/libselinux.so.1
7fa25a2f1000-7fa25a2f2000 r--p 0001f000 08:0c 6292666                    /lib/x86_64-linux-gnu/libselinux.so.1
7fa25a2f2000-7fa25a2f3000 rw-p 00020000 08:0c 6292666                    /lib/x86_64-linux-gnu/libselinux.so.1
7fa25a2f3000-7fa25a2f5000 rw-p 00000000 00:00 0 
7fa25a2f5000-7fa25a2f8000 r-xp 00000000 08:0c 5906720                    /usr/lib/x86_64-linux-gnu/libgmodule-2.0.so.0.4000.0
7fa25a2f8000-7fa25a4f7000 ---p 00003000 08:0c 5906720                    /usr/lib/x86_64-linux-gnu/libgmodule-2.0.so.0.4000.0
7fa25a4f7000-7fa25a4f8000 r--p 00002000 08:0c 5906720                    /usr/lib/x86_64-linux-gnu/libgmodule-2.0.so.0.4000.0
7fa25a4f8000-7fa25a4f9000 rw-p 00003000 08:0c 5906720                    /usr/lib/x86_64-linux-gnu/libgmodule-2.0.so.0.4000.0
7fa25a4f9000-7fa25a5ff000 r-xp 00000000 08:0c 6295467                    /lib/x86_64-linux-gnu/libglib-2.0.so.0.4000.0
7fa25a5ff000-7fa25a7fe000 ---p 00106000 08:0c 6295467                    /lib/x86_64-linux-gnu/libglib-2.0.so.0.4000.0
7fa25a7fe000-7fa25a7ff000 r--p 00105000 08:0c 6295467                    /lib/x86_64-linux-gnu/libglib-2.0.so.0.4000.0
7fa25a7ff000-7fa25a800000 rw-p 00106000 08:0c 6295467                    /lib/x86_64-linux-gnu/libglib-2.0.so.0.4000.0
7fa25a800000-7fa25a801000 rw-p 00000000 00:00 0 
7fa25a801000-7fa25a850000 r-xp 00000000 08:0c 5906736                    /usr/lib/x86_64-linux-gnu/libgobject-2.0.so.0.4000.0
7fa25a850000-7fa25aa50000 ---p 0004f000 08:0c 5906736                    /usr/lib/x86_64-linux-gnu/libgobject-2.0.so.0.4000.0
7fa25aa50000-7fa25aa51000 r--p 0004f000 08:0c 5906736                    /usr/lib/x86_64-linux-gnu/libgobject-2.0.so.0.4000.0
7fa25aa51000-7fa25aa52000 rw-p 00050000 08:0c 5906736                    /usr/lib/x86_64-linux-gnu/libgobject-2.0.so.0.4000.0
7fa25aa52000-7fa25abbd000 r-xp 00000000 08:0c 5906706                    /usr/lib/x86_64-linux-gnu/libgio-2.0.so.0.4000.0
7fa25abbd000-7fa25adbd000 ---p 0016b000 08:0c 5906706                    /usr/lib/x86_64-linux-gnu/libgio-2.0.so.0.4000.0
7fa25adbd000-7fa25adc1000 r--p 0016b000 08:0c 5906706                    /usr/lib/x86_64-linux-gnu/libgio-2.0.so.0.4000.0
7fa25adc1000-7fa25adc3000 rw-p 0016f000 08:0c 5906706                    /usr/lib/x86_64-linux-gnu/libgio-2.0.so.0.4000.0
7fa25adc3000-7fa25adc5000 rw-p 00000000 00:00 0 
7fa25adc5000-7fa25addb000 r-xp 00000000 08:0c 6038134                    /usr/lib/jvm/java-7-openjdk-amd64/jre/lib/amd64/libnet.so
7fa25addb000-7fa25afdb000 ---p 00016000 08:0c 6038134                    /usr/lib/jvm/java-7-openjdk-amd64/jre/lib/amd64/libnet.so
7fa25afdb000-7fa25afdc000 r--p 00016000 08:0c 6038134                    /usr/lib/jvm/java-7-openjdk-amd64/jre/lib/amd64/libnet.so
7fa25afdc000-7fa25afdd000 rw-p 00017000 08:0c 6038134                    /usr/lib/jvm/java-7-openjdk-amd64/jre/lib/amd64/libnet.so
7fa25afdd000-7fa25afed000 r-xp 00000000 08:0c 6038142                    /usr/lib/jvm/java-7-openjdk-amd64/jre/lib/amd64/libnio.so
7fa25afed000-7fa25b1ed000 ---p 00010000 08:0c 6038142                    /usr/lib/jvm/java-7-openjdk-amd64/jre/lib/amd64/libnio.so
7fa25b1ed000-7fa25b1ee000 r--p 00010000 08:0c 6038142                    /usr/lib/jvm/java-7-openjdk-amd64/jre/lib/amd64/libnio.so
7fa25b1ee000-7fa25b1ef000 rw-p 00011000 08:0c 6038142                    /usr/lib/jvm/java-7-openjdk-amd64/jre/lib/amd64/libnio.so
7fa25b1ef000-7fa25b1f0000 ---p 00000000 00:00 0 
7fa25b1f0000-7fa25b2f0000 rw-p 00000000 00:00 0                          [stack:11204]
7fa25b2f0000-7fa25b2f3000 ---p 00000000 00:00 0 
7fa25b2f3000-7fa25b3f1000 rw-p 00000000 00:00 0                          [stack:11203]
7fa25b3f1000-7fa25b3f4000 ---p 00000000 00:00 0 
7fa25b3f4000-7fa25b4f2000 rw-p 00000000 00:00 0                          [stack:11202]
7fa25b4f2000-7fa25b4f5000 ---p 00000000 00:00 0 
7fa25b4f5000-7fa25b5f3000 rw-p 00000000 00:00 0                          [stack:11201]
7fa25b5f3000-7fa25b5f6000 ---p 00000000 00:00 0 
7fa25b5f6000-7fa25b6f4000 rw-p 00000000 00:00 0                          [stack:11197]
7fa25b6f4000-7fa25b6f7000 ---p 00000000 00:00 0 
7fa25b6f7000-7fa25b7f5000 rw-p 00000000 00:00 0                          [stack:11196]
7fa25b7f5000-7fa25b7f8000 ---p 00000000 00:00 0 
7fa25b7f8000-7fa25b8f6000 rw-p 00000000 00:00 0                          [stack:11193]
7fa25b8f6000-7fa25b8fa000 r-xp 00000000 08:0c 6038130                    /usr/lib/jvm/java-7-openjdk-amd64/jre/lib/amd64/libdt_socket.so
7fa25b8fa000-7fa25baf9000 ---p 00004000 08:0c 6038130                    /usr/lib/jvm/java-7-openjdk-amd64/jre/lib/amd64/libdt_socket.so
7fa25baf9000-7fa25bafa000 r--p 00003000 08:0c 6038130                    /usr/lib/jvm/java-7-openjdk-amd64/jre/lib/amd64/libdt_socket.so
7fa25bafa000-7fa25bafb000 rw-p 00004000 08:0c 6038130                    /usr/lib/jvm/java-7-openjdk-amd64/jre/lib/amd64/libdt_socket.so
7fa25bafb000-7fa25bafe000 ---p 00000000 00:00 0 
7fa25bafe000-7fa25bbfc000 rw-p 00000000 00:00 0                          [stack:11191]
7fa25bbfc000-7fa25bbff000 ---p 00000000 00:00 0 
7fa25bbff000-7fa25bcfd000 rw-p 00000000 00:00 0                          [stack:11190]
7fa25bcfd000-7fa25bd00000 ---p 00000000 00:00 0 
7fa25bd00000-7fa25bdfe000 rw-p 00000000 00:00 0                          [stack:11189]
7fa25bdfe000-7fa25bdff000 ---p 00000000 00:00 0 
7fa25bdff000-7fa25c000000 rw-p 00000000 00:00 0                          [stack:11188]
7fa25c000000-7fa25c021000 rw-p 00000000 00:00 0 
7fa25c021000-7fa260000000 ---p 00000000 00:00 0 
7fa260000000-7fa260021000 rw-p 00000000 00:00 0 
7fa260021000-7fa264000000 ---p 00000000 00:00 0 
7fa264000000-7fa264021000 rw-p 00000000 00:00 0 
7fa264021000-7fa268000000 ---p 00000000 00:00 0 
7fa26805e000-7fa268065000 rw-s 00000000 00:04 56754206                   /SYSV00000000 (deleted)
7fa26806d000-7fa268072000 r--s 0004c000 08:0c 6038108                    /usr/lib/jvm/java-7-openjdk-amd64/jre/lib/jsse.jar
7fa268072000-7fa26807b000 r--s 000b9000 08:0c 6038099                    /usr/lib/jvm/java-7-openjdk-amd64/jre/lib/resources.jar
7fa26807b000-7fa268082000 r--s 0009e000 08:08 2405582                    /home/ruioliveira/Downloads/jgoodies-binding-2.10.0/jgoodies-binding-2.10.0-javadoc.jar
7fa268082000-7fa2680b3000 rw-p 00000000 00:00 0 
7fa2680b4000-7fa2680b5000 rw-p 00000000 00:00 0 
7fa2680b5000-7fa2680b8000 r--s 0003d000 08:08 2405583                    /home/ruioliveira/Downloads/jgoodies-binding-2.10.0/jgoodies-binding-2.10.0-sources.jar
7fa2680b8000-7fa2680bb000 r--s 00020000 08:08 2405584                    /home/ruioliveira/Downloads/jgoodies-binding-2.10.0/jgoodies-binding-2.10.0-tests.jar
7fa2680bb000-7fa2680c1000 r--s 0002b000 08:08 2405585                    /home/ruioliveira/Downloads/jgoodies-binding-2.10.0/jgoodies-binding-2.10.0.jar
7fa2680c1000-7fa2680c4000 r--s 00035000 08:08 2405312                    /home/ruioliveira/Downloads/jgoodies-common-1.8.0/jgoodies-common-1.8.0-javadoc.jar
7fa2680c4000-7fa2680cb000 r--s 000a4000 08:08 2405115                    /home/ruioliveira/Downloads/jgoodies-looks-2.6.0/jgoodies-looks-2.6.0-javadoc.jar
7fa2680cb000-7fa2680d0000 r--s 00051000 08:08 2405116                    /home/ruioliveira/Downloads/jgoodies-looks-2.6.0/jgoodies-looks-2.6.0-sources.jar
7fa2680d0000-7fa269000000 rw-p 00000000 00:00 0 
7fa269000000-7fa269270000 rwxp 00000000 00:00 0 
7fa269270000-7fa26c3aa000 rw-p 00000000 00:00 0 
7fa26c3aa000-7fa270000000 ---p 00000000 00:00 0 
7fa270000000-7fa270001000 rw-p 00000000 00:00 0 
7fa270001000-7fa270003000 r--s 00010000 08:08 2405313                    /home/ruioliveira/Downloads/jgoodies-common-1.8.0/jgoodies-common-1.8.0-sources.jar
7fa270003000-7fa27000c000 r--s 0005a000 08:08 2405118                    /home/ruioliveira/Downloads/jgoodies-looks-2.6.0/jgoodies-looks-2.6.0.jar
7fa27000c000-7fa270c68000 rw-p 00000000 00:00 0 
7fa270c68000-7fa270e16000 r--s 01cfc000 08:0c 6038089                    /usr/lib/jvm/java-7-openjdk-amd64/jre/lib/rt.jar
7fa270e16000-7fa271368000 rw-p 00000000 00:00 0 
7fa271368000-7fa271369000 ---p 00000000 00:00 0 
7fa271369000-7fa271469000 rw-p 00000000 00:00 0                          [stack:11186]
7fa271469000-7fa27146a000 ---p 00000000 00:00 0 
7fa27146a000-7fa27156a000 rw-p 00000000 00:00 0                          [stack:11185]
7fa27156a000-7fa27156b000 ---p 00000000 00:00 0 
7fa27156b000-7fa27166b000 rw-p 00000000 00:00 0                          [stack:11184]
7fa27166b000-7fa27166c000 ---p 00000000 00:00 0 
7fa27166c000-7fa27176c000 rw-p 00000000 00:00 0                          [stack:11183]
7fa27176c000-7fa27176d000 ---p 00000000 00:00 0 
7fa27176d000-7fa27186d000 rw-p 00000000 00:00 0                          [stack:11182]
7fa27186d000-7fa27186e000 ---p 00000000 00:00 0 
7fa27186e000-7fa27196e000 rw-p 00000000 00:00 0                          [stack:11181]
7fa27196e000-7fa27196f000 ---p 00000000 00:00 0 
7fa27196f000-7fa271a6f000 rw-p 00000000 00:00 0                          [stack:11180]
7fa271a6f000-7fa271a70000 ---p 00000000 00:00 0 
7fa271a70000-7fa271b7b000 rw-p 00000000 00:00 0                          [stack:11179]
7fa271b7b000-7fa271bc3000 rw-p 00000000 00:00 0 
7fa271bc3000-7fa271bec000 rw-p 00000000 00:00 0 
7fa271bec000-7fa271e56000 rw-p 00000000 00:00 0 
7fa271e56000-7fa271e61000 rw-p 00000000 00:00 0 
7fa271e61000-7fa271ea9000 rw-p 00000000 00:00 0 
7fa271ea9000-7fa271ed2000 rw-p 00000000 00:00 0 
7fa271ed2000-7fa27213b000 rw-p 00000000 00:00 0 
7fa27213b000-7fa272151000 rw-p 00000000 00:00 0 
7fa272151000-7fa272285000 rw-p 00000000 00:00 0 
7fa272285000-7fa272286000 rw-p 00000000 00:00 0 
7fa272286000-7fa27228e000 r-xp 00000000 08:0c 6038129                    /usr/lib/jvm/java-7-openjdk-amd64/jre/lib/amd64/libzip.so
7fa27228e000-7fa27248d000 ---p 00008000 08:0c 6038129                    /usr/lib/jvm/java-7-openjdk-amd64/jre/lib/amd64/libzip.so
7fa27248d000-7fa27248e000 r--p 00007000 08:0c 6038129                    /usr/lib/jvm/java-7-openjdk-amd64/jre/lib/amd64/libzip.so
7fa27248e000-7fa27248f000 rw-p 00008000 08:0c 6038129                    /usr/lib/jvm/java-7-openjdk-amd64/jre/lib/amd64/libzip.so
7fa27248f000-7fa27249a000 r-xp 00000000 08:0c 6295511                    /lib/x86_64-linux-gnu/libnss_files-2.19.so
7fa27249a000-7fa272699000 ---p 0000b000 08:0c 6295511                    /lib/x86_64-linux-gnu/libnss_files-2.19.so
7fa272699000-7fa27269a000 r--p 0000a000 08:0c 6295511                    /lib/x86_64-linux-gnu/libnss_files-2.19.so
7fa27269a000-7fa27269b000 rw-p 0000b000 08:0c 6295511                    /lib/x86_64-linux-gnu/libnss_files-2.19.so
7fa27269b000-7fa2726a6000 r-xp 00000000 08:0c 6295521                    /lib/x86_64-linux-gnu/libnss_nis-2.19.so
7fa2726a6000-7fa2728a5000 ---p 0000b000 08:0c 6295521                    /lib/x86_64-linux-gnu/libnss_nis-2.19.so
7fa2728a5000-7fa2728a6000 r--p 0000a000 08:0c 6295521                    /lib/x86_64-linux-gnu/libnss_nis-2.19.so
7fa2728a6000-7fa2728a7000 rw-p 0000b000 08:0c 6295521                    /lib/x86_64-linux-gnu/libnss_nis-2.19.so
7fa2728a7000-7fa2728be000 r-xp 00000000 08:0c 6295505                    /lib/x86_64-linux-gnu/libnsl-2.19.so
7fa2728be000-7fa272abd000 ---p 00017000 08:0c 6295505                    /lib/x86_64-linux-gnu/libnsl-2.19.so
7fa272abd000-7fa272abe000 r--p 00016000 08:0c 6295505                    /lib/x86_64-linux-gnu/libnsl-2.19.so
7fa272abe000-7fa272abf000 rw-p 00017000 08:0c 6295505                    /lib/x86_64-linux-gnu/libnsl-2.19.so
7fa272abf000-7fa272ac1000 rw-p 00000000 00:00 0 
7fa272ac1000-7fa272aca000 r-xp 00000000 08:0c 6295507                    /lib/x86_64-linux-gnu/libnss_compat-2.19.so
7fa272aca000-7fa272cc9000 ---p 00009000 08:0c 6295507                    /lib/x86_64-linux-gnu/libnss_compat-2.19.so
7fa272cc9000-7fa272cca000 r--p 00008000 08:0c 6295507                    /lib/x86_64-linux-gnu/libnss_compat-2.19.so
7fa272cca000-7fa272ccb000 rw-p 00009000 08:0c 6295507                    /lib/x86_64-linux-gnu/libnss_compat-2.19.so
7fa272ccb000-7fa2733ae000 r--p 00000000 08:0c 5905319                    /usr/lib/locale/locale-archive
7fa2733ae000-7fa2733b1000 r-xp 00000000 08:0c 6038159                    /usr/lib/jvm/java-7-openjdk-amd64/jre/lib/amd64/libnpt.so
7fa2733b1000-7fa2735b0000 ---p 00003000 08:0c 6038159                    /usr/lib/jvm/java-7-openjdk-amd64/jre/lib/amd64/libnpt.so
7fa2735b0000-7fa2735b1000 r--p 00002000 08:0c 6038159                    /usr/lib/jvm/java-7-openjdk-amd64/jre/lib/amd64/libnpt.so
7fa2735b1000-7fa2735b2000 rw-p 00003000 08:0c 6038159                    /usr/lib/jvm/java-7-openjdk-amd64/jre/lib/amd64/libnpt.so
7fa2735b2000-7fa2735ec000 r-xp 00000000 08:0c 6038144                    /usr/lib/jvm/java-7-openjdk-amd64/jre/lib/amd64/libjdwp.so
7fa2735ec000-7fa2737eb000 ---p 0003a000 08:0c 6038144                    /usr/lib/jvm/java-7-openjdk-amd64/jre/lib/amd64/libjdwp.so
7fa2737eb000-7fa2737ec000 r--p 00039000 08:0c 6038144                    /usr/lib/jvm/java-7-openjdk-amd64/jre/lib/amd64/libjdwp.so
7fa2737ec000-7fa2737ed000 rw-p 0003a000 08:0c 6038144                    /usr/lib/jvm/java-7-openjdk-amd64/jre/lib/amd64/libjdwp.so
7fa2737ed000-7fa273818000 r-xp 00000000 08:0c 6038125                    /usr/lib/jvm/java-7-openjdk-amd64/jre/lib/amd64/libjava.so
7fa273818000-7fa273a17000 ---p 0002b000 08:0c 6038125                    /usr/lib/jvm/java-7-openjdk-amd64/jre/lib/amd64/libjava.so
7fa273a17000-7fa273a18000 r--p 0002a000 08:0c 6038125                    /usr/lib/jvm/java-7-openjdk-amd64/jre/lib/amd64/libjava.so
7fa273a18000-7fa273a1a000 rw-p 0002b000 08:0c 6038125                    /usr/lib/jvm/java-7-openjdk-amd64/jre/lib/amd64/libjava.so
7fa273a1a000-7fa273a2a000 r-xp 00000000 08:0c 6038158                    /usr/lib/jvm/java-7-openjdk-amd64/jre/lib/amd64/libverify.so
7fa273a2a000-7fa273c29000 ---p 00010000 08:0c 6038158                    /usr/lib/jvm/java-7-openjdk-amd64/jre/lib/amd64/libverify.so
7fa273c29000-7fa273c2b000 r--p 0000f000 08:0c 6038158                    /usr/lib/jvm/java-7-openjdk-amd64/jre/lib/amd64/libverify.so
7fa273c2b000-7fa273c2c000 rw-p 00011000 08:0c 6038158                    /usr/lib/jvm/java-7-openjdk-amd64/jre/lib/amd64/libverify.so
7fa273c2c000-7fa273c33000 r-xp 00000000 08:0c 6295564                    /lib/x86_64-linux-gnu/librt-2.19.so
7fa273c33000-7fa273e32000 ---p 00007000 08:0c 6295564                    /lib/x86_64-linux-gnu/librt-2.19.so
7fa273e32000-7fa273e33000 r--p 00006000 08:0c 6295564                    /lib/x86_64-linux-gnu/librt-2.19.so
7fa273e33000-7fa273e34000 rw-p 00007000 08:0c 6295564                    /lib/x86_64-linux-gnu/librt-2.19.so
7fa273e34000-7fa273e4a000 r-xp 00000000 08:0c 6295463                    /lib/x86_64-linux-gnu/libgcc_s.so.1
7fa273e4a000-7fa274049000 ---p 00016000 08:0c 6295463                    /lib/x86_64-linux-gnu/libgcc_s.so.1
7fa274049000-7fa27404a000 rw-p 00015000 08:0c 6295463                    /lib/x86_64-linux-gnu/libgcc_s.so.1
7fa27404a000-7fa27414f000 r-xp 00000000 08:0c 6295486                    /lib/x86_64-linux-gnu/libm-2.19.so
7fa27414f000-7fa27434e000 ---p 00105000 08:0c 6295486                    /lib/x86_64-linux-gnu/libm-2.19.so
7fa27434e000-7fa27434f000 r--p 00104000 08:0c 6295486                    /lib/x86_64-linux-gnu/libm-2.19.so
7fa27434f000-7fa274350000 rw-p 00105000 08:0c 6295486                    /lib/x86_64-linux-gnu/libm-2.19.so
7fa274350000-7fa274436000 r-xp 00000000 08:0c 5907231                    /usr/lib/x86_64-linux-gnu/libstdc++.so.6.0.19
7fa274436000-7fa274635000 ---p 000e6000 08:0c 5907231                    /usr/lib/x86_64-linux-gnu/libstdc++.so.6.0.19
7fa274635000-7fa27463d000 r--p 000e5000 08:0c 5907231                    /usr/lib/x86_64-linux-gnu/libstdc++.so.6.0.19
7fa27463d000-7fa27463f000 rw-p 000ed000 08:0c 5907231                    /usr/lib/x86_64-linux-gnu/libstdc++.so.6.0.19
7fa27463f000-7fa274654000 rw-p 00000000 00:00 0 
7fa274654000-7fa275135000 r-xp 00000000 08:0c 6038139                    /usr/lib/jvm/java-7-openjdk-amd64/jre/lib/amd64/server/libjvm.so
7fa275135000-7fa275334000 ---p 00ae1000 08:0c 6038139                    /usr/lib/jvm/java-7-openjdk-amd64/jre/lib/amd64/server/libjvm.so
7fa275334000-7fa2753c6000 r--p 00ae0000 08:0c 6038139                    /usr/lib/jvm/java-7-openjdk-amd64/jre/lib/amd64/server/libjvm.so
7fa2753c6000-7fa2753e9000 rw-p 00b72000 08:0c 6038139                    /usr/lib/jvm/java-7-openjdk-amd64/jre/lib/amd64/server/libjvm.so
7fa2753e9000-7fa275416000 rw-p 00000000 00:00 0 
7fa275416000-7fa27542e000 r-xp 00000000 08:0c 6295599                    /lib/x86_64-linux-gnu/libz.so.1.2.8
7fa27542e000-7fa27562d000 ---p 00018000 08:0c 6295599                    /lib/x86_64-linux-gnu/libz.so.1.2.8
7fa27562d000-7fa27562e000 r--p 00017000 08:0c 6295599                    /lib/x86_64-linux-gnu/libz.so.1.2.8
7fa27562e000-7fa27562f000 rw-p 00018000 08:0c 6295599                    /lib/x86_64-linux-gnu/libz.so.1.2.8
7fa27562f000-7fa275648000 r-xp 00000000 08:0c 6295556                    /lib/x86_64-linux-gnu/libpthread-2.19.so
7fa275648000-7fa275847000 ---p 00019000 08:0c 6295556                    /lib/x86_64-linux-gnu/libpthread-2.19.so
7fa275847000-7fa275848000 r--p 00018000 08:0c 6295556                    /lib/x86_64-linux-gnu/libpthread-2.19.so
7fa275848000-7fa275849000 rw-p 00019000 08:0c 6295556                    /lib/x86_64-linux-gnu/libpthread-2.19.so
7fa275849000-7fa27584d000 rw-p 00000000 00:00 0 
7fa27584d000-7fa275850000 r-xp 00000000 08:0c 6295453                    /lib/x86_64-linux-gnu/libdl-2.19.so
7fa275850000-7fa275a4f000 ---p 00003000 08:0c 6295453                    /lib/x86_64-linux-gnu/libdl-2.19.so
7fa275a4f000-7fa275a50000 r--p 00002000 08:0c 6295453                    /lib/x86_64-linux-gnu/libdl-2.19.so
7fa275a50000-7fa275a51000 rw-p 00003000 08:0c 6295453                    /lib/x86_64-linux-gnu/libdl-2.19.so
7fa275a51000-7fa275c0d000 r-xp 00000000 08:0c 6295436                    /lib/x86_64-linux-gnu/libc-2.19.so
7fa275c0d000-7fa275e0c000 ---p 001bc000 08:0c 6295436                    /lib/x86_64-linux-gnu/libc-2.19.so
7fa275e0c000-7fa275e10000 r--p 001bb000 08:0c 6295436                    /lib/x86_64-linux-gnu/libc-2.19.so
7fa275e10000-7fa275e12000 rw-p 001bf000 08:0c 6295436                    /lib/x86_64-linux-gnu/libc-2.19.so
7fa275e12000-7fa275e17000 rw-p 00000000 00:00 0 
7fa275e17000-7fa275e24000 r-xp 00000000 08:0c 6038149                    /usr/lib/jvm/java-7-openjdk-amd64/jre/lib/amd64/jli/libjli.so
7fa275e24000-7fa276023000 ---p 0000d000 08:0c 6038149                    /usr/lib/jvm/java-7-openjdk-amd64/jre/lib/amd64/jli/libjli.so
7fa276023000-7fa276024000 r--p 0000c000 08:0c 6038149                    /usr/lib/jvm/java-7-openjdk-amd64/jre/lib/amd64/jli/libjli.so
7fa276024000-7fa276025000 rw-p 0000d000 08:0c 6038149                    /usr/lib/jvm/java-7-openjdk-amd64/jre/lib/amd64/jli/libjli.so
7fa276025000-7fa276048000 r-xp 00000000 08:0c 6295412                    /lib/x86_64-linux-gnu/ld-2.19.so
7fa276048000-7fa276049000 r--p 00000000 08:0c 7363661                    /usr/share/locale-langpack/en_GB/LC_MESSAGES/libc.mo
7fa276049000-7fa27604a000 r--s 00004000 08:08 2405314                    /home/ruioliveira/Downloads/jgoodies-common-1.8.0/jgoodies-common-1.8.0-tests.jar
7fa27604a000-7fa27604c000 r--s 00007000 08:08 2405315                    /home/ruioliveira/Downloads/jgoodies-common-1.8.0/jgoodies-common-1.8.0.jar
7fa27604c000-7fa27604d000 r--s 00001000 08:08 2405117                    /home/ruioliveira/Downloads/jgoodies-looks-2.6.0/jgoodies-looks-2.6.0-tests.jar
7fa27604d000-7fa276052000 r--s 00064000 08:08 2404801                    /home/ruioliveira/Downloads/jgoodies-forms-1.8.0/jgoodies-forms-1.8.0-javadoc.jar
7fa276052000-7fa276054000 r--s 00006000 08:08 2404803                    /home/ruioliveira/Downloads/jgoodies-forms-1.8.0/jgoodies-forms-1.8.0-tests.jar
7fa276054000-7fa276057000 r--s 0001b000 08:08 2404804                    /home/ruioliveira/Downloads/jgoodies-forms-1.8.0/jgoodies-forms-1.8.0.jar
7fa276057000-7fa276062000 r--s 00203000 08:0c 6038090                    /usr/lib/jvm/java-7-openjdk-amd64/jre/lib/charsets.jar
7fa276062000-7fa27606c000 rw-p 00000000 00:00 0 
7fa27606c000-7fa276122000 rw-p 00000000 00:00 0 
7fa276122000-7fa276125000 ---p 00000000 00:00 0 
7fa276125000-7fa276228000 rw-p 00000000 00:00 0                          [stack:11178]
7fa276228000-7fa27622a000 r--s 00012000 08:0c 6038093                    /usr/lib/jvm/java-7-openjdk-amd64/jre/lib/ext/zipfs.jar
7fa27622a000-7fa27622c000 r--s 00006000 08:0c 6560210                    /usr/share/java/java-atk-wrapper.jar
7fa27622c000-7fa276230000 r--s 00085000 08:0c 6038095                    /usr/lib/jvm/java-7-openjdk-amd64/jre/lib/ext/localedata.jar
7fa276230000-7fa276233000 r--s 0000f000 08:0c 6038092                    /usr/lib/jvm/java-7-openjdk-amd64/jre/lib/ext/pulse-java.jar
7fa276233000-7fa276234000 r--s 00002000 08:0c 6038097                    /usr/lib/jvm/java-7-openjdk-amd64/jre/lib/ext/dnsns.jar
7fa276234000-7fa276237000 r--s 00032000 08:0c 6038094                    /usr/lib/jvm/java-7-openjdk-amd64/jre/lib/ext/sunjce_provider.jar
7fa276237000-7fa27623b000 r--s 0003b000 08:0c 6038096                    /usr/lib/jvm/java-7-openjdk-amd64/jre/lib/ext/sunpkcs11.jar
7fa27623b000-7fa276243000 rw-s 00000000 08:0c 9451499                    /tmp/hsperfdata_ruioliveiras/11170
7fa276243000-7fa276244000 rw-p 00000000 00:00 0 
7fa276244000-7fa276245000 r--p 00000000 00:00 0 
7fa276245000-7fa276247000 rw-p 00000000 00:00 0 
7fa276247000-7fa276248000 r--p 00022000 08:0c 6295412                    /lib/x86_64-linux-gnu/ld-2.19.so
7fa276248000-7fa276249000 rw-p 00023000 08:0c 6295412                    /lib/x86_64-linux-gnu/ld-2.19.so
7fa276249000-7fa27624a000 rw-p 00000000 00:00 0 
7fff1eed0000-7fff1eef1000 rw-p 00000000 00:00 0                          [stack]
7fff1effe000-7fff1f000000 r-xp 00000000 00:00 0                          [vdso]
ffffffffff600000-ffffffffff601000 r-xp 00000000 00:00 0                  [vsyscall]

VM Arguments:
jvm_args: -agentlib:jdwp=transport=dt_socket,suspend=y,address=localhost:52717 -Dfile.encoding=UTF-8 
java_command: controller.Main
Launcher Type: SUN_STANDARD

Environment Variables:
PATH=/home/ruioliveiras/bin:/usr/local/sbin:/usr/local/bin:/usr/sbin:/usr/bin:/sbin:/bin:/usr/games:/usr/local/games
USERNAME=ruioliveiras
SHELL=/bin/bash
DISPLAY=:0

Signal Handlers:
SIGSEGV: [libjvm.so+0x918620], sa_mask[0]=0x7ffbfeff, sa_flags=0x10000004
SIGBUS: [libjvm.so+0x918620], sa_mask[0]=0x7ffbfeff, sa_flags=0x10000004
SIGFPE: [libjvm.so+0x795e30], sa_mask[0]=0x7ffbfeff, sa_flags=0x10000004
SIGPIPE: [libjvm.so+0x795e30], sa_mask[0]=0x7ffbfeff, sa_flags=0x10000004
SIGXFSZ: [libjvm.so+0x795e30], sa_mask[0]=0x7ffbfeff, sa_flags=0x10000004
SIGILL: [libjvm.so+0x795e30], sa_mask[0]=0x7ffbfeff, sa_flags=0x10000004
SIGUSR1: SIG_DFL, sa_mask[0]=0x00000000, sa_flags=0x00000000
SIGUSR2: [libjvm.so+0x795cd0], sa_mask[0]=0x00000004, sa_flags=0x10000004
SIGHUP: [libjvm.so+0x795eb0], sa_mask[0]=0x7ffbfeff, sa_flags=0x10000004
SIGINT: [libjvm.so+0x795eb0], sa_mask[0]=0x7ffbfeff, sa_flags=0x10000004
SIGTERM: [libjvm.so+0x795eb0], sa_mask[0]=0x7ffbfeff, sa_flags=0x10000004
SIGQUIT: [libjvm.so+0x795eb0], sa_mask[0]=0x7ffbfeff, sa_flags=0x10000004


---------------  S Y S T E M  ---------------

OS:Ubuntu 14.04 (trusty)
uname:Linux 3.13.0-27-generic #50-Ubuntu SMP Thu May 15 18:06:16 UTC 2014 x86_64
libc:glibc 2.19 NPTL 2.19 
rlimit: STACK 8192k, CORE 0k, NPROC 63008, NOFILE 4096, AS infinity
load average:0,74 1,12 1,02

/proc/meminfo:
MemTotal:        8086640 kB
MemFree:         4760608 kB
Buffers:          153396 kB
Cached:          1504068 kB
SwapCached:            0 kB
Active:          2005972 kB
Inactive:        1045972 kB
Active(anon):    1395732 kB
Inactive(anon):   200764 kB
Active(file):     610240 kB
Inactive(file):   845208 kB
Unevictable:          16 kB
Mlocked:              16 kB
SwapTotal:       8389628 kB
SwapFree:        8389628 kB
Dirty:              3948 kB
Writeback:             0 kB
AnonPages:       1394128 kB
Mapped:           129320 kB
Shmem:            202236 kB
Slab:             152996 kB
SReclaimable:     108068 kB
SUnreclaim:        44928 kB
KernelStack:        7008 kB
PageTables:        20684 kB
NFS_Unstable:          0 kB
Bounce:                0 kB
WritebackTmp:          0 kB
CommitLimit:    12432948 kB
Committed_AS:    3932744 kB
VmallocTotal:   34359738367 kB
VmallocUsed:      361728 kB
VmallocChunk:   34359364184 kB
HardwareCorrupted:     0 kB
AnonHugePages:   1433600 kB
HugePages_Total:       0
HugePages_Free:        0
HugePages_Rsvd:        0
HugePages_Surp:        0
Hugepagesize:       2048 kB
DirectMap4k:       98656 kB
DirectMap2M:     4005888 kB
DirectMap1G:     4194304 kB


CPU:total 8 (4 cores per cpu, 2 threads per core) family 6 model 60 stepping 3, cmov, cx8, fxsr, mmx, sse, sse2, sse3, ssse3, sse4.1, sse4.2, popcnt, avx, avx2, aes, erms, ht, tsc, tscinvbit

/proc/cpuinfo:
processor	: 0
vendor_id	: GenuineIntel
cpu family	: 6
model		: 60
model name	: Intel(R) Core(TM) i7-4700MQ CPU @ 2.40GHz
stepping	: 3
microcode	: 0x8
cpu MHz		: 2400.000
cache size	: 6144 KB
physical id	: 0
siblings	: 8
core id		: 0
cpu cores	: 4
apicid		: 0
initial apicid	: 0
fpu		: yes
fpu_exception	: yes
cpuid level	: 13
wp		: yes
flags		: fpu vme de pse tsc msr pae mce cx8 apic sep mtrr pge mca cmov pat pse36 clflush dts acpi mmx fxsr sse sse2 ss ht tm pbe syscall nx pdpe1gb rdtscp lm constant_tsc arch_perfmon pebs bts rep_good nopl xtopology nonstop_tsc aperfmperf eagerfpu pni pclmulqdq dtes64 monitor ds_cpl vmx est tm2 ssse3 fma cx16 xtpr pdcm pcid sse4_1 sse4_2 movbe popcnt tsc_deadline_timer aes xsave avx f16c rdrand lahf_lm abm ida arat epb xsaveopt pln pts dtherm tpr_shadow vnmi flexpriority ept vpid fsgsbase tsc_adjust bmi1 avx2 smep bmi2 erms invpcid
bogomips	: 4789.32
clflush size	: 64
cache_alignment	: 64
address sizes	: 39 bits physical, 48 bits virtual
power management:

processor	: 1
vendor_id	: GenuineIntel
cpu family	: 6
model		: 60
model name	: Intel(R) Core(TM) i7-4700MQ CPU @ 2.40GHz
stepping	: 3
microcode	: 0x8
cpu MHz		: 2400.000
cache size	: 6144 KB
physical id	: 0
siblings	: 8
core id		: 1
cpu cores	: 4
apicid		: 2
initial apicid	: 2
fpu		: yes
fpu_exception	: yes
cpuid level	: 13
wp		: yes
flags		: fpu vme de pse tsc msr pae mce cx8 apic sep mtrr pge mca cmov pat pse36 clflush dts acpi mmx fxsr sse sse2 ss ht tm pbe syscall nx pdpe1gb rdtscp lm constant_tsc arch_perfmon pebs bts rep_good nopl xtopology nonstop_tsc aperfmperf eagerfpu pni pclmulqdq dtes64 monitor ds_cpl vmx est tm2 ssse3 fma cx16 xtpr pdcm pcid sse4_1 sse4_2 movbe popcnt tsc_deadline_timer aes xsave avx f16c rdrand lahf_lm abm ida arat epb xsaveopt pln pts dtherm tpr_shadow vnmi flexpriority ept vpid fsgsbase tsc_adjust bmi1 avx2 smep bmi2 erms invpcid
bogomips	: 4789.32
clflush size	: 64
cache_alignment	: 64
address sizes	: 39 bits physical, 48 bits virtual
power management:

processor	: 2
vendor_id	: GenuineIntel
cpu family	: 6
model		: 60
model name	: Intel(R) Core(TM) i7-4700MQ CPU @ 2.40GHz
stepping	: 3
microcode	: 0x8
cpu MHz		: 2400.000
cache size	: 6144 KB
physical id	: 0
siblings	: 8
core id		: 2
cpu cores	: 4
apicid		: 4
initial apicid	: 4
fpu		: yes
fpu_exception	: yes
cpuid level	: 13
wp		: yes
flags		: fpu vme de pse tsc msr pae mce cx8 apic sep mtrr pge mca cmov pat pse36 clflush dts acpi mmx fxsr sse sse2 ss ht tm pbe syscall nx pdpe1gb rdtscp lm constant_tsc arch_perfmon pebs bts rep_good nopl xtopology nonstop_tsc aperfmperf eagerfpu pni pclmulqdq dtes64 monitor ds_cpl vmx est tm2 ssse3 fma cx16 xtpr pdcm pcid sse4_1 sse4_2 movbe popcnt tsc_deadline_timer aes xsave avx f16c rdrand lahf_lm abm ida arat epb xsaveopt pln pts dtherm tpr_shadow vnmi flexpriority ept vpid fsgsbase tsc_adjust bmi1 avx2 smep bmi2 erms invpcid
bogomips	: 4789.32
clflush size	: 64
cache_alignment	: 64
address sizes	: 39 bits physical, 48 bits virtual
power management:

processor	: 3
vendor_id	: GenuineIntel
cpu family	: 6
model		: 60
model name	: Intel(R) Core(TM) i7-4700MQ CPU @ 2.40GHz
stepping	: 3
microcode	: 0x8
cpu MHz		: 2400.000
cache size	: 6144 KB
physical id	: 0
siblings	: 8
core id		: 3
cpu cores	: 4
apicid		: 6
initial apicid	: 6
fpu		: yes
fpu_exception	: yes
cpuid level	: 13
wp		: yes
flags		: fpu vme de pse tsc msr pae mce cx8 apic sep mtrr pge mca cmov pat pse36 clflush dts acpi mmx fxsr sse sse2 ss ht tm pbe syscall nx pdpe1gb rdtscp lm constant_tsc arch_perfmon pebs bts rep_good nopl xtopology nonstop_tsc aperfmperf eagerfpu pni pclmulqdq dtes64 monitor ds_cpl vmx est tm2 ssse3 fma cx16 xtpr pdcm pcid sse4_1 sse4_2 movbe popcnt tsc_deadline_timer aes xsave avx f16c rdrand lahf_lm abm ida arat epb xsaveopt pln pts dtherm tpr_shadow vnmi flexpriority ept vpid fsgsbase tsc_adjust bmi1 avx2 smep bmi2 erms invpcid
bogomips	: 4789.32
clflush size	: 64
cache_alignment	: 64
address sizes	: 39 bits physical, 48 bits virtual
power management:

processor	: 4
vendor_id	: GenuineIntel
cpu family	: 6
model		: 60
model name	: Intel(R) Core(TM) i7-4700MQ CPU @ 2.40GHz
stepping	: 3
microcode	: 0x8
cpu MHz		: 2400.000
cache size	: 6144 KB
physical id	: 0
siblings	: 8
core id		: 0
cpu cores	: 4
apicid		: 1
initial apicid	: 1
fpu		: yes
fpu_exception	: yes
cpuid level	: 13
wp		: yes
flags		: fpu vme de pse tsc msr pae mce cx8 apic sep mtrr pge mca cmov pat pse36 clflush dts acpi mmx fxsr sse sse2 ss ht tm pbe syscall nx pdpe1gb rdtscp lm constant_tsc arch_perfmon pebs bts rep_good nopl xtopology nonstop_tsc aperfmperf eagerfpu pni pclmulqdq dtes64 monitor ds_cpl vmx est tm2 ssse3 fma cx16 xtpr pdcm pcid sse4_1 sse4_2 movbe popcnt tsc_deadline_timer aes xsave avx f16c rdrand lahf_lm abm ida arat epb xsaveopt pln pts dtherm tpr_shadow vnmi flexpriority ept vpid fsgsbase tsc_adjust bmi1 avx2 smep bmi2 erms invpcid
bogomips	: 4789.32
clflush size	: 64
cache_alignment	: 64
address sizes	: 39 bits physical, 48 bits virtual
power management:

processor	: 5
vendor_id	: GenuineIntel
cpu family	: 6
model		: 60
model name	: Intel(R) Core(TM) i7-4700MQ CPU @ 2.40GHz
stepping	: 3
microcode	: 0x8
cpu MHz		: 2400.000
cache size	: 6144 KB
physical id	: 0
siblings	: 8
core id		: 1
cpu cores	: 4
apicid		: 3
initial apicid	: 3
fpu		: yes
fpu_exception	: yes
cpuid level	: 13
wp		: yes
flags		: fpu vme de pse tsc msr pae mce cx8 apic sep mtrr pge mca cmov pat pse36 clflush dts acpi mmx fxsr sse sse2 ss ht tm pbe syscall nx pdpe1gb rdtscp lm constant_tsc arch_perfmon pebs bts rep_good nopl xtopology nonstop_tsc aperfmperf eagerfpu pni pclmulqdq dtes64 monitor ds_cpl vmx est tm2 ssse3 fma cx16 xtpr pdcm pcid sse4_1 sse4_2 movbe popcnt tsc_deadline_timer aes xsave avx f16c rdrand lahf_lm abm ida arat epb xsaveopt pln pts dtherm tpr_shadow vnmi flexpriority ept vpid fsgsbase tsc_adjust bmi1 avx2 smep bmi2 erms invpcid
bogomips	: 4789.32
clflush size	: 64
cache_alignment	: 64
address sizes	: 39 bits physical, 48 bits virtual
power management:

processor	: 6
vendor_id	: GenuineIntel
cpu family	: 6
model		: 60
model name	: Intel(R) Core(TM) i7-4700MQ CPU @ 2.40GHz
stepping	: 3
microcode	: 0x8
cpu MHz		: 2400.000
cache size	: 6144 KB
physical id	: 0
siblings	: 8
core id		: 2
cpu cores	: 4
apicid		: 5
initial apicid	: 5
fpu		: yes
fpu_exception	: yes
cpuid level	: 13
wp		: yes
flags		: fpu vme de pse tsc msr pae mce cx8 apic sep mtrr pge mca cmov pat pse36 clflush dts acpi mmx fxsr sse sse2 ss ht tm pbe syscall nx pdpe1gb rdtscp lm constant_tsc arch_perfmon pebs bts rep_good nopl xtopology nonstop_tsc aperfmperf eagerfpu pni pclmulqdq dtes64 monitor ds_cpl vmx est tm2 ssse3 fma cx16 xtpr pdcm pcid sse4_1 sse4_2 movbe popcnt tsc_deadline_timer aes xsave avx f16c rdrand lahf_lm abm ida arat epb xsaveopt pln pts dtherm tpr_shadow vnmi flexpriority ept vpid fsgsbase tsc_adjust bmi1 avx2 smep bmi2 erms invpcid
bogomips	: 4789.32
clflush size	: 64
cache_alignment	: 64
address sizes	: 39 bits physical, 48 bits virtual
power management:

processor	: 7
vendor_id	: GenuineIntel
cpu family	: 6
model		: 60
model name	: Intel(R) Core(TM) i7-4700MQ CPU @ 2.40GHz
stepping	: 3
microcode	: 0x8
cpu MHz		: 1300.000
cache size	: 6144 KB
physical id	: 0
siblings	: 8
core id		: 3
cpu cores	: 4
apicid		: 7
initial apicid	: 7
fpu		: yes
fpu_exception	: yes
cpuid level	: 13
wp		: yes
flags		: fpu vme de pse tsc msr pae mce cx8 apic sep mtrr pge mca cmov pat pse36 clflush dts acpi mmx fxsr sse sse2 ss ht tm pbe syscall nx pdpe1gb rdtscp lm constant_tsc arch_perfmon pebs bts rep_good nopl xtopology nonstop_tsc aperfmperf eagerfpu pni pclmulqdq dtes64 monitor ds_cpl vmx est tm2 ssse3 fma cx16 xtpr pdcm pcid sse4_1 sse4_2 movbe popcnt tsc_deadline_timer aes xsave avx f16c rdrand lahf_lm abm ida arat epb xsaveopt pln pts dtherm tpr_shadow vnmi flexpriority ept vpid fsgsbase tsc_adjust bmi1 avx2 smep bmi2 erms invpcid
bogomips	: 4789.32
clflush size	: 64
cache_alignment	: 64
address sizes	: 39 bits physical, 48 bits virtual
power management:



Memory: 4k page, physical 8086640k(4760608k free), swap 8389628k(8389628k free)

vm_info: OpenJDK 64-Bit Server VM (24.51-b03) for linux-amd64 JRE (1.7.0_55-b14), built on Apr 17 2014 20:08:07 by "buildd" with gcc 4.8.2

time: Fri Jun  6 02:24:11 2014
elapsed time: 5196 seconds

