#
# A fatal error has been detected by the Java Runtime Environment:
#
#  SIGSEGV (0xb) at pc=0x00007f76f0e522fa, pid=6420, tid=140147461936896
#
# JRE version: OpenJDK Runtime Environment (7.0_55-b14) (build 1.7.0_55-b14)
# Java VM: OpenJDK 64-Bit Server VM (24.51-b03 mixed mode linux-amd64 compressed oops)
# Problematic frame:
# v  ~BufferBlob::jni_fast_GetLongField
#
# Failed to write core dump. Core dumps have been disabled. To enable core dumping, try "ulimit -c unlimited" before starting Java again
#
# If you would like to submit a bug report, please include
# instructions on how to reproduce the bug and visit:
#   http://icedtea.classpath.org/bugzilla
# The crash happened outside the Java Virtual Machine in native code.
# See problematic frame for where to report the bug.
#

---------------  T H R E A D  ---------------

Current thread (0x00007f76f42b6000):  JavaThread "AWT-XAWT" daemon [_thread_in_native, id=6446, stack(0x00007f769f9f5000,0x00007f769faf6000)]

siginfo:si_signo=SIGSEGV: si_errno=0, si_code=1 (SEGV_MAPERR), si_addr=0x0000000000000000

Registers:
RAX=0x00007f76fa4ffec0, RBX=0x00007f76f42b61d8, RCX=0x00007f76fa976320, RDX=0x0000000000000042
RSP=0x00007f769faf47f8, RBP=0x00007f769faf4820, RSI=0x0000000000000000, RDI=0x00007f76f42b61d8
R8 =0x0000000000000003, R9 =0x0000000000000000, R10=0x0000000000000016, R11=0x00007f76f9fae830
R12=0x00007f768800c810, R13=0x0000000000000000, R14=0x00007f76c6f864a0, R15=0x00007f76f42b6000
RIP=0x00007f76f0e522fa, EFLAGS=0x0000000000010246, CSGSFS=0x0000000000000033, ERR=0x0000000000000004
  TRAPNO=0x000000000000000e

Top of Stack: (sp=0x00007f769faf47f8)
0x00007f769faf47f8:   00007f76c6d52564 000000077a89c220
0x00007f769faf4808:   00007f768800c810 000000077a89c220
0x00007f769faf4818:   00007f769faf4908 0000000000000000
0x00007f769faf4828:   00007f76c6831ae8 000000077a89c220
0x00007f769faf4838:   00007f769faf4860 0000000000000000
0x00007f769faf4848:   00007f76c68299a3 000000077a89c220
0x00007f769faf4858:   00007f76c6d4709f 00007f769faf48d0
0x00007f769faf4868:   00007f76f0e09cd8 00007f76f0dfd233
0x00007f769faf4878:   0000000000000000 00000007d6f7d048
0x00007f769faf4888:   0000000000000000 00007f769faf4890
0x00007f769faf4898:   0000000000000000 00007f769faf4908
0x00007f769faf48a8:   000000077a8a23a0 0000000000000000
0x00007f769faf48b8:   000000077a89c220 0000000000000000
0x00007f769faf48c8:   00007f769faf48f0 00007f769faf4950
0x00007f769faf48d8:   00007f76f0dfd350 00000007d6faee78
0x00007f769faf48e8:   00007f76f0e05cc0 0000000000000000
0x00007f769faf48f8:   00007f769faf4950 00007f7690002dc0
0x00007f769faf4908:   00000007d70269b0 00007f769faf4910
0x00007f769faf4918:   000000077a7923ac 00007f769faf4998
0x00007f769faf4928:   000000077a79f190 000000077afee6a0
0x00007f769faf4938:   000000077a792540 00007f769faf48f0
0x00007f769faf4948:   00007f769faf4990 00007f769faf49e0
0x00007f769faf4958:   00007f76f0dfd058 0000000000000000
0x00007f769faf4968:   00000007d74708f8 0000000000000000
0x00007f769faf4978:   0000000000000000 0000000000000000
0x00007f769faf4988:   00000007d70269b0 0000000000000000
0x00007f769faf4998:   00000007d6fb0350 00007f769faf49a0
0x00007f769faf49a8:   000000077a7921a5 00007f769faf49f0
0x00007f769faf49b8:   000000077a79f190 0000000000000000
0x00007f769faf49c8:   000000077a7921c0 00007f769faf4990
0x00007f769faf49d8:   00007f769faf49f0 00007f769faf4a38
0x00007f769faf49e8:   00007f76f0dfd706 00000007d6fb0350 

Instructions: (pc=0x00007f76f0e522fa)
0x00007f76f0e522da:   00 00 00 00 00 00 44 8b 15 fd 7e 6d 09 4c 8b ce
0x00007f76f0e522ea:   41 f6 c2 01 0f 85 2e 00 00 00 4d 33 ca 4d 33 ca
0x00007f76f0e522fa:   4d 8b 09 4c 8b da 49 c1 eb 02 4b 8b 04 19 49 bb
0x00007f76f0e5230a:   e4 a1 52 fa 76 7f 00 00 4c 33 d8 4c 33 d8 45 3b 

Register to memory mapping:

RAX=0x00007f76fa4ffec0: <offset 0xd7dec0> in /usr/lib/jvm/java-7-openjdk-amd64/jre/lib/amd64/server/libjvm.so at 0x00007f76f9782000
RBX=0x00007f76f42b61d8 is an unknown value
RCX=0x00007f76fa976320: <offset 0x219320> in /lib/x86_64-linux-gnu/libpthread.so.0 at 0x00007f76fa75d000
RDX=0x0000000000000042 is an unknown value
RSP=0x00007f769faf47f8 is pointing into the stack for thread: 0x00007f76f42b6000
RBP=0x00007f769faf4820 is pointing into the stack for thread: 0x00007f76f42b6000
RSI=0x0000000000000000 is an unknown value
RDI=0x00007f76f42b61d8 is an unknown value
R8 =0x0000000000000003 is an unknown value
R9 =0x0000000000000000 is an unknown value
R10=0x0000000000000016 is an unknown value
R11=0x00007f76f9fae830: <offset 0x82c830> in /usr/lib/jvm/java-7-openjdk-amd64/jre/lib/amd64/server/libjvm.so at 0x00007f76f9782000
R12=0x00007f768800c810 is an unknown value
R13=0x0000000000000000 is an unknown value
R14=0x00007f76c6f864a0: <offset 0x2544a0> in /usr/lib/jvm/java-7-openjdk-amd64/jre/lib/amd64/xawt/libmawt.so at 0x00007f76c6d32000
R15=0x00007f76f42b6000 is a thread


Stack: [0x00007f769f9f5000,0x00007f769faf6000],  sp=0x00007f769faf47f8,  free space=1021k
Native frames: (J=compiled Java code, j=interpreted, Vv=VM code, C=native code)
v  ~BufferBlob::jni_fast_GetLongField

Java frames: (J=compiled Java code, j=interpreted, Vv=VM code)
j  sun.awt.X11.XlibWrapper.XFilterEvent(JJ)Z+0
j  sun.awt.X11.XToolkit.run(Z)V+300
j  sun.awt.X11.XToolkit.run()V+5
j  java.lang.Thread.run()V+11
v  ~StubRoutines::call_stub

---------------  P R O C E S S  ---------------

Java Threads: ( => current thread )
  0x00007f768802b800 JavaThread "TimerQueue" daemon [_thread_blocked, id=6450, stack(0x00007f769f49e000,0x00007f769f59f000)]
  0x00007f76f400a800 JavaThread "DestroyJavaVM" [_thread_blocked, id=6426, stack(0x00007f76fb252000,0x00007f76fb353000)]
  0x00007f76f431b800 JavaThread "AWT-EventQueue-0" [_thread_blocked, id=6448, stack(0x00007f769f7f3000,0x00007f769f8f4000)]
  0x00007f76f4315800 JavaThread "AWT-Shutdown" [_thread_blocked, id=6447, stack(0x00007f769f8f4000,0x00007f769f9f5000)]
=>0x00007f76f42b6000 JavaThread "AWT-XAWT" daemon [_thread_in_native, id=6446, stack(0x00007f769f9f5000,0x00007f769faf6000)]
  0x00007f76f429a000 JavaThread "Java2D Disposer" daemon [_thread_blocked, id=6445, stack(0x00007f769faf6000,0x00007f769fbf7000)]
  0x00007f76f40b0800 JavaThread "Service Thread" daemon [_thread_blocked, id=6442, stack(0x00007f76ece28000,0x00007f76ecf29000)]
  0x00007f76f40ae000 JavaThread "C2 CompilerThread1" daemon [_thread_blocked, id=6441, stack(0x00007f76ecf29000,0x00007f76ed02a000)]
  0x00007f76f40ab800 JavaThread "C2 CompilerThread0" daemon [_thread_blocked, id=6440, stack(0x00007f76ed02a000,0x00007f76ed12b000)]
  0x00007f76f40a9000 JavaThread "Signal Dispatcher" daemon [_thread_blocked, id=6439, stack(0x00007f76ed12b000,0x00007f76ed22c000)]
  0x00007f76f4085000 JavaThread "Finalizer" daemon [_thread_blocked, id=6437, stack(0x00007f76ed90f000,0x00007f76eda10000)]
  0x00007f76f4083000 JavaThread "Reference Handler" daemon [_thread_blocked, id=6436, stack(0x00007f76eda10000,0x00007f76edb11000)]

Other Threads:
  0x00007f76f407e800 VMThread [stack: 0x00007f76edb11000,0x00007f76edc12000] [id=6435]
  0x00007f76f40c3800 WatcherThread [stack: 0x00007f76ecd27000,0x00007f76ece28000] [id=6443]

VM state:not at safepoint (normal execution)

VM Mutex/Monitor currently owned by a thread: None

Heap
 PSYoungGen      total 37376K, used 15490K [0x00000007d6d00000, 0x00000007d9680000, 0x0000000800000000)
  eden space 32256K, 48% used [0x00000007d6d00000,0x00000007d7c20b08,0x00000007d8c80000)
  from space 5120K, 0% used [0x00000007d9180000,0x00000007d9180000,0x00000007d9680000)
  to   space 5120K, 0% used [0x00000007d8c80000,0x00000007d8c80000,0x00000007d9180000)
 ParOldGen       total 83968K, used 0K [0x0000000784800000, 0x0000000789a00000, 0x00000007d6d00000)
  object space 83968K, 0% used [0x0000000784800000,0x0000000784800000,0x0000000789a00000)
 PSPermGen       total 21504K, used 14438K [0x000000077a200000, 0x000000077b700000, 0x0000000784800000)
  object space 21504K, 67% used [0x000000077a200000,0x000000077b0199f8,0x000000077b700000)

Card table byte_map: [0x00007f76f09c7000,0x00007f76f0df7000] byte_map_base: 0x00007f76ecdf6000

Polling page: 0x00007f76fb372000

Code Cache  [0x00007f76f0df7000, 0x00007f76f1067000, 0x00007f76f3df7000)
 total_blobs=660 nmethods=164 adapters=449 free_code_cache=48347Kb largest_free_block=49479040

Compilation events (10 events):
Event: 124,962 Thread 0x00007f76f40ae000  162             sun.awt.X11.Native::getLong (25 bytes)
Event: 124,963 Thread 0x00007f76f40ae000 nmethod 162 0x00007f76f0eb4d50 code [0x00007f76f0eb4ea0, 0x00007f76f0eb4f38]
Event: 559,722 Thread 0x00007f76f40ab800  163             java.lang.Long::valueOf (40 bytes)
Event: 559,723 Thread 0x00007f76f40ab800 nmethod 163 0x00007f76f0e87110 code [0x00007f76f0e87260, 0x00007f76f0e87358]
Event: 666,093 Thread 0x00007f76f40ae000  164             java.util.TreeMap::getEntry (84 bytes)
Event: 666,095 Thread 0x00007f76f40ae000 nmethod 164 0x00007f76f0e86cd0 code [0x00007f76f0e86e20, 0x00007f76f0e86f98]
Event: 1065,594 Thread 0x00007f76f40ab800  165   !         sun.awt.X11.XToolkit::callTimeoutTasks (220 bytes)
Event: 1065,597 Thread 0x00007f76f40ab800 nmethod 165 0x00007f76f0e86510 code [0x00007f76f0e866a0, 0x00007f76f0e86918]
Event: 1197,465 Thread 0x00007f76f40ae000  166             sun.awt.X11.XAnyEvent::get_window (20 bytes)
Event: 1197,467 Thread 0x00007f76f40ae000 nmethod 166 0x00007f76f0ebef50 code [0x00007f76f0ebf0e0, 0x00007f76f0ebf318]

GC Heap History (0 events):
No events

Deoptimization events (7 events):
Event: 0,323 Thread 0x00007f76f400a800 Uncommon trap: reason=class_check action=maybe_recompile pc=0x00007f76f0e82bc4 method=java.util.Properties$LineReader.readLine()I @ 62
Event: 0,324 Thread 0x00007f76f400a800 Uncommon trap: reason=class_check action=maybe_recompile pc=0x00007f76f0e82bc4 method=java.util.Properties$LineReader.readLine()I @ 62
Event: 0,324 Thread 0x00007f76f400a800 Uncommon trap: reason=class_check action=maybe_recompile pc=0x00007f76f0e82bc4 method=java.util.Properties$LineReader.readLine()I @ 62
Event: 0,324 Thread 0x00007f76f400a800 Uncommon trap: reason=class_check action=maybe_recompile pc=0x00007f76f0e82bc4 method=java.util.Properties$LineReader.readLine()I @ 62
Event: 26,488 Thread 0x00007f76f42b6000 Uncommon trap: reason=unreached action=reinterpret pc=0x00007f76f0eb1b08 method=java.util.TreeMap.getEntry(Ljava/lang/Object;)Ljava/util/TreeMap$Entry; @ 36
Event: 31,504 Thread 0x00007f76f431b800 Uncommon trap: reason=unreached action=reinterpret pc=0x00007f76f0ec22e8 method=javax.swing.RepaintManager.addDirtyRegion0(Ljava/awt/Container;IIII)V @ 69
Event: 1446,538 Thread 0x00007f76f42b6000 Uncommon trap: reason=unreached action=reinterpret pc=0x00007f76f0e9a058 method=java.lang.Class.getName()Ljava/lang/String; @ 6

Internal exceptions (10 events):
Event: 1,532 Thread 0x00007f76f431b800 Threw 0x00000007d744a1f0 at /build/buildd/openjdk-7-7u55-2.4.7/build/openjdk/hotspot/src/share/vm/prims/jvm.cpp:1244
Event: 1,533 Thread 0x00007f76f431b800 Threw 0x00000007d7452778 at /build/buildd/openjdk-7-7u55-2.4.7/build/openjdk/hotspot/src/share/vm/prims/jvm.cpp:1244
Event: 1,533 Thread 0x00007f76f431b800 Threw 0x00000007d7455510 at /build/buildd/openjdk-7-7u55-2.4.7/build/openjdk/hotspot/src/share/vm/prims/jvm.cpp:1244
Event: 1,533 Thread 0x00007f76f431b800 Threw 0x00000007d7459020 at /build/buildd/openjdk-7-7u55-2.4.7/build/openjdk/hotspot/src/share/vm/prims/jvm.cpp:1244
Event: 1,534 Thread 0x00007f76f431b800 Threw 0x00000007d745bad0 at /build/buildd/openjdk-7-7u55-2.4.7/build/openjdk/hotspot/src/share/vm/prims/jvm.cpp:1244
Event: 1,534 Thread 0x00007f76f431b800 Threw 0x00000007d745e7b8 at /build/buildd/openjdk-7-7u55-2.4.7/build/openjdk/hotspot/src/share/vm/prims/jvm.cpp:1244
Event: 1,534 Thread 0x00007f76f431b800 Threw 0x00000007d7461308 at /build/buildd/openjdk-7-7u55-2.4.7/build/openjdk/hotspot/src/share/vm/prims/jvm.cpp:1244
Event: 1,534 Thread 0x00007f76f431b800 Threw 0x00000007d74640d0 at /build/buildd/openjdk-7-7u55-2.4.7/build/openjdk/hotspot/src/share/vm/prims/jvm.cpp:1244
Event: 1,630 Thread 0x00007f76f431b800 Threw 0x00000007d748d850 at /build/buildd/openjdk-7-7u55-2.4.7/build/openjdk/hotspot/src/share/vm/prims/jni.cpp:743
Event: 2,456 Thread 0x00007f76f431b800 Threw 0x00000007d74cf558 at /build/buildd/openjdk-7-7u55-2.4.7/build/openjdk/hotspot/src/share/vm/prims/jvm.cpp:1244

Events (10 events):
Event: 31,505 loading class 0x00007f76b4043ba0 done
Event: 1446,063 loading class 0x00007f76a809da90
Event: 1446,063 loading class 0x00007f76a809da90 done
Event: 1446,515 loading class 0x00007f76f412ec10
Event: 1446,515 loading class 0x00007f76f412ec10 done
Event: 1446,538 Thread 0x00007f76f42b6000 Uncommon trap: trap_request=0xffffffad fr.pc=0x00007f76f0e9a058
Event: 1446,538 Thread 0x00007f76f42b6000 DEOPT PACKING pc=0x00007f76f0e9a058 sp=0x00007f769faf4530
Event: 1446,538 Thread 0x00007f76f42b6000 DEOPT UNPACKING pc=0x00007f76f0e30445 sp=0x00007f769faf44f0 mode 2
Event: 1446,558 loading class 0x00007f76f412e3c0
Event: 1446,558 loading class 0x00007f76f412e3c0 done


Dynamic libraries:
00400000-00401000 r-xp 00000000 08:0c 6038082                            /usr/lib/jvm/java-7-openjdk-amd64/jre/bin/java
00600000-00601000 r--p 00000000 08:0c 6038082                            /usr/lib/jvm/java-7-openjdk-amd64/jre/bin/java
00601000-00602000 rw-p 00001000 08:0c 6038082                            /usr/lib/jvm/java-7-openjdk-amd64/jre/bin/java
01a46000-01a67000 rw-p 00000000 00:00 0                                  [heap]
77a200000-77b700000 rw-p 00000000 00:00 0 
77b700000-784800000 rw-p 00000000 00:00 0 
784800000-789a00000 rw-p 00000000 00:00 0 
789a00000-7d6d00000 rw-p 00000000 00:00 0 
7d6d00000-7d9680000 rw-p 00000000 00:00 0 
7d9680000-800000000 rw-p 00000000 00:00 0 
7f7688000000-7f7688049000 rw-p 00000000 00:00 0 
7f7688049000-7f768c000000 ---p 00000000 00:00 0 
7f768c000000-7f768c021000 rw-p 00000000 00:00 0 
7f768c021000-7f7690000000 ---p 00000000 00:00 0 
7f7690000000-7f7690021000 rw-p 00000000 00:00 0 
7f7690021000-7f7694000000 ---p 00000000 00:00 0 
7f7694000000-7f7694021000 rw-p 00000000 00:00 0 
7f7694021000-7f7698000000 ---p 00000000 00:00 0 
7f7698000000-7f7698021000 rw-p 00000000 00:00 0 
7f7698021000-7f769c000000 ---p 00000000 00:00 0 
7f769f49e000-7f769f4a1000 ---p 00000000 00:00 0 
7f769f4a1000-7f769f59f000 rw-p 00000000 00:00 0                          [stack:6450]
7f769f59f000-7f769f5f0000 r-xp 00000000 08:0c 6038157                    /usr/lib/jvm/java-7-openjdk-amd64/jre/lib/amd64/libfontmanager.so
7f769f5f0000-7f769f7ef000 ---p 00051000 08:0c 6038157                    /usr/lib/jvm/java-7-openjdk-amd64/jre/lib/amd64/libfontmanager.so
7f769f7ef000-7f769f7f2000 r--p 00050000 08:0c 6038157                    /usr/lib/jvm/java-7-openjdk-amd64/jre/lib/amd64/libfontmanager.so
7f769f7f2000-7f769f7f3000 rw-p 00053000 08:0c 6038157                    /usr/lib/jvm/java-7-openjdk-amd64/jre/lib/amd64/libfontmanager.so
7f769f7f3000-7f769f7f6000 ---p 00000000 00:00 0 
7f769f7f6000-7f769f8f4000 rw-p 00000000 00:00 0                          [stack:6448]
7f769f8f4000-7f769f8f7000 ---p 00000000 00:00 0 
7f769f8f7000-7f769f9f5000 rw-p 00000000 00:00 0                          [stack:6447]
7f769f9f5000-7f769f9f8000 ---p 00000000 00:00 0 
7f769f9f8000-7f769faf6000 rw-p 00000000 00:00 0                          [stack:6446]
7f769faf6000-7f769faf9000 ---p 00000000 00:00 0 
7f769faf9000-7f769fbf7000 rw-p 00000000 00:00 0                          [stack:6445]
7f769fbf7000-7f769fbfb000 r-xp 00000000 08:0c 6295469                    /lib/x86_64-linux-gnu/libgpg-error.so.0.10.0
7f769fbfb000-7f769fdfa000 ---p 00004000 08:0c 6295469                    /lib/x86_64-linux-gnu/libgpg-error.so.0.10.0
7f769fdfa000-7f769fdfb000 r--p 00003000 08:0c 6295469                    /lib/x86_64-linux-gnu/libgpg-error.so.0.10.0
7f769fdfb000-7f769fdfc000 rw-p 00004000 08:0c 6295469                    /lib/x86_64-linux-gnu/libgpg-error.so.0.10.0
7f769fdfc000-7f769fdfe000 r-xp 00000000 08:0c 6295479                    /lib/x86_64-linux-gnu/libkeyutils.so.1.4
7f769fdfe000-7f769fffe000 ---p 00002000 08:0c 6295479                    /lib/x86_64-linux-gnu/libkeyutils.so.1.4
7f769fffe000-7f769ffff000 r--p 00002000 08:0c 6295479                    /lib/x86_64-linux-gnu/libkeyutils.so.1.4
7f769ffff000-7f76a0000000 rw-p 00003000 08:0c 6295479                    /lib/x86_64-linux-gnu/libkeyutils.so.1.4
7f76a0000000-7f76a0021000 rw-p 00000000 00:00 0 
7f76a0021000-7f76a4000000 ---p 00000000 00:00 0 
7f76a406c000-7f76a4086000 r-xp 00000000 08:0c 5906754                    /usr/lib/x86_64-linux-gnu/libgraphite2.so.3.0.1
7f76a4086000-7f76a4285000 ---p 0001a000 08:0c 5906754                    /usr/lib/x86_64-linux-gnu/libgraphite2.so.3.0.1
7f76a4285000-7f76a4287000 r--p 00019000 08:0c 5906754                    /usr/lib/x86_64-linux-gnu/libgraphite2.so.3.0.1
7f76a4287000-7f76a4288000 rw-p 0001b000 08:0c 5906754                    /usr/lib/x86_64-linux-gnu/libgraphite2.so.3.0.1
7f76a4288000-7f76a42cc000 r-xp 00000000 08:0c 6295450                    /lib/x86_64-linux-gnu/libdbus-1.so.3.7.6
7f76a42cc000-7f76a44cb000 ---p 00044000 08:0c 6295450                    /lib/x86_64-linux-gnu/libdbus-1.so.3.7.6
7f76a44cb000-7f76a44cc000 r--p 00043000 08:0c 6295450                    /lib/x86_64-linux-gnu/libdbus-1.so.3.7.6
7f76a44cc000-7f76a44cd000 rw-p 00044000 08:0c 6295450                    /lib/x86_64-linux-gnu/libdbus-1.so.3.7.6
7f76a44cd000-7f76a4508000 r-xp 00000000 08:0c 5907052                    /usr/lib/x86_64-linux-gnu/libp11-kit.so.0.0.0
7f76a4508000-7f76a4707000 ---p 0003b000 08:0c 5907052                    /usr/lib/x86_64-linux-gnu/libp11-kit.so.0.0.0
7f76a4707000-7f76a470d000 r--p 0003a000 08:0c 5907052                    /usr/lib/x86_64-linux-gnu/libp11-kit.so.0.0.0
7f76a470d000-7f76a470f000 rw-p 00040000 08:0c 5907052                    /usr/lib/x86_64-linux-gnu/libp11-kit.so.0.0.0
7f76a470f000-7f76a4721000 r-xp 00000000 08:0c 5907237                    /usr/lib/x86_64-linux-gnu/libtasn1.so.6.2.0
7f76a4721000-7f76a4921000 ---p 00012000 08:0c 5907237                    /usr/lib/x86_64-linux-gnu/libtasn1.so.6.2.0
7f76a4921000-7f76a4922000 r--p 00012000 08:0c 5907237                    /usr/lib/x86_64-linux-gnu/libtasn1.so.6.2.0
7f76a4922000-7f76a4923000 rw-p 00013000 08:0c 5907237                    /usr/lib/x86_64-linux-gnu/libtasn1.so.6.2.0
7f76a4923000-7f76a499e000 r-xp 00000000 08:0c 6295465                    /lib/x86_64-linux-gnu/libgcrypt.so.11.8.2
7f76a499e000-7f76a4b9e000 ---p 0007b000 08:0c 6295465                    /lib/x86_64-linux-gnu/libgcrypt.so.11.8.2
7f76a4b9e000-7f76a4b9f000 r--p 0007b000 08:0c 6295465                    /lib/x86_64-linux-gnu/libgcrypt.so.11.8.2
7f76a4b9f000-7f76a4ba2000 rw-p 0007c000 08:0c 6295465                    /lib/x86_64-linux-gnu/libgcrypt.so.11.8.2
7f76a4ba2000-7f76a4bac000 r-xp 00000000 08:0c 5906935                    /usr/lib/x86_64-linux-gnu/libkrb5support.so.0.1
7f76a4bac000-7f76a4dab000 ---p 0000a000 08:0c 5906935                    /usr/lib/x86_64-linux-gnu/libkrb5support.so.0.1
7f76a4dab000-7f76a4dac000 r--p 00009000 08:0c 5906935                    /usr/lib/x86_64-linux-gnu/libkrb5support.so.0.1
7f76a4dac000-7f76a4dad000 rw-p 0000a000 08:0c 5906935                    /usr/lib/x86_64-linux-gnu/libkrb5support.so.0.1
7f76a4dad000-7f76a4db0000 r-xp 00000000 08:0c 6295445                    /lib/x86_64-linux-gnu/libcom_err.so.2.1
7f76a4db0000-7f76a4faf000 ---p 00003000 08:0c 6295445                    /lib/x86_64-linux-gnu/libcom_err.so.2.1
7f76a4faf000-7f76a4fb0000 r--p 00002000 08:0c 6295445                    /lib/x86_64-linux-gnu/libcom_err.so.2.1
7f76a4fb0000-7f76a4fb1000 rw-p 00003000 08:0c 6295445                    /lib/x86_64-linux-gnu/libcom_err.so.2.1
7f76a4fb1000-7f76a4fdd000 r-xp 00000000 08:0c 5906929                    /usr/lib/x86_64-linux-gnu/libk5crypto.so.3.1
7f76a4fdd000-7f76a51dc000 ---p 0002c000 08:0c 5906929                    /usr/lib/x86_64-linux-gnu/libk5crypto.so.3.1
7f76a51dc000-7f76a51de000 r--p 0002b000 08:0c 5906929                    /usr/lib/x86_64-linux-gnu/libk5crypto.so.3.1
7f76a51de000-7f76a51df000 rw-p 0002d000 08:0c 5906929                    /usr/lib/x86_64-linux-gnu/libk5crypto.so.3.1
7f76a51df000-7f76a51e0000 rw-p 00000000 00:00 0 
7f76a51e0000-7f76a529c000 r-xp 00000000 08:0c 5906933                    /usr/lib/x86_64-linux-gnu/libkrb5.so.3.3
7f76a529c000-7f76a549c000 ---p 000bc000 08:0c 5906933                    /usr/lib/x86_64-linux-gnu/libkrb5.so.3.3
7f76a549c000-7f76a54a9000 r--p 000bc000 08:0c 5906933                    /usr/lib/x86_64-linux-gnu/libkrb5.so.3.3
7f76a54a9000-7f76a54ab000 rw-p 000c9000 08:0c 5906933                    /usr/lib/x86_64-linux-gnu/libkrb5.so.3.3
7f76a54ab000-7f76a54b1000 r-xp 00000000 08:0c 5906528                    /usr/lib/x86_64-linux-gnu/libdatrie.so.1.3.1
7f76a54b1000-7f76a56b0000 ---p 00006000 08:0c 5906528                    /usr/lib/x86_64-linux-gnu/libdatrie.so.1.3.1
7f76a56b0000-7f76a56b1000 r--p 00005000 08:0c 5906528                    /usr/lib/x86_64-linux-gnu/libdatrie.so.1.3.1
7f76a56b1000-7f76a56b2000 rw-p 00006000 08:0c 5906528                    /usr/lib/x86_64-linux-gnu/libdatrie.so.1.3.1
7f76a56b2000-7f76a5705000 r-xp 00000000 08:0c 5906867                    /usr/lib/x86_64-linux-gnu/libharfbuzz.so.0.927.0
7f76a5705000-7f76a5905000 ---p 00053000 08:0c 5906867                    /usr/lib/x86_64-linux-gnu/libharfbuzz.so.0.927.0
7f76a5905000-7f76a5906000 r--p 00053000 08:0c 5906867                    /usr/lib/x86_64-linux-gnu/libharfbuzz.so.0.927.0
7f76a5906000-7f76a5907000 rw-p 00054000 08:0c 5906867                    /usr/lib/x86_64-linux-gnu/libharfbuzz.so.0.927.0
7f76a5907000-7f76a590f000 r-xp 00000000 08:0c 5907379                    /usr/lib/x86_64-linux-gnu/libxcb-render.so.0.0.0
7f76a590f000-7f76a5b0e000 ---p 00008000 08:0c 5907379                    /usr/lib/x86_64-linux-gnu/libxcb-render.so.0.0.0
7f76a5b0e000-7f76a5b0f000 r--p 00007000 08:0c 5907379                    /usr/lib/x86_64-linux-gnu/libxcb-render.so.0.0.0
7f76a5b0f000-7f76a5b10000 rw-p 00008000 08:0c 5907379                    /usr/lib/x86_64-linux-gnu/libxcb-render.so.0.0.0
7f76a5b10000-7f76a5b12000 r-xp 00000000 08:0c 5907383                    /usr/lib/x86_64-linux-gnu/libxcb-shm.so.0.0.0
7f76a5b12000-7f76a5d11000 ---p 00002000 08:0c 5907383                    /usr/lib/x86_64-linux-gnu/libxcb-shm.so.0.0.0
7f76a5d11000-7f76a5d12000 r--p 00001000 08:0c 5907383                    /usr/lib/x86_64-linux-gnu/libxcb-shm.so.0.0.0
7f76a5d12000-7f76a5d13000 rw-p 00002000 08:0c 5907383                    /usr/lib/x86_64-linux-gnu/libxcb-shm.so.0.0.0
7f76a5d13000-7f76a5d38000 r-xp 00000000 08:0c 6295551                    /lib/x86_64-linux-gnu/libpng12.so.0.50.0
7f76a5d38000-7f76a5f37000 ---p 00025000 08:0c 6295551                    /lib/x86_64-linux-gnu/libpng12.so.0.50.0
7f76a5f37000-7f76a5f38000 r--p 00024000 08:0c 6295551                    /lib/x86_64-linux-gnu/libpng12.so.0.50.0
7f76a5f38000-7f76a5f39000 rw-p 00025000 08:0c 6295551                    /lib/x86_64-linux-gnu/libpng12.so.0.50.0
7f76a5f39000-7f76a5fda000 r-xp 00000000 08:0c 5907083                    /usr/lib/x86_64-linux-gnu/libpixman-1.so.0.30.2
7f76a5fda000-7f76a61da000 ---p 000a1000 08:0c 5907083                    /usr/lib/x86_64-linux-gnu/libpixman-1.so.0.30.2
7f76a61da000-7f76a61e1000 r--p 000a1000 08:0c 5907083                    /usr/lib/x86_64-linux-gnu/libpixman-1.so.0.30.2
7f76a61e1000-7f76a61e2000 rw-p 000a8000 08:0c 5907083                    /usr/lib/x86_64-linux-gnu/libpixman-1.so.0.30.2
7f76a61e2000-7f76a61e7000 r-xp 00000000 08:0c 5906336                    /usr/lib/x86_64-linux-gnu/libXdmcp.so.6.0.0
7f76a61e7000-7f76a63e6000 ---p 00005000 08:0c 5906336                    /usr/lib/x86_64-linux-gnu/libXdmcp.so.6.0.0
7f76a63e6000-7f76a63e7000 r--p 00004000 08:0c 5906336                    /usr/lib/x86_64-linux-gnu/libXdmcp.so.6.0.0
7f76a63e7000-7f76a63e8000 rw-p 00005000 08:0c 5906336                    /usr/lib/x86_64-linux-gnu/libXdmcp.so.6.0.0
7f76a63e8000-7f76a63ea000 r-xp 00000000 08:0c 5906325                    /usr/lib/x86_64-linux-gnu/libXau.so.6.0.0
7f76a63ea000-7f76a65ea000 ---p 00002000 08:0c 5906325                    /usr/lib/x86_64-linux-gnu/libXau.so.6.0.0
7f76a65ea000-7f76a65eb000 r--p 00002000 08:0c 5906325                    /usr/lib/x86_64-linux-gnu/libXau.so.6.0.0
7f76a65eb000-7f76a65ec000 rw-p 00003000 08:0c 5906325                    /usr/lib/x86_64-linux-gnu/libXau.so.6.0.0
7f76a65ec000-7f76a65fb000 r-xp 00000000 08:0c 5906429                    /usr/lib/x86_64-linux-gnu/libavahi-client.so.3.2.9
7f76a65fb000-7f76a67fb000 ---p 0000f000 08:0c 5906429                    /usr/lib/x86_64-linux-gnu/libavahi-client.so.3.2.9
7f76a67fb000-7f76a67fc000 r--p 0000f000 08:0c 5906429                    /usr/lib/x86_64-linux-gnu/libavahi-client.so.3.2.9
7f76a67fc000-7f76a67fd000 rw-p 00010000 08:0c 5906429                    /usr/lib/x86_64-linux-gnu/libavahi-client.so.3.2.9
7f76a67fd000-7f76a6808000 r-xp 00000000 08:0c 5906431                    /usr/lib/x86_64-linux-gnu/libavahi-common.so.3.5.3
7f76a6808000-7f76a6a07000 ---p 0000b000 08:0c 5906431                    /usr/lib/x86_64-linux-gnu/libavahi-common.so.3.5.3
7f76a6a07000-7f76a6a08000 r--p 0000a000 08:0c 5906431                    /usr/lib/x86_64-linux-gnu/libavahi-common.so.3.5.3
7f76a6a08000-7f76a6a09000 rw-p 0000b000 08:0c 5906431                    /usr/lib/x86_64-linux-gnu/libavahi-common.so.3.5.3
7f76a6a09000-7f76a6abf000 r-xp 00000000 08:0c 5906732                    /usr/lib/x86_64-linux-gnu/libgnutls.so.26.22.6
7f76a6abf000-7f76a6cbf000 ---p 000b6000 08:0c 5906732                    /usr/lib/x86_64-linux-gnu/libgnutls.so.26.22.6
7f76a6cbf000-7f76a6cc5000 r--p 000b6000 08:0c 5906732                    /usr/lib/x86_64-linux-gnu/libgnutls.so.26.22.6
7f76a6cc5000-7f76a6cc6000 rw-p 000bc000 08:0c 5906732                    /usr/lib/x86_64-linux-gnu/libgnutls.so.26.22.6
7f76a6cc6000-7f76a6cc7000 rw-p 00000000 00:00 0 
7f76a6cc7000-7f76a6d0a000 r-xp 00000000 08:0c 5906763                    /usr/lib/x86_64-linux-gnu/libgssapi_krb5.so.2.2
7f76a6d0a000-7f76a6f0a000 ---p 00043000 08:0c 5906763                    /usr/lib/x86_64-linux-gnu/libgssapi_krb5.so.2.2
7f76a6f0a000-7f76a6f0b000 r--p 00043000 08:0c 5906763                    /usr/lib/x86_64-linux-gnu/libgssapi_krb5.so.2.2
7f76a6f0b000-7f76a6f0d000 rw-p 00044000 08:0c 5906763                    /usr/lib/x86_64-linux-gnu/libgssapi_krb5.so.2.2
7f76a6f0d000-7f76a6f34000 r-xp 00000000 08:0c 6295458                    /lib/x86_64-linux-gnu/libexpat.so.1.6.0
7f76a6f34000-7f76a7134000 ---p 00027000 08:0c 6295458                    /lib/x86_64-linux-gnu/libexpat.so.1.6.0
7f76a7134000-7f76a7136000 r--p 00027000 08:0c 6295458                    /lib/x86_64-linux-gnu/libexpat.so.1.6.0
7f76a7136000-7f76a7137000 rw-p 00029000 08:0c 6295458                    /lib/x86_64-linux-gnu/libexpat.so.1.6.0
7f76a7137000-7f76a71d4000 r-xp 00000000 08:0c 5899445                    /usr/lib/x86_64-linux-gnu/libfreetype.so.6.11.1
7f76a71d4000-7f76a73d3000 ---p 0009d000 08:0c 5899445                    /usr/lib/x86_64-linux-gnu/libfreetype.so.6.11.1
7f76a73d3000-7f76a73d9000 r--p 0009c000 08:0c 5899445                    /usr/lib/x86_64-linux-gnu/libfreetype.so.6.11.1
7f76a73d9000-7f76a73da000 rw-p 000a2000 08:0c 5899445                    /usr/lib/x86_64-linux-gnu/libfreetype.so.6.11.1
7f76a73da000-7f76a73e2000 r-xp 00000000 08:0c 5907253                    /usr/lib/x86_64-linux-gnu/libthai.so.0.2.0
7f76a73e2000-7f76a75e1000 ---p 00008000 08:0c 5907253                    /usr/lib/x86_64-linux-gnu/libthai.so.0.2.0
7f76a75e1000-7f76a75e2000 r--p 00007000 08:0c 5907253                    /usr/lib/x86_64-linux-gnu/libthai.so.0.2.0
7f76a75e2000-7f76a75e3000 rw-p 00008000 08:0c 5907253                    /usr/lib/x86_64-linux-gnu/libthai.so.0.2.0
7f76a75e3000-7f76a75e5000 r-xp 00000000 08:0c 5906334                    /usr/lib/x86_64-linux-gnu/libXdamage.so.1.1.0
7f76a75e5000-7f76a77e4000 ---p 00002000 08:0c 5906334                    /usr/lib/x86_64-linux-gnu/libXdamage.so.1.1.0
7f76a77e4000-7f76a77e5000 r--p 00001000 08:0c 5906334                    /usr/lib/x86_64-linux-gnu/libXdamage.so.1.1.0
7f76a77e5000-7f76a77e6000 rw-p 00002000 08:0c 5906334                    /usr/lib/x86_64-linux-gnu/libXdamage.so.1.1.0
7f76a77e6000-7f76a77e8000 r-xp 00000000 08:0c 5906330                    /usr/lib/x86_64-linux-gnu/libXcomposite.so.1.0.0
7f76a77e8000-7f76a79e7000 ---p 00002000 08:0c 5906330                    /usr/lib/x86_64-linux-gnu/libXcomposite.so.1.0.0
7f76a79e7000-7f76a79e8000 r--p 00001000 08:0c 5906330                    /usr/lib/x86_64-linux-gnu/libXcomposite.so.1.0.0
7f76a79e8000-7f76a79e9000 rw-p 00002000 08:0c 5906330                    /usr/lib/x86_64-linux-gnu/libXcomposite.so.1.0.0
7f76a79e9000-7f76a79f2000 r-xp 00000000 08:0c 5906332                    /usr/lib/x86_64-linux-gnu/libXcursor.so.1.0.2
7f76a79f2000-7f76a7bf1000 ---p 00009000 08:0c 5906332                    /usr/lib/x86_64-linux-gnu/libXcursor.so.1.0.2
7f76a7bf1000-7f76a7bf2000 r--p 00008000 08:0c 5906332                    /usr/lib/x86_64-linux-gnu/libXcursor.so.1.0.2
7f76a7bf2000-7f76a7bf3000 rw-p 00009000 08:0c 5906332                    /usr/lib/x86_64-linux-gnu/libXcursor.so.1.0.2
7f76a7bf3000-7f76a7bfc000 r-xp 00000000 08:0c 5906358                    /usr/lib/x86_64-linux-gnu/libXrandr.so.2.2.0
7f76a7bfc000-7f76a7dfb000 ---p 00009000 08:0c 5906358                    /usr/lib/x86_64-linux-gnu/libXrandr.so.2.2.0
7f76a7dfb000-7f76a7dfc000 r--p 00008000 08:0c 5906358                    /usr/lib/x86_64-linux-gnu/libXrandr.so.2.2.0
7f76a7dfc000-7f76a7dfd000 rw-p 00009000 08:0c 5906358                    /usr/lib/x86_64-linux-gnu/libXrandr.so.2.2.0
7f76a7dfd000-7f76a7dff000 r-xp 00000000 08:0c 5906348                    /usr/lib/x86_64-linux-gnu/libXinerama.so.1.0.0
7f76a7dff000-7f76a7ffe000 ---p 00002000 08:0c 5906348                    /usr/lib/x86_64-linux-gnu/libXinerama.so.1.0.0
7f76a7ffe000-7f76a7fff000 r--p 00001000 08:0c 5906348                    /usr/lib/x86_64-linux-gnu/libXinerama.so.1.0.0
7f76a7fff000-7f76a8000000 rw-p 00002000 08:0c 5906348                    /usr/lib/x86_64-linux-gnu/libXinerama.so.1.0.0
7f76a8000000-7f76a86c8000 rw-p 00000000 00:00 0 
7f76a86c8000-7f76ac000000 ---p 00000000 00:00 0 
7f76ac000000-7f76ac021000 rw-p 00000000 00:00 0 
7f76ac021000-7f76b0000000 ---p 00000000 00:00 0 
7f76b0000000-7f76b0021000 rw-p 00000000 00:00 0 
7f76b0021000-7f76b4000000 ---p 00000000 00:00 0 
7f76b4000000-7f76b44d2000 rw-p 00000000 00:00 0 
7f76b44d2000-7f76b8000000 ---p 00000000 00:00 0 
7f76b8000000-7f76b8021000 rw-p 00000000 00:00 0 
7f76b8021000-7f76bc000000 ---p 00000000 00:00 0 
7f76bc000000-7f76bc021000 rw-p 00000000 00:00 0 
7f76bc021000-7f76c0000000 ---p 00000000 00:00 0 
7f76c0000000-7f76c0021000 rw-p 00000000 00:00 0 
7f76c0021000-7f76c4000000 ---p 00000000 00:00 0 
7f76c402e000-7f76c4042000 r-xp 00000000 08:0c 5907064                    /usr/lib/x86_64-linux-gnu/libpangoft2-1.0.so.0.3600.3
7f76c4042000-7f76c4241000 ---p 00014000 08:0c 5907064                    /usr/lib/x86_64-linux-gnu/libpangoft2-1.0.so.0.3600.3
7f76c4241000-7f76c4242000 r--p 00013000 08:0c 5907064                    /usr/lib/x86_64-linux-gnu/libpangoft2-1.0.so.0.3600.3
7f76c4242000-7f76c4243000 rw-p 00014000 08:0c 5907064                    /usr/lib/x86_64-linux-gnu/libpangoft2-1.0.so.0.3600.3
7f76c4243000-7f76c4349000 r-xp 00000000 08:0c 5906456                    /usr/lib/x86_64-linux-gnu/libcairo.so.2.11301.0
7f76c4349000-7f76c4548000 ---p 00106000 08:0c 5906456                    /usr/lib/x86_64-linux-gnu/libcairo.so.2.11301.0
7f76c4548000-7f76c454b000 r--p 00105000 08:0c 5906456                    /usr/lib/x86_64-linux-gnu/libcairo.so.2.11301.0
7f76c454b000-7f76c454c000 rw-p 00108000 08:0c 5906456                    /usr/lib/x86_64-linux-gnu/libcairo.so.2.11301.0
7f76c454c000-7f76c454e000 rw-p 00000000 00:00 0 
7f76c454e000-7f76c456d000 r-xp 00000000 08:0c 5906417                    /usr/lib/x86_64-linux-gnu/libatk-1.0.so.0.21009.1
7f76c456d000-7f76c476d000 ---p 0001f000 08:0c 5906417                    /usr/lib/x86_64-linux-gnu/libatk-1.0.so.0.21009.1
7f76c476d000-7f76c476f000 r--p 0001f000 08:0c 5906417                    /usr/lib/x86_64-linux-gnu/libatk-1.0.so.0.21009.1
7f76c476f000-7f76c4770000 rw-p 00021000 08:0c 5906417                    /usr/lib/x86_64-linux-gnu/libatk-1.0.so.0.21009.1
7f76c4770000-7f76c4775000 r-xp 00000000 08:0c 5906340                    /usr/lib/x86_64-linux-gnu/libXfixes.so.3.1.0
7f76c4775000-7f76c4974000 ---p 00005000 08:0c 5906340                    /usr/lib/x86_64-linux-gnu/libXfixes.so.3.1.0
7f76c4974000-7f76c4975000 r--p 00004000 08:0c 5906340                    /usr/lib/x86_64-linux-gnu/libXfixes.so.3.1.0
7f76c4975000-7f76c4976000 rw-p 00005000 08:0c 5906340                    /usr/lib/x86_64-linux-gnu/libXfixes.so.3.1.0
7f76c4976000-7f76c4981000 r-xp 00000000 08:0c 5907062                    /usr/lib/x86_64-linux-gnu/libpangocairo-1.0.so.0.3600.3
7f76c4981000-7f76c4b81000 ---p 0000b000 08:0c 5907062                    /usr/lib/x86_64-linux-gnu/libpangocairo-1.0.so.0.3600.3
7f76c4b81000-7f76c4b82000 r--p 0000b000 08:0c 5907062                    /usr/lib/x86_64-linux-gnu/libpangocairo-1.0.so.0.3600.3
7f76c4b82000-7f76c4b83000 rw-p 0000c000 08:0c 5907062                    /usr/lib/x86_64-linux-gnu/libpangocairo-1.0.so.0.3600.3
7f76c4b83000-7f76c4ba0000 r-xp 00000000 08:0c 5907393                    /usr/lib/x86_64-linux-gnu/libxcb.so.1.1.0
7f76c4ba0000-7f76c4da0000 ---p 0001d000 08:0c 5907393                    /usr/lib/x86_64-linux-gnu/libxcb.so.1.1.0
7f76c4da0000-7f76c4da1000 r--p 0001d000 08:0c 5907393                    /usr/lib/x86_64-linux-gnu/libxcb.so.1.1.0
7f76c4da1000-7f76c4da2000 rw-p 0001e000 08:0c 5907393                    /usr/lib/x86_64-linux-gnu/libxcb.so.1.1.0
7f76c4da2000-7f76c4e0e000 r-xp 00000000 08:0c 5906514                    /usr/lib/x86_64-linux-gnu/libcups.so.2
7f76c4e0e000-7f76c500e000 ---p 0006c000 08:0c 5906514                    /usr/lib/x86_64-linux-gnu/libcups.so.2
7f76c500e000-7f76c5015000 r--p 0006c000 08:0c 5906514                    /usr/lib/x86_64-linux-gnu/libcups.so.2
7f76c5015000-7f76c5016000 rw-p 00073000 08:0c 5906514                    /usr/lib/x86_64-linux-gnu/libcups.so.2
7f76c5016000-7f76c5017000 r-xp 00000000 08:0c 5906843                    /usr/lib/x86_64-linux-gnu/libgthread-2.0.so.0.4000.0
7f76c5017000-7f76c5216000 ---p 00001000 08:0c 5906843                    /usr/lib/x86_64-linux-gnu/libgthread-2.0.so.0.4000.0
7f76c5216000-7f76c5217000 r--p 00000000 08:0c 5906843                    /usr/lib/x86_64-linux-gnu/libgthread-2.0.so.0.4000.0
7f76c5217000-7f76c5218000 rw-p 00001000 08:0c 5906843                    /usr/lib/x86_64-linux-gnu/libgthread-2.0.so.0.4000.0
7f76c5218000-7f76c5252000 r-xp 00000000 08:0c 5906617                    /usr/lib/x86_64-linux-gnu/libfontconfig.so.1.8.0
7f76c5252000-7f76c5451000 ---p 0003a000 08:0c 5906617                    /usr/lib/x86_64-linux-gnu/libfontconfig.so.1.8.0
7f76c5451000-7f76c5453000 r--p 00039000 08:0c 5906617                    /usr/lib/x86_64-linux-gnu/libfontconfig.so.1.8.0
7f76c5453000-7f76c5454000 rw-p 0003b000 08:0c 5906617                    /usr/lib/x86_64-linux-gnu/libfontconfig.so.1.8.0
7f76c5454000-7f76c549e000 r-xp 00000000 08:0c 5907060                    /usr/lib/x86_64-linux-gnu/libpango-1.0.so.0.3600.3
7f76c549e000-7f76c569e000 ---p 0004a000 08:0c 5907060                    /usr/lib/x86_64-linux-gnu/libpango-1.0.so.0.3600.3
7f76c569e000-7f76c56a0000 r--p 0004a000 08:0c 5907060                    /usr/lib/x86_64-linux-gnu/libpango-1.0.so.0.3600.3
7f76c56a0000-7f76c56a1000 rw-p 0004c000 08:0c 5907060                    /usr/lib/x86_64-linux-gnu/libpango-1.0.so.0.3600.3
7f76c56a1000-7f76c56c0000 r-xp 00000000 08:0c 5906682                    /usr/lib/x86_64-linux-gnu/libgdk_pixbuf-2.0.so.0.3000.7
7f76c56c0000-7f76c58c0000 ---p 0001f000 08:0c 5906682                    /usr/lib/x86_64-linux-gnu/libgdk_pixbuf-2.0.so.0.3000.7
7f76c58c0000-7f76c58c1000 r--p 0001f000 08:0c 5906682                    /usr/lib/x86_64-linux-gnu/libgdk_pixbuf-2.0.so.0.3000.7
7f76c58c1000-7f76c58c2000 rw-p 00020000 08:0c 5906682                    /usr/lib/x86_64-linux-gnu/libgdk_pixbuf-2.0.so.0.3000.7
7f76c58c2000-7f76c596f000 r-xp 00000000 08:0c 5900288                    /usr/lib/x86_64-linux-gnu/libgdk-x11-2.0.so.0.2400.23
7f76c596f000-7f76c5b6e000 ---p 000ad000 08:0c 5900288                    /usr/lib/x86_64-linux-gnu/libgdk-x11-2.0.so.0.2400.23
7f76c5b6e000-7f76c5b72000 r--p 000ac000 08:0c 5900288                    /usr/lib/x86_64-linux-gnu/libgdk-x11-2.0.so.0.2400.23
7f76c5b72000-7f76c5b74000 rw-p 000b0000 08:0c 5900288                    /usr/lib/x86_64-linux-gnu/libgdk-x11-2.0.so.0.2400.23
7f76c5b74000-7f76c5fa3000 r-xp 00000000 08:0c 5899952                    /usr/lib/x86_64-linux-gnu/libgtk-x11-2.0.so.0.2400.23
7f76c5fa3000-7f76c61a2000 ---p 0042f000 08:0c 5899952                    /usr/lib/x86_64-linux-gnu/libgtk-x11-2.0.so.0.2400.23
7f76c61a2000-7f76c61a9000 r--p 0042e000 08:0c 5899952                    /usr/lib/x86_64-linux-gnu/libgtk-x11-2.0.so.0.2400.23
7f76c61a9000-7f76c61ad000 rw-p 00435000 08:0c 5899952                    /usr/lib/x86_64-linux-gnu/libgtk-x11-2.0.so.0.2400.23
7f76c61ad000-7f76c61b0000 rw-p 00000000 00:00 0 
7f76c61b0000-7f76c61bf000 r-xp 00000000 08:0c 5906346                    /usr/lib/x86_64-linux-gnu/libXi.so.6.1.0
7f76c61bf000-7f76c63be000 ---p 0000f000 08:0c 5906346                    /usr/lib/x86_64-linux-gnu/libXi.so.6.1.0
7f76c63be000-7f76c63bf000 r--p 0000e000 08:0c 5906346                    /usr/lib/x86_64-linux-gnu/libXi.so.6.1.0
7f76c63bf000-7f76c63c0000 rw-p 0000f000 08:0c 5906346                    /usr/lib/x86_64-linux-gnu/libXi.so.6.1.0
7f76c63c0000-7f76c63c5000 r-xp 00000000 08:0c 5906366                    /usr/lib/x86_64-linux-gnu/libXtst.so.6.1.0
7f76c63c5000-7f76c65c4000 ---p 00005000 08:0c 5906366                    /usr/lib/x86_64-linux-gnu/libXtst.so.6.1.0
7f76c65c4000-7f76c65c5000 r--p 00004000 08:0c 5906366                    /usr/lib/x86_64-linux-gnu/libXtst.so.6.1.0
7f76c65c5000-7f76c65c6000 rw-p 00005000 08:0c 5906366                    /usr/lib/x86_64-linux-gnu/libXtst.so.6.1.0
7f76c65c6000-7f76c65cf000 r-xp 00000000 08:0c 5906360                    /usr/lib/x86_64-linux-gnu/libXrender.so.1.3.0
7f76c65cf000-7f76c67ce000 ---p 00009000 08:0c 5906360                    /usr/lib/x86_64-linux-gnu/libXrender.so.1.3.0
7f76c67ce000-7f76c67cf000 r--p 00008000 08:0c 5906360                    /usr/lib/x86_64-linux-gnu/libXrender.so.1.3.0
7f76c67cf000-7f76c67d0000 rw-p 00009000 08:0c 5906360                    /usr/lib/x86_64-linux-gnu/libXrender.so.1.3.0
7f76c67d0000-7f76c6900000 r-xp 00000000 08:0c 5906321                    /usr/lib/x86_64-linux-gnu/libX11.so.6.3.0
7f76c6900000-7f76c6b00000 ---p 00130000 08:0c 5906321                    /usr/lib/x86_64-linux-gnu/libX11.so.6.3.0
7f76c6b00000-7f76c6b01000 r--p 00130000 08:0c 5906321                    /usr/lib/x86_64-linux-gnu/libX11.so.6.3.0
7f76c6b01000-7f76c6b05000 rw-p 00131000 08:0c 5906321                    /usr/lib/x86_64-linux-gnu/libX11.so.6.3.0
7f76c6b05000-7f76c6b16000 r-xp 00000000 08:0c 5906338                    /usr/lib/x86_64-linux-gnu/libXext.so.6.4.0
7f76c6b16000-7f76c6d15000 ---p 00011000 08:0c 5906338                    /usr/lib/x86_64-linux-gnu/libXext.so.6.4.0
7f76c6d15000-7f76c6d16000 r--p 00010000 08:0c 5906338                    /usr/lib/x86_64-linux-gnu/libXext.so.6.4.0
7f76c6d16000-7f76c6d17000 rw-p 00011000 08:0c 5906338                    /usr/lib/x86_64-linux-gnu/libXext.so.6.4.0
7f76c6d32000-7f76c6d83000 r-xp 00000000 08:0c 6038063                    /usr/lib/jvm/java-7-openjdk-amd64/jre/lib/amd64/xawt/libmawt.so
7f76c6d83000-7f76c6f82000 ---p 00051000 08:0c 6038063                    /usr/lib/jvm/java-7-openjdk-amd64/jre/lib/amd64/xawt/libmawt.so
7f76c6f82000-7f76c6f83000 r--p 00050000 08:0c 6038063                    /usr/lib/jvm/java-7-openjdk-amd64/jre/lib/amd64/xawt/libmawt.so
7f76c6f83000-7f76c6f86000 rw-p 00051000 08:0c 6038063                    /usr/lib/jvm/java-7-openjdk-amd64/jre/lib/amd64/xawt/libmawt.so
7f76c6f86000-7f76c6f87000 rw-p 00000000 00:00 0 
7f76c6f87000-7f76c7027000 r-xp 00000000 08:0c 6038150                    /usr/lib/jvm/java-7-openjdk-amd64/jre/lib/amd64/libawt.so
7f76c7027000-7f76c7226000 ---p 000a0000 08:0c 6038150                    /usr/lib/jvm/java-7-openjdk-amd64/jre/lib/amd64/libawt.so
7f76c7226000-7f76c7227000 r--p 0009f000 08:0c 6038150                    /usr/lib/jvm/java-7-openjdk-amd64/jre/lib/amd64/libawt.so
7f76c7227000-7f76c7232000 rw-p 000a0000 08:0c 6038150                    /usr/lib/jvm/java-7-openjdk-amd64/jre/lib/amd64/libawt.so
7f76c7232000-7f76c7288000 rw-p 00000000 00:00 0 
7f76c7288000-7f76c72c5000 r-xp 00000000 08:0c 6295539                    /lib/x86_64-linux-gnu/libpcre.so.3.13.1
7f76c72c5000-7f76c74c4000 ---p 0003d000 08:0c 6295539                    /lib/x86_64-linux-gnu/libpcre.so.3.13.1
7f76c74c4000-7f76c74c5000 r--p 0003c000 08:0c 6295539                    /lib/x86_64-linux-gnu/libpcre.so.3.13.1
7f76c74c5000-7f76c74c6000 rw-p 0003d000 08:0c 6295539                    /lib/x86_64-linux-gnu/libpcre.so.3.13.1
7f76c74c6000-7f76c74cd000 r-xp 00000000 08:0c 5906603                    /usr/lib/x86_64-linux-gnu/libffi.so.6.0.1
7f76c74cd000-7f76c76cc000 ---p 00007000 08:0c 5906603                    /usr/lib/x86_64-linux-gnu/libffi.so.6.0.1
7f76c76cc000-7f76c76cd000 r--p 00006000 08:0c 5906603                    /usr/lib/x86_64-linux-gnu/libffi.so.6.0.1
7f76c76cd000-7f76c76ce000 rw-p 00007000 08:0c 5906603                    /usr/lib/x86_64-linux-gnu/libffi.so.6.0.1
7f76c76ce000-7f76c76e5000 r-xp 00000000 08:0c 6295562                    /lib/x86_64-linux-gnu/libresolv-2.19.so
7f76c76e5000-7f76c78e5000 ---p 00017000 08:0c 6295562                    /lib/x86_64-linux-gnu/libresolv-2.19.so
7f76c78e5000-7f76c78e6000 r--p 00017000 08:0c 6295562                    /lib/x86_64-linux-gnu/libresolv-2.19.so
7f76c78e6000-7f76c78e7000 rw-p 00018000 08:0c 6295562                    /lib/x86_64-linux-gnu/libresolv-2.19.so
7f76c78e7000-7f76c78e9000 rw-p 00000000 00:00 0 
7f76c78e9000-7f76c7909000 r-xp 00000000 08:0c 6292666                    /lib/x86_64-linux-gnu/libselinux.so.1
7f76c7909000-7f76c7b08000 ---p 00020000 08:0c 6292666                    /lib/x86_64-linux-gnu/libselinux.so.1
7f76c7b08000-7f76c7b09000 r--p 0001f000 08:0c 6292666                    /lib/x86_64-linux-gnu/libselinux.so.1
7f76c7b09000-7f76c7b0a000 rw-p 00020000 08:0c 6292666                    /lib/x86_64-linux-gnu/libselinux.so.1
7f76c7b0a000-7f76c7b0c000 rw-p 00000000 00:00 0 
7f76c7b0c000-7f76c7b0f000 r-xp 00000000 08:0c 5906720                    /usr/lib/x86_64-linux-gnu/libgmodule-2.0.so.0.4000.0
7f76c7b0f000-7f76c7d0e000 ---p 00003000 08:0c 5906720                    /usr/lib/x86_64-linux-gnu/libgmodule-2.0.so.0.4000.0
7f76c7d0e000-7f76c7d0f000 r--p 00002000 08:0c 5906720                    /usr/lib/x86_64-linux-gnu/libgmodule-2.0.so.0.4000.0
7f76c7d0f000-7f76c7d10000 rw-p 00003000 08:0c 5906720                    /usr/lib/x86_64-linux-gnu/libgmodule-2.0.so.0.4000.0
7f76c7d10000-7f76cc000000 rw-p 00000000 00:00 0 
7f76cc000000-7f76cc021000 rw-p 00000000 00:00 0 
7f76cc021000-7f76d0000000 ---p 00000000 00:00 0 
7f76d0000000-7f76d0021000 rw-p 00000000 00:00 0 
7f76d0021000-7f76d4000000 ---p 00000000 00:00 0 
7f76d4000000-7f76d4021000 rw-p 00000000 00:00 0 
7f76d4021000-7f76d8000000 ---p 00000000 00:00 0 
7f76d8000000-7f76d8021000 rw-p 00000000 00:00 0 
7f76d8021000-7f76dc000000 ---p 00000000 00:00 0 
7f76dc000000-7f76dc021000 rw-p 00000000 00:00 0 
7f76dc021000-7f76e0000000 ---p 00000000 00:00 0 
7f76e0000000-7f76e0021000 rw-p 00000000 00:00 0 
7f76e0021000-7f76e4000000 ---p 00000000 00:00 0 
7f76e4000000-7f76e4021000 rw-p 00000000 00:00 0 
7f76e4021000-7f76e8000000 ---p 00000000 00:00 0 
7f76e8000000-7f76e8021000 rw-p 00000000 00:00 0 
7f76e8021000-7f76ec000000 ---p 00000000 00:00 0 
7f76ec00a000-7f76ec00d000 rw-s 00000000 00:04 5472273                    /SYSV00000000 (deleted)
7f76ec00d000-7f76ec016000 r--s 000b9000 08:0c 6038099                    /usr/lib/jvm/java-7-openjdk-amd64/jre/lib/resources.jar
7f76ec016000-7f76ec11c000 r-xp 00000000 08:0c 6295467                    /lib/x86_64-linux-gnu/libglib-2.0.so.0.4000.0
7f76ec11c000-7f76ec31b000 ---p 00106000 08:0c 6295467                    /lib/x86_64-linux-gnu/libglib-2.0.so.0.4000.0
7f76ec31b000-7f76ec31c000 r--p 00105000 08:0c 6295467                    /lib/x86_64-linux-gnu/libglib-2.0.so.0.4000.0
7f76ec31c000-7f76ec31d000 rw-p 00106000 08:0c 6295467                    /lib/x86_64-linux-gnu/libglib-2.0.so.0.4000.0
7f76ec31d000-7f76ec31e000 rw-p 00000000 00:00 0 
7f76ec31e000-7f76ec36d000 r-xp 00000000 08:0c 5906736                    /usr/lib/x86_64-linux-gnu/libgobject-2.0.so.0.4000.0
7f76ec36d000-7f76ec56d000 ---p 0004f000 08:0c 5906736                    /usr/lib/x86_64-linux-gnu/libgobject-2.0.so.0.4000.0
7f76ec56d000-7f76ec56e000 r--p 0004f000 08:0c 5906736                    /usr/lib/x86_64-linux-gnu/libgobject-2.0.so.0.4000.0
7f76ec56e000-7f76ec56f000 rw-p 00050000 08:0c 5906736                    /usr/lib/x86_64-linux-gnu/libgobject-2.0.so.0.4000.0
7f76ec56f000-7f76ec6da000 r-xp 00000000 08:0c 5906706                    /usr/lib/x86_64-linux-gnu/libgio-2.0.so.0.4000.0
7f76ec6da000-7f76ec8da000 ---p 0016b000 08:0c 5906706                    /usr/lib/x86_64-linux-gnu/libgio-2.0.so.0.4000.0
7f76ec8da000-7f76ec8de000 r--p 0016b000 08:0c 5906706                    /usr/lib/x86_64-linux-gnu/libgio-2.0.so.0.4000.0
7f76ec8de000-7f76ec8e0000 rw-p 0016f000 08:0c 5906706                    /usr/lib/x86_64-linux-gnu/libgio-2.0.so.0.4000.0
7f76ec8e0000-7f76ec8e2000 rw-p 00000000 00:00 0 
7f76ec8e2000-7f76ec8e7000 r--s 0004c000 08:0c 6038108                    /usr/lib/jvm/java-7-openjdk-amd64/jre/lib/jsse.jar
7f76ec8e7000-7f76ec8ee000 r--s 0009e000 08:08 2405582                    /home/ruioliveira/Downloads/jgoodies-binding-2.10.0/jgoodies-binding-2.10.0-javadoc.jar
7f76ec8ee000-7f76ec8f1000 r--s 0003d000 08:08 2405583                    /home/ruioliveira/Downloads/jgoodies-binding-2.10.0/jgoodies-binding-2.10.0-sources.jar
7f76ec8f1000-7f76ec8f4000 r--s 00020000 08:08 2405584                    /home/ruioliveira/Downloads/jgoodies-binding-2.10.0/jgoodies-binding-2.10.0-tests.jar
7f76ec8f4000-7f76ec8fa000 r--s 0002b000 08:08 2405585                    /home/ruioliveira/Downloads/jgoodies-binding-2.10.0/jgoodies-binding-2.10.0.jar
7f76ec8fa000-7f76ec8fd000 r--s 00035000 08:08 2405312                    /home/ruioliveira/Downloads/jgoodies-common-1.8.0/jgoodies-common-1.8.0-javadoc.jar
7f76ec8fd000-7f76ec913000 r-xp 00000000 08:0c 6038134                    /usr/lib/jvm/java-7-openjdk-amd64/jre/lib/amd64/libnet.so
7f76ec913000-7f76ecb13000 ---p 00016000 08:0c 6038134                    /usr/lib/jvm/java-7-openjdk-amd64/jre/lib/amd64/libnet.so
7f76ecb13000-7f76ecb14000 r--p 00016000 08:0c 6038134                    /usr/lib/jvm/java-7-openjdk-amd64/jre/lib/amd64/libnet.so
7f76ecb14000-7f76ecb15000 rw-p 00017000 08:0c 6038134                    /usr/lib/jvm/java-7-openjdk-amd64/jre/lib/amd64/libnet.so
7f76ecb15000-7f76ecb25000 r-xp 00000000 08:0c 6038142                    /usr/lib/jvm/java-7-openjdk-amd64/jre/lib/amd64/libnio.so
7f76ecb25000-7f76ecd25000 ---p 00010000 08:0c 6038142                    /usr/lib/jvm/java-7-openjdk-amd64/jre/lib/amd64/libnio.so
7f76ecd25000-7f76ecd26000 r--p 00010000 08:0c 6038142                    /usr/lib/jvm/java-7-openjdk-amd64/jre/lib/amd64/libnio.so
7f76ecd26000-7f76ecd27000 rw-p 00011000 08:0c 6038142                    /usr/lib/jvm/java-7-openjdk-amd64/jre/lib/amd64/libnio.so
7f76ecd27000-7f76ecd28000 ---p 00000000 00:00 0 
7f76ecd28000-7f76ece28000 rw-p 00000000 00:00 0                          [stack:6443]
7f76ece28000-7f76ece2b000 ---p 00000000 00:00 0 
7f76ece2b000-7f76ecf29000 rw-p 00000000 00:00 0                          [stack:6442]
7f76ecf29000-7f76ecf2c000 ---p 00000000 00:00 0 
7f76ecf2c000-7f76ed02a000 rw-p 00000000 00:00 0                          [stack:6441]
7f76ed02a000-7f76ed02d000 ---p 00000000 00:00 0 
7f76ed02d000-7f76ed12b000 rw-p 00000000 00:00 0                          [stack:6440]
7f76ed12b000-7f76ed12e000 ---p 00000000 00:00 0 
7f76ed12e000-7f76ed22c000 rw-p 00000000 00:00 0                          [stack:6439]
7f76ed22c000-7f76ed90f000 r--p 00000000 08:0c 5905319                    /usr/lib/locale/locale-archive
7f76ed90f000-7f76ed912000 ---p 00000000 00:00 0 
7f76ed912000-7f76eda10000 rw-p 00000000 00:00 0                          [stack:6437]
7f76eda10000-7f76eda13000 ---p 00000000 00:00 0 
7f76eda13000-7f76edb11000 rw-p 00000000 00:00 0                          [stack:6436]
7f76edb11000-7f76edb12000 ---p 00000000 00:00 0 
7f76edb12000-7f76ef87e000 rw-p 00000000 00:00 0                          [stack:6435]
7f76ef87e000-7f76efa2c000 r--s 01cfc000 08:0c 6038089                    /usr/lib/jvm/java-7-openjdk-amd64/jre/lib/rt.jar
7f76efa2c000-7f76eff2c000 rw-p 00000000 00:00 0 
7f76eff2c000-7f76eff2d000 ---p 00000000 00:00 0 
7f76eff2d000-7f76f002d000 rw-p 00000000 00:00 0                          [stack:6434]
7f76f002d000-7f76f002e000 ---p 00000000 00:00 0 
7f76f002e000-7f76f012e000 rw-p 00000000 00:00 0                          [stack:6433]
7f76f012e000-7f76f012f000 ---p 00000000 00:00 0 
7f76f012f000-7f76f022f000 rw-p 00000000 00:00 0                          [stack:6432]
7f76f022f000-7f76f0230000 ---p 00000000 00:00 0 
7f76f0230000-7f76f0330000 rw-p 00000000 00:00 0                          [stack:6431]
7f76f0330000-7f76f0331000 ---p 00000000 00:00 0 
7f76f0331000-7f76f0431000 rw-p 00000000 00:00 0                          [stack:6430]
7f76f0431000-7f76f0432000 ---p 00000000 00:00 0 
7f76f0432000-7f76f0532000 rw-p 00000000 00:00 0                          [stack:6429]
7f76f0532000-7f76f0533000 ---p 00000000 00:00 0 
7f76f0533000-7f76f0633000 rw-p 00000000 00:00 0                          [stack:6428]
7f76f0633000-7f76f0634000 ---p 00000000 00:00 0 
7f76f0634000-7f76f075d000 rw-p 00000000 00:00 0                          [stack:6427]
7f76f075d000-7f76f09c7000 rw-p 00000000 00:00 0 
7f76f09c7000-7f76f09d2000 rw-p 00000000 00:00 0 
7f76f09d2000-7f76f0a1a000 rw-p 00000000 00:00 0 
7f76f0a1a000-7f76f0a43000 rw-p 00000000 00:00 0 
7f76f0a43000-7f76f0cac000 rw-p 00000000 00:00 0 
7f76f0cac000-7f76f0cc2000 rw-p 00000000 00:00 0 
7f76f0cc2000-7f76f0df6000 rw-p 00000000 00:00 0 
7f76f0df6000-7f76f0df7000 rw-p 00000000 00:00 0 
7f76f0df7000-7f76f1067000 rwxp 00000000 00:00 0 
7f76f1067000-7f76f3df7000 rw-p 00000000 00:00 0 
7f76f3df7000-7f76f3dff000 r-xp 00000000 08:0c 6038129                    /usr/lib/jvm/java-7-openjdk-amd64/jre/lib/amd64/libzip.so
7f76f3dff000-7f76f3ffe000 ---p 00008000 08:0c 6038129                    /usr/lib/jvm/java-7-openjdk-amd64/jre/lib/amd64/libzip.so
7f76f3ffe000-7f76f3fff000 r--p 00007000 08:0c 6038129                    /usr/lib/jvm/java-7-openjdk-amd64/jre/lib/amd64/libzip.so
7f76f3fff000-7f76f4000000 rw-p 00008000 08:0c 6038129                    /usr/lib/jvm/java-7-openjdk-amd64/jre/lib/amd64/libzip.so
7f76f4000000-7f76f4386000 rw-p 00000000 00:00 0 
7f76f4386000-7f76f8000000 ---p 00000000 00:00 0 
7f76f8002000-7f76f8004000 r--s 00010000 08:08 2405313                    /home/ruioliveira/Downloads/jgoodies-common-1.8.0/jgoodies-common-1.8.0-sources.jar
7f76f8004000-7f76f800b000 r--s 000a4000 08:08 2405115                    /home/ruioliveira/Downloads/jgoodies-looks-2.6.0/jgoodies-looks-2.6.0-javadoc.jar
7f76f800b000-7f76f8010000 r--s 00051000 08:08 2405116                    /home/ruioliveira/Downloads/jgoodies-looks-2.6.0/jgoodies-looks-2.6.0-sources.jar
7f76f8010000-7f76f8019000 r--s 0005a000 08:08 2405118                    /home/ruioliveira/Downloads/jgoodies-looks-2.6.0/jgoodies-looks-2.6.0.jar
7f76f8019000-7f76f8097000 rw-p 00000000 00:00 0 
7f76f8097000-7f76f80df000 rw-p 00000000 00:00 0 
7f76f80df000-7f76f80ea000 r-xp 00000000 08:0c 6295511                    /lib/x86_64-linux-gnu/libnss_files-2.19.so
7f76f80ea000-7f76f82e9000 ---p 0000b000 08:0c 6295511                    /lib/x86_64-linux-gnu/libnss_files-2.19.so
7f76f82e9000-7f76f82ea000 r--p 0000a000 08:0c 6295511                    /lib/x86_64-linux-gnu/libnss_files-2.19.so
7f76f82ea000-7f76f82eb000 rw-p 0000b000 08:0c 6295511                    /lib/x86_64-linux-gnu/libnss_files-2.19.so
7f76f82eb000-7f76f82f6000 r-xp 00000000 08:0c 6295521                    /lib/x86_64-linux-gnu/libnss_nis-2.19.so
7f76f82f6000-7f76f84f5000 ---p 0000b000 08:0c 6295521                    /lib/x86_64-linux-gnu/libnss_nis-2.19.so
7f76f84f5000-7f76f84f6000 r--p 0000a000 08:0c 6295521                    /lib/x86_64-linux-gnu/libnss_nis-2.19.so
7f76f84f6000-7f76f84f7000 rw-p 0000b000 08:0c 6295521                    /lib/x86_64-linux-gnu/libnss_nis-2.19.so
7f76f84f7000-7f76f850e000 r-xp 00000000 08:0c 6295505                    /lib/x86_64-linux-gnu/libnsl-2.19.so
7f76f850e000-7f76f870d000 ---p 00017000 08:0c 6295505                    /lib/x86_64-linux-gnu/libnsl-2.19.so
7f76f870d000-7f76f870e000 r--p 00016000 08:0c 6295505                    /lib/x86_64-linux-gnu/libnsl-2.19.so
7f76f870e000-7f76f870f000 rw-p 00017000 08:0c 6295505                    /lib/x86_64-linux-gnu/libnsl-2.19.so
7f76f870f000-7f76f8711000 rw-p 00000000 00:00 0 
7f76f8711000-7f76f871a000 r-xp 00000000 08:0c 6295507                    /lib/x86_64-linux-gnu/libnss_compat-2.19.so
7f76f871a000-7f76f8919000 ---p 00009000 08:0c 6295507                    /lib/x86_64-linux-gnu/libnss_compat-2.19.so
7f76f8919000-7f76f891a000 r--p 00008000 08:0c 6295507                    /lib/x86_64-linux-gnu/libnss_compat-2.19.so
7f76f891a000-7f76f891b000 rw-p 00009000 08:0c 6295507                    /lib/x86_64-linux-gnu/libnss_compat-2.19.so
7f76f891b000-7f76f8946000 r-xp 00000000 08:0c 6038125                    /usr/lib/jvm/java-7-openjdk-amd64/jre/lib/amd64/libjava.so
7f76f8946000-7f76f8b45000 ---p 0002b000 08:0c 6038125                    /usr/lib/jvm/java-7-openjdk-amd64/jre/lib/amd64/libjava.so
7f76f8b45000-7f76f8b46000 r--p 0002a000 08:0c 6038125                    /usr/lib/jvm/java-7-openjdk-amd64/jre/lib/amd64/libjava.so
7f76f8b46000-7f76f8b48000 rw-p 0002b000 08:0c 6038125                    /usr/lib/jvm/java-7-openjdk-amd64/jre/lib/amd64/libjava.so
7f76f8b48000-7f76f8b58000 r-xp 00000000 08:0c 6038158                    /usr/lib/jvm/java-7-openjdk-amd64/jre/lib/amd64/libverify.so
7f76f8b58000-7f76f8d57000 ---p 00010000 08:0c 6038158                    /usr/lib/jvm/java-7-openjdk-amd64/jre/lib/amd64/libverify.so
7f76f8d57000-7f76f8d59000 r--p 0000f000 08:0c 6038158                    /usr/lib/jvm/java-7-openjdk-amd64/jre/lib/amd64/libverify.so
7f76f8d59000-7f76f8d5a000 rw-p 00011000 08:0c 6038158                    /usr/lib/jvm/java-7-openjdk-amd64/jre/lib/amd64/libverify.so
7f76f8d5a000-7f76f8d61000 r-xp 00000000 08:0c 6295564                    /lib/x86_64-linux-gnu/librt-2.19.so
7f76f8d61000-7f76f8f60000 ---p 00007000 08:0c 6295564                    /lib/x86_64-linux-gnu/librt-2.19.so
7f76f8f60000-7f76f8f61000 r--p 00006000 08:0c 6295564                    /lib/x86_64-linux-gnu/librt-2.19.so
7f76f8f61000-7f76f8f62000 rw-p 00007000 08:0c 6295564                    /lib/x86_64-linux-gnu/librt-2.19.so
7f76f8f62000-7f76f8f78000 r-xp 00000000 08:0c 6295463                    /lib/x86_64-linux-gnu/libgcc_s.so.1
7f76f8f78000-7f76f9177000 ---p 00016000 08:0c 6295463                    /lib/x86_64-linux-gnu/libgcc_s.so.1
7f76f9177000-7f76f9178000 rw-p 00015000 08:0c 6295463                    /lib/x86_64-linux-gnu/libgcc_s.so.1
7f76f9178000-7f76f927d000 r-xp 00000000 08:0c 6295486                    /lib/x86_64-linux-gnu/libm-2.19.so
7f76f927d000-7f76f947c000 ---p 00105000 08:0c 6295486                    /lib/x86_64-linux-gnu/libm-2.19.so
7f76f947c000-7f76f947d000 r--p 00104000 08:0c 6295486                    /lib/x86_64-linux-gnu/libm-2.19.so
7f76f947d000-7f76f947e000 rw-p 00105000 08:0c 6295486                    /lib/x86_64-linux-gnu/libm-2.19.so
7f76f947e000-7f76f9564000 r-xp 00000000 08:0c 5907231                    /usr/lib/x86_64-linux-gnu/libstdc++.so.6.0.19
7f76f9564000-7f76f9763000 ---p 000e6000 08:0c 5907231                    /usr/lib/x86_64-linux-gnu/libstdc++.so.6.0.19
7f76f9763000-7f76f976b000 r--p 000e5000 08:0c 5907231                    /usr/lib/x86_64-linux-gnu/libstdc++.so.6.0.19
7f76f976b000-7f76f976d000 rw-p 000ed000 08:0c 5907231                    /usr/lib/x86_64-linux-gnu/libstdc++.so.6.0.19
7f76f976d000-7f76f9782000 rw-p 00000000 00:00 0 
7f76f9782000-7f76fa263000 r-xp 00000000 08:0c 6038139                    /usr/lib/jvm/java-7-openjdk-amd64/jre/lib/amd64/server/libjvm.so
7f76fa263000-7f76fa462000 ---p 00ae1000 08:0c 6038139                    /usr/lib/jvm/java-7-openjdk-amd64/jre/lib/amd64/server/libjvm.so
7f76fa462000-7f76fa4f4000 r--p 00ae0000 08:0c 6038139                    /usr/lib/jvm/java-7-openjdk-amd64/jre/lib/amd64/server/libjvm.so
7f76fa4f4000-7f76fa517000 rw-p 00b72000 08:0c 6038139                    /usr/lib/jvm/java-7-openjdk-amd64/jre/lib/amd64/server/libjvm.so
7f76fa517000-7f76fa544000 rw-p 00000000 00:00 0 
7f76fa544000-7f76fa55c000 r-xp 00000000 08:0c 6295599                    /lib/x86_64-linux-gnu/libz.so.1.2.8
7f76fa55c000-7f76fa75b000 ---p 00018000 08:0c 6295599                    /lib/x86_64-linux-gnu/libz.so.1.2.8
7f76fa75b000-7f76fa75c000 r--p 00017000 08:0c 6295599                    /lib/x86_64-linux-gnu/libz.so.1.2.8
7f76fa75c000-7f76fa75d000 rw-p 00018000 08:0c 6295599                    /lib/x86_64-linux-gnu/libz.so.1.2.8
7f76fa75d000-7f76fa776000 r-xp 00000000 08:0c 6295556                    /lib/x86_64-linux-gnu/libpthread-2.19.so
7f76fa776000-7f76fa975000 ---p 00019000 08:0c 6295556                    /lib/x86_64-linux-gnu/libpthread-2.19.so
7f76fa975000-7f76fa976000 r--p 00018000 08:0c 6295556                    /lib/x86_64-linux-gnu/libpthread-2.19.so
7f76fa976000-7f76fa977000 rw-p 00019000 08:0c 6295556                    /lib/x86_64-linux-gnu/libpthread-2.19.so
7f76fa977000-7f76fa97b000 rw-p 00000000 00:00 0 
7f76fa97b000-7f76fa97e000 r-xp 00000000 08:0c 6295453                    /lib/x86_64-linux-gnu/libdl-2.19.so
7f76fa97e000-7f76fab7d000 ---p 00003000 08:0c 6295453                    /lib/x86_64-linux-gnu/libdl-2.19.so
7f76fab7d000-7f76fab7e000 r--p 00002000 08:0c 6295453                    /lib/x86_64-linux-gnu/libdl-2.19.so
7f76fab7e000-7f76fab7f000 rw-p 00003000 08:0c 6295453                    /lib/x86_64-linux-gnu/libdl-2.19.so
7f76fab7f000-7f76fad3b000 r-xp 00000000 08:0c 6295436                    /lib/x86_64-linux-gnu/libc-2.19.so
7f76fad3b000-7f76faf3a000 ---p 001bc000 08:0c 6295436                    /lib/x86_64-linux-gnu/libc-2.19.so
7f76faf3a000-7f76faf3e000 r--p 001bb000 08:0c 6295436                    /lib/x86_64-linux-gnu/libc-2.19.so
7f76faf3e000-7f76faf40000 rw-p 001bf000 08:0c 6295436                    /lib/x86_64-linux-gnu/libc-2.19.so
7f76faf40000-7f76faf45000 rw-p 00000000 00:00 0 
7f76faf45000-7f76faf52000 r-xp 00000000 08:0c 6038149                    /usr/lib/jvm/java-7-openjdk-amd64/jre/lib/amd64/jli/libjli.so
7f76faf52000-7f76fb151000 ---p 0000d000 08:0c 6038149                    /usr/lib/jvm/java-7-openjdk-amd64/jre/lib/amd64/jli/libjli.so
7f76fb151000-7f76fb152000 r--p 0000c000 08:0c 6038149                    /usr/lib/jvm/java-7-openjdk-amd64/jre/lib/amd64/jli/libjli.so
7f76fb152000-7f76fb153000 rw-p 0000d000 08:0c 6038149                    /usr/lib/jvm/java-7-openjdk-amd64/jre/lib/amd64/jli/libjli.so
7f76fb153000-7f76fb176000 r-xp 00000000 08:0c 6295412                    /lib/x86_64-linux-gnu/ld-2.19.so
7f76fb176000-7f76fb177000 r--p 00000000 08:0c 7363661                    /usr/share/locale-langpack/en_GB/LC_MESSAGES/libc.mo
7f76fb177000-7f76fb178000 r--s 00004000 08:08 2405314                    /home/ruioliveira/Downloads/jgoodies-common-1.8.0/jgoodies-common-1.8.0-tests.jar
7f76fb178000-7f76fb17a000 r--s 00007000 08:08 2405315                    /home/ruioliveira/Downloads/jgoodies-common-1.8.0/jgoodies-common-1.8.0.jar
7f76fb17a000-7f76fb17b000 r--s 00001000 08:08 2405117                    /home/ruioliveira/Downloads/jgoodies-looks-2.6.0/jgoodies-looks-2.6.0-tests.jar
7f76fb17b000-7f76fb180000 r--s 00064000 08:08 2404801                    /home/ruioliveira/Downloads/jgoodies-forms-1.8.0/jgoodies-forms-1.8.0-javadoc.jar
7f76fb180000-7f76fb182000 r--s 00006000 08:08 2404803                    /home/ruioliveira/Downloads/jgoodies-forms-1.8.0/jgoodies-forms-1.8.0-tests.jar
7f76fb182000-7f76fb185000 r--s 0001b000 08:08 2404804                    /home/ruioliveira/Downloads/jgoodies-forms-1.8.0/jgoodies-forms-1.8.0.jar
7f76fb185000-7f76fb190000 r--s 00203000 08:0c 6038090                    /usr/lib/jvm/java-7-openjdk-amd64/jre/lib/charsets.jar
7f76fb190000-7f76fb192000 r--s 00012000 08:0c 6038093                    /usr/lib/jvm/java-7-openjdk-amd64/jre/lib/ext/zipfs.jar
7f76fb192000-7f76fb19c000 rw-p 00000000 00:00 0 
7f76fb19c000-7f76fb252000 rw-p 00000000 00:00 0 
7f76fb252000-7f76fb255000 ---p 00000000 00:00 0 
7f76fb255000-7f76fb358000 rw-p 00000000 00:00 0                          [stack:6426]
7f76fb358000-7f76fb35a000 r--s 00006000 08:0c 6560210                    /usr/share/java/java-atk-wrapper.jar
7f76fb35a000-7f76fb35e000 r--s 00085000 08:0c 6038095                    /usr/lib/jvm/java-7-openjdk-amd64/jre/lib/ext/localedata.jar
7f76fb35e000-7f76fb361000 r--s 0000f000 08:0c 6038092                    /usr/lib/jvm/java-7-openjdk-amd64/jre/lib/ext/pulse-java.jar
7f76fb361000-7f76fb362000 r--s 00002000 08:0c 6038097                    /usr/lib/jvm/java-7-openjdk-amd64/jre/lib/ext/dnsns.jar
7f76fb362000-7f76fb365000 r--s 00032000 08:0c 6038094                    /usr/lib/jvm/java-7-openjdk-amd64/jre/lib/ext/sunjce_provider.jar
7f76fb365000-7f76fb369000 r--s 0003b000 08:0c 6038096                    /usr/lib/jvm/java-7-openjdk-amd64/jre/lib/ext/sunpkcs11.jar
7f76fb369000-7f76fb371000 rw-s 00000000 08:0c 9449896                    /tmp/hsperfdata_ruioliveiras/6420
7f76fb371000-7f76fb372000 rw-p 00000000 00:00 0 
7f76fb372000-7f76fb373000 r--p 00000000 00:00 0 
7f76fb373000-7f76fb375000 rw-p 00000000 00:00 0 
7f76fb375000-7f76fb376000 r--p 00022000 08:0c 6295412                    /lib/x86_64-linux-gnu/ld-2.19.so
7f76fb376000-7f76fb377000 rw-p 00023000 08:0c 6295412                    /lib/x86_64-linux-gnu/ld-2.19.so
7f76fb377000-7f76fb378000 rw-p 00000000 00:00 0 
7fff48c76000-7fff48c97000 rw-p 00000000 00:00 0                          [stack]
7fff48dc2000-7fff48dc4000 r-xp 00000000 00:00 0                          [vdso]
ffffffffff600000-ffffffffff601000 r-xp 00000000 00:00 0                  [vsyscall]

VM Arguments:
jvm_args: -Dfile.encoding=UTF-8 
java_command: controller.Main
Launcher Type: SUN_STANDARD

Environment Variables:
PATH=/home/ruioliveiras/bin:/usr/local/sbin:/usr/local/bin:/usr/sbin:/usr/bin:/sbin:/bin:/usr/games:/usr/local/games
USERNAME=ruioliveiras
SHELL=/bin/bash
DISPLAY=:0

Signal Handlers:
SIGSEGV: [libjvm.so+0x918620], sa_mask[0]=0x7ffbfeff, sa_flags=0x10000004
SIGBUS: [libjvm.so+0x918620], sa_mask[0]=0x7ffbfeff, sa_flags=0x10000004
SIGFPE: [libjvm.so+0x795e30], sa_mask[0]=0x7ffbfeff, sa_flags=0x10000004
SIGPIPE: [libjvm.so+0x795e30], sa_mask[0]=0x7ffbfeff, sa_flags=0x10000004
SIGXFSZ: [libjvm.so+0x795e30], sa_mask[0]=0x7ffbfeff, sa_flags=0x10000004
SIGILL: [libjvm.so+0x795e30], sa_mask[0]=0x7ffbfeff, sa_flags=0x10000004
SIGUSR1: SIG_DFL, sa_mask[0]=0x00000000, sa_flags=0x00000000
SIGUSR2: [libjvm.so+0x795cd0], sa_mask[0]=0x00000004, sa_flags=0x10000004
SIGHUP: [libjvm.so+0x795eb0], sa_mask[0]=0x7ffbfeff, sa_flags=0x10000004
SIGINT: [libjvm.so+0x795eb0], sa_mask[0]=0x7ffbfeff, sa_flags=0x10000004
SIGTERM: [libjvm.so+0x795eb0], sa_mask[0]=0x7ffbfeff, sa_flags=0x10000004
SIGQUIT: [libjvm.so+0x795eb0], sa_mask[0]=0x7ffbfeff, sa_flags=0x10000004


---------------  S Y S T E M  ---------------

OS:Ubuntu 14.04 (trusty)
uname:Linux 3.13.0-24-generic #47-Ubuntu SMP Fri May 2 23:30:00 UTC 2014 x86_64
libc:glibc 2.19 NPTL 2.19 
rlimit: STACK 8192k, CORE 0k, NPROC 63008, NOFILE 4096, AS infinity
load average:0,39 0,32 0,32

/proc/meminfo:
MemTotal:        8086668 kB
MemFree:         4175108 kB
Buffers:          314584 kB
Cached:          1355452 kB
SwapCached:            0 kB
Active:          2634604 kB
Inactive:         897216 kB
Active(anon):    1886424 kB
Inactive(anon):   224904 kB
Active(file):     748180 kB
Inactive(file):   672312 kB
Unevictable:          32 kB
Mlocked:              32 kB
SwapTotal:       8389628 kB
SwapFree:        8389628 kB
Dirty:               108 kB
Writeback:             0 kB
AnonPages:       1845176 kB
Mapped:           276188 kB
Shmem:            249176 kB
Slab:             243076 kB
SReclaimable:     199420 kB
SUnreclaim:        43656 kB
KernelStack:        7040 kB
PageTables:        35524 kB
NFS_Unstable:          0 kB
Bounce:                0 kB
WritebackTmp:          0 kB
CommitLimit:    12432960 kB
Committed_AS:    6509824 kB
VmallocTotal:   34359738367 kB
VmallocUsed:      361472 kB
VmallocChunk:   34359359064 kB
HardwareCorrupted:     0 kB
AnonHugePages:   1415168 kB
HugePages_Total:       0
HugePages_Free:        0
HugePages_Rsvd:        0
HugePages_Surp:        0
Hugepagesize:       2048 kB
DirectMap4k:       90464 kB
DirectMap2M:     2965504 kB
DirectMap1G:     5242880 kB


CPU:total 8 (4 cores per cpu, 2 threads per core) family 6 model 60 stepping 3, cmov, cx8, fxsr, mmx, sse, sse2, sse3, ssse3, sse4.1, sse4.2, popcnt, avx, avx2, aes, erms, ht, tsc, tscinvbit

/proc/cpuinfo:
processor	: 0
vendor_id	: GenuineIntel
cpu family	: 6
model		: 60
model name	: Intel(R) Core(TM) i7-4700MQ CPU @ 2.40GHz
stepping	: 3
microcode	: 0x8
cpu MHz		: 2401.000
cache size	: 6144 KB
physical id	: 0
siblings	: 8
core id		: 0
cpu cores	: 4
apicid		: 0
initial apicid	: 0
fpu		: yes
fpu_exception	: yes
cpuid level	: 13
wp		: yes
flags		: fpu vme de pse tsc msr pae mce cx8 apic sep mtrr pge mca cmov pat pse36 clflush dts acpi mmx fxsr sse sse2 ss ht tm pbe syscall nx pdpe1gb rdtscp lm constant_tsc arch_perfmon pebs bts rep_good nopl xtopology nonstop_tsc aperfmperf eagerfpu pni pclmulqdq dtes64 monitor ds_cpl vmx est tm2 ssse3 fma cx16 xtpr pdcm pcid sse4_1 sse4_2 movbe popcnt tsc_deadline_timer aes xsave avx f16c rdrand lahf_lm abm ida arat epb xsaveopt pln pts dtherm tpr_shadow vnmi flexpriority ept vpid fsgsbase tsc_adjust bmi1 avx2 smep bmi2 erms invpcid
bogomips	: 4788.88
clflush size	: 64
cache_alignment	: 64
address sizes	: 39 bits physical, 48 bits virtual
power management:

processor	: 1
vendor_id	: GenuineIntel
cpu family	: 6
model		: 60
model name	: Intel(R) Core(TM) i7-4700MQ CPU @ 2.40GHz
stepping	: 3
microcode	: 0x8
cpu MHz		: 2401.000
cache size	: 6144 KB
physical id	: 0
siblings	: 8
core id		: 1
cpu cores	: 4
apicid		: 2
initial apicid	: 2
fpu		: yes
fpu_exception	: yes
cpuid level	: 13
wp		: yes
flags		: fpu vme de pse tsc msr pae mce cx8 apic sep mtrr pge mca cmov pat pse36 clflush dts acpi mmx fxsr sse sse2 ss ht tm pbe syscall nx pdpe1gb rdtscp lm constant_tsc arch_perfmon pebs bts rep_good nopl xtopology nonstop_tsc aperfmperf eagerfpu pni pclmulqdq dtes64 monitor ds_cpl vmx est tm2 ssse3 fma cx16 xtpr pdcm pcid sse4_1 sse4_2 movbe popcnt tsc_deadline_timer aes xsave avx f16c rdrand lahf_lm abm ida arat epb xsaveopt pln pts dtherm tpr_shadow vnmi flexpriority ept vpid fsgsbase tsc_adjust bmi1 avx2 smep bmi2 erms invpcid
bogomips	: 4788.88
clflush size	: 64
cache_alignment	: 64
address sizes	: 39 bits physical, 48 bits virtual
power management:

processor	: 2
vendor_id	: GenuineIntel
cpu family	: 6
model		: 60
model name	: Intel(R) Core(TM) i7-4700MQ CPU @ 2.40GHz
stepping	: 3
microcode	: 0x8
cpu MHz		: 2401.000
cache size	: 6144 KB
physical id	: 0
siblings	: 8
core id		: 2
cpu cores	: 4
apicid		: 4
initial apicid	: 4
fpu		: yes
fpu_exception	: yes
cpuid level	: 13
wp		: yes
flags		: fpu vme de pse tsc msr pae mce cx8 apic sep mtrr pge mca cmov pat pse36 clflush dts acpi mmx fxsr sse sse2 ss ht tm pbe syscall nx pdpe1gb rdtscp lm constant_tsc arch_perfmon pebs bts rep_good nopl xtopology nonstop_tsc aperfmperf eagerfpu pni pclmulqdq dtes64 monitor ds_cpl vmx est tm2 ssse3 fma cx16 xtpr pdcm pcid sse4_1 sse4_2 movbe popcnt tsc_deadline_timer aes xsave avx f16c rdrand lahf_lm abm ida arat epb xsaveopt pln pts dtherm tpr_shadow vnmi flexpriority ept vpid fsgsbase tsc_adjust bmi1 avx2 smep bmi2 erms invpcid
bogomips	: 4788.88
clflush size	: 64
cache_alignment	: 64
address sizes	: 39 bits physical, 48 bits virtual
power management:

processor	: 3
vendor_id	: GenuineIntel
cpu family	: 6
model		: 60
model name	: Intel(R) Core(TM) i7-4700MQ CPU @ 2.40GHz
stepping	: 3
microcode	: 0x8
cpu MHz		: 2300.000
cache size	: 6144 KB
physical id	: 0
siblings	: 8
core id		: 3
cpu cores	: 4
apicid		: 6
initial apicid	: 6
fpu		: yes
fpu_exception	: yes
cpuid level	: 13
wp		: yes
flags		: fpu vme de pse tsc msr pae mce cx8 apic sep mtrr pge mca cmov pat pse36 clflush dts acpi mmx fxsr sse sse2 ss ht tm pbe syscall nx pdpe1gb rdtscp lm constant_tsc arch_perfmon pebs bts rep_good nopl xtopology nonstop_tsc aperfmperf eagerfpu pni pclmulqdq dtes64 monitor ds_cpl vmx est tm2 ssse3 fma cx16 xtpr pdcm pcid sse4_1 sse4_2 movbe popcnt tsc_deadline_timer aes xsave avx f16c rdrand lahf_lm abm ida arat epb xsaveopt pln pts dtherm tpr_shadow vnmi flexpriority ept vpid fsgsbase tsc_adjust bmi1 avx2 smep bmi2 erms invpcid
bogomips	: 4788.88
clflush size	: 64
cache_alignment	: 64
address sizes	: 39 bits physical, 48 bits virtual
power management:

processor	: 4
vendor_id	: GenuineIntel
cpu family	: 6
model		: 60
model name	: Intel(R) Core(TM) i7-4700MQ CPU @ 2.40GHz
stepping	: 3
microcode	: 0x8
cpu MHz		: 2401.000
cache size	: 6144 KB
physical id	: 0
siblings	: 8
core id		: 0
cpu cores	: 4
apicid		: 1
initial apicid	: 1
fpu		: yes
fpu_exception	: yes
cpuid level	: 13
wp		: yes
flags		: fpu vme de pse tsc msr pae mce cx8 apic sep mtrr pge mca cmov pat pse36 clflush dts acpi mmx fxsr sse sse2 ss ht tm pbe syscall nx pdpe1gb rdtscp lm constant_tsc arch_perfmon pebs bts rep_good nopl xtopology nonstop_tsc aperfmperf eagerfpu pni pclmulqdq dtes64 monitor ds_cpl vmx est tm2 ssse3 fma cx16 xtpr pdcm pcid sse4_1 sse4_2 movbe popcnt tsc_deadline_timer aes xsave avx f16c rdrand lahf_lm abm ida arat epb xsaveopt pln pts dtherm tpr_shadow vnmi flexpriority ept vpid fsgsbase tsc_adjust bmi1 avx2 smep bmi2 erms invpcid
bogomips	: 4788.88
clflush size	: 64
cache_alignment	: 64
address sizes	: 39 bits physical, 48 bits virtual
power management:

processor	: 5
vendor_id	: GenuineIntel
cpu family	: 6
model		: 60
model name	: Intel(R) Core(TM) i7-4700MQ CPU @ 2.40GHz
stepping	: 3
microcode	: 0x8
cpu MHz		: 2401.000
cache size	: 6144 KB
physical id	: 0
siblings	: 8
core id		: 1
cpu cores	: 4
apicid		: 3
initial apicid	: 3
fpu		: yes
fpu_exception	: yes
cpuid level	: 13
wp		: yes
flags		: fpu vme de pse tsc msr pae mce cx8 apic sep mtrr pge mca cmov pat pse36 clflush dts acpi mmx fxsr sse sse2 ss ht tm pbe syscall nx pdpe1gb rdtscp lm constant_tsc arch_perfmon pebs bts rep_good nopl xtopology nonstop_tsc aperfmperf eagerfpu pni pclmulqdq dtes64 monitor ds_cpl vmx est tm2 ssse3 fma cx16 xtpr pdcm pcid sse4_1 sse4_2 movbe popcnt tsc_deadline_timer aes xsave avx f16c rdrand lahf_lm abm ida arat epb xsaveopt pln pts dtherm tpr_shadow vnmi flexpriority ept vpid fsgsbase tsc_adjust bmi1 avx2 smep bmi2 erms invpcid
bogomips	: 4788.88
clflush size	: 64
cache_alignment	: 64
address sizes	: 39 bits physical, 48 bits virtual
power management:

processor	: 6
vendor_id	: GenuineIntel
cpu family	: 6
model		: 60
model name	: Intel(R) Core(TM) i7-4700MQ CPU @ 2.40GHz
stepping	: 3
microcode	: 0x8
cpu MHz		: 2100.000
cache size	: 6144 KB
physical id	: 0
siblings	: 8
core id		: 2
cpu cores	: 4
apicid		: 5
initial apicid	: 5
fpu		: yes
fpu_exception	: yes
cpuid level	: 13
wp		: yes
flags		: fpu vme de pse tsc msr pae mce cx8 apic sep mtrr pge mca cmov pat pse36 clflush dts acpi mmx fxsr sse sse2 ss ht tm pbe syscall nx pdpe1gb rdtscp lm constant_tsc arch_perfmon pebs bts rep_good nopl xtopology nonstop_tsc aperfmperf eagerfpu pni pclmulqdq dtes64 monitor ds_cpl vmx est tm2 ssse3 fma cx16 xtpr pdcm pcid sse4_1 sse4_2 movbe popcnt tsc_deadline_timer aes xsave avx f16c rdrand lahf_lm abm ida arat epb xsaveopt pln pts dtherm tpr_shadow vnmi flexpriority ept vpid fsgsbase tsc_adjust bmi1 avx2 smep bmi2 erms invpcid
bogomips	: 4788.88
clflush size	: 64
cache_alignment	: 64
address sizes	: 39 bits physical, 48 bits virtual
power management:

processor	: 7
vendor_id	: GenuineIntel
cpu family	: 6
model		: 60
model name	: Intel(R) Core(TM) i7-4700MQ CPU @ 2.40GHz
stepping	: 3
microcode	: 0x8
cpu MHz		: 2401.000
cache size	: 6144 KB
physical id	: 0
siblings	: 8
core id		: 3
cpu cores	: 4
apicid		: 7
initial apicid	: 7
fpu		: yes
fpu_exception	: yes
cpuid level	: 13
wp		: yes
flags		: fpu vme de pse tsc msr pae mce cx8 apic sep mtrr pge mca cmov pat pse36 clflush dts acpi mmx fxsr sse sse2 ss ht tm pbe syscall nx pdpe1gb rdtscp lm constant_tsc arch_perfmon pebs bts rep_good nopl xtopology nonstop_tsc aperfmperf eagerfpu pni pclmulqdq dtes64 monitor ds_cpl vmx est tm2 ssse3 fma cx16 xtpr pdcm pcid sse4_1 sse4_2 movbe popcnt tsc_deadline_timer aes xsave avx f16c rdrand lahf_lm abm ida arat epb xsaveopt pln pts dtherm tpr_shadow vnmi flexpriority ept vpid fsgsbase tsc_adjust bmi1 avx2 smep bmi2 erms invpcid
bogomips	: 4788.88
clflush size	: 64
cache_alignment	: 64
address sizes	: 39 bits physical, 48 bits virtual
power management:



Memory: 4k page, physical 8086668k(4552648k free), swap 8389628k(8389628k free)

vm_info: OpenJDK 64-Bit Server VM (24.51-b03) for linux-amd64 JRE (1.7.0_55-b14), built on Apr 17 2014 20:08:07 by "buildd" with gcc 4.8.2

time: Mon May 26 17:52:23 2014
elapsed time: 1446 seconds

