#
# A fatal error has been detected by the Java Runtime Environment:
#
#  SIGSEGV (0xb) at pc=0x00007f81f105b2fa, pid=7737, tid=140194847524608
#
# JRE version: OpenJDK Runtime Environment (7.0_55-b14) (build 1.7.0_55-b14)
# Java VM: OpenJDK 64-Bit Server VM (24.51-b03 mixed mode linux-amd64 compressed oops)
# Problematic frame:
# v  ~BufferBlob::jni_fast_GetLongField
#
# Failed to write core dump. Core dumps have been disabled. To enable core dumping, try "ulimit -c unlimited" before starting Java again
#
# If you would like to submit a bug report, please include
# instructions on how to reproduce the bug and visit:
#   http://icedtea.classpath.org/bugzilla
# The crash happened outside the Java Virtual Machine in native code.
# See problematic frame for where to report the bug.
#

---------------  T H R E A D  ---------------

Current thread (0x00007f81f42c1800):  JavaThread "AWT-XAWT" daemon [_thread_in_native, id=7762, stack(0x00007f81a8060000,0x00007f81a8161000)]

siginfo:si_signo=SIGSEGV: si_errno=0, si_code=1 (SEGV_MAPERR), si_addr=0x0000000000000000

Registers:
RAX=0x00007f81fab36ec0, RBX=0x00007f81f42c19d8, RCX=0x00007f81fafad320, RDX=0x0000000000000042
RSP=0x00007f81a815f7f8, RBP=0x00007f81a815f820, RSI=0x0000000000000000, RDI=0x00007f81f42c19d8
R8 =0x0000000000000003, R9 =0x0000000000000000, R10=0x000000000000000a, R11=0x00007f81fa5e5830
R12=0x00007f8188010c20, R13=0x0000000000000000, R14=0x00007f81ab4ab4a0, R15=0x00007f81f42c1800
RIP=0x00007f81f105b2fa, EFLAGS=0x0000000000010246, CSGSFS=0x0000000000000033, ERR=0x0000000000000004
  TRAPNO=0x000000000000000e

Top of Stack: (sp=0x00007f81a815f7f8)
0x00007f81a815f7f8:   00007f81ab277564 000000077a8f27f8
0x00007f81a815f808:   00007f8188010c20 000000077a8f27f8
0x00007f81a815f818:   00007f81a815f908 0000000000000000
0x00007f81a815f828:   00007f81aad71ae8 000000077a8f27f8
0x00007f81a815f838:   00007f81a815f860 0000000000000000
0x00007f81a815f848:   00007f81aad699a3 000000077a8f27f8
0x00007f81a815f858:   00007f81ab26c09f 00007f81a815f8d0
0x00007f81a815f868:   00007f81f1012cd8 0000000000000000
0x00007f81a815f878:   0000000000000000 00007f81a815f8e0
0x00007f81a815f888:   00007f81f1006058 00007f81a815f890
0x00007f81a815f898:   0000000000000000 00007f81a815f908
0x00007f81a815f8a8:   000000077a8f8978 0000000000000000
0x00007f81a815f8b8:   000000077a8f27f8 0000000000000000
0x00007f81a815f8c8:   00007f81a815f8f0 00007f81a815f950
0x00007f81a815f8d8:   00007f81f1006350 00000007d706f008
0x00007f81a815f8e8:   00007f81f100ecc0 0000000000000000
0x00007f81a815f8f8:   00007f81a815f950 00007f8194000db0
0x00007f81a815f908:   00000007d70c83b8 00007f81a815f910
0x00007f81a815f918:   000000077a7ea09c 00007f81a815f998
0x00007f81a815f928:   000000077a7f6e80 000000077b0084b0
0x00007f81a815f938:   000000077a7ea230 00007f81a815f8f0
0x00007f81a815f948:   00007f81a815f990 00007f81a815f9e0
0x00007f81a815f958:   00007f81f1006058 0000000000000000
0x00007f81a815f968:   0000000000000000 0000000000000000
0x00007f81a815f978:   0000000000000000 0000000000000000
0x00007f81a815f988:   00000007d70c83b8 deaddeaf00000000
0x00007f81a815f998:   00000007d70704e0 00007f81a815f9a0
0x00007f81a815f9a8:   000000077a7e9e95 00007f81a815f9f0
0x00007f81a815f9b8:   000000077a7f6e80 0000000000000000
0x00007f81a815f9c8:   000000077a7e9eb0 00007f81a815f990
0x00007f81a815f9d8:   00007f81a815f9f0 00007f81a815fa38
0x00007f81a815f9e8:   00007f81f1006706 00000007d70704e0 

Instructions: (pc=0x00007f81f105b2fa)
0x00007f81f105b2da:   00 00 00 00 00 00 44 8b 15 fd 5e b0 09 4c 8b ce
0x00007f81f105b2ea:   41 f6 c2 01 0f 85 2e 00 00 00 4d 33 ca 4d 33 ca
0x00007f81f105b2fa:   4d 8b 09 4c 8b da 49 c1 eb 02 4b 8b 04 19 49 bb
0x00007f81f105b30a:   e4 11 b6 fa 81 7f 00 00 4c 33 d8 4c 33 d8 45 3b 

Register to memory mapping:

RAX=0x00007f81fab36ec0: <offset 0xd7dec0> in /usr/lib/jvm/java-7-openjdk-amd64/jre/lib/amd64/server/libjvm.so at 0x00007f81f9db9000
RBX=0x00007f81f42c19d8 is an unknown value
RCX=0x00007f81fafad320: <offset 0x219320> in /lib/x86_64-linux-gnu/libpthread.so.0 at 0x00007f81fad94000
RDX=0x0000000000000042 is an unknown value
RSP=0x00007f81a815f7f8 is pointing into the stack for thread: 0x00007f81f42c1800
RBP=0x00007f81a815f820 is pointing into the stack for thread: 0x00007f81f42c1800
RSI=0x0000000000000000 is an unknown value
RDI=0x00007f81f42c19d8 is an unknown value
R8 =0x0000000000000003 is an unknown value
R9 =0x0000000000000000 is an unknown value
R10=0x000000000000000a is an unknown value
R11=0x00007f81fa5e5830: <offset 0x82c830> in /usr/lib/jvm/java-7-openjdk-amd64/jre/lib/amd64/server/libjvm.so at 0x00007f81f9db9000
R12=0x00007f8188010c20 is an unknown value
R13=0x0000000000000000 is an unknown value
R14=0x00007f81ab4ab4a0: <offset 0x2544a0> in /usr/lib/jvm/java-7-openjdk-amd64/jre/lib/amd64/xawt/libmawt.so at 0x00007f81ab257000
R15=0x00007f81f42c1800 is a thread


Stack: [0x00007f81a8060000,0x00007f81a8161000],  sp=0x00007f81a815f7f8,  free space=1021k
Native frames: (J=compiled Java code, j=interpreted, Vv=VM code, C=native code)
v  ~BufferBlob::jni_fast_GetLongField

Java frames: (J=compiled Java code, j=interpreted, Vv=VM code)
j  sun.awt.X11.XlibWrapper.XFilterEvent(JJ)Z+0
j  sun.awt.X11.XToolkit.run(Z)V+300
j  sun.awt.X11.XToolkit.run()V+5
j  java.lang.Thread.run()V+11
v  ~StubRoutines::call_stub

---------------  P R O C E S S  ---------------

Java Threads: ( => current thread )
  0x00007f8188030000 JavaThread "TimerQueue" daemon [_thread_blocked, id=7767, stack(0x00007f819baa9000,0x00007f819bbaa000)]
  0x00007f81f400a800 JavaThread "DestroyJavaVM" [_thread_blocked, id=7743, stack(0x00007f81fb887000,0x00007f81fb988000)]
  0x00007f81f4333000 JavaThread "AWT-EventQueue-0" [_thread_blocked, id=7764, stack(0x00007f819bdfe000,0x00007f819beff000)]
  0x00007f81f4329000 JavaThread "AWT-Shutdown" [_thread_blocked, id=7763, stack(0x00007f819beff000,0x00007f819c000000)]
=>0x00007f81f42c1800 JavaThread "AWT-XAWT" daemon [_thread_in_native, id=7762, stack(0x00007f81a8060000,0x00007f81a8161000)]
  0x00007f81f42a5800 JavaThread "Java2D Disposer" daemon [_thread_blocked, id=7761, stack(0x00007f81c800b000,0x00007f81c810c000)]
  0x00007f81f40b0800 JavaThread "Service Thread" daemon [_thread_blocked, id=7758, stack(0x00007f81c9155000,0x00007f81c9256000)]
  0x00007f81f40ae000 JavaThread "C2 CompilerThread1" daemon [_thread_blocked, id=7757, stack(0x00007f81c9256000,0x00007f81c9357000)]
  0x00007f81f40ab800 JavaThread "C2 CompilerThread0" daemon [_thread_blocked, id=7756, stack(0x00007f81c9357000,0x00007f81c9458000)]
  0x00007f81f40a9000 JavaThread "Signal Dispatcher" daemon [_thread_blocked, id=7755, stack(0x00007f81c9458000,0x00007f81c9559000)]
  0x00007f81f4085000 JavaThread "Finalizer" daemon [_thread_blocked, id=7754, stack(0x00007f81c9c3c000,0x00007f81c9d3d000)]
  0x00007f81f4083000 JavaThread "Reference Handler" daemon [_thread_blocked, id=7753, stack(0x00007f81c9d3d000,0x00007f81c9e3e000)]

Other Threads:
  0x00007f81f407e800 VMThread [stack: 0x00007f81c9e3e000,0x00007f81c9f3f000] [id=7752]
  0x00007f81f40c3800 WatcherThread [stack: 0x00007f81c9054000,0x00007f81c9155000] [id=7759]

VM state:not at safepoint (normal execution)

VM Mutex/Monitor currently owned by a thread: None

Heap
 PSYoungGen      total 37376K, used 12910K [0x00000007d6d00000, 0x00000007d9680000, 0x0000000800000000)
  eden space 32256K, 40% used [0x00000007d6d00000,0x00000007d799bbe0,0x00000007d8c80000)
  from space 5120K, 0% used [0x00000007d9180000,0x00000007d9180000,0x00000007d9680000)
  to   space 5120K, 0% used [0x00000007d8c80000,0x00000007d8c80000,0x00000007d9180000)
 ParOldGen       total 83968K, used 0K [0x0000000784800000, 0x0000000789a00000, 0x00000007d6d00000)
  object space 83968K, 0% used [0x0000000784800000,0x0000000784800000,0x0000000789a00000)
 PSPermGen       total 21504K, used 14402K [0x000000077a200000, 0x000000077b700000, 0x0000000784800000)
  object space 21504K, 66% used [0x000000077a200000,0x000000077b010908,0x000000077b700000)

Card table byte_map: [0x00007f81f80dd000,0x00007f81f850d000] byte_map_base: 0x00007f81f450c000

Polling page: 0x00007f81fb9a9000

Code Cache  [0x00007f81f1000000, 0x00007f81f1270000, 0x00007f81f4000000)
 total_blobs=588 nmethods=90 adapters=451 free_code_cache=48424Kb largest_free_block=49538624

Compilation events (10 events):
Event: 1922,684 Thread 0x00007f81f40ab800 nmethod 84 0x00007f81f10a8e90 code [0x00007f81f10a8fe0, 0x00007f81f10a9178]
Event: 1922,687 Thread 0x00007f81f40ae000 nmethod 83 0x00007f81f10aaa90 code [0x00007f81f10aac00, 0x00007f81f10ab138]
Event: 1941,182 Thread 0x00007f81f40ab800   85             sun.awt.X11.XEvent::get_xany (22 bytes)
Event: 1941,182 Thread 0x00007f81f40ae000   86             sun.awt.X11.XAnyEvent::<init> (30 bytes)
Event: 1941,185 Thread 0x00007f81f40ae000 nmethod 86 0x00007f81f10a87d0 code [0x00007f81f10a8940, 0x00007f81f10a8b78]
Event: 1941,187 Thread 0x00007f81f40ab800 nmethod 85 0x00007f81f10a9e90 code [0x00007f81f10aa060, 0x00007f81f10aa490]
Event: 2787,941 Thread 0x00007f81f40ae000   88   !         sun.awt.X11.XToolkit::getNextTaskTime (55 bytes)
Event: 2787,949 Thread 0x00007f81f40ae000 nmethod 88 0x00007f81f10a6610 code [0x00007f81f10a67a0, 0x00007f81f10a6af0]
Event: 4267,981 Thread 0x00007f81f40ab800   90 % !         sun.awt.X11.XToolkit::run @ 59 (410 bytes)
Event: 4268,077 Thread 0x00007f81f40ab800 nmethod 90% 0x00007f81f10b4d10 code [0x00007f81f10b57a0, 0x00007f81f10ba000]

GC Heap History (0 events):
No events

Deoptimization events (6 events):
Event: 0,177 Thread 0x00007f81f400a800 Uncommon trap: reason=class_check action=maybe_recompile pc=0x00007f81f10687b0 method=java.util.Properties$LineReader.readLine()I @ 62
Event: 0,183 Thread 0x00007f81f400a800 Uncommon trap: reason=null_check action=make_not_entrant pc=0x00007f81f106e0d0 method=java.lang.String.equals(Ljava/lang/Object;)Z @ 8
Event: 0,229 Thread 0x00007f81f400a800 Uncommon trap: reason=class_check action=maybe_recompile pc=0x00007f81f10687b0 method=java.util.Properties$LineReader.readLine()I @ 62
Event: 0,318 Thread 0x00007f81f400a800 Uncommon trap: reason=class_check action=maybe_recompile pc=0x00007f81f10687b0 method=java.util.Properties$LineReader.readLine()I @ 62
Event: 0,318 Thread 0x00007f81f400a800 Uncommon trap: reason=class_check action=maybe_recompile pc=0x00007f81f10687b0 method=java.util.Properties$LineReader.readLine()I @ 62
Event: 7425,435 Thread 0x00007f81f42c1800 Uncommon trap: reason=class_check action=maybe_recompile pc=0x00007f81f10b94a0 method=sun.awt.X11.XToolkit.dispatchEvent(Lsun/awt/X11/XEvent;)V @ 159

Internal exceptions (10 events):
Event: 2,016 Thread 0x00007f81f4333000 Threw 0x00000007d7561608 at /build/buildd/openjdk-7-7u55-2.4.7/build/openjdk/hotspot/src/share/vm/prims/jvm.cpp:1244
Event: 2,017 Thread 0x00007f81f4333000 Threw 0x00000007d7565568 at /build/buildd/openjdk-7-7u55-2.4.7/build/openjdk/hotspot/src/share/vm/prims/jvm.cpp:1244
Event: 2,017 Thread 0x00007f81f4333000 Threw 0x00000007d7568658 at /build/buildd/openjdk-7-7u55-2.4.7/build/openjdk/hotspot/src/share/vm/prims/jvm.cpp:1244
Event: 2,018 Thread 0x00007f81f4333000 Threw 0x00000007d756c6b8 at /build/buildd/openjdk-7-7u55-2.4.7/build/openjdk/hotspot/src/share/vm/prims/jvm.cpp:1244
Event: 2,018 Thread 0x00007f81f4333000 Threw 0x00000007d75704b8 at /build/buildd/openjdk-7-7u55-2.4.7/build/openjdk/hotspot/src/share/vm/prims/jvm.cpp:1244
Event: 2,018 Thread 0x00007f81f4333000 Threw 0x00000007d75737b8 at /build/buildd/openjdk-7-7u55-2.4.7/build/openjdk/hotspot/src/share/vm/prims/jvm.cpp:1244
Event: 2,019 Thread 0x00007f81f4333000 Threw 0x00000007d7576410 at /build/buildd/openjdk-7-7u55-2.4.7/build/openjdk/hotspot/src/share/vm/prims/jvm.cpp:1244
Event: 2,019 Thread 0x00007f81f4333000 Threw 0x00000007d7579060 at /build/buildd/openjdk-7-7u55-2.4.7/build/openjdk/hotspot/src/share/vm/prims/jvm.cpp:1244
Event: 2,019 Thread 0x00007f81f4333000 Threw 0x00000007d757b858 at /build/buildd/openjdk-7-7u55-2.4.7/build/openjdk/hotspot/src/share/vm/prims/jvm.cpp:1244
Event: 2,125 Thread 0x00007f81f4333000 Threw 0x00000007d75ba288 at /build/buildd/openjdk-7-7u55-2.4.7/build/openjdk/hotspot/src/share/vm/prims/jni.cpp:743

Events (10 events):
Event: 7,080 loading class 0x00007f81b801ac40 done
Event: 7425,435 Thread 0x00007f81f42c1800 Uncommon trap: trap_request=0xffffffde fr.pc=0x00007f81f10b94a0
Event: 7425,435 Thread 0x00007f81f42c1800 DEOPT PACKING pc=0x00007f81f10b94a0 sp=0x00007f81a815f900
Event: 7425,435 Thread 0x00007f81f42c1800 DEOPT UNPACKING pc=0x00007f81f1039445 sp=0x00007f81a815f870 mode 2
Event: 7425,435 loading class 0x00007f81b8063510
Event: 7425,435 loading class 0x00007f81b8063510 done
Event: 7425,717 loading class 0x00007f81b803b4c0
Event: 7425,717 loading class 0x00007f81b803b4c0 done
Event: 7425,760 loading class 0x00007f81b803ac70
Event: 7425,760 loading class 0x00007f81b803ac70 done


Dynamic libraries:
00400000-00401000 r-xp 00000000 08:0c 6038082                            /usr/lib/jvm/java-7-openjdk-amd64/jre/bin/java
00600000-00601000 r--p 00000000 08:0c 6038082                            /usr/lib/jvm/java-7-openjdk-amd64/jre/bin/java
00601000-00602000 rw-p 00001000 08:0c 6038082                            /usr/lib/jvm/java-7-openjdk-amd64/jre/bin/java
006fa000-0071b000 rw-p 00000000 00:00 0                                  [heap]
77a200000-77b700000 rw-p 00000000 00:00 0 
77b700000-784800000 rw-p 00000000 00:00 0 
784800000-789a00000 rw-p 00000000 00:00 0 
789a00000-7d6d00000 rw-p 00000000 00:00 0 
7d6d00000-7d9680000 rw-p 00000000 00:00 0 
7d9680000-800000000 rw-p 00000000 00:00 0 
7f8188000000-7f818804c000 rw-p 00000000 00:00 0 
7f818804c000-7f818c000000 ---p 00000000 00:00 0 
7f818c000000-7f818c021000 rw-p 00000000 00:00 0 
7f818c021000-7f8190000000 ---p 00000000 00:00 0 
7f8190000000-7f8190021000 rw-p 00000000 00:00 0 
7f8190021000-7f8194000000 ---p 00000000 00:00 0 
7f8194000000-7f8194021000 rw-p 00000000 00:00 0 
7f8194021000-7f8198000000 ---p 00000000 00:00 0 
7f819baa9000-7f819baac000 ---p 00000000 00:00 0 
7f819baac000-7f819bbaa000 rw-p 00000000 00:00 0                          [stack:7767]
7f819bbaa000-7f819bbfb000 r-xp 00000000 08:0c 6038157                    /usr/lib/jvm/java-7-openjdk-amd64/jre/lib/amd64/libfontmanager.so
7f819bbfb000-7f819bdfa000 ---p 00051000 08:0c 6038157                    /usr/lib/jvm/java-7-openjdk-amd64/jre/lib/amd64/libfontmanager.so
7f819bdfa000-7f819bdfd000 r--p 00050000 08:0c 6038157                    /usr/lib/jvm/java-7-openjdk-amd64/jre/lib/amd64/libfontmanager.so
7f819bdfd000-7f819bdfe000 rw-p 00053000 08:0c 6038157                    /usr/lib/jvm/java-7-openjdk-amd64/jre/lib/amd64/libfontmanager.so
7f819bdfe000-7f819be01000 ---p 00000000 00:00 0 
7f819be01000-7f819beff000 rw-p 00000000 00:00 0                          [stack:7764]
7f819beff000-7f819bf02000 ---p 00000000 00:00 0 
7f819bf02000-7f819c000000 rw-p 00000000 00:00 0                          [stack:7763]
7f819c000000-7f819c021000 rw-p 00000000 00:00 0 
7f819c021000-7f81a0000000 ---p 00000000 00:00 0 
7f81a0070000-7f81a0074000 r-xp 00000000 08:0c 6295469                    /lib/x86_64-linux-gnu/libgpg-error.so.0.10.0
7f81a0074000-7f81a0273000 ---p 00004000 08:0c 6295469                    /lib/x86_64-linux-gnu/libgpg-error.so.0.10.0
7f81a0273000-7f81a0274000 r--p 00003000 08:0c 6295469                    /lib/x86_64-linux-gnu/libgpg-error.so.0.10.0
7f81a0274000-7f81a0275000 rw-p 00004000 08:0c 6295469                    /lib/x86_64-linux-gnu/libgpg-error.so.0.10.0
7f81a0275000-7f81a0277000 r-xp 00000000 08:0c 6295479                    /lib/x86_64-linux-gnu/libkeyutils.so.1.4
7f81a0277000-7f81a0477000 ---p 00002000 08:0c 6295479                    /lib/x86_64-linux-gnu/libkeyutils.so.1.4
7f81a0477000-7f81a0478000 r--p 00002000 08:0c 6295479                    /lib/x86_64-linux-gnu/libkeyutils.so.1.4
7f81a0478000-7f81a0479000 rw-p 00003000 08:0c 6295479                    /lib/x86_64-linux-gnu/libkeyutils.so.1.4
7f81a0479000-7f81a0493000 r-xp 00000000 08:0c 5906754                    /usr/lib/x86_64-linux-gnu/libgraphite2.so.3.0.1
7f81a0493000-7f81a0692000 ---p 0001a000 08:0c 5906754                    /usr/lib/x86_64-linux-gnu/libgraphite2.so.3.0.1
7f81a0692000-7f81a0694000 r--p 00019000 08:0c 5906754                    /usr/lib/x86_64-linux-gnu/libgraphite2.so.3.0.1
7f81a0694000-7f81a0695000 rw-p 0001b000 08:0c 5906754                    /usr/lib/x86_64-linux-gnu/libgraphite2.so.3.0.1
7f81a0695000-7f81a06d9000 r-xp 00000000 08:0c 6295450                    /lib/x86_64-linux-gnu/libdbus-1.so.3.7.6
7f81a06d9000-7f81a08d8000 ---p 00044000 08:0c 6295450                    /lib/x86_64-linux-gnu/libdbus-1.so.3.7.6
7f81a08d8000-7f81a08d9000 r--p 00043000 08:0c 6295450                    /lib/x86_64-linux-gnu/libdbus-1.so.3.7.6
7f81a08d9000-7f81a08da000 rw-p 00044000 08:0c 6295450                    /lib/x86_64-linux-gnu/libdbus-1.so.3.7.6
7f81a08da000-7f81a0915000 r-xp 00000000 08:0c 5907052                    /usr/lib/x86_64-linux-gnu/libp11-kit.so.0.0.0
7f81a0915000-7f81a0b14000 ---p 0003b000 08:0c 5907052                    /usr/lib/x86_64-linux-gnu/libp11-kit.so.0.0.0
7f81a0b14000-7f81a0b1a000 r--p 0003a000 08:0c 5907052                    /usr/lib/x86_64-linux-gnu/libp11-kit.so.0.0.0
7f81a0b1a000-7f81a0b1c000 rw-p 00040000 08:0c 5907052                    /usr/lib/x86_64-linux-gnu/libp11-kit.so.0.0.0
7f81a0b1c000-7f81a0b2e000 r-xp 00000000 08:0c 5907237                    /usr/lib/x86_64-linux-gnu/libtasn1.so.6.2.0
7f81a0b2e000-7f81a0d2e000 ---p 00012000 08:0c 5907237                    /usr/lib/x86_64-linux-gnu/libtasn1.so.6.2.0
7f81a0d2e000-7f81a0d2f000 r--p 00012000 08:0c 5907237                    /usr/lib/x86_64-linux-gnu/libtasn1.so.6.2.0
7f81a0d2f000-7f81a0d30000 rw-p 00013000 08:0c 5907237                    /usr/lib/x86_64-linux-gnu/libtasn1.so.6.2.0
7f81a0d30000-7f81a0dab000 r-xp 00000000 08:0c 6295465                    /lib/x86_64-linux-gnu/libgcrypt.so.11.8.2
7f81a0dab000-7f81a0fab000 ---p 0007b000 08:0c 6295465                    /lib/x86_64-linux-gnu/libgcrypt.so.11.8.2
7f81a0fab000-7f81a0fac000 r--p 0007b000 08:0c 6295465                    /lib/x86_64-linux-gnu/libgcrypt.so.11.8.2
7f81a0fac000-7f81a0faf000 rw-p 0007c000 08:0c 6295465                    /lib/x86_64-linux-gnu/libgcrypt.so.11.8.2
7f81a0faf000-7f81a0fb9000 r-xp 00000000 08:0c 5906935                    /usr/lib/x86_64-linux-gnu/libkrb5support.so.0.1
7f81a0fb9000-7f81a11b8000 ---p 0000a000 08:0c 5906935                    /usr/lib/x86_64-linux-gnu/libkrb5support.so.0.1
7f81a11b8000-7f81a11b9000 r--p 00009000 08:0c 5906935                    /usr/lib/x86_64-linux-gnu/libkrb5support.so.0.1
7f81a11b9000-7f81a11ba000 rw-p 0000a000 08:0c 5906935                    /usr/lib/x86_64-linux-gnu/libkrb5support.so.0.1
7f81a11ba000-7f81a11bd000 r-xp 00000000 08:0c 6295445                    /lib/x86_64-linux-gnu/libcom_err.so.2.1
7f81a11bd000-7f81a13bc000 ---p 00003000 08:0c 6295445                    /lib/x86_64-linux-gnu/libcom_err.so.2.1
7f81a13bc000-7f81a13bd000 r--p 00002000 08:0c 6295445                    /lib/x86_64-linux-gnu/libcom_err.so.2.1
7f81a13bd000-7f81a13be000 rw-p 00003000 08:0c 6295445                    /lib/x86_64-linux-gnu/libcom_err.so.2.1
7f81a13be000-7f81a13ea000 r-xp 00000000 08:0c 5906929                    /usr/lib/x86_64-linux-gnu/libk5crypto.so.3.1
7f81a13ea000-7f81a15e9000 ---p 0002c000 08:0c 5906929                    /usr/lib/x86_64-linux-gnu/libk5crypto.so.3.1
7f81a15e9000-7f81a15eb000 r--p 0002b000 08:0c 5906929                    /usr/lib/x86_64-linux-gnu/libk5crypto.so.3.1
7f81a15eb000-7f81a15ec000 rw-p 0002d000 08:0c 5906929                    /usr/lib/x86_64-linux-gnu/libk5crypto.so.3.1
7f81a15ec000-7f81a15ed000 rw-p 00000000 00:00 0 
7f81a15ed000-7f81a16a9000 r-xp 00000000 08:0c 5906933                    /usr/lib/x86_64-linux-gnu/libkrb5.so.3.3
7f81a16a9000-7f81a18a9000 ---p 000bc000 08:0c 5906933                    /usr/lib/x86_64-linux-gnu/libkrb5.so.3.3
7f81a18a9000-7f81a18b6000 r--p 000bc000 08:0c 5906933                    /usr/lib/x86_64-linux-gnu/libkrb5.so.3.3
7f81a18b6000-7f81a18b8000 rw-p 000c9000 08:0c 5906933                    /usr/lib/x86_64-linux-gnu/libkrb5.so.3.3
7f81a18b8000-7f81a18be000 r-xp 00000000 08:0c 5906528                    /usr/lib/x86_64-linux-gnu/libdatrie.so.1.3.1
7f81a18be000-7f81a1abd000 ---p 00006000 08:0c 5906528                    /usr/lib/x86_64-linux-gnu/libdatrie.so.1.3.1
7f81a1abd000-7f81a1abe000 r--p 00005000 08:0c 5906528                    /usr/lib/x86_64-linux-gnu/libdatrie.so.1.3.1
7f81a1abe000-7f81a1abf000 rw-p 00006000 08:0c 5906528                    /usr/lib/x86_64-linux-gnu/libdatrie.so.1.3.1
7f81a1abf000-7f81a1b12000 r-xp 00000000 08:0c 5906867                    /usr/lib/x86_64-linux-gnu/libharfbuzz.so.0.927.0
7f81a1b12000-7f81a1d12000 ---p 00053000 08:0c 5906867                    /usr/lib/x86_64-linux-gnu/libharfbuzz.so.0.927.0
7f81a1d12000-7f81a1d13000 r--p 00053000 08:0c 5906867                    /usr/lib/x86_64-linux-gnu/libharfbuzz.so.0.927.0
7f81a1d13000-7f81a1d14000 rw-p 00054000 08:0c 5906867                    /usr/lib/x86_64-linux-gnu/libharfbuzz.so.0.927.0
7f81a1d14000-7f81a1d1c000 r-xp 00000000 08:0c 5907379                    /usr/lib/x86_64-linux-gnu/libxcb-render.so.0.0.0
7f81a1d1c000-7f81a1f1b000 ---p 00008000 08:0c 5907379                    /usr/lib/x86_64-linux-gnu/libxcb-render.so.0.0.0
7f81a1f1b000-7f81a1f1c000 r--p 00007000 08:0c 5907379                    /usr/lib/x86_64-linux-gnu/libxcb-render.so.0.0.0
7f81a1f1c000-7f81a1f1d000 rw-p 00008000 08:0c 5907379                    /usr/lib/x86_64-linux-gnu/libxcb-render.so.0.0.0
7f81a1f1d000-7f81a1f1f000 r-xp 00000000 08:0c 5907383                    /usr/lib/x86_64-linux-gnu/libxcb-shm.so.0.0.0
7f81a1f1f000-7f81a211e000 ---p 00002000 08:0c 5907383                    /usr/lib/x86_64-linux-gnu/libxcb-shm.so.0.0.0
7f81a211e000-7f81a211f000 r--p 00001000 08:0c 5907383                    /usr/lib/x86_64-linux-gnu/libxcb-shm.so.0.0.0
7f81a211f000-7f81a2120000 rw-p 00002000 08:0c 5907383                    /usr/lib/x86_64-linux-gnu/libxcb-shm.so.0.0.0
7f81a2120000-7f81a2145000 r-xp 00000000 08:0c 6295551                    /lib/x86_64-linux-gnu/libpng12.so.0.50.0
7f81a2145000-7f81a2344000 ---p 00025000 08:0c 6295551                    /lib/x86_64-linux-gnu/libpng12.so.0.50.0
7f81a2344000-7f81a2345000 r--p 00024000 08:0c 6295551                    /lib/x86_64-linux-gnu/libpng12.so.0.50.0
7f81a2345000-7f81a2346000 rw-p 00025000 08:0c 6295551                    /lib/x86_64-linux-gnu/libpng12.so.0.50.0
7f81a2346000-7f81a23e7000 r-xp 00000000 08:0c 5907083                    /usr/lib/x86_64-linux-gnu/libpixman-1.so.0.30.2
7f81a23e7000-7f81a25e7000 ---p 000a1000 08:0c 5907083                    /usr/lib/x86_64-linux-gnu/libpixman-1.so.0.30.2
7f81a25e7000-7f81a25ee000 r--p 000a1000 08:0c 5907083                    /usr/lib/x86_64-linux-gnu/libpixman-1.so.0.30.2
7f81a25ee000-7f81a25ef000 rw-p 000a8000 08:0c 5907083                    /usr/lib/x86_64-linux-gnu/libpixman-1.so.0.30.2
7f81a25ef000-7f81a25f4000 r-xp 00000000 08:0c 5906336                    /usr/lib/x86_64-linux-gnu/libXdmcp.so.6.0.0
7f81a25f4000-7f81a27f3000 ---p 00005000 08:0c 5906336                    /usr/lib/x86_64-linux-gnu/libXdmcp.so.6.0.0
7f81a27f3000-7f81a27f4000 r--p 00004000 08:0c 5906336                    /usr/lib/x86_64-linux-gnu/libXdmcp.so.6.0.0
7f81a27f4000-7f81a27f5000 rw-p 00005000 08:0c 5906336                    /usr/lib/x86_64-linux-gnu/libXdmcp.so.6.0.0
7f81a27f5000-7f81a27f7000 r-xp 00000000 08:0c 5906325                    /usr/lib/x86_64-linux-gnu/libXau.so.6.0.0
7f81a27f7000-7f81a29f7000 ---p 00002000 08:0c 5906325                    /usr/lib/x86_64-linux-gnu/libXau.so.6.0.0
7f81a29f7000-7f81a29f8000 r--p 00002000 08:0c 5906325                    /usr/lib/x86_64-linux-gnu/libXau.so.6.0.0
7f81a29f8000-7f81a29f9000 rw-p 00003000 08:0c 5906325                    /usr/lib/x86_64-linux-gnu/libXau.so.6.0.0
7f81a29f9000-7f81a2a08000 r-xp 00000000 08:0c 5906429                    /usr/lib/x86_64-linux-gnu/libavahi-client.so.3.2.9
7f81a2a08000-7f81a2c08000 ---p 0000f000 08:0c 5906429                    /usr/lib/x86_64-linux-gnu/libavahi-client.so.3.2.9
7f81a2c08000-7f81a2c09000 r--p 0000f000 08:0c 5906429                    /usr/lib/x86_64-linux-gnu/libavahi-client.so.3.2.9
7f81a2c09000-7f81a2c0a000 rw-p 00010000 08:0c 5906429                    /usr/lib/x86_64-linux-gnu/libavahi-client.so.3.2.9
7f81a2c0a000-7f81a2c15000 r-xp 00000000 08:0c 5906431                    /usr/lib/x86_64-linux-gnu/libavahi-common.so.3.5.3
7f81a2c15000-7f81a2e14000 ---p 0000b000 08:0c 5906431                    /usr/lib/x86_64-linux-gnu/libavahi-common.so.3.5.3
7f81a2e14000-7f81a2e15000 r--p 0000a000 08:0c 5906431                    /usr/lib/x86_64-linux-gnu/libavahi-common.so.3.5.3
7f81a2e15000-7f81a2e16000 rw-p 0000b000 08:0c 5906431                    /usr/lib/x86_64-linux-gnu/libavahi-common.so.3.5.3
7f81a2e16000-7f81a2ecc000 r-xp 00000000 08:0c 5899072                    /usr/lib/x86_64-linux-gnu/libgnutls.so.26.22.6
7f81a2ecc000-7f81a30cc000 ---p 000b6000 08:0c 5899072                    /usr/lib/x86_64-linux-gnu/libgnutls.so.26.22.6
7f81a30cc000-7f81a30d2000 r--p 000b6000 08:0c 5899072                    /usr/lib/x86_64-linux-gnu/libgnutls.so.26.22.6
7f81a30d2000-7f81a30d3000 rw-p 000bc000 08:0c 5899072                    /usr/lib/x86_64-linux-gnu/libgnutls.so.26.22.6
7f81a30d3000-7f81a30d4000 rw-p 00000000 00:00 0 
7f81a30d4000-7f81a3117000 r-xp 00000000 08:0c 5906763                    /usr/lib/x86_64-linux-gnu/libgssapi_krb5.so.2.2
7f81a3117000-7f81a3317000 ---p 00043000 08:0c 5906763                    /usr/lib/x86_64-linux-gnu/libgssapi_krb5.so.2.2
7f81a3317000-7f81a3318000 r--p 00043000 08:0c 5906763                    /usr/lib/x86_64-linux-gnu/libgssapi_krb5.so.2.2
7f81a3318000-7f81a331a000 rw-p 00044000 08:0c 5906763                    /usr/lib/x86_64-linux-gnu/libgssapi_krb5.so.2.2
7f81a331a000-7f81a3341000 r-xp 00000000 08:0c 6295458                    /lib/x86_64-linux-gnu/libexpat.so.1.6.0
7f81a3341000-7f81a3541000 ---p 00027000 08:0c 6295458                    /lib/x86_64-linux-gnu/libexpat.so.1.6.0
7f81a3541000-7f81a3543000 r--p 00027000 08:0c 6295458                    /lib/x86_64-linux-gnu/libexpat.so.1.6.0
7f81a3543000-7f81a3544000 rw-p 00029000 08:0c 6295458                    /lib/x86_64-linux-gnu/libexpat.so.1.6.0
7f81a3544000-7f81a35e1000 r-xp 00000000 08:0c 5899445                    /usr/lib/x86_64-linux-gnu/libfreetype.so.6.11.1
7f81a35e1000-7f81a37e0000 ---p 0009d000 08:0c 5899445                    /usr/lib/x86_64-linux-gnu/libfreetype.so.6.11.1
7f81a37e0000-7f81a37e6000 r--p 0009c000 08:0c 5899445                    /usr/lib/x86_64-linux-gnu/libfreetype.so.6.11.1
7f81a37e6000-7f81a37e7000 rw-p 000a2000 08:0c 5899445                    /usr/lib/x86_64-linux-gnu/libfreetype.so.6.11.1
7f81a37e7000-7f81a37ef000 r-xp 00000000 08:0c 5907253                    /usr/lib/x86_64-linux-gnu/libthai.so.0.2.0
7f81a37ef000-7f81a39ee000 ---p 00008000 08:0c 5907253                    /usr/lib/x86_64-linux-gnu/libthai.so.0.2.0
7f81a39ee000-7f81a39ef000 r--p 00007000 08:0c 5907253                    /usr/lib/x86_64-linux-gnu/libthai.so.0.2.0
7f81a39ef000-7f81a39f0000 rw-p 00008000 08:0c 5907253                    /usr/lib/x86_64-linux-gnu/libthai.so.0.2.0
7f81a39f0000-7f81a39f2000 r-xp 00000000 08:0c 5906334                    /usr/lib/x86_64-linux-gnu/libXdamage.so.1.1.0
7f81a39f2000-7f81a3bf1000 ---p 00002000 08:0c 5906334                    /usr/lib/x86_64-linux-gnu/libXdamage.so.1.1.0
7f81a3bf1000-7f81a3bf2000 r--p 00001000 08:0c 5906334                    /usr/lib/x86_64-linux-gnu/libXdamage.so.1.1.0
7f81a3bf2000-7f81a3bf3000 rw-p 00002000 08:0c 5906334                    /usr/lib/x86_64-linux-gnu/libXdamage.so.1.1.0
7f81a3bf3000-7f81a3bf5000 r-xp 00000000 08:0c 5906330                    /usr/lib/x86_64-linux-gnu/libXcomposite.so.1.0.0
7f81a3bf5000-7f81a3df4000 ---p 00002000 08:0c 5906330                    /usr/lib/x86_64-linux-gnu/libXcomposite.so.1.0.0
7f81a3df4000-7f81a3df5000 r--p 00001000 08:0c 5906330                    /usr/lib/x86_64-linux-gnu/libXcomposite.so.1.0.0
7f81a3df5000-7f81a3df6000 rw-p 00002000 08:0c 5906330                    /usr/lib/x86_64-linux-gnu/libXcomposite.so.1.0.0
7f81a3df6000-7f81a3dff000 r-xp 00000000 08:0c 5906332                    /usr/lib/x86_64-linux-gnu/libXcursor.so.1.0.2
7f81a3dff000-7f81a3ffe000 ---p 00009000 08:0c 5906332                    /usr/lib/x86_64-linux-gnu/libXcursor.so.1.0.2
7f81a3ffe000-7f81a3fff000 r--p 00008000 08:0c 5906332                    /usr/lib/x86_64-linux-gnu/libXcursor.so.1.0.2
7f81a3fff000-7f81a4000000 rw-p 00009000 08:0c 5906332                    /usr/lib/x86_64-linux-gnu/libXcursor.so.1.0.2
7f81a4000000-7f81a4021000 rw-p 00000000 00:00 0 
7f81a4021000-7f81a8000000 ---p 00000000 00:00 0 
7f81a8060000-7f81a8063000 ---p 00000000 00:00 0 
7f81a8063000-7f81a8161000 rw-p 00000000 00:00 0                          [stack:7762]
7f81a8161000-7f81a816a000 r-xp 00000000 08:0c 5906358                    /usr/lib/x86_64-linux-gnu/libXrandr.so.2.2.0
7f81a816a000-7f81a8369000 ---p 00009000 08:0c 5906358                    /usr/lib/x86_64-linux-gnu/libXrandr.so.2.2.0
7f81a8369000-7f81a836a000 r--p 00008000 08:0c 5906358                    /usr/lib/x86_64-linux-gnu/libXrandr.so.2.2.0
7f81a836a000-7f81a836b000 rw-p 00009000 08:0c 5906358                    /usr/lib/x86_64-linux-gnu/libXrandr.so.2.2.0
7f81a836b000-7f81a836d000 r-xp 00000000 08:0c 5906348                    /usr/lib/x86_64-linux-gnu/libXinerama.so.1.0.0
7f81a836d000-7f81a856c000 ---p 00002000 08:0c 5906348                    /usr/lib/x86_64-linux-gnu/libXinerama.so.1.0.0
7f81a856c000-7f81a856d000 r--p 00001000 08:0c 5906348                    /usr/lib/x86_64-linux-gnu/libXinerama.so.1.0.0
7f81a856d000-7f81a856e000 rw-p 00002000 08:0c 5906348                    /usr/lib/x86_64-linux-gnu/libXinerama.so.1.0.0
7f81a856e000-7f81a8582000 r-xp 00000000 08:0c 5907064                    /usr/lib/x86_64-linux-gnu/libpangoft2-1.0.so.0.3600.3
7f81a8582000-7f81a8781000 ---p 00014000 08:0c 5907064                    /usr/lib/x86_64-linux-gnu/libpangoft2-1.0.so.0.3600.3
7f81a8781000-7f81a8782000 r--p 00013000 08:0c 5907064                    /usr/lib/x86_64-linux-gnu/libpangoft2-1.0.so.0.3600.3
7f81a8782000-7f81a8783000 rw-p 00014000 08:0c 5907064                    /usr/lib/x86_64-linux-gnu/libpangoft2-1.0.so.0.3600.3
7f81a8783000-7f81a8889000 r-xp 00000000 08:0c 5906456                    /usr/lib/x86_64-linux-gnu/libcairo.so.2.11301.0
7f81a8889000-7f81a8a88000 ---p 00106000 08:0c 5906456                    /usr/lib/x86_64-linux-gnu/libcairo.so.2.11301.0
7f81a8a88000-7f81a8a8b000 r--p 00105000 08:0c 5906456                    /usr/lib/x86_64-linux-gnu/libcairo.so.2.11301.0
7f81a8a8b000-7f81a8a8c000 rw-p 00108000 08:0c 5906456                    /usr/lib/x86_64-linux-gnu/libcairo.so.2.11301.0
7f81a8a8c000-7f81a8a8e000 rw-p 00000000 00:00 0 
7f81a8a8e000-7f81a8aad000 r-xp 00000000 08:0c 5906417                    /usr/lib/x86_64-linux-gnu/libatk-1.0.so.0.21009.1
7f81a8aad000-7f81a8cad000 ---p 0001f000 08:0c 5906417                    /usr/lib/x86_64-linux-gnu/libatk-1.0.so.0.21009.1
7f81a8cad000-7f81a8caf000 r--p 0001f000 08:0c 5906417                    /usr/lib/x86_64-linux-gnu/libatk-1.0.so.0.21009.1
7f81a8caf000-7f81a8cb0000 rw-p 00021000 08:0c 5906417                    /usr/lib/x86_64-linux-gnu/libatk-1.0.so.0.21009.1
7f81a8cb0000-7f81a8cb5000 r-xp 00000000 08:0c 5906340                    /usr/lib/x86_64-linux-gnu/libXfixes.so.3.1.0
7f81a8cb5000-7f81a8eb4000 ---p 00005000 08:0c 5906340                    /usr/lib/x86_64-linux-gnu/libXfixes.so.3.1.0
7f81a8eb4000-7f81a8eb5000 r--p 00004000 08:0c 5906340                    /usr/lib/x86_64-linux-gnu/libXfixes.so.3.1.0
7f81a8eb5000-7f81a8eb6000 rw-p 00005000 08:0c 5906340                    /usr/lib/x86_64-linux-gnu/libXfixes.so.3.1.0
7f81a8eb6000-7f81a8ec1000 r-xp 00000000 08:0c 5907062                    /usr/lib/x86_64-linux-gnu/libpangocairo-1.0.so.0.3600.3
7f81a8ec1000-7f81a90c1000 ---p 0000b000 08:0c 5907062                    /usr/lib/x86_64-linux-gnu/libpangocairo-1.0.so.0.3600.3
7f81a90c1000-7f81a90c2000 r--p 0000b000 08:0c 5907062                    /usr/lib/x86_64-linux-gnu/libpangocairo-1.0.so.0.3600.3
7f81a90c2000-7f81a90c3000 rw-p 0000c000 08:0c 5907062                    /usr/lib/x86_64-linux-gnu/libpangocairo-1.0.so.0.3600.3
7f81a90c3000-7f81a90e0000 r-xp 00000000 08:0c 5907393                    /usr/lib/x86_64-linux-gnu/libxcb.so.1.1.0
7f81a90e0000-7f81a92e0000 ---p 0001d000 08:0c 5907393                    /usr/lib/x86_64-linux-gnu/libxcb.so.1.1.0
7f81a92e0000-7f81a92e1000 r--p 0001d000 08:0c 5907393                    /usr/lib/x86_64-linux-gnu/libxcb.so.1.1.0
7f81a92e1000-7f81a92e2000 rw-p 0001e000 08:0c 5907393                    /usr/lib/x86_64-linux-gnu/libxcb.so.1.1.0
7f81a92e2000-7f81a934e000 r-xp 00000000 08:0c 5906514                    /usr/lib/x86_64-linux-gnu/libcups.so.2
7f81a934e000-7f81a954e000 ---p 0006c000 08:0c 5906514                    /usr/lib/x86_64-linux-gnu/libcups.so.2
7f81a954e000-7f81a9555000 r--p 0006c000 08:0c 5906514                    /usr/lib/x86_64-linux-gnu/libcups.so.2
7f81a9555000-7f81a9556000 rw-p 00073000 08:0c 5906514                    /usr/lib/x86_64-linux-gnu/libcups.so.2
7f81a9556000-7f81a9557000 r-xp 00000000 08:0c 5906843                    /usr/lib/x86_64-linux-gnu/libgthread-2.0.so.0.4000.0
7f81a9557000-7f81a9756000 ---p 00001000 08:0c 5906843                    /usr/lib/x86_64-linux-gnu/libgthread-2.0.so.0.4000.0
7f81a9756000-7f81a9757000 r--p 00000000 08:0c 5906843                    /usr/lib/x86_64-linux-gnu/libgthread-2.0.so.0.4000.0
7f81a9757000-7f81a9758000 rw-p 00001000 08:0c 5906843                    /usr/lib/x86_64-linux-gnu/libgthread-2.0.so.0.4000.0
7f81a9758000-7f81a9792000 r-xp 00000000 08:0c 5906617                    /usr/lib/x86_64-linux-gnu/libfontconfig.so.1.8.0
7f81a9792000-7f81a9991000 ---p 0003a000 08:0c 5906617                    /usr/lib/x86_64-linux-gnu/libfontconfig.so.1.8.0
7f81a9991000-7f81a9993000 r--p 00039000 08:0c 5906617                    /usr/lib/x86_64-linux-gnu/libfontconfig.so.1.8.0
7f81a9993000-7f81a9994000 rw-p 0003b000 08:0c 5906617                    /usr/lib/x86_64-linux-gnu/libfontconfig.so.1.8.0
7f81a9994000-7f81a99de000 r-xp 00000000 08:0c 5907060                    /usr/lib/x86_64-linux-gnu/libpango-1.0.so.0.3600.3
7f81a99de000-7f81a9bde000 ---p 0004a000 08:0c 5907060                    /usr/lib/x86_64-linux-gnu/libpango-1.0.so.0.3600.3
7f81a9bde000-7f81a9be0000 r--p 0004a000 08:0c 5907060                    /usr/lib/x86_64-linux-gnu/libpango-1.0.so.0.3600.3
7f81a9be0000-7f81a9be1000 rw-p 0004c000 08:0c 5907060                    /usr/lib/x86_64-linux-gnu/libpango-1.0.so.0.3600.3
7f81a9be1000-7f81a9c00000 r-xp 00000000 08:0c 5906682                    /usr/lib/x86_64-linux-gnu/libgdk_pixbuf-2.0.so.0.3000.7
7f81a9c00000-7f81a9e00000 ---p 0001f000 08:0c 5906682                    /usr/lib/x86_64-linux-gnu/libgdk_pixbuf-2.0.so.0.3000.7
7f81a9e00000-7f81a9e01000 r--p 0001f000 08:0c 5906682                    /usr/lib/x86_64-linux-gnu/libgdk_pixbuf-2.0.so.0.3000.7
7f81a9e01000-7f81a9e02000 rw-p 00020000 08:0c 5906682                    /usr/lib/x86_64-linux-gnu/libgdk_pixbuf-2.0.so.0.3000.7
7f81a9e02000-7f81a9eaf000 r-xp 00000000 08:0c 5900288                    /usr/lib/x86_64-linux-gnu/libgdk-x11-2.0.so.0.2400.23
7f81a9eaf000-7f81aa0ae000 ---p 000ad000 08:0c 5900288                    /usr/lib/x86_64-linux-gnu/libgdk-x11-2.0.so.0.2400.23
7f81aa0ae000-7f81aa0b2000 r--p 000ac000 08:0c 5900288                    /usr/lib/x86_64-linux-gnu/libgdk-x11-2.0.so.0.2400.23
7f81aa0b2000-7f81aa0b4000 rw-p 000b0000 08:0c 5900288                    /usr/lib/x86_64-linux-gnu/libgdk-x11-2.0.so.0.2400.23
7f81aa0b4000-7f81aa4e3000 r-xp 00000000 08:0c 5899952                    /usr/lib/x86_64-linux-gnu/libgtk-x11-2.0.so.0.2400.23
7f81aa4e3000-7f81aa6e2000 ---p 0042f000 08:0c 5899952                    /usr/lib/x86_64-linux-gnu/libgtk-x11-2.0.so.0.2400.23
7f81aa6e2000-7f81aa6e9000 r--p 0042e000 08:0c 5899952                    /usr/lib/x86_64-linux-gnu/libgtk-x11-2.0.so.0.2400.23
7f81aa6e9000-7f81aa6ed000 rw-p 00435000 08:0c 5899952                    /usr/lib/x86_64-linux-gnu/libgtk-x11-2.0.so.0.2400.23
7f81aa6ed000-7f81aa6f0000 rw-p 00000000 00:00 0 
7f81aa6f0000-7f81aa6ff000 r-xp 00000000 08:0c 5906346                    /usr/lib/x86_64-linux-gnu/libXi.so.6.1.0
7f81aa6ff000-7f81aa8fe000 ---p 0000f000 08:0c 5906346                    /usr/lib/x86_64-linux-gnu/libXi.so.6.1.0
7f81aa8fe000-7f81aa8ff000 r--p 0000e000 08:0c 5906346                    /usr/lib/x86_64-linux-gnu/libXi.so.6.1.0
7f81aa8ff000-7f81aa900000 rw-p 0000f000 08:0c 5906346                    /usr/lib/x86_64-linux-gnu/libXi.so.6.1.0
7f81aa900000-7f81aa905000 r-xp 00000000 08:0c 5906366                    /usr/lib/x86_64-linux-gnu/libXtst.so.6.1.0
7f81aa905000-7f81aab04000 ---p 00005000 08:0c 5906366                    /usr/lib/x86_64-linux-gnu/libXtst.so.6.1.0
7f81aab04000-7f81aab05000 r--p 00004000 08:0c 5906366                    /usr/lib/x86_64-linux-gnu/libXtst.so.6.1.0
7f81aab05000-7f81aab06000 rw-p 00005000 08:0c 5906366                    /usr/lib/x86_64-linux-gnu/libXtst.so.6.1.0
7f81aab06000-7f81aab0f000 r-xp 00000000 08:0c 5906360                    /usr/lib/x86_64-linux-gnu/libXrender.so.1.3.0
7f81aab0f000-7f81aad0e000 ---p 00009000 08:0c 5906360                    /usr/lib/x86_64-linux-gnu/libXrender.so.1.3.0
7f81aad0e000-7f81aad0f000 r--p 00008000 08:0c 5906360                    /usr/lib/x86_64-linux-gnu/libXrender.so.1.3.0
7f81aad0f000-7f81aad10000 rw-p 00009000 08:0c 5906360                    /usr/lib/x86_64-linux-gnu/libXrender.so.1.3.0
7f81aad10000-7f81aae40000 r-xp 00000000 08:0c 5906321                    /usr/lib/x86_64-linux-gnu/libX11.so.6.3.0
7f81aae40000-7f81ab040000 ---p 00130000 08:0c 5906321                    /usr/lib/x86_64-linux-gnu/libX11.so.6.3.0
7f81ab040000-7f81ab041000 r--p 00130000 08:0c 5906321                    /usr/lib/x86_64-linux-gnu/libX11.so.6.3.0
7f81ab041000-7f81ab045000 rw-p 00131000 08:0c 5906321                    /usr/lib/x86_64-linux-gnu/libX11.so.6.3.0
7f81ab045000-7f81ab056000 r-xp 00000000 08:0c 5906338                    /usr/lib/x86_64-linux-gnu/libXext.so.6.4.0
7f81ab056000-7f81ab255000 ---p 00011000 08:0c 5906338                    /usr/lib/x86_64-linux-gnu/libXext.so.6.4.0
7f81ab255000-7f81ab256000 r--p 00010000 08:0c 5906338                    /usr/lib/x86_64-linux-gnu/libXext.so.6.4.0
7f81ab256000-7f81ab257000 rw-p 00011000 08:0c 5906338                    /usr/lib/x86_64-linux-gnu/libXext.so.6.4.0
7f81ab257000-7f81ab2a8000 r-xp 00000000 08:0c 6038063                    /usr/lib/jvm/java-7-openjdk-amd64/jre/lib/amd64/xawt/libmawt.so
7f81ab2a8000-7f81ab4a7000 ---p 00051000 08:0c 6038063                    /usr/lib/jvm/java-7-openjdk-amd64/jre/lib/amd64/xawt/libmawt.so
7f81ab4a7000-7f81ab4a8000 r--p 00050000 08:0c 6038063                    /usr/lib/jvm/java-7-openjdk-amd64/jre/lib/amd64/xawt/libmawt.so
7f81ab4a8000-7f81ab4ab000 rw-p 00051000 08:0c 6038063                    /usr/lib/jvm/java-7-openjdk-amd64/jre/lib/amd64/xawt/libmawt.so
7f81ab4ab000-7f81ab4ac000 rw-p 00000000 00:00 0 
7f81ab4ac000-7f81ab54c000 r-xp 00000000 08:0c 6038150                    /usr/lib/jvm/java-7-openjdk-amd64/jre/lib/amd64/libawt.so
7f81ab54c000-7f81ab74b000 ---p 000a0000 08:0c 6038150                    /usr/lib/jvm/java-7-openjdk-amd64/jre/lib/amd64/libawt.so
7f81ab74b000-7f81ab74c000 r--p 0009f000 08:0c 6038150                    /usr/lib/jvm/java-7-openjdk-amd64/jre/lib/amd64/libawt.so
7f81ab74c000-7f81ab757000 rw-p 000a0000 08:0c 6038150                    /usr/lib/jvm/java-7-openjdk-amd64/jre/lib/amd64/libawt.so
7f81ab757000-7f81ab77c000 rw-p 00000000 00:00 0 
7f81ab77c000-7f81ab7b9000 r-xp 00000000 08:0c 6295539                    /lib/x86_64-linux-gnu/libpcre.so.3.13.1
7f81ab7b9000-7f81ab9b8000 ---p 0003d000 08:0c 6295539                    /lib/x86_64-linux-gnu/libpcre.so.3.13.1
7f81ab9b8000-7f81ab9b9000 r--p 0003c000 08:0c 6295539                    /lib/x86_64-linux-gnu/libpcre.so.3.13.1
7f81ab9b9000-7f81ab9ba000 rw-p 0003d000 08:0c 6295539                    /lib/x86_64-linux-gnu/libpcre.so.3.13.1
7f81ab9ba000-7f81ab9c1000 r-xp 00000000 08:0c 5906603                    /usr/lib/x86_64-linux-gnu/libffi.so.6.0.1
7f81ab9c1000-7f81abbc0000 ---p 00007000 08:0c 5906603                    /usr/lib/x86_64-linux-gnu/libffi.so.6.0.1
7f81abbc0000-7f81abbc1000 r--p 00006000 08:0c 5906603                    /usr/lib/x86_64-linux-gnu/libffi.so.6.0.1
7f81abbc1000-7f81abbc2000 rw-p 00007000 08:0c 5906603                    /usr/lib/x86_64-linux-gnu/libffi.so.6.0.1
7f81abbc2000-7f81abbd9000 r-xp 00000000 08:0c 6295562                    /lib/x86_64-linux-gnu/libresolv-2.19.so
7f81abbd9000-7f81abdd9000 ---p 00017000 08:0c 6295562                    /lib/x86_64-linux-gnu/libresolv-2.19.so
7f81abdd9000-7f81abdda000 r--p 00017000 08:0c 6295562                    /lib/x86_64-linux-gnu/libresolv-2.19.so
7f81abdda000-7f81abddb000 rw-p 00018000 08:0c 6295562                    /lib/x86_64-linux-gnu/libresolv-2.19.so
7f81abddb000-7f81abddd000 rw-p 00000000 00:00 0 
7f81abddd000-7f81abdfd000 r-xp 00000000 08:0c 6292666                    /lib/x86_64-linux-gnu/libselinux.so.1
7f81abdfd000-7f81abffc000 ---p 00020000 08:0c 6292666                    /lib/x86_64-linux-gnu/libselinux.so.1
7f81abffc000-7f81abffd000 r--p 0001f000 08:0c 6292666                    /lib/x86_64-linux-gnu/libselinux.so.1
7f81abffd000-7f81abffe000 rw-p 00020000 08:0c 6292666                    /lib/x86_64-linux-gnu/libselinux.so.1
7f81abffe000-7f81ac000000 rw-p 00000000 00:00 0 
7f81ac000000-7f81ac1c4000 rw-p 00000000 00:00 0 
7f81ac1c4000-7f81b0000000 ---p 00000000 00:00 0 
7f81b0000000-7f81b0021000 rw-p 00000000 00:00 0 
7f81b0021000-7f81b4000000 ---p 00000000 00:00 0 
7f81b4000000-7f81b4021000 rw-p 00000000 00:00 0 
7f81b4021000-7f81b8000000 ---p 00000000 00:00 0 
7f81b8000000-7f81b8c5a000 rw-p 00000000 00:00 0 
7f81b8c5a000-7f81bc000000 ---p 00000000 00:00 0 
7f81bc000000-7f81bc021000 rw-p 00000000 00:00 0 
7f81bc021000-7f81c0000000 ---p 00000000 00:00 0 
7f81c0000000-7f81c0021000 rw-p 00000000 00:00 0 
7f81c0021000-7f81c4000000 ---p 00000000 00:00 0 
7f81c4000000-7f81c4021000 rw-p 00000000 00:00 0 
7f81c4021000-7f81c8000000 ---p 00000000 00:00 0 
7f81c800b000-7f81c800e000 ---p 00000000 00:00 0 
7f81c800e000-7f81c813d000 rw-p 00000000 00:00 0                          [stack:7761]
7f81c813d000-7f81c8140000 r-xp 00000000 08:0c 5906720                    /usr/lib/x86_64-linux-gnu/libgmodule-2.0.so.0.4000.0
7f81c8140000-7f81c833f000 ---p 00003000 08:0c 5906720                    /usr/lib/x86_64-linux-gnu/libgmodule-2.0.so.0.4000.0
7f81c833f000-7f81c8340000 r--p 00002000 08:0c 5906720                    /usr/lib/x86_64-linux-gnu/libgmodule-2.0.so.0.4000.0
7f81c8340000-7f81c8341000 rw-p 00003000 08:0c 5906720                    /usr/lib/x86_64-linux-gnu/libgmodule-2.0.so.0.4000.0
7f81c8341000-7f81c8447000 r-xp 00000000 08:0c 6295467                    /lib/x86_64-linux-gnu/libglib-2.0.so.0.4000.0
7f81c8447000-7f81c8646000 ---p 00106000 08:0c 6295467                    /lib/x86_64-linux-gnu/libglib-2.0.so.0.4000.0
7f81c8646000-7f81c8647000 r--p 00105000 08:0c 6295467                    /lib/x86_64-linux-gnu/libglib-2.0.so.0.4000.0
7f81c8647000-7f81c8648000 rw-p 00106000 08:0c 6295467                    /lib/x86_64-linux-gnu/libglib-2.0.so.0.4000.0
7f81c8648000-7f81c8649000 rw-p 00000000 00:00 0 
7f81c8649000-7f81c8698000 r-xp 00000000 08:0c 5906736                    /usr/lib/x86_64-linux-gnu/libgobject-2.0.so.0.4000.0
7f81c8698000-7f81c8898000 ---p 0004f000 08:0c 5906736                    /usr/lib/x86_64-linux-gnu/libgobject-2.0.so.0.4000.0
7f81c8898000-7f81c8899000 r--p 0004f000 08:0c 5906736                    /usr/lib/x86_64-linux-gnu/libgobject-2.0.so.0.4000.0
7f81c8899000-7f81c889a000 rw-p 00050000 08:0c 5906736                    /usr/lib/x86_64-linux-gnu/libgobject-2.0.so.0.4000.0
7f81c889a000-7f81c8a05000 r-xp 00000000 08:0c 5906706                    /usr/lib/x86_64-linux-gnu/libgio-2.0.so.0.4000.0
7f81c8a05000-7f81c8c05000 ---p 0016b000 08:0c 5906706                    /usr/lib/x86_64-linux-gnu/libgio-2.0.so.0.4000.0
7f81c8c05000-7f81c8c09000 r--p 0016b000 08:0c 5906706                    /usr/lib/x86_64-linux-gnu/libgio-2.0.so.0.4000.0
7f81c8c09000-7f81c8c0b000 rw-p 0016f000 08:0c 5906706                    /usr/lib/x86_64-linux-gnu/libgio-2.0.so.0.4000.0
7f81c8c0b000-7f81c8c0d000 rw-p 00000000 00:00 0 
7f81c8c21000-7f81c8c2a000 r--s 000b9000 08:0c 6038099                    /usr/lib/jvm/java-7-openjdk-amd64/jre/lib/resources.jar
7f81c8c2a000-7f81c8c40000 r-xp 00000000 08:0c 6038134                    /usr/lib/jvm/java-7-openjdk-amd64/jre/lib/amd64/libnet.so
7f81c8c40000-7f81c8e40000 ---p 00016000 08:0c 6038134                    /usr/lib/jvm/java-7-openjdk-amd64/jre/lib/amd64/libnet.so
7f81c8e40000-7f81c8e41000 r--p 00016000 08:0c 6038134                    /usr/lib/jvm/java-7-openjdk-amd64/jre/lib/amd64/libnet.so
7f81c8e41000-7f81c8e42000 rw-p 00017000 08:0c 6038134                    /usr/lib/jvm/java-7-openjdk-amd64/jre/lib/amd64/libnet.so
7f81c8e42000-7f81c8e52000 r-xp 00000000 08:0c 6038142                    /usr/lib/jvm/java-7-openjdk-amd64/jre/lib/amd64/libnio.so
7f81c8e52000-7f81c9052000 ---p 00010000 08:0c 6038142                    /usr/lib/jvm/java-7-openjdk-amd64/jre/lib/amd64/libnio.so
7f81c9052000-7f81c9053000 r--p 00010000 08:0c 6038142                    /usr/lib/jvm/java-7-openjdk-amd64/jre/lib/amd64/libnio.so
7f81c9053000-7f81c9054000 rw-p 00011000 08:0c 6038142                    /usr/lib/jvm/java-7-openjdk-amd64/jre/lib/amd64/libnio.so
7f81c9054000-7f81c9055000 ---p 00000000 00:00 0 
7f81c9055000-7f81c9155000 rw-p 00000000 00:00 0                          [stack:7759]
7f81c9155000-7f81c9158000 ---p 00000000 00:00 0 
7f81c9158000-7f81c9256000 rw-p 00000000 00:00 0                          [stack:7758]
7f81c9256000-7f81c9259000 ---p 00000000 00:00 0 
7f81c9259000-7f81c9357000 rw-p 00000000 00:00 0                          [stack:7757]
7f81c9357000-7f81c935a000 ---p 00000000 00:00 0 
7f81c935a000-7f81c9458000 rw-p 00000000 00:00 0                          [stack:7756]
7f81c9458000-7f81c945b000 ---p 00000000 00:00 0 
7f81c945b000-7f81c9559000 rw-p 00000000 00:00 0                          [stack:7755]
7f81c9559000-7f81c9c3c000 r--p 00000000 08:0c 5905319                    /usr/lib/locale/locale-archive
7f81c9c3c000-7f81c9c3f000 ---p 00000000 00:00 0 
7f81c9c3f000-7f81c9d3d000 rw-p 00000000 00:00 0                          [stack:7754]
7f81c9d3d000-7f81c9d40000 ---p 00000000 00:00 0 
7f81c9d40000-7f81c9e3e000 rw-p 00000000 00:00 0                          [stack:7753]
7f81c9e3e000-7f81c9e3f000 ---p 00000000 00:00 0 
7f81c9e3f000-7f81cbb62000 rw-p 00000000 00:00 0                          [stack:7752]
7f81cbb62000-7f81cbd10000 r--s 01cfc000 08:0c 6038089                    /usr/lib/jvm/java-7-openjdk-amd64/jre/lib/rt.jar
7f81cbd10000-7f81d0000000 rw-p 00000000 00:00 0 
7f81d0000000-7f81d0021000 rw-p 00000000 00:00 0 
7f81d0021000-7f81d4000000 ---p 00000000 00:00 0 
7f81d4000000-7f81d4021000 rw-p 00000000 00:00 0 
7f81d4021000-7f81d8000000 ---p 00000000 00:00 0 
7f81d8000000-7f81d8021000 rw-p 00000000 00:00 0 
7f81d8021000-7f81dc000000 ---p 00000000 00:00 0 
7f81dc000000-7f81dc021000 rw-p 00000000 00:00 0 
7f81dc021000-7f81e0000000 ---p 00000000 00:00 0 
7f81e0000000-7f81e0021000 rw-p 00000000 00:00 0 
7f81e0021000-7f81e4000000 ---p 00000000 00:00 0 
7f81e4000000-7f81e4021000 rw-p 00000000 00:00 0 
7f81e4021000-7f81e8000000 ---p 00000000 00:00 0 
7f81e8000000-7f81e8021000 rw-p 00000000 00:00 0 
7f81e8021000-7f81ec000000 ---p 00000000 00:00 0 
7f81ec000000-7f81ec021000 rw-p 00000000 00:00 0 
7f81ec021000-7f81f0000000 ---p 00000000 00:00 0 
7f81f0001000-7f81f0002000 r--p 00000000 08:0c 7363661                    /usr/share/locale-langpack/en_GB/LC_MESSAGES/libc.mo
7f81f0002000-7f81f0009000 r--s 0009e000 08:08 2405582                    /home/ruioliveira/Downloads/jgoodies-binding-2.10.0/jgoodies-binding-2.10.0-javadoc.jar
7f81f0009000-7f81f000c000 r--s 0003d000 08:08 2405583                    /home/ruioliveira/Downloads/jgoodies-binding-2.10.0/jgoodies-binding-2.10.0-sources.jar
7f81f000c000-7f81f000f000 r--s 00020000 08:08 2405584                    /home/ruioliveira/Downloads/jgoodies-binding-2.10.0/jgoodies-binding-2.10.0-tests.jar
7f81f000f000-7f81f0015000 r--s 0002b000 08:08 2405585                    /home/ruioliveira/Downloads/jgoodies-binding-2.10.0/jgoodies-binding-2.10.0.jar
7f81f0015000-7f81f0018000 r--s 00035000 08:08 2405312                    /home/ruioliveira/Downloads/jgoodies-common-1.8.0/jgoodies-common-1.8.0-javadoc.jar
7f81f0018000-7f81f001a000 r--s 00010000 08:08 2405313                    /home/ruioliveira/Downloads/jgoodies-common-1.8.0/jgoodies-common-1.8.0-sources.jar
7f81f001a000-7f81f001c000 r--s 00007000 08:08 2405315                    /home/ruioliveira/Downloads/jgoodies-common-1.8.0/jgoodies-common-1.8.0.jar
7f81f001c000-7f81f0565000 rw-p 00000000 00:00 0 
7f81f0565000-7f81f0566000 ---p 00000000 00:00 0 
7f81f0566000-7f81f0666000 rw-p 00000000 00:00 0                          [stack:7751]
7f81f0666000-7f81f0667000 ---p 00000000 00:00 0 
7f81f0667000-7f81f0767000 rw-p 00000000 00:00 0                          [stack:7750]
7f81f0767000-7f81f0768000 ---p 00000000 00:00 0 
7f81f0768000-7f81f0868000 rw-p 00000000 00:00 0                          [stack:7749]
7f81f0868000-7f81f0869000 ---p 00000000 00:00 0 
7f81f0869000-7f81f0969000 rw-p 00000000 00:00 0                          [stack:7748]
7f81f0969000-7f81f096a000 ---p 00000000 00:00 0 
7f81f096a000-7f81f0a6a000 rw-p 00000000 00:00 0                          [stack:7747]
7f81f0a6a000-7f81f0a6b000 ---p 00000000 00:00 0 
7f81f0a6b000-7f81f0b6b000 rw-p 00000000 00:00 0                          [stack:7746]
7f81f0b6b000-7f81f0b6c000 ---p 00000000 00:00 0 
7f81f0b6c000-7f81f0c6c000 rw-p 00000000 00:00 0                          [stack:7745]
7f81f0c6c000-7f81f0c6d000 ---p 00000000 00:00 0 
7f81f0c6d000-7f81f0d96000 rw-p 00000000 00:00 0                          [stack:7744]
7f81f0d96000-7f81f1000000 rw-p 00000000 00:00 0 
7f81f1000000-7f81f1270000 rwxp 00000000 00:00 0 
7f81f1270000-7f81f438a000 rw-p 00000000 00:00 0 
7f81f438a000-7f81f8000000 ---p 00000000 00:00 0 
7f81f8000000-7f81f8001000 r--s 00004000 08:08 2405314                    /home/ruioliveira/Downloads/jgoodies-common-1.8.0/jgoodies-common-1.8.0-tests.jar
7f81f8001000-7f81f8008000 r--s 000a4000 08:08 2405115                    /home/ruioliveira/Downloads/jgoodies-looks-2.6.0/jgoodies-looks-2.6.0-javadoc.jar
7f81f8008000-7f81f800d000 r--s 00051000 08:08 2405116                    /home/ruioliveira/Downloads/jgoodies-looks-2.6.0/jgoodies-looks-2.6.0-sources.jar
7f81f800d000-7f81f800e000 r--s 00001000 08:08 2405117                    /home/ruioliveira/Downloads/jgoodies-looks-2.6.0/jgoodies-looks-2.6.0-tests.jar
7f81f800e000-7f81f8017000 r--s 0005a000 08:08 2405118                    /home/ruioliveira/Downloads/jgoodies-looks-2.6.0/jgoodies-looks-2.6.0.jar
7f81f8017000-7f81f8095000 rw-p 00000000 00:00 0 
7f81f8095000-7f81f80dd000 rw-p 00000000 00:00 0 
7f81f80dd000-7f81f80e8000 rw-p 00000000 00:00 0 
7f81f80e8000-7f81f8130000 rw-p 00000000 00:00 0 
7f81f8130000-7f81f8159000 rw-p 00000000 00:00 0 
7f81f8159000-7f81f83c2000 rw-p 00000000 00:00 0 
7f81f83c2000-7f81f83d8000 rw-p 00000000 00:00 0 
7f81f83d8000-7f81f850c000 rw-p 00000000 00:00 0 
7f81f850c000-7f81f850d000 rw-p 00000000 00:00 0 
7f81f850d000-7f81f8515000 r-xp 00000000 08:0c 6038129                    /usr/lib/jvm/java-7-openjdk-amd64/jre/lib/amd64/libzip.so
7f81f8515000-7f81f8714000 ---p 00008000 08:0c 6038129                    /usr/lib/jvm/java-7-openjdk-amd64/jre/lib/amd64/libzip.so
7f81f8714000-7f81f8715000 r--p 00007000 08:0c 6038129                    /usr/lib/jvm/java-7-openjdk-amd64/jre/lib/amd64/libzip.so
7f81f8715000-7f81f8716000 rw-p 00008000 08:0c 6038129                    /usr/lib/jvm/java-7-openjdk-amd64/jre/lib/amd64/libzip.so
7f81f8716000-7f81f8721000 r-xp 00000000 08:0c 6295511                    /lib/x86_64-linux-gnu/libnss_files-2.19.so
7f81f8721000-7f81f8920000 ---p 0000b000 08:0c 6295511                    /lib/x86_64-linux-gnu/libnss_files-2.19.so
7f81f8920000-7f81f8921000 r--p 0000a000 08:0c 6295511                    /lib/x86_64-linux-gnu/libnss_files-2.19.so
7f81f8921000-7f81f8922000 rw-p 0000b000 08:0c 6295511                    /lib/x86_64-linux-gnu/libnss_files-2.19.so
7f81f8922000-7f81f892d000 r-xp 00000000 08:0c 6295521                    /lib/x86_64-linux-gnu/libnss_nis-2.19.so
7f81f892d000-7f81f8b2c000 ---p 0000b000 08:0c 6295521                    /lib/x86_64-linux-gnu/libnss_nis-2.19.so
7f81f8b2c000-7f81f8b2d000 r--p 0000a000 08:0c 6295521                    /lib/x86_64-linux-gnu/libnss_nis-2.19.so
7f81f8b2d000-7f81f8b2e000 rw-p 0000b000 08:0c 6295521                    /lib/x86_64-linux-gnu/libnss_nis-2.19.so
7f81f8b2e000-7f81f8b45000 r-xp 00000000 08:0c 6295505                    /lib/x86_64-linux-gnu/libnsl-2.19.so
7f81f8b45000-7f81f8d44000 ---p 00017000 08:0c 6295505                    /lib/x86_64-linux-gnu/libnsl-2.19.so
7f81f8d44000-7f81f8d45000 r--p 00016000 08:0c 6295505                    /lib/x86_64-linux-gnu/libnsl-2.19.so
7f81f8d45000-7f81f8d46000 rw-p 00017000 08:0c 6295505                    /lib/x86_64-linux-gnu/libnsl-2.19.so
7f81f8d46000-7f81f8d48000 rw-p 00000000 00:00 0 
7f81f8d48000-7f81f8d51000 r-xp 00000000 08:0c 6295507                    /lib/x86_64-linux-gnu/libnss_compat-2.19.so
7f81f8d51000-7f81f8f50000 ---p 00009000 08:0c 6295507                    /lib/x86_64-linux-gnu/libnss_compat-2.19.so
7f81f8f50000-7f81f8f51000 r--p 00008000 08:0c 6295507                    /lib/x86_64-linux-gnu/libnss_compat-2.19.so
7f81f8f51000-7f81f8f52000 rw-p 00009000 08:0c 6295507                    /lib/x86_64-linux-gnu/libnss_compat-2.19.so
7f81f8f52000-7f81f8f7d000 r-xp 00000000 08:0c 6038125                    /usr/lib/jvm/java-7-openjdk-amd64/jre/lib/amd64/libjava.so
7f81f8f7d000-7f81f917c000 ---p 0002b000 08:0c 6038125                    /usr/lib/jvm/java-7-openjdk-amd64/jre/lib/amd64/libjava.so
7f81f917c000-7f81f917d000 r--p 0002a000 08:0c 6038125                    /usr/lib/jvm/java-7-openjdk-amd64/jre/lib/amd64/libjava.so
7f81f917d000-7f81f917f000 rw-p 0002b000 08:0c 6038125                    /usr/lib/jvm/java-7-openjdk-amd64/jre/lib/amd64/libjava.so
7f81f917f000-7f81f918f000 r-xp 00000000 08:0c 6038158                    /usr/lib/jvm/java-7-openjdk-amd64/jre/lib/amd64/libverify.so
7f81f918f000-7f81f938e000 ---p 00010000 08:0c 6038158                    /usr/lib/jvm/java-7-openjdk-amd64/jre/lib/amd64/libverify.so
7f81f938e000-7f81f9390000 r--p 0000f000 08:0c 6038158                    /usr/lib/jvm/java-7-openjdk-amd64/jre/lib/amd64/libverify.so
7f81f9390000-7f81f9391000 rw-p 00011000 08:0c 6038158                    /usr/lib/jvm/java-7-openjdk-amd64/jre/lib/amd64/libverify.so
7f81f9391000-7f81f9398000 r-xp 00000000 08:0c 6295564                    /lib/x86_64-linux-gnu/librt-2.19.so
7f81f9398000-7f81f9597000 ---p 00007000 08:0c 6295564                    /lib/x86_64-linux-gnu/librt-2.19.so
7f81f9597000-7f81f9598000 r--p 00006000 08:0c 6295564                    /lib/x86_64-linux-gnu/librt-2.19.so
7f81f9598000-7f81f9599000 rw-p 00007000 08:0c 6295564                    /lib/x86_64-linux-gnu/librt-2.19.so
7f81f9599000-7f81f95af000 r-xp 00000000 08:0c 6295463                    /lib/x86_64-linux-gnu/libgcc_s.so.1
7f81f95af000-7f81f97ae000 ---p 00016000 08:0c 6295463                    /lib/x86_64-linux-gnu/libgcc_s.so.1
7f81f97ae000-7f81f97af000 rw-p 00015000 08:0c 6295463                    /lib/x86_64-linux-gnu/libgcc_s.so.1
7f81f97af000-7f81f98b4000 r-xp 00000000 08:0c 6295486                    /lib/x86_64-linux-gnu/libm-2.19.so
7f81f98b4000-7f81f9ab3000 ---p 00105000 08:0c 6295486                    /lib/x86_64-linux-gnu/libm-2.19.so
7f81f9ab3000-7f81f9ab4000 r--p 00104000 08:0c 6295486                    /lib/x86_64-linux-gnu/libm-2.19.so
7f81f9ab4000-7f81f9ab5000 rw-p 00105000 08:0c 6295486                    /lib/x86_64-linux-gnu/libm-2.19.so
7f81f9ab5000-7f81f9b9b000 r-xp 00000000 08:0c 5907231                    /usr/lib/x86_64-linux-gnu/libstdc++.so.6.0.19
7f81f9b9b000-7f81f9d9a000 ---p 000e6000 08:0c 5907231                    /usr/lib/x86_64-linux-gnu/libstdc++.so.6.0.19
7f81f9d9a000-7f81f9da2000 r--p 000e5000 08:0c 5907231                    /usr/lib/x86_64-linux-gnu/libstdc++.so.6.0.19
7f81f9da2000-7f81f9da4000 rw-p 000ed000 08:0c 5907231                    /usr/lib/x86_64-linux-gnu/libstdc++.so.6.0.19
7f81f9da4000-7f81f9db9000 rw-p 00000000 00:00 0 
7f81f9db9000-7f81fa89a000 r-xp 00000000 08:0c 6038139                    /usr/lib/jvm/java-7-openjdk-amd64/jre/lib/amd64/server/libjvm.so
7f81fa89a000-7f81faa99000 ---p 00ae1000 08:0c 6038139                    /usr/lib/jvm/java-7-openjdk-amd64/jre/lib/amd64/server/libjvm.so
7f81faa99000-7f81fab2b000 r--p 00ae0000 08:0c 6038139                    /usr/lib/jvm/java-7-openjdk-amd64/jre/lib/amd64/server/libjvm.so
7f81fab2b000-7f81fab4e000 rw-p 00b72000 08:0c 6038139                    /usr/lib/jvm/java-7-openjdk-amd64/jre/lib/amd64/server/libjvm.so
7f81fab4e000-7f81fab7b000 rw-p 00000000 00:00 0 
7f81fab7b000-7f81fab93000 r-xp 00000000 08:0c 6295599                    /lib/x86_64-linux-gnu/libz.so.1.2.8
7f81fab93000-7f81fad92000 ---p 00018000 08:0c 6295599                    /lib/x86_64-linux-gnu/libz.so.1.2.8
7f81fad92000-7f81fad93000 r--p 00017000 08:0c 6295599                    /lib/x86_64-linux-gnu/libz.so.1.2.8
7f81fad93000-7f81fad94000 rw-p 00018000 08:0c 6295599                    /lib/x86_64-linux-gnu/libz.so.1.2.8
7f81fad94000-7f81fadad000 r-xp 00000000 08:0c 6295556                    /lib/x86_64-linux-gnu/libpthread-2.19.so
7f81fadad000-7f81fafac000 ---p 00019000 08:0c 6295556                    /lib/x86_64-linux-gnu/libpthread-2.19.so
7f81fafac000-7f81fafad000 r--p 00018000 08:0c 6295556                    /lib/x86_64-linux-gnu/libpthread-2.19.so
7f81fafad000-7f81fafae000 rw-p 00019000 08:0c 6295556                    /lib/x86_64-linux-gnu/libpthread-2.19.so
7f81fafae000-7f81fafb2000 rw-p 00000000 00:00 0 
7f81fafb2000-7f81fafb5000 r-xp 00000000 08:0c 6295453                    /lib/x86_64-linux-gnu/libdl-2.19.so
7f81fafb5000-7f81fb1b4000 ---p 00003000 08:0c 6295453                    /lib/x86_64-linux-gnu/libdl-2.19.so
7f81fb1b4000-7f81fb1b5000 r--p 00002000 08:0c 6295453                    /lib/x86_64-linux-gnu/libdl-2.19.so
7f81fb1b5000-7f81fb1b6000 rw-p 00003000 08:0c 6295453                    /lib/x86_64-linux-gnu/libdl-2.19.so
7f81fb1b6000-7f81fb372000 r-xp 00000000 08:0c 6295436                    /lib/x86_64-linux-gnu/libc-2.19.so
7f81fb372000-7f81fb571000 ---p 001bc000 08:0c 6295436                    /lib/x86_64-linux-gnu/libc-2.19.so
7f81fb571000-7f81fb575000 r--p 001bb000 08:0c 6295436                    /lib/x86_64-linux-gnu/libc-2.19.so
7f81fb575000-7f81fb577000 rw-p 001bf000 08:0c 6295436                    /lib/x86_64-linux-gnu/libc-2.19.so
7f81fb577000-7f81fb57c000 rw-p 00000000 00:00 0 
7f81fb57c000-7f81fb589000 r-xp 00000000 08:0c 6038149                    /usr/lib/jvm/java-7-openjdk-amd64/jre/lib/amd64/jli/libjli.so
7f81fb589000-7f81fb788000 ---p 0000d000 08:0c 6038149                    /usr/lib/jvm/java-7-openjdk-amd64/jre/lib/amd64/jli/libjli.so
7f81fb788000-7f81fb789000 r--p 0000c000 08:0c 6038149                    /usr/lib/jvm/java-7-openjdk-amd64/jre/lib/amd64/jli/libjli.so
7f81fb789000-7f81fb78a000 rw-p 0000d000 08:0c 6038149                    /usr/lib/jvm/java-7-openjdk-amd64/jre/lib/amd64/jli/libjli.so
7f81fb78a000-7f81fb7ad000 r-xp 00000000 08:0c 6295412                    /lib/x86_64-linux-gnu/ld-2.19.so
7f81fb7ad000-7f81fb7b2000 r--s 00064000 08:08 2404801                    /home/ruioliveira/Downloads/jgoodies-forms-1.8.0/jgoodies-forms-1.8.0-javadoc.jar
7f81fb7b2000-7f81fb7b4000 r--s 00006000 08:08 2404803                    /home/ruioliveira/Downloads/jgoodies-forms-1.8.0/jgoodies-forms-1.8.0-tests.jar
7f81fb7b4000-7f81fb7b7000 r--s 0001b000 08:08 2404804                    /home/ruioliveira/Downloads/jgoodies-forms-1.8.0/jgoodies-forms-1.8.0.jar
7f81fb7b7000-7f81fb7c2000 r--s 00203000 08:0c 6038090                    /usr/lib/jvm/java-7-openjdk-amd64/jre/lib/charsets.jar
7f81fb7c2000-7f81fb7c7000 r--s 0004c000 08:0c 6038108                    /usr/lib/jvm/java-7-openjdk-amd64/jre/lib/jsse.jar
7f81fb7c7000-7f81fb7d1000 rw-p 00000000 00:00 0 
7f81fb7d1000-7f81fb887000 rw-p 00000000 00:00 0 
7f81fb887000-7f81fb88a000 ---p 00000000 00:00 0 
7f81fb88a000-7f81fb98d000 rw-p 00000000 00:00 0                          [stack:7743]
7f81fb98d000-7f81fb98f000 r--s 00012000 08:0c 6038093                    /usr/lib/jvm/java-7-openjdk-amd64/jre/lib/ext/zipfs.jar
7f81fb98f000-7f81fb991000 r--s 00006000 08:0c 6560210                    /usr/share/java/java-atk-wrapper.jar
7f81fb991000-7f81fb995000 r--s 00085000 08:0c 6038095                    /usr/lib/jvm/java-7-openjdk-amd64/jre/lib/ext/localedata.jar
7f81fb995000-7f81fb998000 r--s 0000f000 08:0c 6038092                    /usr/lib/jvm/java-7-openjdk-amd64/jre/lib/ext/pulse-java.jar
7f81fb998000-7f81fb999000 r--s 00002000 08:0c 6038097                    /usr/lib/jvm/java-7-openjdk-amd64/jre/lib/ext/dnsns.jar
7f81fb999000-7f81fb99c000 r--s 00032000 08:0c 6038094                    /usr/lib/jvm/java-7-openjdk-amd64/jre/lib/ext/sunjce_provider.jar
7f81fb99c000-7f81fb9a0000 r--s 0003b000 08:0c 6038096                    /usr/lib/jvm/java-7-openjdk-amd64/jre/lib/ext/sunpkcs11.jar
7f81fb9a0000-7f81fb9a8000 rw-s 00000000 08:0c 9451487                    /tmp/hsperfdata_ruioliveiras/7737
7f81fb9a8000-7f81fb9a9000 rw-p 00000000 00:00 0 
7f81fb9a9000-7f81fb9aa000 r--p 00000000 00:00 0 
7f81fb9aa000-7f81fb9ac000 rw-p 00000000 00:00 0 
7f81fb9ac000-7f81fb9ad000 r--p 00022000 08:0c 6295412                    /lib/x86_64-linux-gnu/ld-2.19.so
7f81fb9ad000-7f81fb9ae000 rw-p 00023000 08:0c 6295412                    /lib/x86_64-linux-gnu/ld-2.19.so
7f81fb9ae000-7f81fb9af000 rw-p 00000000 00:00 0 
7fff09f88000-7fff09fa9000 rw-p 00000000 00:00 0                          [stack]
7fff09ffe000-7fff0a000000 r-xp 00000000 00:00 0                          [vdso]
ffffffffff600000-ffffffffff601000 r-xp 00000000 00:00 0                  [vsyscall]

VM Arguments:
jvm_args: -Dfile.encoding=UTF-8 
java_command: controller.Main
Launcher Type: SUN_STANDARD

Environment Variables:
PATH=/home/ruioliveiras/bin:/usr/local/sbin:/usr/local/bin:/usr/sbin:/usr/bin:/sbin:/bin:/usr/games:/usr/local/games
USERNAME=ruioliveiras
SHELL=/bin/bash
DISPLAY=:0

Signal Handlers:
SIGSEGV: [libjvm.so+0x918620], sa_mask[0]=0x7ffbfeff, sa_flags=0x10000004
SIGBUS: [libjvm.so+0x918620], sa_mask[0]=0x7ffbfeff, sa_flags=0x10000004
SIGFPE: [libjvm.so+0x795e30], sa_mask[0]=0x7ffbfeff, sa_flags=0x10000004
SIGPIPE: [libjvm.so+0x795e30], sa_mask[0]=0x7ffbfeff, sa_flags=0x10000004
SIGXFSZ: [libjvm.so+0x795e30], sa_mask[0]=0x7ffbfeff, sa_flags=0x10000004
SIGILL: [libjvm.so+0x795e30], sa_mask[0]=0x7ffbfeff, sa_flags=0x10000004
SIGUSR1: SIG_DFL, sa_mask[0]=0x00000000, sa_flags=0x00000000
SIGUSR2: [libjvm.so+0x795cd0], sa_mask[0]=0x00000004, sa_flags=0x10000004
SIGHUP: [libjvm.so+0x795eb0], sa_mask[0]=0x7ffbfeff, sa_flags=0x10000004
SIGINT: [libjvm.so+0x795eb0], sa_mask[0]=0x7ffbfeff, sa_flags=0x10000004
SIGTERM: [libjvm.so+0x795eb0], sa_mask[0]=0x7ffbfeff, sa_flags=0x10000004
SIGQUIT: [libjvm.so+0x795eb0], sa_mask[0]=0x7ffbfeff, sa_flags=0x10000004


---------------  S Y S T E M  ---------------

OS:Ubuntu 14.04 (trusty)
uname:Linux 3.13.0-27-generic #50-Ubuntu SMP Thu May 15 18:06:16 UTC 2014 x86_64
libc:glibc 2.19 NPTL 2.19 
rlimit: STACK 8192k, CORE 0k, NPROC 63008, NOFILE 4096, AS infinity
load average:0,66 0,54 0,49

/proc/meminfo:
MemTotal:        8086640 kB
MemFree:         4839720 kB
Buffers:          159636 kB
Cached:          1495264 kB
SwapCached:            0 kB
Active:          1796868 kB
Inactive:        1160844 kB
Active(anon):    1305668 kB
Inactive(anon):   245232 kB
Active(file):     491200 kB
Inactive(file):   915612 kB
Unevictable:          16 kB
Mlocked:              16 kB
SwapTotal:       8389628 kB
SwapFree:        8389628 kB
Dirty:              1176 kB
Writeback:            28 kB
AnonPages:       1302644 kB
Mapped:           191424 kB
Shmem:            248012 kB
Slab:             172876 kB
SReclaimable:     124088 kB
SUnreclaim:        48788 kB
KernelStack:        7496 kB
PageTables:        23228 kB
NFS_Unstable:          0 kB
Bounce:                0 kB
WritebackTmp:          0 kB
CommitLimit:    12432948 kB
Committed_AS:    3849224 kB
VmallocTotal:   34359738367 kB
VmallocUsed:      361728 kB
VmallocChunk:   34359361624 kB
HardwareCorrupted:     0 kB
AnonHugePages:   1224704 kB
HugePages_Total:       0
HugePages_Free:        0
HugePages_Rsvd:        0
HugePages_Surp:        0
Hugepagesize:       2048 kB
DirectMap4k:       82272 kB
DirectMap2M:     2973696 kB
DirectMap1G:     5242880 kB


CPU:total 8 (4 cores per cpu, 2 threads per core) family 6 model 60 stepping 3, cmov, cx8, fxsr, mmx, sse, sse2, sse3, ssse3, sse4.1, sse4.2, popcnt, avx, avx2, aes, erms, ht, tsc, tscinvbit

/proc/cpuinfo:
processor	: 0
vendor_id	: GenuineIntel
cpu family	: 6
model		: 60
model name	: Intel(R) Core(TM) i7-4700MQ CPU @ 2.40GHz
stepping	: 3
microcode	: 0x8
cpu MHz		: 2401.000
cache size	: 6144 KB
physical id	: 0
siblings	: 8
core id		: 0
cpu cores	: 4
apicid		: 0
initial apicid	: 0
fpu		: yes
fpu_exception	: yes
cpuid level	: 13
wp		: yes
flags		: fpu vme de pse tsc msr pae mce cx8 apic sep mtrr pge mca cmov pat pse36 clflush dts acpi mmx fxsr sse sse2 ss ht tm pbe syscall nx pdpe1gb rdtscp lm constant_tsc arch_perfmon pebs bts rep_good nopl xtopology nonstop_tsc aperfmperf eagerfpu pni pclmulqdq dtes64 monitor ds_cpl vmx est tm2 ssse3 fma cx16 xtpr pdcm pcid sse4_1 sse4_2 movbe popcnt tsc_deadline_timer aes xsave avx f16c rdrand lahf_lm abm ida arat epb xsaveopt pln pts dtherm tpr_shadow vnmi flexpriority ept vpid fsgsbase tsc_adjust bmi1 avx2 smep bmi2 erms invpcid
bogomips	: 4788.82
clflush size	: 64
cache_alignment	: 64
address sizes	: 39 bits physical, 48 bits virtual
power management:

processor	: 1
vendor_id	: GenuineIntel
cpu family	: 6
model		: 60
model name	: Intel(R) Core(TM) i7-4700MQ CPU @ 2.40GHz
stepping	: 3
microcode	: 0x8
cpu MHz		: 2401.000
cache size	: 6144 KB
physical id	: 0
siblings	: 8
core id		: 1
cpu cores	: 4
apicid		: 2
initial apicid	: 2
fpu		: yes
fpu_exception	: yes
cpuid level	: 13
wp		: yes
flags		: fpu vme de pse tsc msr pae mce cx8 apic sep mtrr pge mca cmov pat pse36 clflush dts acpi mmx fxsr sse sse2 ss ht tm pbe syscall nx pdpe1gb rdtscp lm constant_tsc arch_perfmon pebs bts rep_good nopl xtopology nonstop_tsc aperfmperf eagerfpu pni pclmulqdq dtes64 monitor ds_cpl vmx est tm2 ssse3 fma cx16 xtpr pdcm pcid sse4_1 sse4_2 movbe popcnt tsc_deadline_timer aes xsave avx f16c rdrand lahf_lm abm ida arat epb xsaveopt pln pts dtherm tpr_shadow vnmi flexpriority ept vpid fsgsbase tsc_adjust bmi1 avx2 smep bmi2 erms invpcid
bogomips	: 4788.82
clflush size	: 64
cache_alignment	: 64
address sizes	: 39 bits physical, 48 bits virtual
power management:

processor	: 2
vendor_id	: GenuineIntel
cpu family	: 6
model		: 60
model name	: Intel(R) Core(TM) i7-4700MQ CPU @ 2.40GHz
stepping	: 3
microcode	: 0x8
cpu MHz		: 2401.000
cache size	: 6144 KB
physical id	: 0
siblings	: 8
core id		: 2
cpu cores	: 4
apicid		: 4
initial apicid	: 4
fpu		: yes
fpu_exception	: yes
cpuid level	: 13
wp		: yes
flags		: fpu vme de pse tsc msr pae mce cx8 apic sep mtrr pge mca cmov pat pse36 clflush dts acpi mmx fxsr sse sse2 ss ht tm pbe syscall nx pdpe1gb rdtscp lm constant_tsc arch_perfmon pebs bts rep_good nopl xtopology nonstop_tsc aperfmperf eagerfpu pni pclmulqdq dtes64 monitor ds_cpl vmx est tm2 ssse3 fma cx16 xtpr pdcm pcid sse4_1 sse4_2 movbe popcnt tsc_deadline_timer aes xsave avx f16c rdrand lahf_lm abm ida arat epb xsaveopt pln pts dtherm tpr_shadow vnmi flexpriority ept vpid fsgsbase tsc_adjust bmi1 avx2 smep bmi2 erms invpcid
bogomips	: 4788.82
clflush size	: 64
cache_alignment	: 64
address sizes	: 39 bits physical, 48 bits virtual
power management:

processor	: 3
vendor_id	: GenuineIntel
cpu family	: 6
model		: 60
model name	: Intel(R) Core(TM) i7-4700MQ CPU @ 2.40GHz
stepping	: 3
microcode	: 0x8
cpu MHz		: 2401.000
cache size	: 6144 KB
physical id	: 0
siblings	: 8
core id		: 3
cpu cores	: 4
apicid		: 6
initial apicid	: 6
fpu		: yes
fpu_exception	: yes
cpuid level	: 13
wp		: yes
flags		: fpu vme de pse tsc msr pae mce cx8 apic sep mtrr pge mca cmov pat pse36 clflush dts acpi mmx fxsr sse sse2 ss ht tm pbe syscall nx pdpe1gb rdtscp lm constant_tsc arch_perfmon pebs bts rep_good nopl xtopology nonstop_tsc aperfmperf eagerfpu pni pclmulqdq dtes64 monitor ds_cpl vmx est tm2 ssse3 fma cx16 xtpr pdcm pcid sse4_1 sse4_2 movbe popcnt tsc_deadline_timer aes xsave avx f16c rdrand lahf_lm abm ida arat epb xsaveopt pln pts dtherm tpr_shadow vnmi flexpriority ept vpid fsgsbase tsc_adjust bmi1 avx2 smep bmi2 erms invpcid
bogomips	: 4788.82
clflush size	: 64
cache_alignment	: 64
address sizes	: 39 bits physical, 48 bits virtual
power management:

processor	: 4
vendor_id	: GenuineIntel
cpu family	: 6
model		: 60
model name	: Intel(R) Core(TM) i7-4700MQ CPU @ 2.40GHz
stepping	: 3
microcode	: 0x8
cpu MHz		: 2401.000
cache size	: 6144 KB
physical id	: 0
siblings	: 8
core id		: 0
cpu cores	: 4
apicid		: 1
initial apicid	: 1
fpu		: yes
fpu_exception	: yes
cpuid level	: 13
wp		: yes
flags		: fpu vme de pse tsc msr pae mce cx8 apic sep mtrr pge mca cmov pat pse36 clflush dts acpi mmx fxsr sse sse2 ss ht tm pbe syscall nx pdpe1gb rdtscp lm constant_tsc arch_perfmon pebs bts rep_good nopl xtopology nonstop_tsc aperfmperf eagerfpu pni pclmulqdq dtes64 monitor ds_cpl vmx est tm2 ssse3 fma cx16 xtpr pdcm pcid sse4_1 sse4_2 movbe popcnt tsc_deadline_timer aes xsave avx f16c rdrand lahf_lm abm ida arat epb xsaveopt pln pts dtherm tpr_shadow vnmi flexpriority ept vpid fsgsbase tsc_adjust bmi1 avx2 smep bmi2 erms invpcid
bogomips	: 4788.82
clflush size	: 64
cache_alignment	: 64
address sizes	: 39 bits physical, 48 bits virtual
power management:

processor	: 5
vendor_id	: GenuineIntel
cpu family	: 6
model		: 60
model name	: Intel(R) Core(TM) i7-4700MQ CPU @ 2.40GHz
stepping	: 3
microcode	: 0x8
cpu MHz		: 2401.000
cache size	: 6144 KB
physical id	: 0
siblings	: 8
core id		: 1
cpu cores	: 4
apicid		: 3
initial apicid	: 3
fpu		: yes
fpu_exception	: yes
cpuid level	: 13
wp		: yes
flags		: fpu vme de pse tsc msr pae mce cx8 apic sep mtrr pge mca cmov pat pse36 clflush dts acpi mmx fxsr sse sse2 ss ht tm pbe syscall nx pdpe1gb rdtscp lm constant_tsc arch_perfmon pebs bts rep_good nopl xtopology nonstop_tsc aperfmperf eagerfpu pni pclmulqdq dtes64 monitor ds_cpl vmx est tm2 ssse3 fma cx16 xtpr pdcm pcid sse4_1 sse4_2 movbe popcnt tsc_deadline_timer aes xsave avx f16c rdrand lahf_lm abm ida arat epb xsaveopt pln pts dtherm tpr_shadow vnmi flexpriority ept vpid fsgsbase tsc_adjust bmi1 avx2 smep bmi2 erms invpcid
bogomips	: 4788.82
clflush size	: 64
cache_alignment	: 64
address sizes	: 39 bits physical, 48 bits virtual
power management:

processor	: 6
vendor_id	: GenuineIntel
cpu family	: 6
model		: 60
model name	: Intel(R) Core(TM) i7-4700MQ CPU @ 2.40GHz
stepping	: 3
microcode	: 0x8
cpu MHz		: 2401.000
cache size	: 6144 KB
physical id	: 0
siblings	: 8
core id		: 2
cpu cores	: 4
apicid		: 5
initial apicid	: 5
fpu		: yes
fpu_exception	: yes
cpuid level	: 13
wp		: yes
flags		: fpu vme de pse tsc msr pae mce cx8 apic sep mtrr pge mca cmov pat pse36 clflush dts acpi mmx fxsr sse sse2 ss ht tm pbe syscall nx pdpe1gb rdtscp lm constant_tsc arch_perfmon pebs bts rep_good nopl xtopology nonstop_tsc aperfmperf eagerfpu pni pclmulqdq dtes64 monitor ds_cpl vmx est tm2 ssse3 fma cx16 xtpr pdcm pcid sse4_1 sse4_2 movbe popcnt tsc_deadline_timer aes xsave avx f16c rdrand lahf_lm abm ida arat epb xsaveopt pln pts dtherm tpr_shadow vnmi flexpriority ept vpid fsgsbase tsc_adjust bmi1 avx2 smep bmi2 erms invpcid
bogomips	: 4788.82
clflush size	: 64
cache_alignment	: 64
address sizes	: 39 bits physical, 48 bits virtual
power management:

processor	: 7
vendor_id	: GenuineIntel
cpu family	: 6
model		: 60
model name	: Intel(R) Core(TM) i7-4700MQ CPU @ 2.40GHz
stepping	: 3
microcode	: 0x8
cpu MHz		: 2401.000
cache size	: 6144 KB
physical id	: 0
siblings	: 8
core id		: 3
cpu cores	: 4
apicid		: 7
initial apicid	: 7
fpu		: yes
fpu_exception	: yes
cpuid level	: 13
wp		: yes
flags		: fpu vme de pse tsc msr pae mce cx8 apic sep mtrr pge mca cmov pat pse36 clflush dts acpi mmx fxsr sse sse2 ss ht tm pbe syscall nx pdpe1gb rdtscp lm constant_tsc arch_perfmon pebs bts rep_good nopl xtopology nonstop_tsc aperfmperf eagerfpu pni pclmulqdq dtes64 monitor ds_cpl vmx est tm2 ssse3 fma cx16 xtpr pdcm pcid sse4_1 sse4_2 movbe popcnt tsc_deadline_timer aes xsave avx f16c rdrand lahf_lm abm ida arat epb xsaveopt pln pts dtherm tpr_shadow vnmi flexpriority ept vpid fsgsbase tsc_adjust bmi1 avx2 smep bmi2 erms invpcid
bogomips	: 4788.82
clflush size	: 64
cache_alignment	: 64
address sizes	: 39 bits physical, 48 bits virtual
power management:



Memory: 4k page, physical 8086640k(4840960k free), swap 8389628k(8389628k free)

vm_info: OpenJDK 64-Bit Server VM (24.51-b03) for linux-amd64 JRE (1.7.0_55-b14), built on Apr 17 2014 20:08:07 by "buildd" with gcc 4.8.2

time: Wed Jun  4 00:04:11 2014
elapsed time: 7425 seconds

