#
# A fatal error has been detected by the Java Runtime Environment:
#
#  SIGSEGV (0xb) at pc=0x00007f90b905b2fa, pid=7007, tid=140258663528192
#
# JRE version: OpenJDK Runtime Environment (7.0_55-b14) (build 1.7.0_55-b14)
# Java VM: OpenJDK 64-Bit Server VM (24.51-b03 mixed mode linux-amd64 compressed oops)
# Problematic frame:
# v  ~BufferBlob::jni_fast_GetLongField
#
# Failed to write core dump. Core dumps have been disabled. To enable core dumping, try "ulimit -c unlimited" before starting Java again
#
# If you would like to submit a bug report, please include
# instructions on how to reproduce the bug and visit:
#   http://icedtea.classpath.org/bugzilla
# The crash happened outside the Java Virtual Machine in native code.
# See problematic frame for where to report the bug.
#

---------------  T H R E A D  ---------------

Current thread (0x00007f90bc2b2000):  JavaThread "AWT-XAWT" daemon [_thread_in_native, id=7032, stack(0x00007f9083c0f000,0x00007f9083d10000)]

siginfo:si_signo=SIGSEGV: si_errno=0, si_code=1 (SEGV_MAPERR), si_addr=0x0000000000000000

Registers:
RAX=0x00007f90c2822ec0, RBX=0x00007f90bc2b21d8, RCX=0x00007f90c2c99320, RDX=0x0000000000000042
RSP=0x00007f9083d0e7f8, RBP=0x00007f9083d0e820, RSI=0x0000000000000000, RDI=0x00007f90bc2b21d8
R8 =0x0000000000000003, R9 =0x0000000000000000, R10=0x0000000000000014, R11=0x00007f90c22d1830
R12=0x00007f9058012ed0, R13=0x0000000000000000, R14=0x00007f909f4ab4a0, R15=0x00007f90bc2b2000
RIP=0x00007f90b905b2fa, EFLAGS=0x0000000000010246, CSGSFS=0x0000000000000033, ERR=0x0000000000000004
  TRAPNO=0x000000000000000e

Top of Stack: (sp=0x00007f9083d0e7f8)
0x00007f9083d0e7f8:   00007f909f277564 000000077a8f2750
0x00007f9083d0e808:   00007f9058012ed0 000000077a8f2750
0x00007f9083d0e818:   00007f9083d0e908 0000000000000000
0x00007f9083d0e828:   00007f909ed71ae8 000000077a8f2750
0x00007f9083d0e838:   00007f9083d0e860 0000000000000000
0x00007f9083d0e848:   00007f909ed699a3 000000077a8f2750
0x00007f9083d0e858:   00007f909f26c09f 00007f9083d0e8d0
0x00007f9083d0e868:   00007f90b9012cd8 0000000000000000
0x00007f9083d0e878:   0000000000000000 00007f9083d0e8e0
0x00007f9083d0e888:   00007f90b9006058 00007f9083d0e890
0x00007f9083d0e898:   0000000000000000 00007f9083d0e908
0x00007f9083d0e8a8:   000000077a8f88d0 0000000000000000
0x00007f9083d0e8b8:   000000077a8f2750 0000000000000000
0x00007f9083d0e8c8:   00007f9083d0e8f0 00007f9083d0e950
0x00007f9083d0e8d8:   00007f90b9006350 00000007d706f708
0x00007f9083d0e8e8:   00007f90b900ecc0 0000000000000000
0x00007f9083d0e8f8:   00007f9083d0e950 00007f9060000db0
0x00007f9083d0e908:   00000007d70c8e18 00007f9083d0e910
0x00007f9083d0e918:   000000077a7e9ff4 00007f9083d0e998
0x00007f9083d0e928:   000000077a7f6dd8 000000077b024770
0x00007f9083d0e938:   000000077a7ea188 00007f9083d0e8f0
0x00007f9083d0e948:   00007f9083d0e990 00007f9083d0e9e0
0x00007f9083d0e958:   00007f90b9006058 0000000000000000
0x00007f9083d0e968:   0000000000000000 0000000000000000
0x00007f9083d0e978:   0000000000000000 0000000000000000
0x00007f9083d0e988:   00000007d70c8e18 deaddeaf00000000
0x00007f9083d0e998:   00000007d7070be0 00007f9083d0e9a0
0x00007f9083d0e9a8:   000000077a7e9ded 00007f9083d0e9f0
0x00007f9083d0e9b8:   000000077a7f6dd8 0000000000000000
0x00007f9083d0e9c8:   000000077a7e9e08 00007f9083d0e990
0x00007f9083d0e9d8:   00007f9083d0e9f0 00007f9083d0ea38
0x00007f9083d0e9e8:   00007f90b9006706 00000007d7070be0 

Instructions: (pc=0x00007f90b905b2fa)
0x00007f90b905b2da:   00 00 00 00 00 00 44 8b 15 fd 1e 7f 09 4c 8b ce
0x00007f90b905b2ea:   41 f6 c2 01 0f 85 2e 00 00 00 4d 33 ca 4d 33 ca
0x00007f90b905b2fa:   4d 8b 09 4c 8b da 49 c1 eb 02 4b 8b 04 19 49 bb
0x00007f90b905b30a:   e4 d1 84 c2 90 7f 00 00 4c 33 d8 4c 33 d8 45 3b 

Register to memory mapping:

RAX=0x00007f90c2822ec0: <offset 0xd7dec0> in /usr/lib/jvm/java-7-openjdk-amd64/jre/lib/amd64/server/libjvm.so at 0x00007f90c1aa5000
RBX=0x00007f90bc2b21d8 is an unknown value
RCX=0x00007f90c2c99320: <offset 0x219320> in /lib/x86_64-linux-gnu/libpthread.so.0 at 0x00007f90c2a80000
RDX=0x0000000000000042 is an unknown value
RSP=0x00007f9083d0e7f8 is pointing into the stack for thread: 0x00007f90bc2b2000
RBP=0x00007f9083d0e820 is pointing into the stack for thread: 0x00007f90bc2b2000
RSI=0x0000000000000000 is an unknown value
RDI=0x00007f90bc2b21d8 is an unknown value
R8 =0x0000000000000003 is an unknown value
R9 =0x0000000000000000 is an unknown value
R10=0x0000000000000014 is an unknown value
R11=0x00007f90c22d1830: <offset 0x82c830> in /usr/lib/jvm/java-7-openjdk-amd64/jre/lib/amd64/server/libjvm.so at 0x00007f90c1aa5000
R12=0x00007f9058012ed0 is an unknown value
R13=0x0000000000000000 is an unknown value
R14=0x00007f909f4ab4a0: <offset 0x2544a0> in /usr/lib/jvm/java-7-openjdk-amd64/jre/lib/amd64/xawt/libmawt.so at 0x00007f909f257000
R15=0x00007f90bc2b2000 is a thread


Stack: [0x00007f9083c0f000,0x00007f9083d10000],  sp=0x00007f9083d0e7f8,  free space=1021k
Native frames: (J=compiled Java code, j=interpreted, Vv=VM code, C=native code)
v  ~BufferBlob::jni_fast_GetLongField

Java frames: (J=compiled Java code, j=interpreted, Vv=VM code)
j  sun.awt.X11.XlibWrapper.XFilterEvent(JJ)Z+0
j  sun.awt.X11.XToolkit.run(Z)V+300
j  sun.awt.X11.XToolkit.run()V+5
j  java.lang.Thread.run()V+11
v  ~StubRoutines::call_stub

---------------  P R O C E S S  ---------------

Java Threads: ( => current thread )
  0x00007f9058072800 JavaThread "TimerQueue" daemon [_thread_blocked, id=7037, stack(0x00007f90836b8000,0x00007f90837b9000)]
  0x00007f90bc00a800 JavaThread "DestroyJavaVM" [_thread_blocked, id=7009, stack(0x00007f90c3573000,0x00007f90c3674000)]
  0x00007f90bc323000 JavaThread "AWT-EventQueue-0" [_thread_blocked, id=7034, stack(0x00007f9083a0d000,0x00007f9083b0e000)]
  0x00007f90bc319800 JavaThread "AWT-Shutdown" [_thread_blocked, id=7033, stack(0x00007f9083b0e000,0x00007f9083c0f000)]
=>0x00007f90bc2b2000 JavaThread "AWT-XAWT" daemon [_thread_in_native, id=7032, stack(0x00007f9083c0f000,0x00007f9083d10000)]
  0x00007f90bc296000 JavaThread "Java2D Disposer" daemon [_thread_blocked, id=7031, stack(0x00007f909c060000,0x00007f909c161000)]
  0x00007f90bc0b0800 JavaThread "Service Thread" daemon [_thread_blocked, id=7028, stack(0x00007f90b1159000,0x00007f90b125a000)]
  0x00007f90bc0ae000 JavaThread "C2 CompilerThread1" daemon [_thread_blocked, id=7027, stack(0x00007f90b125a000,0x00007f90b135b000)]
  0x00007f90bc0ab800 JavaThread "C2 CompilerThread0" daemon [_thread_blocked, id=7026, stack(0x00007f90b135b000,0x00007f90b145c000)]
  0x00007f90bc0a9000 JavaThread "Signal Dispatcher" daemon [_thread_blocked, id=7025, stack(0x00007f90b145c000,0x00007f90b155d000)]
  0x00007f90bc085000 JavaThread "Finalizer" daemon [_thread_blocked, id=7024, stack(0x00007f90b1c40000,0x00007f90b1d41000)]
  0x00007f90bc083000 JavaThread "Reference Handler" daemon [_thread_blocked, id=7023, stack(0x00007f90b1d41000,0x00007f90b1e42000)]

Other Threads:
  0x00007f90bc07e800 VMThread [stack: 0x00007f90b1e42000,0x00007f90b1f43000] [id=7022]
  0x00007f90bc0c3800 WatcherThread [stack: 0x00007f90b1058000,0x00007f90b1159000] [id=7029]

VM state:not at safepoint (normal execution)

VM Mutex/Monitor currently owned by a thread: None

Heap
 PSYoungGen      total 37376K, used 14202K [0x00000007d6d00000, 0x00000007d9680000, 0x0000000800000000)
  eden space 32256K, 44% used [0x00000007d6d00000,0x00000007d7ade990,0x00000007d8c80000)
  from space 5120K, 0% used [0x00000007d9180000,0x00000007d9180000,0x00000007d9680000)
  to   space 5120K, 0% used [0x00000007d8c80000,0x00000007d8c80000,0x00000007d9180000)
 ParOldGen       total 83968K, used 0K [0x0000000784800000, 0x0000000789a00000, 0x00000007d6d00000)
  object space 83968K, 0% used [0x0000000784800000,0x0000000784800000,0x0000000789a00000)
 PSPermGen       total 21504K, used 14514K [0x000000077a200000, 0x000000077b700000, 0x0000000784800000)
  object space 21504K, 67% used [0x000000077a200000,0x000000077b02c948,0x000000077b700000)

Card table byte_map: [0x00007f90b8bd0000,0x00007f90b9000000] byte_map_base: 0x00007f90b4fff000

Polling page: 0x00007f90c3695000

Code Cache  [0x00007f90b9000000, 0x00007f90b9270000, 0x00007f90bc000000)
 total_blobs=609 nmethods=109 adapters=453 free_code_cache=48396Kb largest_free_block=49508352

Compilation events (10 events):
Event: 2482,750 Thread 0x00007f90bc0ab800 nmethod 104 0x00007f90b90b05d0 code [0x00007f90b90b0720, 0x00007f90b90b0898]
Event: 2482,751 Thread 0x00007f90bc0ae000 nmethod 103 0x00007f90b90b2190 code [0x00007f90b90b2300, 0x00007f90b90b2838]
Event: 2489,216 Thread 0x00007f90bc0ae000  106             sun.awt.X11.XAnyEvent::<init> (30 bytes)
Event: 2489,216 Thread 0x00007f90bc0ab800  105             sun.awt.X11.XEvent::get_xany (22 bytes)
Event: 2489,221 Thread 0x00007f90bc0ae000 nmethod 106 0x00007f90b90aff10 code [0x00007f90b90b0080, 0x00007f90b90b02b8]
Event: 2489,222 Thread 0x00007f90bc0ab800 nmethod 105 0x00007f90b90b1590 code [0x00007f90b90b1760, 0x00007f90b90b1b90]
Event: 2640,163 Thread 0x00007f90bc0ae000  107   !         sun.awt.X11.XToolkit::getNextTaskTime (55 bytes)
Event: 2640,171 Thread 0x00007f90bc0ae000 nmethod 107 0x00007f90b90a9dd0 code [0x00007f90b90a9f60, 0x00007f90b90aa2b0]
Event: 3977,103 Thread 0x00007f90bc0ab800  109 % !         sun.awt.X11.XToolkit::run @ 59 (410 bytes)
Event: 3977,201 Thread 0x00007f90bc0ab800 nmethod 109% 0x00007f90b90bc390 code [0x00007f90b90bce20, 0x00007f90b90c1640]

GC Heap History (0 events):
No events

Deoptimization events (6 events):
Event: 0,180 Thread 0x00007f90bc00a800 Uncommon trap: reason=class_check action=maybe_recompile pc=0x00007f90b90687bc method=java.util.Properties$LineReader.readLine()I @ 62
Event: 0,186 Thread 0x00007f90bc00a800 Uncommon trap: reason=null_check action=make_not_entrant pc=0x00007f90b906b1d0 method=java.lang.String.equals(Ljava/lang/Object;)Z @ 8
Event: 0,222 Thread 0x00007f90bc00a800 Uncommon trap: reason=class_check action=maybe_recompile pc=0x00007f90b90687bc method=java.util.Properties$LineReader.readLine()I @ 62
Event: 0,319 Thread 0x00007f90bc00a800 Uncommon trap: reason=class_check action=maybe_recompile pc=0x00007f90b90687bc method=java.util.Properties$LineReader.readLine()I @ 62
Event: 0,319 Thread 0x00007f90bc00a800 Uncommon trap: reason=class_check action=maybe_recompile pc=0x00007f90b90687bc method=java.util.Properties$LineReader.readLine()I @ 62
Event: 8317,735 Thread 0x00007f90bc2b2000 Uncommon trap: reason=class_check action=maybe_recompile pc=0x00007f90b90c0b20 method=sun.awt.X11.XToolkit.dispatchEvent(Lsun/awt/X11/XEvent;)V @ 159

Internal exceptions (10 events):
Event: 24,688 Thread 0x00007f90bc323000 Threw 0x00000007d7587cf8 at /build/buildd/openjdk-7-7u55-2.4.7/build/openjdk/hotspot/src/share/vm/prims/jvm.cpp:1244
Event: 24,688 Thread 0x00007f90bc323000 Threw 0x00000007d758bc58 at /build/buildd/openjdk-7-7u55-2.4.7/build/openjdk/hotspot/src/share/vm/prims/jvm.cpp:1244
Event: 24,689 Thread 0x00007f90bc323000 Threw 0x00000007d758ed48 at /build/buildd/openjdk-7-7u55-2.4.7/build/openjdk/hotspot/src/share/vm/prims/jvm.cpp:1244
Event: 24,689 Thread 0x00007f90bc323000 Threw 0x00000007d7592d28 at /build/buildd/openjdk-7-7u55-2.4.7/build/openjdk/hotspot/src/share/vm/prims/jvm.cpp:1244
Event: 24,690 Thread 0x00007f90bc323000 Threw 0x00000007d7596b28 at /build/buildd/openjdk-7-7u55-2.4.7/build/openjdk/hotspot/src/share/vm/prims/jvm.cpp:1244
Event: 24,690 Thread 0x00007f90bc323000 Threw 0x00000007d7599e28 at /build/buildd/openjdk-7-7u55-2.4.7/build/openjdk/hotspot/src/share/vm/prims/jvm.cpp:1244
Event: 24,690 Thread 0x00007f90bc323000 Threw 0x00000007d759ca80 at /build/buildd/openjdk-7-7u55-2.4.7/build/openjdk/hotspot/src/share/vm/prims/jvm.cpp:1244
Event: 24,690 Thread 0x00007f90bc323000 Threw 0x00000007d759f6d0 at /build/buildd/openjdk-7-7u55-2.4.7/build/openjdk/hotspot/src/share/vm/prims/jvm.cpp:1244
Event: 24,802 Thread 0x00007f90bc323000 Threw 0x00000007d75de0b8 at /build/buildd/openjdk-7-7u55-2.4.7/build/openjdk/hotspot/src/share/vm/prims/jni.cpp:743
Event: 28,196 Thread 0x00007f90bc323000 Threw 0x00000007d772aa20 at /build/buildd/openjdk-7-7u55-2.4.7/build/openjdk/hotspot/src/share/vm/prims/jvm.cpp:1244

Events (10 events):
Event: 30,640 loading class 0x00007f9070085090 done
Event: 8317,735 Thread 0x00007f90bc2b2000 Uncommon trap: trap_request=0xffffffde fr.pc=0x00007f90b90c0b20
Event: 8317,735 Thread 0x00007f90bc2b2000 DEOPT PACKING pc=0x00007f90b90c0b20 sp=0x00007f9083d0e900
Event: 8317,735 Thread 0x00007f90bc2b2000 DEOPT UNPACKING pc=0x00007f90b9039445 sp=0x00007f9083d0e870 mode 2
Event: 8317,735 loading class 0x00007f906c135da0
Event: 8317,735 loading class 0x00007f906c135da0 done
Event: 8318,016 loading class 0x00007f906c15e110
Event: 8318,016 loading class 0x00007f906c15e110 done
Event: 8318,058 loading class 0x00007f906c15d8c0
Event: 8318,058 loading class 0x00007f906c15d8c0 done


Dynamic libraries:
00400000-00401000 r-xp 00000000 08:0c 6038082                            /usr/lib/jvm/java-7-openjdk-amd64/jre/bin/java
00600000-00601000 r--p 00000000 08:0c 6038082                            /usr/lib/jvm/java-7-openjdk-amd64/jre/bin/java
00601000-00602000 rw-p 00001000 08:0c 6038082                            /usr/lib/jvm/java-7-openjdk-amd64/jre/bin/java
0161c000-0163d000 rw-p 00000000 00:00 0                                  [heap]
77a200000-77b700000 rw-p 00000000 00:00 0 
77b700000-784800000 rw-p 00000000 00:00 0 
784800000-789a00000 rw-p 00000000 00:00 0 
789a00000-7d6d00000 rw-p 00000000 00:00 0 
7d6d00000-7d9680000 rw-p 00000000 00:00 0 
7d9680000-800000000 rw-p 00000000 00:00 0 
7f904c000000-7f904c021000 rw-p 00000000 00:00 0 
7f904c021000-7f9050000000 ---p 00000000 00:00 0 
7f9054000000-7f9054021000 rw-p 00000000 00:00 0 
7f9054021000-7f9058000000 ---p 00000000 00:00 0 
7f9058000000-7f905808e000 rw-p 00000000 00:00 0 
7f905808e000-7f905c000000 ---p 00000000 00:00 0 
7f905c000000-7f905c021000 rw-p 00000000 00:00 0 
7f905c021000-7f9060000000 ---p 00000000 00:00 0 
7f9060000000-7f9060021000 rw-p 00000000 00:00 0 
7f9060021000-7f9064000000 ---p 00000000 00:00 0 
7f9064000000-7f9064021000 rw-p 00000000 00:00 0 
7f9064021000-7f9068000000 ---p 00000000 00:00 0 
7f9068000000-7f9068021000 rw-p 00000000 00:00 0 
7f9068021000-7f906c000000 ---p 00000000 00:00 0 
7f906c000000-7f906cc6c000 rw-p 00000000 00:00 0 
7f906cc6c000-7f9070000000 ---p 00000000 00:00 0 
7f9070000000-7f907029a000 rw-p 00000000 00:00 0 
7f907029a000-7f9074000000 ---p 00000000 00:00 0 
7f9074000000-7f9074021000 rw-p 00000000 00:00 0 
7f9074021000-7f9078000000 ---p 00000000 00:00 0 
7f9078000000-7f9078021000 rw-p 00000000 00:00 0 
7f9078021000-7f907c000000 ---p 00000000 00:00 0 
7f907c000000-7f907c021000 rw-p 00000000 00:00 0 
7f907c021000-7f9080000000 ---p 00000000 00:00 0 
7f90836b8000-7f90836bb000 ---p 00000000 00:00 0 
7f90836bb000-7f90837b9000 rw-p 00000000 00:00 0                          [stack:7037]
7f90837b9000-7f908380a000 r-xp 00000000 08:0c 6038157                    /usr/lib/jvm/java-7-openjdk-amd64/jre/lib/amd64/libfontmanager.so
7f908380a000-7f9083a09000 ---p 00051000 08:0c 6038157                    /usr/lib/jvm/java-7-openjdk-amd64/jre/lib/amd64/libfontmanager.so
7f9083a09000-7f9083a0c000 r--p 00050000 08:0c 6038157                    /usr/lib/jvm/java-7-openjdk-amd64/jre/lib/amd64/libfontmanager.so
7f9083a0c000-7f9083a0d000 rw-p 00053000 08:0c 6038157                    /usr/lib/jvm/java-7-openjdk-amd64/jre/lib/amd64/libfontmanager.so
7f9083a0d000-7f9083a10000 ---p 00000000 00:00 0 
7f9083a10000-7f9083b0e000 rw-p 00000000 00:00 0                          [stack:7034]
7f9083b0e000-7f9083b11000 ---p 00000000 00:00 0 
7f9083b11000-7f9083c0f000 rw-p 00000000 00:00 0                          [stack:7033]
7f9083c0f000-7f9083c12000 ---p 00000000 00:00 0 
7f9083c12000-7f9088000000 rw-p 00000000 00:00 0                          [stack:7032]
7f9088000000-7f9088021000 rw-p 00000000 00:00 0 
7f9088021000-7f908c000000 ---p 00000000 00:00 0 
7f908c000000-7f908c021000 rw-p 00000000 00:00 0 
7f908c021000-7f9090000000 ---p 00000000 00:00 0 
7f9090000000-7f9090021000 rw-p 00000000 00:00 0 
7f9090021000-7f9094000000 ---p 00000000 00:00 0 
7f9094070000-7f9094074000 r-xp 00000000 08:0c 6295469                    /lib/x86_64-linux-gnu/libgpg-error.so.0.10.0
7f9094074000-7f9094273000 ---p 00004000 08:0c 6295469                    /lib/x86_64-linux-gnu/libgpg-error.so.0.10.0
7f9094273000-7f9094274000 r--p 00003000 08:0c 6295469                    /lib/x86_64-linux-gnu/libgpg-error.so.0.10.0
7f9094274000-7f9094275000 rw-p 00004000 08:0c 6295469                    /lib/x86_64-linux-gnu/libgpg-error.so.0.10.0
7f9094275000-7f9094277000 r-xp 00000000 08:0c 6295479                    /lib/x86_64-linux-gnu/libkeyutils.so.1.4
7f9094277000-7f9094477000 ---p 00002000 08:0c 6295479                    /lib/x86_64-linux-gnu/libkeyutils.so.1.4
7f9094477000-7f9094478000 r--p 00002000 08:0c 6295479                    /lib/x86_64-linux-gnu/libkeyutils.so.1.4
7f9094478000-7f9094479000 rw-p 00003000 08:0c 6295479                    /lib/x86_64-linux-gnu/libkeyutils.so.1.4
7f9094479000-7f9094493000 r-xp 00000000 08:0c 5906754                    /usr/lib/x86_64-linux-gnu/libgraphite2.so.3.0.1
7f9094493000-7f9094692000 ---p 0001a000 08:0c 5906754                    /usr/lib/x86_64-linux-gnu/libgraphite2.so.3.0.1
7f9094692000-7f9094694000 r--p 00019000 08:0c 5906754                    /usr/lib/x86_64-linux-gnu/libgraphite2.so.3.0.1
7f9094694000-7f9094695000 rw-p 0001b000 08:0c 5906754                    /usr/lib/x86_64-linux-gnu/libgraphite2.so.3.0.1
7f9094695000-7f90946d9000 r-xp 00000000 08:0c 6295450                    /lib/x86_64-linux-gnu/libdbus-1.so.3.7.6
7f90946d9000-7f90948d8000 ---p 00044000 08:0c 6295450                    /lib/x86_64-linux-gnu/libdbus-1.so.3.7.6
7f90948d8000-7f90948d9000 r--p 00043000 08:0c 6295450                    /lib/x86_64-linux-gnu/libdbus-1.so.3.7.6
7f90948d9000-7f90948da000 rw-p 00044000 08:0c 6295450                    /lib/x86_64-linux-gnu/libdbus-1.so.3.7.6
7f90948da000-7f9094915000 r-xp 00000000 08:0c 5907052                    /usr/lib/x86_64-linux-gnu/libp11-kit.so.0.0.0
7f9094915000-7f9094b14000 ---p 0003b000 08:0c 5907052                    /usr/lib/x86_64-linux-gnu/libp11-kit.so.0.0.0
7f9094b14000-7f9094b1a000 r--p 0003a000 08:0c 5907052                    /usr/lib/x86_64-linux-gnu/libp11-kit.so.0.0.0
7f9094b1a000-7f9094b1c000 rw-p 00040000 08:0c 5907052                    /usr/lib/x86_64-linux-gnu/libp11-kit.so.0.0.0
7f9094b1c000-7f9094b2e000 r-xp 00000000 08:0c 5907237                    /usr/lib/x86_64-linux-gnu/libtasn1.so.6.2.0
7f9094b2e000-7f9094d2e000 ---p 00012000 08:0c 5907237                    /usr/lib/x86_64-linux-gnu/libtasn1.so.6.2.0
7f9094d2e000-7f9094d2f000 r--p 00012000 08:0c 5907237                    /usr/lib/x86_64-linux-gnu/libtasn1.so.6.2.0
7f9094d2f000-7f9094d30000 rw-p 00013000 08:0c 5907237                    /usr/lib/x86_64-linux-gnu/libtasn1.so.6.2.0
7f9094d30000-7f9094dab000 r-xp 00000000 08:0c 6295465                    /lib/x86_64-linux-gnu/libgcrypt.so.11.8.2
7f9094dab000-7f9094fab000 ---p 0007b000 08:0c 6295465                    /lib/x86_64-linux-gnu/libgcrypt.so.11.8.2
7f9094fab000-7f9094fac000 r--p 0007b000 08:0c 6295465                    /lib/x86_64-linux-gnu/libgcrypt.so.11.8.2
7f9094fac000-7f9094faf000 rw-p 0007c000 08:0c 6295465                    /lib/x86_64-linux-gnu/libgcrypt.so.11.8.2
7f9094faf000-7f9094fb9000 r-xp 00000000 08:0c 5906935                    /usr/lib/x86_64-linux-gnu/libkrb5support.so.0.1
7f9094fb9000-7f90951b8000 ---p 0000a000 08:0c 5906935                    /usr/lib/x86_64-linux-gnu/libkrb5support.so.0.1
7f90951b8000-7f90951b9000 r--p 00009000 08:0c 5906935                    /usr/lib/x86_64-linux-gnu/libkrb5support.so.0.1
7f90951b9000-7f90951ba000 rw-p 0000a000 08:0c 5906935                    /usr/lib/x86_64-linux-gnu/libkrb5support.so.0.1
7f90951ba000-7f90951bd000 r-xp 00000000 08:0c 6295445                    /lib/x86_64-linux-gnu/libcom_err.so.2.1
7f90951bd000-7f90953bc000 ---p 00003000 08:0c 6295445                    /lib/x86_64-linux-gnu/libcom_err.so.2.1
7f90953bc000-7f90953bd000 r--p 00002000 08:0c 6295445                    /lib/x86_64-linux-gnu/libcom_err.so.2.1
7f90953bd000-7f90953be000 rw-p 00003000 08:0c 6295445                    /lib/x86_64-linux-gnu/libcom_err.so.2.1
7f90953be000-7f90953ea000 r-xp 00000000 08:0c 5906929                    /usr/lib/x86_64-linux-gnu/libk5crypto.so.3.1
7f90953ea000-7f90955e9000 ---p 0002c000 08:0c 5906929                    /usr/lib/x86_64-linux-gnu/libk5crypto.so.3.1
7f90955e9000-7f90955eb000 r--p 0002b000 08:0c 5906929                    /usr/lib/x86_64-linux-gnu/libk5crypto.so.3.1
7f90955eb000-7f90955ec000 rw-p 0002d000 08:0c 5906929                    /usr/lib/x86_64-linux-gnu/libk5crypto.so.3.1
7f90955ec000-7f90955ed000 rw-p 00000000 00:00 0 
7f90955ed000-7f90956a9000 r-xp 00000000 08:0c 5906933                    /usr/lib/x86_64-linux-gnu/libkrb5.so.3.3
7f90956a9000-7f90958a9000 ---p 000bc000 08:0c 5906933                    /usr/lib/x86_64-linux-gnu/libkrb5.so.3.3
7f90958a9000-7f90958b6000 r--p 000bc000 08:0c 5906933                    /usr/lib/x86_64-linux-gnu/libkrb5.so.3.3
7f90958b6000-7f90958b8000 rw-p 000c9000 08:0c 5906933                    /usr/lib/x86_64-linux-gnu/libkrb5.so.3.3
7f90958b8000-7f90958be000 r-xp 00000000 08:0c 5906528                    /usr/lib/x86_64-linux-gnu/libdatrie.so.1.3.1
7f90958be000-7f9095abd000 ---p 00006000 08:0c 5906528                    /usr/lib/x86_64-linux-gnu/libdatrie.so.1.3.1
7f9095abd000-7f9095abe000 r--p 00005000 08:0c 5906528                    /usr/lib/x86_64-linux-gnu/libdatrie.so.1.3.1
7f9095abe000-7f9095abf000 rw-p 00006000 08:0c 5906528                    /usr/lib/x86_64-linux-gnu/libdatrie.so.1.3.1
7f9095abf000-7f9095b12000 r-xp 00000000 08:0c 5906867                    /usr/lib/x86_64-linux-gnu/libharfbuzz.so.0.927.0
7f9095b12000-7f9095d12000 ---p 00053000 08:0c 5906867                    /usr/lib/x86_64-linux-gnu/libharfbuzz.so.0.927.0
7f9095d12000-7f9095d13000 r--p 00053000 08:0c 5906867                    /usr/lib/x86_64-linux-gnu/libharfbuzz.so.0.927.0
7f9095d13000-7f9095d14000 rw-p 00054000 08:0c 5906867                    /usr/lib/x86_64-linux-gnu/libharfbuzz.so.0.927.0
7f9095d14000-7f9095d1c000 r-xp 00000000 08:0c 5907379                    /usr/lib/x86_64-linux-gnu/libxcb-render.so.0.0.0
7f9095d1c000-7f9095f1b000 ---p 00008000 08:0c 5907379                    /usr/lib/x86_64-linux-gnu/libxcb-render.so.0.0.0
7f9095f1b000-7f9095f1c000 r--p 00007000 08:0c 5907379                    /usr/lib/x86_64-linux-gnu/libxcb-render.so.0.0.0
7f9095f1c000-7f9095f1d000 rw-p 00008000 08:0c 5907379                    /usr/lib/x86_64-linux-gnu/libxcb-render.so.0.0.0
7f9095f1d000-7f9095f1f000 r-xp 00000000 08:0c 5907383                    /usr/lib/x86_64-linux-gnu/libxcb-shm.so.0.0.0
7f9095f1f000-7f909611e000 ---p 00002000 08:0c 5907383                    /usr/lib/x86_64-linux-gnu/libxcb-shm.so.0.0.0
7f909611e000-7f909611f000 r--p 00001000 08:0c 5907383                    /usr/lib/x86_64-linux-gnu/libxcb-shm.so.0.0.0
7f909611f000-7f9096120000 rw-p 00002000 08:0c 5907383                    /usr/lib/x86_64-linux-gnu/libxcb-shm.so.0.0.0
7f9096120000-7f9096145000 r-xp 00000000 08:0c 6295551                    /lib/x86_64-linux-gnu/libpng12.so.0.50.0
7f9096145000-7f9096344000 ---p 00025000 08:0c 6295551                    /lib/x86_64-linux-gnu/libpng12.so.0.50.0
7f9096344000-7f9096345000 r--p 00024000 08:0c 6295551                    /lib/x86_64-linux-gnu/libpng12.so.0.50.0
7f9096345000-7f9096346000 rw-p 00025000 08:0c 6295551                    /lib/x86_64-linux-gnu/libpng12.so.0.50.0
7f9096346000-7f90963e7000 r-xp 00000000 08:0c 5907083                    /usr/lib/x86_64-linux-gnu/libpixman-1.so.0.30.2
7f90963e7000-7f90965e7000 ---p 000a1000 08:0c 5907083                    /usr/lib/x86_64-linux-gnu/libpixman-1.so.0.30.2
7f90965e7000-7f90965ee000 r--p 000a1000 08:0c 5907083                    /usr/lib/x86_64-linux-gnu/libpixman-1.so.0.30.2
7f90965ee000-7f90965ef000 rw-p 000a8000 08:0c 5907083                    /usr/lib/x86_64-linux-gnu/libpixman-1.so.0.30.2
7f90965ef000-7f90965f4000 r-xp 00000000 08:0c 5906336                    /usr/lib/x86_64-linux-gnu/libXdmcp.so.6.0.0
7f90965f4000-7f90967f3000 ---p 00005000 08:0c 5906336                    /usr/lib/x86_64-linux-gnu/libXdmcp.so.6.0.0
7f90967f3000-7f90967f4000 r--p 00004000 08:0c 5906336                    /usr/lib/x86_64-linux-gnu/libXdmcp.so.6.0.0
7f90967f4000-7f90967f5000 rw-p 00005000 08:0c 5906336                    /usr/lib/x86_64-linux-gnu/libXdmcp.so.6.0.0
7f90967f5000-7f90967f7000 r-xp 00000000 08:0c 5906325                    /usr/lib/x86_64-linux-gnu/libXau.so.6.0.0
7f90967f7000-7f90969f7000 ---p 00002000 08:0c 5906325                    /usr/lib/x86_64-linux-gnu/libXau.so.6.0.0
7f90969f7000-7f90969f8000 r--p 00002000 08:0c 5906325                    /usr/lib/x86_64-linux-gnu/libXau.so.6.0.0
7f90969f8000-7f90969f9000 rw-p 00003000 08:0c 5906325                    /usr/lib/x86_64-linux-gnu/libXau.so.6.0.0
7f90969f9000-7f9096a08000 r-xp 00000000 08:0c 5906429                    /usr/lib/x86_64-linux-gnu/libavahi-client.so.3.2.9
7f9096a08000-7f9096c08000 ---p 0000f000 08:0c 5906429                    /usr/lib/x86_64-linux-gnu/libavahi-client.so.3.2.9
7f9096c08000-7f9096c09000 r--p 0000f000 08:0c 5906429                    /usr/lib/x86_64-linux-gnu/libavahi-client.so.3.2.9
7f9096c09000-7f9096c0a000 rw-p 00010000 08:0c 5906429                    /usr/lib/x86_64-linux-gnu/libavahi-client.so.3.2.9
7f9096c0a000-7f9096c15000 r-xp 00000000 08:0c 5906431                    /usr/lib/x86_64-linux-gnu/libavahi-common.so.3.5.3
7f9096c15000-7f9096e14000 ---p 0000b000 08:0c 5906431                    /usr/lib/x86_64-linux-gnu/libavahi-common.so.3.5.3
7f9096e14000-7f9096e15000 r--p 0000a000 08:0c 5906431                    /usr/lib/x86_64-linux-gnu/libavahi-common.so.3.5.3
7f9096e15000-7f9096e16000 rw-p 0000b000 08:0c 5906431                    /usr/lib/x86_64-linux-gnu/libavahi-common.so.3.5.3
7f9096e16000-7f9096ecc000 r-xp 00000000 08:0c 5899072                    /usr/lib/x86_64-linux-gnu/libgnutls.so.26.22.6
7f9096ecc000-7f90970cc000 ---p 000b6000 08:0c 5899072                    /usr/lib/x86_64-linux-gnu/libgnutls.so.26.22.6
7f90970cc000-7f90970d2000 r--p 000b6000 08:0c 5899072                    /usr/lib/x86_64-linux-gnu/libgnutls.so.26.22.6
7f90970d2000-7f90970d3000 rw-p 000bc000 08:0c 5899072                    /usr/lib/x86_64-linux-gnu/libgnutls.so.26.22.6
7f90970d3000-7f90970d4000 rw-p 00000000 00:00 0 
7f90970d4000-7f9097117000 r-xp 00000000 08:0c 5906763                    /usr/lib/x86_64-linux-gnu/libgssapi_krb5.so.2.2
7f9097117000-7f9097317000 ---p 00043000 08:0c 5906763                    /usr/lib/x86_64-linux-gnu/libgssapi_krb5.so.2.2
7f9097317000-7f9097318000 r--p 00043000 08:0c 5906763                    /usr/lib/x86_64-linux-gnu/libgssapi_krb5.so.2.2
7f9097318000-7f909731a000 rw-p 00044000 08:0c 5906763                    /usr/lib/x86_64-linux-gnu/libgssapi_krb5.so.2.2
7f909731a000-7f9097341000 r-xp 00000000 08:0c 6295458                    /lib/x86_64-linux-gnu/libexpat.so.1.6.0
7f9097341000-7f9097541000 ---p 00027000 08:0c 6295458                    /lib/x86_64-linux-gnu/libexpat.so.1.6.0
7f9097541000-7f9097543000 r--p 00027000 08:0c 6295458                    /lib/x86_64-linux-gnu/libexpat.so.1.6.0
7f9097543000-7f9097544000 rw-p 00029000 08:0c 6295458                    /lib/x86_64-linux-gnu/libexpat.so.1.6.0
7f9097544000-7f90975e1000 r-xp 00000000 08:0c 5899445                    /usr/lib/x86_64-linux-gnu/libfreetype.so.6.11.1
7f90975e1000-7f90977e0000 ---p 0009d000 08:0c 5899445                    /usr/lib/x86_64-linux-gnu/libfreetype.so.6.11.1
7f90977e0000-7f90977e6000 r--p 0009c000 08:0c 5899445                    /usr/lib/x86_64-linux-gnu/libfreetype.so.6.11.1
7f90977e6000-7f90977e7000 rw-p 000a2000 08:0c 5899445                    /usr/lib/x86_64-linux-gnu/libfreetype.so.6.11.1
7f90977e7000-7f90977ef000 r-xp 00000000 08:0c 5907253                    /usr/lib/x86_64-linux-gnu/libthai.so.0.2.0
7f90977ef000-7f90979ee000 ---p 00008000 08:0c 5907253                    /usr/lib/x86_64-linux-gnu/libthai.so.0.2.0
7f90979ee000-7f90979ef000 r--p 00007000 08:0c 5907253                    /usr/lib/x86_64-linux-gnu/libthai.so.0.2.0
7f90979ef000-7f90979f0000 rw-p 00008000 08:0c 5907253                    /usr/lib/x86_64-linux-gnu/libthai.so.0.2.0
7f90979f0000-7f90979f2000 r-xp 00000000 08:0c 5906334                    /usr/lib/x86_64-linux-gnu/libXdamage.so.1.1.0
7f90979f2000-7f9097bf1000 ---p 00002000 08:0c 5906334                    /usr/lib/x86_64-linux-gnu/libXdamage.so.1.1.0
7f9097bf1000-7f9097bf2000 r--p 00001000 08:0c 5906334                    /usr/lib/x86_64-linux-gnu/libXdamage.so.1.1.0
7f9097bf2000-7f9097bf3000 rw-p 00002000 08:0c 5906334                    /usr/lib/x86_64-linux-gnu/libXdamage.so.1.1.0
7f9097bf3000-7f9097bf5000 r-xp 00000000 08:0c 5906330                    /usr/lib/x86_64-linux-gnu/libXcomposite.so.1.0.0
7f9097bf5000-7f9097df4000 ---p 00002000 08:0c 5906330                    /usr/lib/x86_64-linux-gnu/libXcomposite.so.1.0.0
7f9097df4000-7f9097df5000 r--p 00001000 08:0c 5906330                    /usr/lib/x86_64-linux-gnu/libXcomposite.so.1.0.0
7f9097df5000-7f9097df6000 rw-p 00002000 08:0c 5906330                    /usr/lib/x86_64-linux-gnu/libXcomposite.so.1.0.0
7f9097df6000-7f9097dff000 r-xp 00000000 08:0c 5906332                    /usr/lib/x86_64-linux-gnu/libXcursor.so.1.0.2
7f9097dff000-7f9097ffe000 ---p 00009000 08:0c 5906332                    /usr/lib/x86_64-linux-gnu/libXcursor.so.1.0.2
7f9097ffe000-7f9097fff000 r--p 00008000 08:0c 5906332                    /usr/lib/x86_64-linux-gnu/libXcursor.so.1.0.2
7f9097fff000-7f9098000000 rw-p 00009000 08:0c 5906332                    /usr/lib/x86_64-linux-gnu/libXcursor.so.1.0.2
7f9098000000-7f9098021000 rw-p 00000000 00:00 0 
7f9098021000-7f909c000000 ---p 00000000 00:00 0 
7f909c060000-7f909c063000 ---p 00000000 00:00 0 
7f909c063000-7f909c161000 rw-p 00000000 00:00 0                          [stack:7031]
7f909c161000-7f909c16a000 r-xp 00000000 08:0c 5906358                    /usr/lib/x86_64-linux-gnu/libXrandr.so.2.2.0
7f909c16a000-7f909c369000 ---p 00009000 08:0c 5906358                    /usr/lib/x86_64-linux-gnu/libXrandr.so.2.2.0
7f909c369000-7f909c36a000 r--p 00008000 08:0c 5906358                    /usr/lib/x86_64-linux-gnu/libXrandr.so.2.2.0
7f909c36a000-7f909c36b000 rw-p 00009000 08:0c 5906358                    /usr/lib/x86_64-linux-gnu/libXrandr.so.2.2.0
7f909c36b000-7f909c36d000 r-xp 00000000 08:0c 5906348                    /usr/lib/x86_64-linux-gnu/libXinerama.so.1.0.0
7f909c36d000-7f909c56c000 ---p 00002000 08:0c 5906348                    /usr/lib/x86_64-linux-gnu/libXinerama.so.1.0.0
7f909c56c000-7f909c56d000 r--p 00001000 08:0c 5906348                    /usr/lib/x86_64-linux-gnu/libXinerama.so.1.0.0
7f909c56d000-7f909c56e000 rw-p 00002000 08:0c 5906348                    /usr/lib/x86_64-linux-gnu/libXinerama.so.1.0.0
7f909c56e000-7f909c582000 r-xp 00000000 08:0c 5907064                    /usr/lib/x86_64-linux-gnu/libpangoft2-1.0.so.0.3600.3
7f909c582000-7f909c781000 ---p 00014000 08:0c 5907064                    /usr/lib/x86_64-linux-gnu/libpangoft2-1.0.so.0.3600.3
7f909c781000-7f909c782000 r--p 00013000 08:0c 5907064                    /usr/lib/x86_64-linux-gnu/libpangoft2-1.0.so.0.3600.3
7f909c782000-7f909c783000 rw-p 00014000 08:0c 5907064                    /usr/lib/x86_64-linux-gnu/libpangoft2-1.0.so.0.3600.3
7f909c783000-7f909c889000 r-xp 00000000 08:0c 5906456                    /usr/lib/x86_64-linux-gnu/libcairo.so.2.11301.0
7f909c889000-7f909ca88000 ---p 00106000 08:0c 5906456                    /usr/lib/x86_64-linux-gnu/libcairo.so.2.11301.0
7f909ca88000-7f909ca8b000 r--p 00105000 08:0c 5906456                    /usr/lib/x86_64-linux-gnu/libcairo.so.2.11301.0
7f909ca8b000-7f909ca8c000 rw-p 00108000 08:0c 5906456                    /usr/lib/x86_64-linux-gnu/libcairo.so.2.11301.0
7f909ca8c000-7f909ca8e000 rw-p 00000000 00:00 0 
7f909ca8e000-7f909caad000 r-xp 00000000 08:0c 5906417                    /usr/lib/x86_64-linux-gnu/libatk-1.0.so.0.21009.1
7f909caad000-7f909ccad000 ---p 0001f000 08:0c 5906417                    /usr/lib/x86_64-linux-gnu/libatk-1.0.so.0.21009.1
7f909ccad000-7f909ccaf000 r--p 0001f000 08:0c 5906417                    /usr/lib/x86_64-linux-gnu/libatk-1.0.so.0.21009.1
7f909ccaf000-7f909ccb0000 rw-p 00021000 08:0c 5906417                    /usr/lib/x86_64-linux-gnu/libatk-1.0.so.0.21009.1
7f909ccb0000-7f909ccb5000 r-xp 00000000 08:0c 5906340                    /usr/lib/x86_64-linux-gnu/libXfixes.so.3.1.0
7f909ccb5000-7f909ceb4000 ---p 00005000 08:0c 5906340                    /usr/lib/x86_64-linux-gnu/libXfixes.so.3.1.0
7f909ceb4000-7f909ceb5000 r--p 00004000 08:0c 5906340                    /usr/lib/x86_64-linux-gnu/libXfixes.so.3.1.0
7f909ceb5000-7f909ceb6000 rw-p 00005000 08:0c 5906340                    /usr/lib/x86_64-linux-gnu/libXfixes.so.3.1.0
7f909ceb6000-7f909cec1000 r-xp 00000000 08:0c 5907062                    /usr/lib/x86_64-linux-gnu/libpangocairo-1.0.so.0.3600.3
7f909cec1000-7f909d0c1000 ---p 0000b000 08:0c 5907062                    /usr/lib/x86_64-linux-gnu/libpangocairo-1.0.so.0.3600.3
7f909d0c1000-7f909d0c2000 r--p 0000b000 08:0c 5907062                    /usr/lib/x86_64-linux-gnu/libpangocairo-1.0.so.0.3600.3
7f909d0c2000-7f909d0c3000 rw-p 0000c000 08:0c 5907062                    /usr/lib/x86_64-linux-gnu/libpangocairo-1.0.so.0.3600.3
7f909d0c3000-7f909d0e0000 r-xp 00000000 08:0c 5907393                    /usr/lib/x86_64-linux-gnu/libxcb.so.1.1.0
7f909d0e0000-7f909d2e0000 ---p 0001d000 08:0c 5907393                    /usr/lib/x86_64-linux-gnu/libxcb.so.1.1.0
7f909d2e0000-7f909d2e1000 r--p 0001d000 08:0c 5907393                    /usr/lib/x86_64-linux-gnu/libxcb.so.1.1.0
7f909d2e1000-7f909d2e2000 rw-p 0001e000 08:0c 5907393                    /usr/lib/x86_64-linux-gnu/libxcb.so.1.1.0
7f909d2e2000-7f909d34e000 r-xp 00000000 08:0c 5906514                    /usr/lib/x86_64-linux-gnu/libcups.so.2
7f909d34e000-7f909d54e000 ---p 0006c000 08:0c 5906514                    /usr/lib/x86_64-linux-gnu/libcups.so.2
7f909d54e000-7f909d555000 r--p 0006c000 08:0c 5906514                    /usr/lib/x86_64-linux-gnu/libcups.so.2
7f909d555000-7f909d556000 rw-p 00073000 08:0c 5906514                    /usr/lib/x86_64-linux-gnu/libcups.so.2
7f909d556000-7f909d557000 r-xp 00000000 08:0c 5906843                    /usr/lib/x86_64-linux-gnu/libgthread-2.0.so.0.4000.0
7f909d557000-7f909d756000 ---p 00001000 08:0c 5906843                    /usr/lib/x86_64-linux-gnu/libgthread-2.0.so.0.4000.0
7f909d756000-7f909d757000 r--p 00000000 08:0c 5906843                    /usr/lib/x86_64-linux-gnu/libgthread-2.0.so.0.4000.0
7f909d757000-7f909d758000 rw-p 00001000 08:0c 5906843                    /usr/lib/x86_64-linux-gnu/libgthread-2.0.so.0.4000.0
7f909d758000-7f909d792000 r-xp 00000000 08:0c 5906617                    /usr/lib/x86_64-linux-gnu/libfontconfig.so.1.8.0
7f909d792000-7f909d991000 ---p 0003a000 08:0c 5906617                    /usr/lib/x86_64-linux-gnu/libfontconfig.so.1.8.0
7f909d991000-7f909d993000 r--p 00039000 08:0c 5906617                    /usr/lib/x86_64-linux-gnu/libfontconfig.so.1.8.0
7f909d993000-7f909d994000 rw-p 0003b000 08:0c 5906617                    /usr/lib/x86_64-linux-gnu/libfontconfig.so.1.8.0
7f909d994000-7f909d9de000 r-xp 00000000 08:0c 5907060                    /usr/lib/x86_64-linux-gnu/libpango-1.0.so.0.3600.3
7f909d9de000-7f909dbde000 ---p 0004a000 08:0c 5907060                    /usr/lib/x86_64-linux-gnu/libpango-1.0.so.0.3600.3
7f909dbde000-7f909dbe0000 r--p 0004a000 08:0c 5907060                    /usr/lib/x86_64-linux-gnu/libpango-1.0.so.0.3600.3
7f909dbe0000-7f909dbe1000 rw-p 0004c000 08:0c 5907060                    /usr/lib/x86_64-linux-gnu/libpango-1.0.so.0.3600.3
7f909dbe1000-7f909dc00000 r-xp 00000000 08:0c 5906682                    /usr/lib/x86_64-linux-gnu/libgdk_pixbuf-2.0.so.0.3000.7
7f909dc00000-7f909de00000 ---p 0001f000 08:0c 5906682                    /usr/lib/x86_64-linux-gnu/libgdk_pixbuf-2.0.so.0.3000.7
7f909de00000-7f909de01000 r--p 0001f000 08:0c 5906682                    /usr/lib/x86_64-linux-gnu/libgdk_pixbuf-2.0.so.0.3000.7
7f909de01000-7f909de02000 rw-p 00020000 08:0c 5906682                    /usr/lib/x86_64-linux-gnu/libgdk_pixbuf-2.0.so.0.3000.7
7f909de02000-7f909deaf000 r-xp 00000000 08:0c 5900288                    /usr/lib/x86_64-linux-gnu/libgdk-x11-2.0.so.0.2400.23
7f909deaf000-7f909e0ae000 ---p 000ad000 08:0c 5900288                    /usr/lib/x86_64-linux-gnu/libgdk-x11-2.0.so.0.2400.23
7f909e0ae000-7f909e0b2000 r--p 000ac000 08:0c 5900288                    /usr/lib/x86_64-linux-gnu/libgdk-x11-2.0.so.0.2400.23
7f909e0b2000-7f909e0b4000 rw-p 000b0000 08:0c 5900288                    /usr/lib/x86_64-linux-gnu/libgdk-x11-2.0.so.0.2400.23
7f909e0b4000-7f909e4e3000 r-xp 00000000 08:0c 5899952                    /usr/lib/x86_64-linux-gnu/libgtk-x11-2.0.so.0.2400.23
7f909e4e3000-7f909e6e2000 ---p 0042f000 08:0c 5899952                    /usr/lib/x86_64-linux-gnu/libgtk-x11-2.0.so.0.2400.23
7f909e6e2000-7f909e6e9000 r--p 0042e000 08:0c 5899952                    /usr/lib/x86_64-linux-gnu/libgtk-x11-2.0.so.0.2400.23
7f909e6e9000-7f909e6ed000 rw-p 00435000 08:0c 5899952                    /usr/lib/x86_64-linux-gnu/libgtk-x11-2.0.so.0.2400.23
7f909e6ed000-7f909e6f0000 rw-p 00000000 00:00 0 
7f909e6f0000-7f909e6ff000 r-xp 00000000 08:0c 5906346                    /usr/lib/x86_64-linux-gnu/libXi.so.6.1.0
7f909e6ff000-7f909e8fe000 ---p 0000f000 08:0c 5906346                    /usr/lib/x86_64-linux-gnu/libXi.so.6.1.0
7f909e8fe000-7f909e8ff000 r--p 0000e000 08:0c 5906346                    /usr/lib/x86_64-linux-gnu/libXi.so.6.1.0
7f909e8ff000-7f909e900000 rw-p 0000f000 08:0c 5906346                    /usr/lib/x86_64-linux-gnu/libXi.so.6.1.0
7f909e900000-7f909e905000 r-xp 00000000 08:0c 5906366                    /usr/lib/x86_64-linux-gnu/libXtst.so.6.1.0
7f909e905000-7f909eb04000 ---p 00005000 08:0c 5906366                    /usr/lib/x86_64-linux-gnu/libXtst.so.6.1.0
7f909eb04000-7f909eb05000 r--p 00004000 08:0c 5906366                    /usr/lib/x86_64-linux-gnu/libXtst.so.6.1.0
7f909eb05000-7f909eb06000 rw-p 00005000 08:0c 5906366                    /usr/lib/x86_64-linux-gnu/libXtst.so.6.1.0
7f909eb06000-7f909eb0f000 r-xp 00000000 08:0c 5906360                    /usr/lib/x86_64-linux-gnu/libXrender.so.1.3.0
7f909eb0f000-7f909ed0e000 ---p 00009000 08:0c 5906360                    /usr/lib/x86_64-linux-gnu/libXrender.so.1.3.0
7f909ed0e000-7f909ed0f000 r--p 00008000 08:0c 5906360                    /usr/lib/x86_64-linux-gnu/libXrender.so.1.3.0
7f909ed0f000-7f909ed10000 rw-p 00009000 08:0c 5906360                    /usr/lib/x86_64-linux-gnu/libXrender.so.1.3.0
7f909ed10000-7f909ee40000 r-xp 00000000 08:0c 5906321                    /usr/lib/x86_64-linux-gnu/libX11.so.6.3.0
7f909ee40000-7f909f040000 ---p 00130000 08:0c 5906321                    /usr/lib/x86_64-linux-gnu/libX11.so.6.3.0
7f909f040000-7f909f041000 r--p 00130000 08:0c 5906321                    /usr/lib/x86_64-linux-gnu/libX11.so.6.3.0
7f909f041000-7f909f045000 rw-p 00131000 08:0c 5906321                    /usr/lib/x86_64-linux-gnu/libX11.so.6.3.0
7f909f045000-7f909f056000 r-xp 00000000 08:0c 5906338                    /usr/lib/x86_64-linux-gnu/libXext.so.6.4.0
7f909f056000-7f909f255000 ---p 00011000 08:0c 5906338                    /usr/lib/x86_64-linux-gnu/libXext.so.6.4.0
7f909f255000-7f909f256000 r--p 00010000 08:0c 5906338                    /usr/lib/x86_64-linux-gnu/libXext.so.6.4.0
7f909f256000-7f909f257000 rw-p 00011000 08:0c 5906338                    /usr/lib/x86_64-linux-gnu/libXext.so.6.4.0
7f909f257000-7f909f2a8000 r-xp 00000000 08:0c 6038063                    /usr/lib/jvm/java-7-openjdk-amd64/jre/lib/amd64/xawt/libmawt.so
7f909f2a8000-7f909f4a7000 ---p 00051000 08:0c 6038063                    /usr/lib/jvm/java-7-openjdk-amd64/jre/lib/amd64/xawt/libmawt.so
7f909f4a7000-7f909f4a8000 r--p 00050000 08:0c 6038063                    /usr/lib/jvm/java-7-openjdk-amd64/jre/lib/amd64/xawt/libmawt.so
7f909f4a8000-7f909f4ab000 rw-p 00051000 08:0c 6038063                    /usr/lib/jvm/java-7-openjdk-amd64/jre/lib/amd64/xawt/libmawt.so
7f909f4ab000-7f909f4ac000 rw-p 00000000 00:00 0 
7f909f4ac000-7f909f54c000 r-xp 00000000 08:0c 6038150                    /usr/lib/jvm/java-7-openjdk-amd64/jre/lib/amd64/libawt.so
7f909f54c000-7f909f74b000 ---p 000a0000 08:0c 6038150                    /usr/lib/jvm/java-7-openjdk-amd64/jre/lib/amd64/libawt.so
7f909f74b000-7f909f74c000 r--p 0009f000 08:0c 6038150                    /usr/lib/jvm/java-7-openjdk-amd64/jre/lib/amd64/libawt.so
7f909f74c000-7f909f757000 rw-p 000a0000 08:0c 6038150                    /usr/lib/jvm/java-7-openjdk-amd64/jre/lib/amd64/libawt.so
7f909f757000-7f909f77c000 rw-p 00000000 00:00 0 
7f909f77c000-7f909f7b9000 r-xp 00000000 08:0c 6295539                    /lib/x86_64-linux-gnu/libpcre.so.3.13.1
7f909f7b9000-7f909f9b8000 ---p 0003d000 08:0c 6295539                    /lib/x86_64-linux-gnu/libpcre.so.3.13.1
7f909f9b8000-7f909f9b9000 r--p 0003c000 08:0c 6295539                    /lib/x86_64-linux-gnu/libpcre.so.3.13.1
7f909f9b9000-7f909f9ba000 rw-p 0003d000 08:0c 6295539                    /lib/x86_64-linux-gnu/libpcre.so.3.13.1
7f909f9ba000-7f909f9c1000 r-xp 00000000 08:0c 5906603                    /usr/lib/x86_64-linux-gnu/libffi.so.6.0.1
7f909f9c1000-7f909fbc0000 ---p 00007000 08:0c 5906603                    /usr/lib/x86_64-linux-gnu/libffi.so.6.0.1
7f909fbc0000-7f909fbc1000 r--p 00006000 08:0c 5906603                    /usr/lib/x86_64-linux-gnu/libffi.so.6.0.1
7f909fbc1000-7f909fbc2000 rw-p 00007000 08:0c 5906603                    /usr/lib/x86_64-linux-gnu/libffi.so.6.0.1
7f909fbc2000-7f909fbd9000 r-xp 00000000 08:0c 6295562                    /lib/x86_64-linux-gnu/libresolv-2.19.so
7f909fbd9000-7f909fdd9000 ---p 00017000 08:0c 6295562                    /lib/x86_64-linux-gnu/libresolv-2.19.so
7f909fdd9000-7f909fdda000 r--p 00017000 08:0c 6295562                    /lib/x86_64-linux-gnu/libresolv-2.19.so
7f909fdda000-7f909fddb000 rw-p 00018000 08:0c 6295562                    /lib/x86_64-linux-gnu/libresolv-2.19.so
7f909fddb000-7f909fddd000 rw-p 00000000 00:00 0 
7f909fddd000-7f909fdfd000 r-xp 00000000 08:0c 6292666                    /lib/x86_64-linux-gnu/libselinux.so.1
7f909fdfd000-7f909fffc000 ---p 00020000 08:0c 6292666                    /lib/x86_64-linux-gnu/libselinux.so.1
7f909fffc000-7f909fffd000 r--p 0001f000 08:0c 6292666                    /lib/x86_64-linux-gnu/libselinux.so.1
7f909fffd000-7f909fffe000 rw-p 00020000 08:0c 6292666                    /lib/x86_64-linux-gnu/libselinux.so.1
7f909fffe000-7f90a0000000 rw-p 00000000 00:00 0 
7f90a0000000-7f90a0021000 rw-p 00000000 00:00 0 
7f90a0021000-7f90a4000000 ---p 00000000 00:00 0 
7f90a4000000-7f90a4021000 rw-p 00000000 00:00 0 
7f90a4021000-7f90a8000000 ---p 00000000 00:00 0 
7f90a8000000-7f90a8021000 rw-p 00000000 00:00 0 
7f90a8021000-7f90ac000000 ---p 00000000 00:00 0 
7f90ac000000-7f90ac021000 rw-p 00000000 00:00 0 
7f90ac021000-7f90b0000000 ---p 00000000 00:00 0 
7f90b00f4000-7f90b00f8000 rw-s 00000000 00:04 7995414                    /SYSV00000000 (deleted)
7f90b00fd000-7f90b0106000 r--s 000b9000 08:0c 6038099                    /usr/lib/jvm/java-7-openjdk-amd64/jre/lib/resources.jar
7f90b0106000-7f90b010d000 r--s 0009e000 08:08 2405582                    /home/ruioliveira/Downloads/jgoodies-binding-2.10.0/jgoodies-binding-2.10.0-javadoc.jar
7f90b010d000-7f90b0110000 r--s 0003d000 08:08 2405583                    /home/ruioliveira/Downloads/jgoodies-binding-2.10.0/jgoodies-binding-2.10.0-sources.jar
7f90b0110000-7f90b0141000 rw-p 00000000 00:00 0 
7f90b0141000-7f90b0144000 r-xp 00000000 08:0c 5906720                    /usr/lib/x86_64-linux-gnu/libgmodule-2.0.so.0.4000.0
7f90b0144000-7f90b0343000 ---p 00003000 08:0c 5906720                    /usr/lib/x86_64-linux-gnu/libgmodule-2.0.so.0.4000.0
7f90b0343000-7f90b0344000 r--p 00002000 08:0c 5906720                    /usr/lib/x86_64-linux-gnu/libgmodule-2.0.so.0.4000.0
7f90b0344000-7f90b0345000 rw-p 00003000 08:0c 5906720                    /usr/lib/x86_64-linux-gnu/libgmodule-2.0.so.0.4000.0
7f90b0345000-7f90b044b000 r-xp 00000000 08:0c 6295467                    /lib/x86_64-linux-gnu/libglib-2.0.so.0.4000.0
7f90b044b000-7f90b064a000 ---p 00106000 08:0c 6295467                    /lib/x86_64-linux-gnu/libglib-2.0.so.0.4000.0
7f90b064a000-7f90b064b000 r--p 00105000 08:0c 6295467                    /lib/x86_64-linux-gnu/libglib-2.0.so.0.4000.0
7f90b064b000-7f90b064c000 rw-p 00106000 08:0c 6295467                    /lib/x86_64-linux-gnu/libglib-2.0.so.0.4000.0
7f90b064c000-7f90b064d000 rw-p 00000000 00:00 0 
7f90b064d000-7f90b069c000 r-xp 00000000 08:0c 5906736                    /usr/lib/x86_64-linux-gnu/libgobject-2.0.so.0.4000.0
7f90b069c000-7f90b089c000 ---p 0004f000 08:0c 5906736                    /usr/lib/x86_64-linux-gnu/libgobject-2.0.so.0.4000.0
7f90b089c000-7f90b089d000 r--p 0004f000 08:0c 5906736                    /usr/lib/x86_64-linux-gnu/libgobject-2.0.so.0.4000.0
7f90b089d000-7f90b089e000 rw-p 00050000 08:0c 5906736                    /usr/lib/x86_64-linux-gnu/libgobject-2.0.so.0.4000.0
7f90b089e000-7f90b0a09000 r-xp 00000000 08:0c 5906706                    /usr/lib/x86_64-linux-gnu/libgio-2.0.so.0.4000.0
7f90b0a09000-7f90b0c09000 ---p 0016b000 08:0c 5906706                    /usr/lib/x86_64-linux-gnu/libgio-2.0.so.0.4000.0
7f90b0c09000-7f90b0c0d000 r--p 0016b000 08:0c 5906706                    /usr/lib/x86_64-linux-gnu/libgio-2.0.so.0.4000.0
7f90b0c0d000-7f90b0c0f000 rw-p 0016f000 08:0c 5906706                    /usr/lib/x86_64-linux-gnu/libgio-2.0.so.0.4000.0
7f90b0c0f000-7f90b0c11000 rw-p 00000000 00:00 0 
7f90b0c11000-7f90b0c12000 r--p 00000000 08:0c 7363661                    /usr/share/locale-langpack/en_GB/LC_MESSAGES/libc.mo
7f90b0c12000-7f90b0c15000 r--s 00020000 08:08 2405584                    /home/ruioliveira/Downloads/jgoodies-binding-2.10.0/jgoodies-binding-2.10.0-tests.jar
7f90b0c15000-7f90b0c1b000 r--s 0002b000 08:08 2405585                    /home/ruioliveira/Downloads/jgoodies-binding-2.10.0/jgoodies-binding-2.10.0.jar
7f90b0c1b000-7f90b0c1e000 r--s 00035000 08:08 2405312                    /home/ruioliveira/Downloads/jgoodies-common-1.8.0/jgoodies-common-1.8.0-javadoc.jar
7f90b0c1e000-7f90b0c20000 r--s 00010000 08:08 2405313                    /home/ruioliveira/Downloads/jgoodies-common-1.8.0/jgoodies-common-1.8.0-sources.jar
7f90b0c20000-7f90b0c22000 r--s 00007000 08:08 2405315                    /home/ruioliveira/Downloads/jgoodies-common-1.8.0/jgoodies-common-1.8.0.jar
7f90b0c22000-7f90b0c29000 r--s 000a4000 08:08 2405115                    /home/ruioliveira/Downloads/jgoodies-looks-2.6.0/jgoodies-looks-2.6.0-javadoc.jar
7f90b0c29000-7f90b0c2e000 r--s 00051000 08:08 2405116                    /home/ruioliveira/Downloads/jgoodies-looks-2.6.0/jgoodies-looks-2.6.0-sources.jar
7f90b0c2e000-7f90b0c44000 r-xp 00000000 08:0c 6038134                    /usr/lib/jvm/java-7-openjdk-amd64/jre/lib/amd64/libnet.so
7f90b0c44000-7f90b0e44000 ---p 00016000 08:0c 6038134                    /usr/lib/jvm/java-7-openjdk-amd64/jre/lib/amd64/libnet.so
7f90b0e44000-7f90b0e45000 r--p 00016000 08:0c 6038134                    /usr/lib/jvm/java-7-openjdk-amd64/jre/lib/amd64/libnet.so
7f90b0e45000-7f90b0e46000 rw-p 00017000 08:0c 6038134                    /usr/lib/jvm/java-7-openjdk-amd64/jre/lib/amd64/libnet.so
7f90b0e46000-7f90b0e56000 r-xp 00000000 08:0c 6038142                    /usr/lib/jvm/java-7-openjdk-amd64/jre/lib/amd64/libnio.so
7f90b0e56000-7f90b1056000 ---p 00010000 08:0c 6038142                    /usr/lib/jvm/java-7-openjdk-amd64/jre/lib/amd64/libnio.so
7f90b1056000-7f90b1057000 r--p 00010000 08:0c 6038142                    /usr/lib/jvm/java-7-openjdk-amd64/jre/lib/amd64/libnio.so
7f90b1057000-7f90b1058000 rw-p 00011000 08:0c 6038142                    /usr/lib/jvm/java-7-openjdk-amd64/jre/lib/amd64/libnio.so
7f90b1058000-7f90b1059000 ---p 00000000 00:00 0 
7f90b1059000-7f90b1159000 rw-p 00000000 00:00 0                          [stack:7029]
7f90b1159000-7f90b115c000 ---p 00000000 00:00 0 
7f90b115c000-7f90b125a000 rw-p 00000000 00:00 0                          [stack:7028]
7f90b125a000-7f90b125d000 ---p 00000000 00:00 0 
7f90b125d000-7f90b135b000 rw-p 00000000 00:00 0                          [stack:7027]
7f90b135b000-7f90b135e000 ---p 00000000 00:00 0 
7f90b135e000-7f90b145c000 rw-p 00000000 00:00 0                          [stack:7026]
7f90b145c000-7f90b145f000 ---p 00000000 00:00 0 
7f90b145f000-7f90b155d000 rw-p 00000000 00:00 0                          [stack:7025]
7f90b155d000-7f90b1c40000 r--p 00000000 08:0c 5905319                    /usr/lib/locale/locale-archive
7f90b1c40000-7f90b1c43000 ---p 00000000 00:00 0 
7f90b1c43000-7f90b1d41000 rw-p 00000000 00:00 0                          [stack:7024]
7f90b1d41000-7f90b1d44000 ---p 00000000 00:00 0 
7f90b1d44000-7f90b1e42000 rw-p 00000000 00:00 0                          [stack:7023]
7f90b1e42000-7f90b1e43000 ---p 00000000 00:00 0 
7f90b1e43000-7f90b3a23000 rw-p 00000000 00:00 0                          [stack:7022]
7f90b3a23000-7f90b3bd1000 r--s 01cfc000 08:0c 6038089                    /usr/lib/jvm/java-7-openjdk-amd64/jre/lib/rt.jar
7f90b3bd1000-7f90b4000000 rw-p 00000000 00:00 0 
7f90b4000000-7f90b4021000 rw-p 00000000 00:00 0 
7f90b4021000-7f90b8000000 ---p 00000000 00:00 0 
7f90b8000000-7f90b8001000 r--s 00004000 08:08 2405314                    /home/ruioliveira/Downloads/jgoodies-common-1.8.0/jgoodies-common-1.8.0-tests.jar
7f90b8001000-7f90b8236000 rw-p 00000000 00:00 0 
7f90b8236000-7f90b8237000 ---p 00000000 00:00 0 
7f90b8237000-7f90b8337000 rw-p 00000000 00:00 0                          [stack:7017]
7f90b8337000-7f90b8338000 ---p 00000000 00:00 0 
7f90b8338000-7f90b8438000 rw-p 00000000 00:00 0                          [stack:7016]
7f90b8438000-7f90b8439000 ---p 00000000 00:00 0 
7f90b8439000-7f90b8539000 rw-p 00000000 00:00 0                          [stack:7015]
7f90b8539000-7f90b853a000 ---p 00000000 00:00 0 
7f90b853a000-7f90b863a000 rw-p 00000000 00:00 0                          [stack:7014]
7f90b863a000-7f90b863b000 ---p 00000000 00:00 0 
7f90b863b000-7f90b873b000 rw-p 00000000 00:00 0                          [stack:7013]
7f90b873b000-7f90b873c000 ---p 00000000 00:00 0 
7f90b873c000-7f90b883c000 rw-p 00000000 00:00 0                          [stack:7012]
7f90b883c000-7f90b883d000 ---p 00000000 00:00 0 
7f90b883d000-7f90b8966000 rw-p 00000000 00:00 0                          [stack:7011]
7f90b8966000-7f90b8bd0000 rw-p 00000000 00:00 0 
7f90b8bd0000-7f90b8bdb000 rw-p 00000000 00:00 0 
7f90b8bdb000-7f90b8c23000 rw-p 00000000 00:00 0 
7f90b8c23000-7f90b8c4c000 rw-p 00000000 00:00 0 
7f90b8c4c000-7f90b8eb5000 rw-p 00000000 00:00 0 
7f90b8eb5000-7f90b8ecb000 rw-p 00000000 00:00 0 
7f90b8ecb000-7f90b8fff000 rw-p 00000000 00:00 0 
7f90b8fff000-7f90b9000000 rw-p 00000000 00:00 0 
7f90b9000000-7f90b9270000 rwxp 00000000 00:00 0 
7f90b9270000-7f90bc37a000 rw-p 00000000 00:00 0 
7f90bc37a000-7f90c0000000 ---p 00000000 00:00 0 
7f90c0000000-7f90c0001000 r--s 00001000 08:08 2405117                    /home/ruioliveira/Downloads/jgoodies-looks-2.6.0/jgoodies-looks-2.6.0-tests.jar
7f90c0001000-7f90c000a000 r--s 0005a000 08:08 2405118                    /home/ruioliveira/Downloads/jgoodies-looks-2.6.0/jgoodies-looks-2.6.0.jar
7f90c000a000-7f90c00a5000 rw-p 00000000 00:00 0 
7f90c00a5000-7f90c00a6000 ---p 00000000 00:00 0 
7f90c00a6000-7f90c01b1000 rw-p 00000000 00:00 0                          [stack:7010]
7f90c01b1000-7f90c01f9000 rw-p 00000000 00:00 0 
7f90c01f9000-7f90c0201000 r-xp 00000000 08:0c 6038129                    /usr/lib/jvm/java-7-openjdk-amd64/jre/lib/amd64/libzip.so
7f90c0201000-7f90c0400000 ---p 00008000 08:0c 6038129                    /usr/lib/jvm/java-7-openjdk-amd64/jre/lib/amd64/libzip.so
7f90c0400000-7f90c0401000 r--p 00007000 08:0c 6038129                    /usr/lib/jvm/java-7-openjdk-amd64/jre/lib/amd64/libzip.so
7f90c0401000-7f90c0402000 rw-p 00008000 08:0c 6038129                    /usr/lib/jvm/java-7-openjdk-amd64/jre/lib/amd64/libzip.so
7f90c0402000-7f90c040d000 r-xp 00000000 08:0c 6295511                    /lib/x86_64-linux-gnu/libnss_files-2.19.so
7f90c040d000-7f90c060c000 ---p 0000b000 08:0c 6295511                    /lib/x86_64-linux-gnu/libnss_files-2.19.so
7f90c060c000-7f90c060d000 r--p 0000a000 08:0c 6295511                    /lib/x86_64-linux-gnu/libnss_files-2.19.so
7f90c060d000-7f90c060e000 rw-p 0000b000 08:0c 6295511                    /lib/x86_64-linux-gnu/libnss_files-2.19.so
7f90c060e000-7f90c0619000 r-xp 00000000 08:0c 6295521                    /lib/x86_64-linux-gnu/libnss_nis-2.19.so
7f90c0619000-7f90c0818000 ---p 0000b000 08:0c 6295521                    /lib/x86_64-linux-gnu/libnss_nis-2.19.so
7f90c0818000-7f90c0819000 r--p 0000a000 08:0c 6295521                    /lib/x86_64-linux-gnu/libnss_nis-2.19.so
7f90c0819000-7f90c081a000 rw-p 0000b000 08:0c 6295521                    /lib/x86_64-linux-gnu/libnss_nis-2.19.so
7f90c081a000-7f90c0831000 r-xp 00000000 08:0c 6295505                    /lib/x86_64-linux-gnu/libnsl-2.19.so
7f90c0831000-7f90c0a30000 ---p 00017000 08:0c 6295505                    /lib/x86_64-linux-gnu/libnsl-2.19.so
7f90c0a30000-7f90c0a31000 r--p 00016000 08:0c 6295505                    /lib/x86_64-linux-gnu/libnsl-2.19.so
7f90c0a31000-7f90c0a32000 rw-p 00017000 08:0c 6295505                    /lib/x86_64-linux-gnu/libnsl-2.19.so
7f90c0a32000-7f90c0a34000 rw-p 00000000 00:00 0 
7f90c0a34000-7f90c0a3d000 r-xp 00000000 08:0c 6295507                    /lib/x86_64-linux-gnu/libnss_compat-2.19.so
7f90c0a3d000-7f90c0c3c000 ---p 00009000 08:0c 6295507                    /lib/x86_64-linux-gnu/libnss_compat-2.19.so
7f90c0c3c000-7f90c0c3d000 r--p 00008000 08:0c 6295507                    /lib/x86_64-linux-gnu/libnss_compat-2.19.so
7f90c0c3d000-7f90c0c3e000 rw-p 00009000 08:0c 6295507                    /lib/x86_64-linux-gnu/libnss_compat-2.19.so
7f90c0c3e000-7f90c0c69000 r-xp 00000000 08:0c 6038125                    /usr/lib/jvm/java-7-openjdk-amd64/jre/lib/amd64/libjava.so
7f90c0c69000-7f90c0e68000 ---p 0002b000 08:0c 6038125                    /usr/lib/jvm/java-7-openjdk-amd64/jre/lib/amd64/libjava.so
7f90c0e68000-7f90c0e69000 r--p 0002a000 08:0c 6038125                    /usr/lib/jvm/java-7-openjdk-amd64/jre/lib/amd64/libjava.so
7f90c0e69000-7f90c0e6b000 rw-p 0002b000 08:0c 6038125                    /usr/lib/jvm/java-7-openjdk-amd64/jre/lib/amd64/libjava.so
7f90c0e6b000-7f90c0e7b000 r-xp 00000000 08:0c 6038158                    /usr/lib/jvm/java-7-openjdk-amd64/jre/lib/amd64/libverify.so
7f90c0e7b000-7f90c107a000 ---p 00010000 08:0c 6038158                    /usr/lib/jvm/java-7-openjdk-amd64/jre/lib/amd64/libverify.so
7f90c107a000-7f90c107c000 r--p 0000f000 08:0c 6038158                    /usr/lib/jvm/java-7-openjdk-amd64/jre/lib/amd64/libverify.so
7f90c107c000-7f90c107d000 rw-p 00011000 08:0c 6038158                    /usr/lib/jvm/java-7-openjdk-amd64/jre/lib/amd64/libverify.so
7f90c107d000-7f90c1084000 r-xp 00000000 08:0c 6295564                    /lib/x86_64-linux-gnu/librt-2.19.so
7f90c1084000-7f90c1283000 ---p 00007000 08:0c 6295564                    /lib/x86_64-linux-gnu/librt-2.19.so
7f90c1283000-7f90c1284000 r--p 00006000 08:0c 6295564                    /lib/x86_64-linux-gnu/librt-2.19.so
7f90c1284000-7f90c1285000 rw-p 00007000 08:0c 6295564                    /lib/x86_64-linux-gnu/librt-2.19.so
7f90c1285000-7f90c129b000 r-xp 00000000 08:0c 6295463                    /lib/x86_64-linux-gnu/libgcc_s.so.1
7f90c129b000-7f90c149a000 ---p 00016000 08:0c 6295463                    /lib/x86_64-linux-gnu/libgcc_s.so.1
7f90c149a000-7f90c149b000 rw-p 00015000 08:0c 6295463                    /lib/x86_64-linux-gnu/libgcc_s.so.1
7f90c149b000-7f90c15a0000 r-xp 00000000 08:0c 6295486                    /lib/x86_64-linux-gnu/libm-2.19.so
7f90c15a0000-7f90c179f000 ---p 00105000 08:0c 6295486                    /lib/x86_64-linux-gnu/libm-2.19.so
7f90c179f000-7f90c17a0000 r--p 00104000 08:0c 6295486                    /lib/x86_64-linux-gnu/libm-2.19.so
7f90c17a0000-7f90c17a1000 rw-p 00105000 08:0c 6295486                    /lib/x86_64-linux-gnu/libm-2.19.so
7f90c17a1000-7f90c1887000 r-xp 00000000 08:0c 5907231                    /usr/lib/x86_64-linux-gnu/libstdc++.so.6.0.19
7f90c1887000-7f90c1a86000 ---p 000e6000 08:0c 5907231                    /usr/lib/x86_64-linux-gnu/libstdc++.so.6.0.19
7f90c1a86000-7f90c1a8e000 r--p 000e5000 08:0c 5907231                    /usr/lib/x86_64-linux-gnu/libstdc++.so.6.0.19
7f90c1a8e000-7f90c1a90000 rw-p 000ed000 08:0c 5907231                    /usr/lib/x86_64-linux-gnu/libstdc++.so.6.0.19
7f90c1a90000-7f90c1aa5000 rw-p 00000000 00:00 0 
7f90c1aa5000-7f90c2586000 r-xp 00000000 08:0c 6038139                    /usr/lib/jvm/java-7-openjdk-amd64/jre/lib/amd64/server/libjvm.so
7f90c2586000-7f90c2785000 ---p 00ae1000 08:0c 6038139                    /usr/lib/jvm/java-7-openjdk-amd64/jre/lib/amd64/server/libjvm.so
7f90c2785000-7f90c2817000 r--p 00ae0000 08:0c 6038139                    /usr/lib/jvm/java-7-openjdk-amd64/jre/lib/amd64/server/libjvm.so
7f90c2817000-7f90c283a000 rw-p 00b72000 08:0c 6038139                    /usr/lib/jvm/java-7-openjdk-amd64/jre/lib/amd64/server/libjvm.so
7f90c283a000-7f90c2867000 rw-p 00000000 00:00 0 
7f90c2867000-7f90c287f000 r-xp 00000000 08:0c 6295599                    /lib/x86_64-linux-gnu/libz.so.1.2.8
7f90c287f000-7f90c2a7e000 ---p 00018000 08:0c 6295599                    /lib/x86_64-linux-gnu/libz.so.1.2.8
7f90c2a7e000-7f90c2a7f000 r--p 00017000 08:0c 6295599                    /lib/x86_64-linux-gnu/libz.so.1.2.8
7f90c2a7f000-7f90c2a80000 rw-p 00018000 08:0c 6295599                    /lib/x86_64-linux-gnu/libz.so.1.2.8
7f90c2a80000-7f90c2a99000 r-xp 00000000 08:0c 6295556                    /lib/x86_64-linux-gnu/libpthread-2.19.so
7f90c2a99000-7f90c2c98000 ---p 00019000 08:0c 6295556                    /lib/x86_64-linux-gnu/libpthread-2.19.so
7f90c2c98000-7f90c2c99000 r--p 00018000 08:0c 6295556                    /lib/x86_64-linux-gnu/libpthread-2.19.so
7f90c2c99000-7f90c2c9a000 rw-p 00019000 08:0c 6295556                    /lib/x86_64-linux-gnu/libpthread-2.19.so
7f90c2c9a000-7f90c2c9e000 rw-p 00000000 00:00 0 
7f90c2c9e000-7f90c2ca1000 r-xp 00000000 08:0c 6295453                    /lib/x86_64-linux-gnu/libdl-2.19.so
7f90c2ca1000-7f90c2ea0000 ---p 00003000 08:0c 6295453                    /lib/x86_64-linux-gnu/libdl-2.19.so
7f90c2ea0000-7f90c2ea1000 r--p 00002000 08:0c 6295453                    /lib/x86_64-linux-gnu/libdl-2.19.so
7f90c2ea1000-7f90c2ea2000 rw-p 00003000 08:0c 6295453                    /lib/x86_64-linux-gnu/libdl-2.19.so
7f90c2ea2000-7f90c305e000 r-xp 00000000 08:0c 6295436                    /lib/x86_64-linux-gnu/libc-2.19.so
7f90c305e000-7f90c325d000 ---p 001bc000 08:0c 6295436                    /lib/x86_64-linux-gnu/libc-2.19.so
7f90c325d000-7f90c3261000 r--p 001bb000 08:0c 6295436                    /lib/x86_64-linux-gnu/libc-2.19.so
7f90c3261000-7f90c3263000 rw-p 001bf000 08:0c 6295436                    /lib/x86_64-linux-gnu/libc-2.19.so
7f90c3263000-7f90c3268000 rw-p 00000000 00:00 0 
7f90c3268000-7f90c3275000 r-xp 00000000 08:0c 6038149                    /usr/lib/jvm/java-7-openjdk-amd64/jre/lib/amd64/jli/libjli.so
7f90c3275000-7f90c3474000 ---p 0000d000 08:0c 6038149                    /usr/lib/jvm/java-7-openjdk-amd64/jre/lib/amd64/jli/libjli.so
7f90c3474000-7f90c3475000 r--p 0000c000 08:0c 6038149                    /usr/lib/jvm/java-7-openjdk-amd64/jre/lib/amd64/jli/libjli.so
7f90c3475000-7f90c3476000 rw-p 0000d000 08:0c 6038149                    /usr/lib/jvm/java-7-openjdk-amd64/jre/lib/amd64/jli/libjli.so
7f90c3476000-7f90c3499000 r-xp 00000000 08:0c 6295412                    /lib/x86_64-linux-gnu/ld-2.19.so
7f90c3499000-7f90c349e000 r--s 00064000 08:08 2404801                    /home/ruioliveira/Downloads/jgoodies-forms-1.8.0/jgoodies-forms-1.8.0-javadoc.jar
7f90c349e000-7f90c34a0000 r--s 00006000 08:08 2404803                    /home/ruioliveira/Downloads/jgoodies-forms-1.8.0/jgoodies-forms-1.8.0-tests.jar
7f90c34a0000-7f90c34a3000 r--s 0001b000 08:08 2404804                    /home/ruioliveira/Downloads/jgoodies-forms-1.8.0/jgoodies-forms-1.8.0.jar
7f90c34a3000-7f90c34ae000 r--s 00203000 08:0c 6038090                    /usr/lib/jvm/java-7-openjdk-amd64/jre/lib/charsets.jar
7f90c34ae000-7f90c34b3000 r--s 0004c000 08:0c 6038108                    /usr/lib/jvm/java-7-openjdk-amd64/jre/lib/jsse.jar
7f90c34b3000-7f90c34bd000 rw-p 00000000 00:00 0 
7f90c34bd000-7f90c3573000 rw-p 00000000 00:00 0 
7f90c3573000-7f90c3576000 ---p 00000000 00:00 0 
7f90c3576000-7f90c3679000 rw-p 00000000 00:00 0                          [stack:7009]
7f90c3679000-7f90c367b000 r--s 00012000 08:0c 6038093                    /usr/lib/jvm/java-7-openjdk-amd64/jre/lib/ext/zipfs.jar
7f90c367b000-7f90c367d000 r--s 00006000 08:0c 6560210                    /usr/share/java/java-atk-wrapper.jar
7f90c367d000-7f90c3681000 r--s 00085000 08:0c 6038095                    /usr/lib/jvm/java-7-openjdk-amd64/jre/lib/ext/localedata.jar
7f90c3681000-7f90c3684000 r--s 0000f000 08:0c 6038092                    /usr/lib/jvm/java-7-openjdk-amd64/jre/lib/ext/pulse-java.jar
7f90c3684000-7f90c3685000 r--s 00002000 08:0c 6038097                    /usr/lib/jvm/java-7-openjdk-amd64/jre/lib/ext/dnsns.jar
7f90c3685000-7f90c3688000 r--s 00032000 08:0c 6038094                    /usr/lib/jvm/java-7-openjdk-amd64/jre/lib/ext/sunjce_provider.jar
7f90c3688000-7f90c368c000 r--s 0003b000 08:0c 6038096                    /usr/lib/jvm/java-7-openjdk-amd64/jre/lib/ext/sunpkcs11.jar
7f90c368c000-7f90c3694000 rw-s 00000000 08:0c 9451486                    /tmp/hsperfdata_ruioliveiras/7007
7f90c3694000-7f90c3695000 rw-p 00000000 00:00 0 
7f90c3695000-7f90c3696000 r--p 00000000 00:00 0 
7f90c3696000-7f90c3698000 rw-p 00000000 00:00 0 
7f90c3698000-7f90c3699000 r--p 00022000 08:0c 6295412                    /lib/x86_64-linux-gnu/ld-2.19.so
7f90c3699000-7f90c369a000 rw-p 00023000 08:0c 6295412                    /lib/x86_64-linux-gnu/ld-2.19.so
7f90c369a000-7f90c369b000 rw-p 00000000 00:00 0 
7fff1896e000-7fff1898f000 rw-p 00000000 00:00 0                          [stack]
7fff189fe000-7fff18a00000 r-xp 00000000 00:00 0                          [vdso]
ffffffffff600000-ffffffffff601000 r-xp 00000000 00:00 0                  [vsyscall]

VM Arguments:
jvm_args: -Dfile.encoding=UTF-8 
java_command: controller.Main
Launcher Type: SUN_STANDARD

Environment Variables:
PATH=/home/ruioliveiras/bin:/usr/local/sbin:/usr/local/bin:/usr/sbin:/usr/bin:/sbin:/bin:/usr/games:/usr/local/games
USERNAME=ruioliveiras
SHELL=/bin/bash
DISPLAY=:0

Signal Handlers:
SIGSEGV: [libjvm.so+0x918620], sa_mask[0]=0x7ffbfeff, sa_flags=0x10000004
SIGBUS: [libjvm.so+0x918620], sa_mask[0]=0x7ffbfeff, sa_flags=0x10000004
SIGFPE: [libjvm.so+0x795e30], sa_mask[0]=0x7ffbfeff, sa_flags=0x10000004
SIGPIPE: [libjvm.so+0x795e30], sa_mask[0]=0x7ffbfeff, sa_flags=0x10000004
SIGXFSZ: [libjvm.so+0x795e30], sa_mask[0]=0x7ffbfeff, sa_flags=0x10000004
SIGILL: [libjvm.so+0x795e30], sa_mask[0]=0x7ffbfeff, sa_flags=0x10000004
SIGUSR1: SIG_DFL, sa_mask[0]=0x00000000, sa_flags=0x00000000
SIGUSR2: [libjvm.so+0x795cd0], sa_mask[0]=0x00000004, sa_flags=0x10000004
SIGHUP: [libjvm.so+0x795eb0], sa_mask[0]=0x7ffbfeff, sa_flags=0x10000004
SIGINT: [libjvm.so+0x795eb0], sa_mask[0]=0x7ffbfeff, sa_flags=0x10000004
SIGTERM: [libjvm.so+0x795eb0], sa_mask[0]=0x7ffbfeff, sa_flags=0x10000004
SIGQUIT: [libjvm.so+0x795eb0], sa_mask[0]=0x7ffbfeff, sa_flags=0x10000004


---------------  S Y S T E M  ---------------

OS:Ubuntu 14.04 (trusty)
uname:Linux 3.13.0-27-generic #50-Ubuntu SMP Thu May 15 18:06:16 UTC 2014 x86_64
libc:glibc 2.19 NPTL 2.19 
rlimit: STACK 8192k, CORE 0k, NPROC 63008, NOFILE 4096, AS infinity
load average:0,66 0,54 0,49

/proc/meminfo:
MemTotal:        8086640 kB
MemFree:         4842004 kB
Buffers:          159640 kB
Cached:          1495600 kB
SwapCached:            0 kB
Active:          1794584 kB
Inactive:        1160844 kB
Active(anon):    1303384 kB
Inactive(anon):   245232 kB
Active(file):     491200 kB
Inactive(file):   915612 kB
Unevictable:          16 kB
Mlocked:              16 kB
SwapTotal:       8389628 kB
SwapFree:        8389628 kB
Dirty:              1176 kB
Writeback:            28 kB
AnonPages:       1300360 kB
Mapped:           191424 kB
Shmem:            248012 kB
Slab:             172876 kB
SReclaimable:     124088 kB
SUnreclaim:        48788 kB
KernelStack:        7496 kB
PageTables:        23228 kB
NFS_Unstable:          0 kB
Bounce:                0 kB
WritebackTmp:          0 kB
CommitLimit:    12432948 kB
Committed_AS:    3824528 kB
VmallocTotal:   34359738367 kB
VmallocUsed:      361728 kB
VmallocChunk:   34359361624 kB
HardwareCorrupted:     0 kB
AnonHugePages:   1224704 kB
HugePages_Total:       0
HugePages_Free:        0
HugePages_Rsvd:        0
HugePages_Surp:        0
Hugepagesize:       2048 kB
DirectMap4k:       82272 kB
DirectMap2M:     2973696 kB
DirectMap1G:     5242880 kB


CPU:total 8 (4 cores per cpu, 2 threads per core) family 6 model 60 stepping 3, cmov, cx8, fxsr, mmx, sse, sse2, sse3, ssse3, sse4.1, sse4.2, popcnt, avx, avx2, aes, erms, ht, tsc, tscinvbit

/proc/cpuinfo:
processor	: 0
vendor_id	: GenuineIntel
cpu family	: 6
model		: 60
model name	: Intel(R) Core(TM) i7-4700MQ CPU @ 2.40GHz
stepping	: 3
microcode	: 0x8
cpu MHz		: 2401.000
cache size	: 6144 KB
physical id	: 0
siblings	: 8
core id		: 0
cpu cores	: 4
apicid		: 0
initial apicid	: 0
fpu		: yes
fpu_exception	: yes
cpuid level	: 13
wp		: yes
flags		: fpu vme de pse tsc msr pae mce cx8 apic sep mtrr pge mca cmov pat pse36 clflush dts acpi mmx fxsr sse sse2 ss ht tm pbe syscall nx pdpe1gb rdtscp lm constant_tsc arch_perfmon pebs bts rep_good nopl xtopology nonstop_tsc aperfmperf eagerfpu pni pclmulqdq dtes64 monitor ds_cpl vmx est tm2 ssse3 fma cx16 xtpr pdcm pcid sse4_1 sse4_2 movbe popcnt tsc_deadline_timer aes xsave avx f16c rdrand lahf_lm abm ida arat epb xsaveopt pln pts dtherm tpr_shadow vnmi flexpriority ept vpid fsgsbase tsc_adjust bmi1 avx2 smep bmi2 erms invpcid
bogomips	: 4788.82
clflush size	: 64
cache_alignment	: 64
address sizes	: 39 bits physical, 48 bits virtual
power management:

processor	: 1
vendor_id	: GenuineIntel
cpu family	: 6
model		: 60
model name	: Intel(R) Core(TM) i7-4700MQ CPU @ 2.40GHz
stepping	: 3
microcode	: 0x8
cpu MHz		: 2401.000
cache size	: 6144 KB
physical id	: 0
siblings	: 8
core id		: 1
cpu cores	: 4
apicid		: 2
initial apicid	: 2
fpu		: yes
fpu_exception	: yes
cpuid level	: 13
wp		: yes
flags		: fpu vme de pse tsc msr pae mce cx8 apic sep mtrr pge mca cmov pat pse36 clflush dts acpi mmx fxsr sse sse2 ss ht tm pbe syscall nx pdpe1gb rdtscp lm constant_tsc arch_perfmon pebs bts rep_good nopl xtopology nonstop_tsc aperfmperf eagerfpu pni pclmulqdq dtes64 monitor ds_cpl vmx est tm2 ssse3 fma cx16 xtpr pdcm pcid sse4_1 sse4_2 movbe popcnt tsc_deadline_timer aes xsave avx f16c rdrand lahf_lm abm ida arat epb xsaveopt pln pts dtherm tpr_shadow vnmi flexpriority ept vpid fsgsbase tsc_adjust bmi1 avx2 smep bmi2 erms invpcid
bogomips	: 4788.82
clflush size	: 64
cache_alignment	: 64
address sizes	: 39 bits physical, 48 bits virtual
power management:

processor	: 2
vendor_id	: GenuineIntel
cpu family	: 6
model		: 60
model name	: Intel(R) Core(TM) i7-4700MQ CPU @ 2.40GHz
stepping	: 3
microcode	: 0x8
cpu MHz		: 2401.000
cache size	: 6144 KB
physical id	: 0
siblings	: 8
core id		: 2
cpu cores	: 4
apicid		: 4
initial apicid	: 4
fpu		: yes
fpu_exception	: yes
cpuid level	: 13
wp		: yes
flags		: fpu vme de pse tsc msr pae mce cx8 apic sep mtrr pge mca cmov pat pse36 clflush dts acpi mmx fxsr sse sse2 ss ht tm pbe syscall nx pdpe1gb rdtscp lm constant_tsc arch_perfmon pebs bts rep_good nopl xtopology nonstop_tsc aperfmperf eagerfpu pni pclmulqdq dtes64 monitor ds_cpl vmx est tm2 ssse3 fma cx16 xtpr pdcm pcid sse4_1 sse4_2 movbe popcnt tsc_deadline_timer aes xsave avx f16c rdrand lahf_lm abm ida arat epb xsaveopt pln pts dtherm tpr_shadow vnmi flexpriority ept vpid fsgsbase tsc_adjust bmi1 avx2 smep bmi2 erms invpcid
bogomips	: 4788.82
clflush size	: 64
cache_alignment	: 64
address sizes	: 39 bits physical, 48 bits virtual
power management:

processor	: 3
vendor_id	: GenuineIntel
cpu family	: 6
model		: 60
model name	: Intel(R) Core(TM) i7-4700MQ CPU @ 2.40GHz
stepping	: 3
microcode	: 0x8
cpu MHz		: 2401.000
cache size	: 6144 KB
physical id	: 0
siblings	: 8
core id		: 3
cpu cores	: 4
apicid		: 6
initial apicid	: 6
fpu		: yes
fpu_exception	: yes
cpuid level	: 13
wp		: yes
flags		: fpu vme de pse tsc msr pae mce cx8 apic sep mtrr pge mca cmov pat pse36 clflush dts acpi mmx fxsr sse sse2 ss ht tm pbe syscall nx pdpe1gb rdtscp lm constant_tsc arch_perfmon pebs bts rep_good nopl xtopology nonstop_tsc aperfmperf eagerfpu pni pclmulqdq dtes64 monitor ds_cpl vmx est tm2 ssse3 fma cx16 xtpr pdcm pcid sse4_1 sse4_2 movbe popcnt tsc_deadline_timer aes xsave avx f16c rdrand lahf_lm abm ida arat epb xsaveopt pln pts dtherm tpr_shadow vnmi flexpriority ept vpid fsgsbase tsc_adjust bmi1 avx2 smep bmi2 erms invpcid
bogomips	: 4788.82
clflush size	: 64
cache_alignment	: 64
address sizes	: 39 bits physical, 48 bits virtual
power management:

processor	: 4
vendor_id	: GenuineIntel
cpu family	: 6
model		: 60
model name	: Intel(R) Core(TM) i7-4700MQ CPU @ 2.40GHz
stepping	: 3
microcode	: 0x8
cpu MHz		: 2401.000
cache size	: 6144 KB
physical id	: 0
siblings	: 8
core id		: 0
cpu cores	: 4
apicid		: 1
initial apicid	: 1
fpu		: yes
fpu_exception	: yes
cpuid level	: 13
wp		: yes
flags		: fpu vme de pse tsc msr pae mce cx8 apic sep mtrr pge mca cmov pat pse36 clflush dts acpi mmx fxsr sse sse2 ss ht tm pbe syscall nx pdpe1gb rdtscp lm constant_tsc arch_perfmon pebs bts rep_good nopl xtopology nonstop_tsc aperfmperf eagerfpu pni pclmulqdq dtes64 monitor ds_cpl vmx est tm2 ssse3 fma cx16 xtpr pdcm pcid sse4_1 sse4_2 movbe popcnt tsc_deadline_timer aes xsave avx f16c rdrand lahf_lm abm ida arat epb xsaveopt pln pts dtherm tpr_shadow vnmi flexpriority ept vpid fsgsbase tsc_adjust bmi1 avx2 smep bmi2 erms invpcid
bogomips	: 4788.82
clflush size	: 64
cache_alignment	: 64
address sizes	: 39 bits physical, 48 bits virtual
power management:

processor	: 5
vendor_id	: GenuineIntel
cpu family	: 6
model		: 60
model name	: Intel(R) Core(TM) i7-4700MQ CPU @ 2.40GHz
stepping	: 3
microcode	: 0x8
cpu MHz		: 2401.000
cache size	: 6144 KB
physical id	: 0
siblings	: 8
core id		: 1
cpu cores	: 4
apicid		: 3
initial apicid	: 3
fpu		: yes
fpu_exception	: yes
cpuid level	: 13
wp		: yes
flags		: fpu vme de pse tsc msr pae mce cx8 apic sep mtrr pge mca cmov pat pse36 clflush dts acpi mmx fxsr sse sse2 ss ht tm pbe syscall nx pdpe1gb rdtscp lm constant_tsc arch_perfmon pebs bts rep_good nopl xtopology nonstop_tsc aperfmperf eagerfpu pni pclmulqdq dtes64 monitor ds_cpl vmx est tm2 ssse3 fma cx16 xtpr pdcm pcid sse4_1 sse4_2 movbe popcnt tsc_deadline_timer aes xsave avx f16c rdrand lahf_lm abm ida arat epb xsaveopt pln pts dtherm tpr_shadow vnmi flexpriority ept vpid fsgsbase tsc_adjust bmi1 avx2 smep bmi2 erms invpcid
bogomips	: 4788.82
clflush size	: 64
cache_alignment	: 64
address sizes	: 39 bits physical, 48 bits virtual
power management:

processor	: 6
vendor_id	: GenuineIntel
cpu family	: 6
model		: 60
model name	: Intel(R) Core(TM) i7-4700MQ CPU @ 2.40GHz
stepping	: 3
microcode	: 0x8
cpu MHz		: 2401.000
cache size	: 6144 KB
physical id	: 0
siblings	: 8
core id		: 2
cpu cores	: 4
apicid		: 5
initial apicid	: 5
fpu		: yes
fpu_exception	: yes
cpuid level	: 13
wp		: yes
flags		: fpu vme de pse tsc msr pae mce cx8 apic sep mtrr pge mca cmov pat pse36 clflush dts acpi mmx fxsr sse sse2 ss ht tm pbe syscall nx pdpe1gb rdtscp lm constant_tsc arch_perfmon pebs bts rep_good nopl xtopology nonstop_tsc aperfmperf eagerfpu pni pclmulqdq dtes64 monitor ds_cpl vmx est tm2 ssse3 fma cx16 xtpr pdcm pcid sse4_1 sse4_2 movbe popcnt tsc_deadline_timer aes xsave avx f16c rdrand lahf_lm abm ida arat epb xsaveopt pln pts dtherm tpr_shadow vnmi flexpriority ept vpid fsgsbase tsc_adjust bmi1 avx2 smep bmi2 erms invpcid
bogomips	: 4788.82
clflush size	: 64
cache_alignment	: 64
address sizes	: 39 bits physical, 48 bits virtual
power management:

processor	: 7
vendor_id	: GenuineIntel
cpu family	: 6
model		: 60
model name	: Intel(R) Core(TM) i7-4700MQ CPU @ 2.40GHz
stepping	: 3
microcode	: 0x8
cpu MHz		: 2401.000
cache size	: 6144 KB
physical id	: 0
siblings	: 8
core id		: 3
cpu cores	: 4
apicid		: 7
initial apicid	: 7
fpu		: yes
fpu_exception	: yes
cpuid level	: 13
wp		: yes
flags		: fpu vme de pse tsc msr pae mce cx8 apic sep mtrr pge mca cmov pat pse36 clflush dts acpi mmx fxsr sse sse2 ss ht tm pbe syscall nx pdpe1gb rdtscp lm constant_tsc arch_perfmon pebs bts rep_good nopl xtopology nonstop_tsc aperfmperf eagerfpu pni pclmulqdq dtes64 monitor ds_cpl vmx est tm2 ssse3 fma cx16 xtpr pdcm pcid sse4_1 sse4_2 movbe popcnt tsc_deadline_timer aes xsave avx f16c rdrand lahf_lm abm ida arat epb xsaveopt pln pts dtherm tpr_shadow vnmi flexpriority ept vpid fsgsbase tsc_adjust bmi1 avx2 smep bmi2 erms invpcid
bogomips	: 4788.82
clflush size	: 64
cache_alignment	: 64
address sizes	: 39 bits physical, 48 bits virtual
power management:



Memory: 4k page, physical 8086640k(4842592k free), swap 8389628k(8389628k free)

vm_info: OpenJDK 64-Bit Server VM (24.51-b03) for linux-amd64 JRE (1.7.0_55-b14), built on Apr 17 2014 20:08:07 by "buildd" with gcc 4.8.2

time: Wed Jun  4 00:04:11 2014
elapsed time: 8318 seconds

