#
# A fatal error has been detected by the Java Runtime Environment:
#
#  SIGSEGV (0xb) at pc=0x00007fafe905b2fa, pid=9123, tid=140392234637056
#
# JRE version: OpenJDK Runtime Environment (7.0_55-b14) (build 1.7.0_55-b14)
# Java VM: OpenJDK 64-Bit Server VM (24.51-b03 mixed mode linux-amd64 compressed oops)
# Problematic frame:
# v  ~BufferBlob::jni_fast_GetLongField
#
# Failed to write core dump. Core dumps have been disabled. To enable core dumping, try "ulimit -c unlimited" before starting Java again
#
# If you would like to submit a bug report, please include
# instructions on how to reproduce the bug and visit:
#   http://icedtea.classpath.org/bugzilla
# The crash happened outside the Java Virtual Machine in native code.
# See problematic frame for where to report the bug.
#

---------------  T H R E A D  ---------------

Current thread (0x00007fafec2b1800):  JavaThread "AWT-XAWT" daemon [_thread_in_native, id=9150, stack(0x00007faf9d365000,0x00007faf9d466000)]

siginfo:si_signo=SIGSEGV: si_errno=0, si_code=1 (SEGV_MAPERR), si_addr=0x0000000000000000

Registers:
RAX=0x00007faff3e83ec0, RBX=0x00007fafec2b19d8, RCX=0x00007faff42fa320, RDX=0x0000000000000042
RSP=0x00007faf9d464808, RBP=0x00007faf9d464830, RSI=0x0000000000000000, RDI=0x00007fafec2b19d8
R8 =0x0000000000000320, R9 =0x0000000000000000, R10=0x0000000000000010, R11=0x00007faff3932830
R12=0x00007faf84012af0, R13=0x0000000000000000, R14=0x00007fafd0bbb4a0, R15=0x00007fafec2b1800
RIP=0x00007fafe905b2fa, EFLAGS=0x0000000000010246, CSGSFS=0x0000000000000033, ERR=0x0000000000000004
  TRAPNO=0x000000000000000e

Top of Stack: (sp=0x00007faf9d464808)
0x00007faf9d464808:   00007fafd0987564 000000077a8f27f8
0x00007faf9d464818:   00007faf84012af0 000000077a8f27f8
0x00007faf9d464828:   00007faf9d464920 0000000000000000
0x00007faf9d464838:   00007fafd0481ae8 000000077a8f27f8
0x00007faf9d464848:   00007faf9d464870 0000000000000000
0x00007faf9d464858:   00007fafd04799a3 000000077a8f27f8
0x00007faf9d464868:   00007fafd097c09f 00007faf9d4648e8
0x00007faf9d464878:   00007fafe9012cd8 0000000000000000
0x00007faf9d464888:   00000007d70c8338 00000007d70c9ad8
0x00007faf9d464898:   00007faf9d464898 000000077ac4c806
0x00007faf9d4648a8:   00007faf9d4648a8 0000000000000000
0x00007faf9d4648b8:   00007faf9d464920 000000077a8f8978
0x00007faf9d4648c8:   0000000000000000 000000077a8f27f8
0x00007faf9d4648d8:   0000000000000000 00007faf9d464930
0x00007faf9d4648e8:   0000000000000000 00007fafe90bb43c
0x00007faf9d4648f8:   00000007d706f2e8 00007fafe900ecc0
0x00007faf9d464908:   0000000000000000 0000000000000001
0x00007faf9d464918:   00007faf8c000db0 0000000000000000
0x00007faf9d464928:   00007fafe90bb43c 00000002d7036690
0x00007faf9d464938:   0000000500000000 00000007d7a6bd38
0x00007faf9d464948:   00000007d70707c0 00007faf8c000db0
0x00007faf9d464958:   00000007fada219a 00000007d70c8338
0x00007faf9d464968:   00000007d75849f0 0000000000000001
0x00007faf9d464978:   0000000000000000 00007faf9d4649e0
0x00007faf9d464988:   00007fafe9006058 0000000000000000
0x00007faf9d464998:   00000007d70707c0 00007faf9d4649a0
0x00007faf9d4649a8:   000000077a7e9e95 00007faf9d4649f0
0x00007faf9d4649b8:   000000077a7f6e80 0000000000000000
0x00007faf9d4649c8:   000000077a7e9eb0 00007faf9d464990
0x00007faf9d4649d8:   00007faf9d4649f0 00007faf9d464a38
0x00007faf9d4649e8:   00007fafe9006706 00000007d70707c0
0x00007faf9d4649f8:   00007faf9d4649f8 000000077a238fa3 

Instructions: (pc=0x00007fafe905b2fa)
0x00007fafe905b2da:   00 00 00 00 00 00 44 8b 15 fd 2e e5 0a 4c 8b ce
0x00007fafe905b2ea:   41 f6 c2 01 0f 85 2e 00 00 00 4d 33 ca 4d 33 ca
0x00007fafe905b2fa:   4d 8b 09 4c 8b da 49 c1 eb 02 4b 8b 04 19 49 bb
0x00007fafe905b30a:   e4 e1 ea f3 af 7f 00 00 4c 33 d8 4c 33 d8 45 3b 

Register to memory mapping:

RAX=0x00007faff3e83ec0: <offset 0xd7dec0> in /usr/lib/jvm/java-7-openjdk-amd64/jre/lib/amd64/server/libjvm.so at 0x00007faff3106000
RBX=0x00007fafec2b19d8 is an unknown value
RCX=0x00007faff42fa320: <offset 0x219320> in /lib/x86_64-linux-gnu/libpthread.so.0 at 0x00007faff40e1000
RDX=0x0000000000000042 is an unknown value
RSP=0x00007faf9d464808 is pointing into the stack for thread: 0x00007fafec2b1800
RBP=0x00007faf9d464830 is pointing into the stack for thread: 0x00007fafec2b1800
RSI=0x0000000000000000 is an unknown value
RDI=0x00007fafec2b19d8 is an unknown value
R8 =0x0000000000000320 is an unknown value
R9 =0x0000000000000000 is an unknown value
R10=0x0000000000000010 is an unknown value
R11=0x00007faff3932830: <offset 0x82c830> in /usr/lib/jvm/java-7-openjdk-amd64/jre/lib/amd64/server/libjvm.so at 0x00007faff3106000
R12=0x00007faf84012af0 is an unknown value
R13=0x0000000000000000 is an unknown value
R14=0x00007fafd0bbb4a0: <offset 0x2544a0> in /usr/lib/jvm/java-7-openjdk-amd64/jre/lib/amd64/xawt/libmawt.so at 0x00007fafd0967000
R15=0x00007fafec2b1800 is a thread


Stack: [0x00007faf9d365000,0x00007faf9d466000],  sp=0x00007faf9d464808,  free space=1022k
Native frames: (J=compiled Java code, j=interpreted, Vv=VM code, C=native code)
v  ~BufferBlob::jni_fast_GetLongField

Java frames: (J=compiled Java code, j=interpreted, Vv=VM code)
j  sun.awt.X11.XlibWrapper.XFilterEvent(JJ)Z+0
J  sun.awt.X11.XToolkit.run(Z)V
j  sun.awt.X11.XToolkit.run()V+5
j  java.lang.Thread.run()V+11
v  ~StubRoutines::call_stub

---------------  P R O C E S S  ---------------

Java Threads: ( => current thread )
  0x00007faf84032000 JavaThread "TimerQueue" daemon [_thread_blocked, id=9154, stack(0x00007faf9ce0e000,0x00007faf9cf0f000)]
  0x00007fafec00a800 JavaThread "DestroyJavaVM" [_thread_blocked, id=9129, stack(0x00007faff4bd4000,0x00007faff4cd5000)]
  0x00007fafec31b000 JavaThread "AWT-EventQueue-0" [_thread_blocked, id=9152, stack(0x00007faf9d163000,0x00007faf9d264000)]
  0x00007fafec30d000 JavaThread "AWT-Shutdown" [_thread_blocked, id=9151, stack(0x00007faf9d264000,0x00007faf9d365000)]
=>0x00007fafec2b1800 JavaThread "AWT-XAWT" daemon [_thread_in_native, id=9150, stack(0x00007faf9d365000,0x00007faf9d466000)]
  0x00007fafec295800 JavaThread "Java2D Disposer" daemon [_thread_blocked, id=9149, stack(0x00007fafbc07a000,0x00007fafbc17b000)]
  0x00007fafec0b0800 JavaThread "Service Thread" daemon [_thread_blocked, id=9144, stack(0x00007fafd270b000,0x00007fafd280c000)]
  0x00007fafec0ae000 JavaThread "C2 CompilerThread1" daemon [_thread_blocked, id=9143, stack(0x00007fafd280c000,0x00007fafd290d000)]
  0x00007fafec0ab800 JavaThread "C2 CompilerThread0" daemon [_thread_blocked, id=9142, stack(0x00007fafd290d000,0x00007fafd2a0e000)]
  0x00007fafec0a9000 JavaThread "Signal Dispatcher" daemon [_thread_blocked, id=9141, stack(0x00007fafd2a0e000,0x00007fafd2b0f000)]
  0x00007fafec085000 JavaThread "Finalizer" daemon [_thread_blocked, id=9140, stack(0x00007fafd31f2000,0x00007fafd32f3000)]
  0x00007fafec083000 JavaThread "Reference Handler" daemon [_thread_blocked, id=9139, stack(0x00007fafd32f3000,0x00007fafd33f4000)]

Other Threads:
  0x00007fafec07e800 VMThread [stack: 0x00007fafd33f4000,0x00007fafd34f5000] [id=9138]
  0x00007fafec0bb800 WatcherThread [stack: 0x00007fafd260a000,0x00007fafd270b000] [id=9145]

VM state:not at safepoint (normal execution)

VM Mutex/Monitor currently owned by a thread: None

Heap
 PSYoungGen      total 37376K, used 14205K [0x00000007d6d00000, 0x00000007d9680000, 0x0000000800000000)
  eden space 32256K, 44% used [0x00000007d6d00000,0x00000007d7adf7d8,0x00000007d8c80000)
  from space 5120K, 0% used [0x00000007d9180000,0x00000007d9180000,0x00000007d9680000)
  to   space 5120K, 0% used [0x00000007d8c80000,0x00000007d8c80000,0x00000007d9180000)
 ParOldGen       total 83968K, used 0K [0x0000000784800000, 0x0000000789a00000, 0x00000007d6d00000)
  object space 83968K, 0% used [0x0000000784800000,0x0000000784800000,0x0000000789a00000)
 PSPermGen       total 21504K, used 14448K [0x000000077a200000, 0x000000077b700000, 0x0000000784800000)
  object space 21504K, 67% used [0x000000077a200000,0x000000077b01c0d0,0x000000077b700000)

Card table byte_map: [0x00007faff142a000,0x00007faff185a000] byte_map_base: 0x00007fafed859000

Polling page: 0x00007faff4cf6000

Code Cache  [0x00007fafe9000000, 0x00007fafe9270000, 0x00007fafec000000)
 total_blobs=602 nmethods=104 adapters=451 free_code_cache=48418Kb largest_free_block=49535168

Compilation events (10 events):
Event: 3063,994 Thread 0x00007fafec0ae000   99   !         sun.awt.X11.XToolkit::getNextTaskTime (55 bytes)
Event: 3063,997 Thread 0x00007fafec0ae000 nmethod 99 0x00007fafe90acb90 code [0x00007fafe90acd20, 0x00007fafe90ad070]
Event: 3666,046 Thread 0x00007fafec0ab800  101   !         sun.awt.X11.XToolkit::windowToXWindow (27 bytes)
Event: 3666,050 Thread 0x00007fafec0ab800 nmethod 101 0x00007fafe90b25d0 code [0x00007fafe90b2740, 0x00007fafe90b2c78]
Event: 3667,566 Thread 0x00007fafec0ae000  102             sun.awt.X11.XEvent::get_xany (22 bytes)
Event: 3667,566 Thread 0x00007fafec0ab800  103             sun.awt.X11.XAnyEvent::<init> (30 bytes)
Event: 3667,569 Thread 0x00007fafec0ab800 nmethod 103 0x00007fafe90ac4d0 code [0x00007fafe90ac640, 0x00007fafe90ac878]
Event: 3667,572 Thread 0x00007fafec0ae000 nmethod 102 0x00007fafe90b4c50 code [0x00007fafe90b4e20, 0x00007fafe90b5250]
Event: 4529,423 Thread 0x00007fafec0ab800  104 % !         sun.awt.X11.XToolkit::run @ 59 (410 bytes)
Event: 4529,487 Thread 0x00007fafec0ab800 nmethod 104% 0x00007fafe90ba390 code [0x00007fafe90bac20, 0x00007fafe90bdea8]

GC Heap History (0 events):
No events

Deoptimization events (8 events):
Event: 0,228 Thread 0x00007fafec00a800 Uncommon trap: reason=class_check action=maybe_recompile pc=0x00007fafe90687b0 method=java.util.Properties$LineReader.readLine()I @ 62
Event: 0,236 Thread 0x00007fafec00a800 Uncommon trap: reason=null_check action=make_not_entrant pc=0x00007fafe906d490 method=java.lang.String.equals(Ljava/lang/Object;)Z @ 8
Event: 0,309 Thread 0x00007fafec00a800 Uncommon trap: reason=class_check action=maybe_recompile pc=0x00007fafe90687b0 method=java.util.Properties$LineReader.readLine()I @ 62
Event: 0,412 Thread 0x00007fafec00a800 Uncommon trap: reason=class_check action=maybe_recompile pc=0x00007fafe90687b0 method=java.util.Properties$LineReader.readLine()I @ 62
Event: 0,412 Thread 0x00007fafec00a800 Uncommon trap: reason=class_check action=maybe_recompile pc=0x00007fafe90687b0 method=java.util.Properties$LineReader.readLine()I @ 62
Event: 6,731 Thread 0x00007fafec31b000 Uncommon trap: reason=unloaded action=reinterpret pc=0x00007fafe909f9e4 method=java.util.ArrayList.rangeCheck(I)V @ 8
Event: 6,731 Thread 0x00007fafec31b000 Uncommon trap: reason=unreached action=reinterpret pc=0x00007fafe90a4598 method=java.lang.Class.getName()Ljava/lang/String; @ 6
Event: 6,864 Thread 0x00007fafec31b000 Uncommon trap: reason=unloaded action=reinterpret pc=0x00007fafe90a5994 method=java.util.ArrayList.rangeCheck(I)V @ 8

Internal exceptions (10 events):
Event: 1,576 Thread 0x00007fafec31b000 Threw 0x00000007d756c340 at /build/buildd/openjdk-7-7u55-2.4.7/build/openjdk/hotspot/src/share/vm/prims/jvm.cpp:1244
Event: 1,577 Thread 0x00007fafec31b000 Threw 0x00000007d756f640 at /build/buildd/openjdk-7-7u55-2.4.7/build/openjdk/hotspot/src/share/vm/prims/jvm.cpp:1244
Event: 1,577 Thread 0x00007fafec31b000 Threw 0x00000007d7572298 at /build/buildd/openjdk-7-7u55-2.4.7/build/openjdk/hotspot/src/share/vm/prims/jvm.cpp:1244
Event: 1,577 Thread 0x00007fafec31b000 Threw 0x00000007d7574ee8 at /build/buildd/openjdk-7-7u55-2.4.7/build/openjdk/hotspot/src/share/vm/prims/jvm.cpp:1244
Event: 1,577 Thread 0x00007fafec31b000 Threw 0x00000007d75776e0 at /build/buildd/openjdk-7-7u55-2.4.7/build/openjdk/hotspot/src/share/vm/prims/jvm.cpp:1244
Event: 1,679 Thread 0x00007fafec31b000 Threw 0x00000007d75bb058 at /build/buildd/openjdk-7-7u55-2.4.7/build/openjdk/hotspot/src/share/vm/prims/jni.cpp:743
Event: 6,731 Thread 0x00007fafec31b000 Threw 0x00000007d7753620 at /build/buildd/openjdk-7-7u55-2.4.7/build/openjdk/hotspot/src/share/vm/prims/jvm.cpp:1248
Event: 6,731 Thread 0x00007fafec31b000 Threw 0x00000007d7753620 at /build/buildd/openjdk-7-7u55-2.4.7/build/openjdk/hotspot/src/share/vm/prims/jvm.cpp:1248
Event: 6,864 Thread 0x00007fafec31b000 Threw 0x00000007d7789f68 at /build/buildd/openjdk-7-7u55-2.4.7/build/openjdk/hotspot/src/share/vm/prims/jvm.cpp:1248
Event: 6,864 Thread 0x00007fafec31b000 Threw 0x00000007d7789f68 at /build/buildd/openjdk-7-7u55-2.4.7/build/openjdk/hotspot/src/share/vm/prims/jvm.cpp:1248

Events (10 events):
Event: 10,450 loading class 0x00007fafac0cb3f0
Event: 10,450 loading class 0x00007fafac0cb3f0 done
Event: 10,455 loading class 0x00007fafa0068d40
Event: 10,455 loading class 0x00007fafa0068d40 done
Event: 5786,645 loading class 0x00007fafa005e910
Event: 5786,645 loading class 0x00007fafa005e910 done
Event: 5786,924 loading class 0x00007fafa0027e50
Event: 5786,924 loading class 0x00007fafa0027e50 done
Event: 5786,965 loading class 0x00007fafa0027600
Event: 5786,980 loading class 0x00007fafa0027600 done


Dynamic libraries:
00400000-00401000 r-xp 00000000 08:0c 6038082                            /usr/lib/jvm/java-7-openjdk-amd64/jre/bin/java
00600000-00601000 r--p 00000000 08:0c 6038082                            /usr/lib/jvm/java-7-openjdk-amd64/jre/bin/java
00601000-00602000 rw-p 00001000 08:0c 6038082                            /usr/lib/jvm/java-7-openjdk-amd64/jre/bin/java
01543000-01564000 rw-p 00000000 00:00 0                                  [heap]
77a200000-77b700000 rw-p 00000000 00:00 0 
77b700000-784800000 rw-p 00000000 00:00 0 
784800000-789a00000 rw-p 00000000 00:00 0 
789a00000-7d6d00000 rw-p 00000000 00:00 0 
7d6d00000-7d9680000 rw-p 00000000 00:00 0 
7d9680000-800000000 rw-p 00000000 00:00 0 
7faf84000000-7faf84050000 rw-p 00000000 00:00 0 
7faf84050000-7faf88000000 ---p 00000000 00:00 0 
7faf88000000-7faf88021000 rw-p 00000000 00:00 0 
7faf88021000-7faf8c000000 ---p 00000000 00:00 0 
7faf8c000000-7faf8c021000 rw-p 00000000 00:00 0 
7faf8c021000-7faf90000000 ---p 00000000 00:00 0 
7faf90000000-7faf90021000 rw-p 00000000 00:00 0 
7faf90021000-7faf94000000 ---p 00000000 00:00 0 
7faf94000000-7faf94021000 rw-p 00000000 00:00 0 
7faf94021000-7faf98000000 ---p 00000000 00:00 0 
7faf98000000-7faf98021000 rw-p 00000000 00:00 0 
7faf98021000-7faf9c000000 ---p 00000000 00:00 0 
7faf9ce0e000-7faf9ce11000 ---p 00000000 00:00 0 
7faf9ce11000-7faf9cf0f000 rw-p 00000000 00:00 0                          [stack:9154]
7faf9cf0f000-7faf9cf60000 r-xp 00000000 08:0c 6038157                    /usr/lib/jvm/java-7-openjdk-amd64/jre/lib/amd64/libfontmanager.so
7faf9cf60000-7faf9d15f000 ---p 00051000 08:0c 6038157                    /usr/lib/jvm/java-7-openjdk-amd64/jre/lib/amd64/libfontmanager.so
7faf9d15f000-7faf9d162000 r--p 00050000 08:0c 6038157                    /usr/lib/jvm/java-7-openjdk-amd64/jre/lib/amd64/libfontmanager.so
7faf9d162000-7faf9d163000 rw-p 00053000 08:0c 6038157                    /usr/lib/jvm/java-7-openjdk-amd64/jre/lib/amd64/libfontmanager.so
7faf9d163000-7faf9d166000 ---p 00000000 00:00 0 
7faf9d166000-7faf9d264000 rw-p 00000000 00:00 0                          [stack:9152]
7faf9d264000-7faf9d267000 ---p 00000000 00:00 0 
7faf9d267000-7faf9d365000 rw-p 00000000 00:00 0                          [stack:9151]
7faf9d365000-7faf9d368000 ---p 00000000 00:00 0 
7faf9d368000-7faf9d466000 rw-p 00000000 00:00 0                          [stack:9150]
7faf9d466000-7faf9d46a000 r-xp 00000000 08:0c 6295469                    /lib/x86_64-linux-gnu/libgpg-error.so.0.10.0
7faf9d46a000-7faf9d669000 ---p 00004000 08:0c 6295469                    /lib/x86_64-linux-gnu/libgpg-error.so.0.10.0
7faf9d669000-7faf9d66a000 r--p 00003000 08:0c 6295469                    /lib/x86_64-linux-gnu/libgpg-error.so.0.10.0
7faf9d66a000-7faf9d66b000 rw-p 00004000 08:0c 6295469                    /lib/x86_64-linux-gnu/libgpg-error.so.0.10.0
7faf9d66b000-7faf9d66d000 r-xp 00000000 08:0c 6295479                    /lib/x86_64-linux-gnu/libkeyutils.so.1.4
7faf9d66d000-7faf9d86d000 ---p 00002000 08:0c 6295479                    /lib/x86_64-linux-gnu/libkeyutils.so.1.4
7faf9d86d000-7faf9d86e000 r--p 00002000 08:0c 6295479                    /lib/x86_64-linux-gnu/libkeyutils.so.1.4
7faf9d86e000-7faf9d86f000 rw-p 00003000 08:0c 6295479                    /lib/x86_64-linux-gnu/libkeyutils.so.1.4
7faf9d86f000-7faf9d889000 r-xp 00000000 08:0c 5906754                    /usr/lib/x86_64-linux-gnu/libgraphite2.so.3.0.1
7faf9d889000-7faf9da88000 ---p 0001a000 08:0c 5906754                    /usr/lib/x86_64-linux-gnu/libgraphite2.so.3.0.1
7faf9da88000-7faf9da8a000 r--p 00019000 08:0c 5906754                    /usr/lib/x86_64-linux-gnu/libgraphite2.so.3.0.1
7faf9da8a000-7faf9da8b000 rw-p 0001b000 08:0c 5906754                    /usr/lib/x86_64-linux-gnu/libgraphite2.so.3.0.1
7faf9da8b000-7faf9dacf000 r-xp 00000000 08:0c 6295450                    /lib/x86_64-linux-gnu/libdbus-1.so.3.7.6
7faf9dacf000-7faf9dcce000 ---p 00044000 08:0c 6295450                    /lib/x86_64-linux-gnu/libdbus-1.so.3.7.6
7faf9dcce000-7faf9dccf000 r--p 00043000 08:0c 6295450                    /lib/x86_64-linux-gnu/libdbus-1.so.3.7.6
7faf9dccf000-7faf9dcd0000 rw-p 00044000 08:0c 6295450                    /lib/x86_64-linux-gnu/libdbus-1.so.3.7.6
7faf9dcd0000-7faf9dd0b000 r-xp 00000000 08:0c 5907052                    /usr/lib/x86_64-linux-gnu/libp11-kit.so.0.0.0
7faf9dd0b000-7faf9df0a000 ---p 0003b000 08:0c 5907052                    /usr/lib/x86_64-linux-gnu/libp11-kit.so.0.0.0
7faf9df0a000-7faf9df10000 r--p 0003a000 08:0c 5907052                    /usr/lib/x86_64-linux-gnu/libp11-kit.so.0.0.0
7faf9df10000-7faf9df12000 rw-p 00040000 08:0c 5907052                    /usr/lib/x86_64-linux-gnu/libp11-kit.so.0.0.0
7faf9df12000-7faf9df24000 r-xp 00000000 08:0c 5907237                    /usr/lib/x86_64-linux-gnu/libtasn1.so.6.2.0
7faf9df24000-7faf9e124000 ---p 00012000 08:0c 5907237                    /usr/lib/x86_64-linux-gnu/libtasn1.so.6.2.0
7faf9e124000-7faf9e125000 r--p 00012000 08:0c 5907237                    /usr/lib/x86_64-linux-gnu/libtasn1.so.6.2.0
7faf9e125000-7faf9e126000 rw-p 00013000 08:0c 5907237                    /usr/lib/x86_64-linux-gnu/libtasn1.so.6.2.0
7faf9e126000-7faf9e1a1000 r-xp 00000000 08:0c 6295465                    /lib/x86_64-linux-gnu/libgcrypt.so.11.8.2
7faf9e1a1000-7faf9e3a1000 ---p 0007b000 08:0c 6295465                    /lib/x86_64-linux-gnu/libgcrypt.so.11.8.2
7faf9e3a1000-7faf9e3a2000 r--p 0007b000 08:0c 6295465                    /lib/x86_64-linux-gnu/libgcrypt.so.11.8.2
7faf9e3a2000-7faf9e3a5000 rw-p 0007c000 08:0c 6295465                    /lib/x86_64-linux-gnu/libgcrypt.so.11.8.2
7faf9e3a5000-7faf9e3af000 r-xp 00000000 08:0c 5906935                    /usr/lib/x86_64-linux-gnu/libkrb5support.so.0.1
7faf9e3af000-7faf9e5ae000 ---p 0000a000 08:0c 5906935                    /usr/lib/x86_64-linux-gnu/libkrb5support.so.0.1
7faf9e5ae000-7faf9e5af000 r--p 00009000 08:0c 5906935                    /usr/lib/x86_64-linux-gnu/libkrb5support.so.0.1
7faf9e5af000-7faf9e5b0000 rw-p 0000a000 08:0c 5906935                    /usr/lib/x86_64-linux-gnu/libkrb5support.so.0.1
7faf9e5b0000-7faf9e5b3000 r-xp 00000000 08:0c 6295445                    /lib/x86_64-linux-gnu/libcom_err.so.2.1
7faf9e5b3000-7faf9e7b2000 ---p 00003000 08:0c 6295445                    /lib/x86_64-linux-gnu/libcom_err.so.2.1
7faf9e7b2000-7faf9e7b3000 r--p 00002000 08:0c 6295445                    /lib/x86_64-linux-gnu/libcom_err.so.2.1
7faf9e7b3000-7faf9e7b4000 rw-p 00003000 08:0c 6295445                    /lib/x86_64-linux-gnu/libcom_err.so.2.1
7faf9e7b4000-7faf9e7e0000 r-xp 00000000 08:0c 5906929                    /usr/lib/x86_64-linux-gnu/libk5crypto.so.3.1
7faf9e7e0000-7faf9e9df000 ---p 0002c000 08:0c 5906929                    /usr/lib/x86_64-linux-gnu/libk5crypto.so.3.1
7faf9e9df000-7faf9e9e1000 r--p 0002b000 08:0c 5906929                    /usr/lib/x86_64-linux-gnu/libk5crypto.so.3.1
7faf9e9e1000-7faf9e9e2000 rw-p 0002d000 08:0c 5906929                    /usr/lib/x86_64-linux-gnu/libk5crypto.so.3.1
7faf9e9e2000-7faf9e9e3000 rw-p 00000000 00:00 0 
7faf9e9e3000-7faf9ea9f000 r-xp 00000000 08:0c 5906933                    /usr/lib/x86_64-linux-gnu/libkrb5.so.3.3
7faf9ea9f000-7faf9ec9f000 ---p 000bc000 08:0c 5906933                    /usr/lib/x86_64-linux-gnu/libkrb5.so.3.3
7faf9ec9f000-7faf9ecac000 r--p 000bc000 08:0c 5906933                    /usr/lib/x86_64-linux-gnu/libkrb5.so.3.3
7faf9ecac000-7faf9ecae000 rw-p 000c9000 08:0c 5906933                    /usr/lib/x86_64-linux-gnu/libkrb5.so.3.3
7faf9ecae000-7faf9ecb4000 r-xp 00000000 08:0c 5906528                    /usr/lib/x86_64-linux-gnu/libdatrie.so.1.3.1
7faf9ecb4000-7faf9eeb3000 ---p 00006000 08:0c 5906528                    /usr/lib/x86_64-linux-gnu/libdatrie.so.1.3.1
7faf9eeb3000-7faf9eeb4000 r--p 00005000 08:0c 5906528                    /usr/lib/x86_64-linux-gnu/libdatrie.so.1.3.1
7faf9eeb4000-7faf9eeb5000 rw-p 00006000 08:0c 5906528                    /usr/lib/x86_64-linux-gnu/libdatrie.so.1.3.1
7faf9eeb5000-7faf9ef08000 r-xp 00000000 08:0c 5906867                    /usr/lib/x86_64-linux-gnu/libharfbuzz.so.0.927.0
7faf9ef08000-7faf9f108000 ---p 00053000 08:0c 5906867                    /usr/lib/x86_64-linux-gnu/libharfbuzz.so.0.927.0
7faf9f108000-7faf9f109000 r--p 00053000 08:0c 5906867                    /usr/lib/x86_64-linux-gnu/libharfbuzz.so.0.927.0
7faf9f109000-7faf9f10a000 rw-p 00054000 08:0c 5906867                    /usr/lib/x86_64-linux-gnu/libharfbuzz.so.0.927.0
7faf9f10a000-7faf9f112000 r-xp 00000000 08:0c 5907379                    /usr/lib/x86_64-linux-gnu/libxcb-render.so.0.0.0
7faf9f112000-7faf9f311000 ---p 00008000 08:0c 5907379                    /usr/lib/x86_64-linux-gnu/libxcb-render.so.0.0.0
7faf9f311000-7faf9f312000 r--p 00007000 08:0c 5907379                    /usr/lib/x86_64-linux-gnu/libxcb-render.so.0.0.0
7faf9f312000-7faf9f313000 rw-p 00008000 08:0c 5907379                    /usr/lib/x86_64-linux-gnu/libxcb-render.so.0.0.0
7faf9f313000-7faf9f315000 r-xp 00000000 08:0c 5907383                    /usr/lib/x86_64-linux-gnu/libxcb-shm.so.0.0.0
7faf9f315000-7faf9f514000 ---p 00002000 08:0c 5907383                    /usr/lib/x86_64-linux-gnu/libxcb-shm.so.0.0.0
7faf9f514000-7faf9f515000 r--p 00001000 08:0c 5907383                    /usr/lib/x86_64-linux-gnu/libxcb-shm.so.0.0.0
7faf9f515000-7faf9f516000 rw-p 00002000 08:0c 5907383                    /usr/lib/x86_64-linux-gnu/libxcb-shm.so.0.0.0
7faf9f516000-7faf9f53b000 r-xp 00000000 08:0c 6295551                    /lib/x86_64-linux-gnu/libpng12.so.0.50.0
7faf9f53b000-7faf9f73a000 ---p 00025000 08:0c 6295551                    /lib/x86_64-linux-gnu/libpng12.so.0.50.0
7faf9f73a000-7faf9f73b000 r--p 00024000 08:0c 6295551                    /lib/x86_64-linux-gnu/libpng12.so.0.50.0
7faf9f73b000-7faf9f73c000 rw-p 00025000 08:0c 6295551                    /lib/x86_64-linux-gnu/libpng12.so.0.50.0
7faf9f73c000-7faf9f7dd000 r-xp 00000000 08:0c 5907083                    /usr/lib/x86_64-linux-gnu/libpixman-1.so.0.30.2
7faf9f7dd000-7faf9f9dd000 ---p 000a1000 08:0c 5907083                    /usr/lib/x86_64-linux-gnu/libpixman-1.so.0.30.2
7faf9f9dd000-7faf9f9e4000 r--p 000a1000 08:0c 5907083                    /usr/lib/x86_64-linux-gnu/libpixman-1.so.0.30.2
7faf9f9e4000-7faf9f9e5000 rw-p 000a8000 08:0c 5907083                    /usr/lib/x86_64-linux-gnu/libpixman-1.so.0.30.2
7faf9f9e5000-7faf9f9ea000 r-xp 00000000 08:0c 5906336                    /usr/lib/x86_64-linux-gnu/libXdmcp.so.6.0.0
7faf9f9ea000-7faf9fbe9000 ---p 00005000 08:0c 5906336                    /usr/lib/x86_64-linux-gnu/libXdmcp.so.6.0.0
7faf9fbe9000-7faf9fbea000 r--p 00004000 08:0c 5906336                    /usr/lib/x86_64-linux-gnu/libXdmcp.so.6.0.0
7faf9fbea000-7faf9fbeb000 rw-p 00005000 08:0c 5906336                    /usr/lib/x86_64-linux-gnu/libXdmcp.so.6.0.0
7faf9fbeb000-7faf9fbed000 r-xp 00000000 08:0c 5906325                    /usr/lib/x86_64-linux-gnu/libXau.so.6.0.0
7faf9fbed000-7faf9fded000 ---p 00002000 08:0c 5906325                    /usr/lib/x86_64-linux-gnu/libXau.so.6.0.0
7faf9fded000-7faf9fdee000 r--p 00002000 08:0c 5906325                    /usr/lib/x86_64-linux-gnu/libXau.so.6.0.0
7faf9fdee000-7faf9fdef000 rw-p 00003000 08:0c 5906325                    /usr/lib/x86_64-linux-gnu/libXau.so.6.0.0
7faf9fdef000-7faf9fdfe000 r-xp 00000000 08:0c 5906429                    /usr/lib/x86_64-linux-gnu/libavahi-client.so.3.2.9
7faf9fdfe000-7faf9fffe000 ---p 0000f000 08:0c 5906429                    /usr/lib/x86_64-linux-gnu/libavahi-client.so.3.2.9
7faf9fffe000-7faf9ffff000 r--p 0000f000 08:0c 5906429                    /usr/lib/x86_64-linux-gnu/libavahi-client.so.3.2.9
7faf9ffff000-7fafa0000000 rw-p 00010000 08:0c 5906429                    /usr/lib/x86_64-linux-gnu/libavahi-client.so.3.2.9
7fafa0000000-7fafa01b9000 rw-p 00000000 00:00 0 
7fafa01b9000-7fafa4000000 ---p 00000000 00:00 0 
7fafa4000000-7fafa4021000 rw-p 00000000 00:00 0 
7fafa4021000-7fafa8000000 ---p 00000000 00:00 0 
7fafa8000000-7fafa8021000 rw-p 00000000 00:00 0 
7fafa8021000-7fafac000000 ---p 00000000 00:00 0 
7fafac000000-7fafac8b2000 rw-p 00000000 00:00 0 
7fafac8b2000-7fafb0000000 ---p 00000000 00:00 0 
7fafb0000000-7fafb0021000 rw-p 00000000 00:00 0 
7fafb0021000-7fafb4000000 ---p 00000000 00:00 0 
7fafb4000000-7fafb4021000 rw-p 00000000 00:00 0 
7fafb4021000-7fafb8000000 ---p 00000000 00:00 0 
7fafb8000000-7fafb8021000 rw-p 00000000 00:00 0 
7fafb8021000-7fafbc000000 ---p 00000000 00:00 0 
7fafbc07a000-7fafbc07d000 ---p 00000000 00:00 0 
7fafbc07d000-7fafbc17b000 rw-p 00000000 00:00 0                          [stack:9149]
7fafbc17b000-7fafbc186000 r-xp 00000000 08:0c 5906431                    /usr/lib/x86_64-linux-gnu/libavahi-common.so.3.5.3
7fafbc186000-7fafbc385000 ---p 0000b000 08:0c 5906431                    /usr/lib/x86_64-linux-gnu/libavahi-common.so.3.5.3
7fafbc385000-7fafbc386000 r--p 0000a000 08:0c 5906431                    /usr/lib/x86_64-linux-gnu/libavahi-common.so.3.5.3
7fafbc386000-7fafbc387000 rw-p 0000b000 08:0c 5906431                    /usr/lib/x86_64-linux-gnu/libavahi-common.so.3.5.3
7fafbc387000-7fafbc43d000 r-xp 00000000 08:0c 5899072                    /usr/lib/x86_64-linux-gnu/libgnutls.so.26.22.6
7fafbc43d000-7fafbc63d000 ---p 000b6000 08:0c 5899072                    /usr/lib/x86_64-linux-gnu/libgnutls.so.26.22.6
7fafbc63d000-7fafbc643000 r--p 000b6000 08:0c 5899072                    /usr/lib/x86_64-linux-gnu/libgnutls.so.26.22.6
7fafbc643000-7fafbc644000 rw-p 000bc000 08:0c 5899072                    /usr/lib/x86_64-linux-gnu/libgnutls.so.26.22.6
7fafbc644000-7fafbc645000 rw-p 00000000 00:00 0 
7fafbc645000-7fafbc688000 r-xp 00000000 08:0c 5906763                    /usr/lib/x86_64-linux-gnu/libgssapi_krb5.so.2.2
7fafbc688000-7fafbc888000 ---p 00043000 08:0c 5906763                    /usr/lib/x86_64-linux-gnu/libgssapi_krb5.so.2.2
7fafbc888000-7fafbc889000 r--p 00043000 08:0c 5906763                    /usr/lib/x86_64-linux-gnu/libgssapi_krb5.so.2.2
7fafbc889000-7fafbc88b000 rw-p 00044000 08:0c 5906763                    /usr/lib/x86_64-linux-gnu/libgssapi_krb5.so.2.2
7fafbc88b000-7fafbc8b2000 r-xp 00000000 08:0c 6295458                    /lib/x86_64-linux-gnu/libexpat.so.1.6.0
7fafbc8b2000-7fafbcab2000 ---p 00027000 08:0c 6295458                    /lib/x86_64-linux-gnu/libexpat.so.1.6.0
7fafbcab2000-7fafbcab4000 r--p 00027000 08:0c 6295458                    /lib/x86_64-linux-gnu/libexpat.so.1.6.0
7fafbcab4000-7fafbcab5000 rw-p 00029000 08:0c 6295458                    /lib/x86_64-linux-gnu/libexpat.so.1.6.0
7fafbcab5000-7fafbcb52000 r-xp 00000000 08:0c 5899445                    /usr/lib/x86_64-linux-gnu/libfreetype.so.6.11.1
7fafbcb52000-7fafbcd51000 ---p 0009d000 08:0c 5899445                    /usr/lib/x86_64-linux-gnu/libfreetype.so.6.11.1
7fafbcd51000-7fafbcd57000 r--p 0009c000 08:0c 5899445                    /usr/lib/x86_64-linux-gnu/libfreetype.so.6.11.1
7fafbcd57000-7fafbcd58000 rw-p 000a2000 08:0c 5899445                    /usr/lib/x86_64-linux-gnu/libfreetype.so.6.11.1
7fafbcd58000-7fafbcd60000 r-xp 00000000 08:0c 5907253                    /usr/lib/x86_64-linux-gnu/libthai.so.0.2.0
7fafbcd60000-7fafbcf5f000 ---p 00008000 08:0c 5907253                    /usr/lib/x86_64-linux-gnu/libthai.so.0.2.0
7fafbcf5f000-7fafbcf60000 r--p 00007000 08:0c 5907253                    /usr/lib/x86_64-linux-gnu/libthai.so.0.2.0
7fafbcf60000-7fafbcf61000 rw-p 00008000 08:0c 5907253                    /usr/lib/x86_64-linux-gnu/libthai.so.0.2.0
7fafbcf61000-7fafbcf63000 r-xp 00000000 08:0c 5906334                    /usr/lib/x86_64-linux-gnu/libXdamage.so.1.1.0
7fafbcf63000-7fafbd162000 ---p 00002000 08:0c 5906334                    /usr/lib/x86_64-linux-gnu/libXdamage.so.1.1.0
7fafbd162000-7fafbd163000 r--p 00001000 08:0c 5906334                    /usr/lib/x86_64-linux-gnu/libXdamage.so.1.1.0
7fafbd163000-7fafbd164000 rw-p 00002000 08:0c 5906334                    /usr/lib/x86_64-linux-gnu/libXdamage.so.1.1.0
7fafbd164000-7fafbd166000 r-xp 00000000 08:0c 5906330                    /usr/lib/x86_64-linux-gnu/libXcomposite.so.1.0.0
7fafbd166000-7fafbd365000 ---p 00002000 08:0c 5906330                    /usr/lib/x86_64-linux-gnu/libXcomposite.so.1.0.0
7fafbd365000-7fafbd366000 r--p 00001000 08:0c 5906330                    /usr/lib/x86_64-linux-gnu/libXcomposite.so.1.0.0
7fafbd366000-7fafbd367000 rw-p 00002000 08:0c 5906330                    /usr/lib/x86_64-linux-gnu/libXcomposite.so.1.0.0
7fafbd367000-7fafbd370000 r-xp 00000000 08:0c 5906332                    /usr/lib/x86_64-linux-gnu/libXcursor.so.1.0.2
7fafbd370000-7fafbd56f000 ---p 00009000 08:0c 5906332                    /usr/lib/x86_64-linux-gnu/libXcursor.so.1.0.2
7fafbd56f000-7fafbd570000 r--p 00008000 08:0c 5906332                    /usr/lib/x86_64-linux-gnu/libXcursor.so.1.0.2
7fafbd570000-7fafbd571000 rw-p 00009000 08:0c 5906332                    /usr/lib/x86_64-linux-gnu/libXcursor.so.1.0.2
7fafbd571000-7fafbd57a000 r-xp 00000000 08:0c 5906358                    /usr/lib/x86_64-linux-gnu/libXrandr.so.2.2.0
7fafbd57a000-7fafbd779000 ---p 00009000 08:0c 5906358                    /usr/lib/x86_64-linux-gnu/libXrandr.so.2.2.0
7fafbd779000-7fafbd77a000 r--p 00008000 08:0c 5906358                    /usr/lib/x86_64-linux-gnu/libXrandr.so.2.2.0
7fafbd77a000-7fafbd77b000 rw-p 00009000 08:0c 5906358                    /usr/lib/x86_64-linux-gnu/libXrandr.so.2.2.0
7fafbd77b000-7fafbd77d000 r-xp 00000000 08:0c 5906348                    /usr/lib/x86_64-linux-gnu/libXinerama.so.1.0.0
7fafbd77d000-7fafbd97c000 ---p 00002000 08:0c 5906348                    /usr/lib/x86_64-linux-gnu/libXinerama.so.1.0.0
7fafbd97c000-7fafbd97d000 r--p 00001000 08:0c 5906348                    /usr/lib/x86_64-linux-gnu/libXinerama.so.1.0.0
7fafbd97d000-7fafbd97e000 rw-p 00002000 08:0c 5906348                    /usr/lib/x86_64-linux-gnu/libXinerama.so.1.0.0
7fafbd97e000-7fafbd992000 r-xp 00000000 08:0c 5907064                    /usr/lib/x86_64-linux-gnu/libpangoft2-1.0.so.0.3600.3
7fafbd992000-7fafbdb91000 ---p 00014000 08:0c 5907064                    /usr/lib/x86_64-linux-gnu/libpangoft2-1.0.so.0.3600.3
7fafbdb91000-7fafbdb92000 r--p 00013000 08:0c 5907064                    /usr/lib/x86_64-linux-gnu/libpangoft2-1.0.so.0.3600.3
7fafbdb92000-7fafbdb93000 rw-p 00014000 08:0c 5907064                    /usr/lib/x86_64-linux-gnu/libpangoft2-1.0.so.0.3600.3
7fafbdb93000-7fafbdc99000 r-xp 00000000 08:0c 5906456                    /usr/lib/x86_64-linux-gnu/libcairo.so.2.11301.0
7fafbdc99000-7fafbde98000 ---p 00106000 08:0c 5906456                    /usr/lib/x86_64-linux-gnu/libcairo.so.2.11301.0
7fafbde98000-7fafbde9b000 r--p 00105000 08:0c 5906456                    /usr/lib/x86_64-linux-gnu/libcairo.so.2.11301.0
7fafbde9b000-7fafbde9c000 rw-p 00108000 08:0c 5906456                    /usr/lib/x86_64-linux-gnu/libcairo.so.2.11301.0
7fafbde9c000-7fafbde9e000 rw-p 00000000 00:00 0 
7fafbde9e000-7fafbdebd000 r-xp 00000000 08:0c 5906417                    /usr/lib/x86_64-linux-gnu/libatk-1.0.so.0.21009.1
7fafbdebd000-7fafbe0bd000 ---p 0001f000 08:0c 5906417                    /usr/lib/x86_64-linux-gnu/libatk-1.0.so.0.21009.1
7fafbe0bd000-7fafbe0bf000 r--p 0001f000 08:0c 5906417                    /usr/lib/x86_64-linux-gnu/libatk-1.0.so.0.21009.1
7fafbe0bf000-7fafbe0c0000 rw-p 00021000 08:0c 5906417                    /usr/lib/x86_64-linux-gnu/libatk-1.0.so.0.21009.1
7fafbe0c0000-7fafbe0c5000 r-xp 00000000 08:0c 5906340                    /usr/lib/x86_64-linux-gnu/libXfixes.so.3.1.0
7fafbe0c5000-7fafbe2c4000 ---p 00005000 08:0c 5906340                    /usr/lib/x86_64-linux-gnu/libXfixes.so.3.1.0
7fafbe2c4000-7fafbe2c5000 r--p 00004000 08:0c 5906340                    /usr/lib/x86_64-linux-gnu/libXfixes.so.3.1.0
7fafbe2c5000-7fafbe2c6000 rw-p 00005000 08:0c 5906340                    /usr/lib/x86_64-linux-gnu/libXfixes.so.3.1.0
7fafbe2c6000-7fafbe2d1000 r-xp 00000000 08:0c 5907062                    /usr/lib/x86_64-linux-gnu/libpangocairo-1.0.so.0.3600.3
7fafbe2d1000-7fafbe4d1000 ---p 0000b000 08:0c 5907062                    /usr/lib/x86_64-linux-gnu/libpangocairo-1.0.so.0.3600.3
7fafbe4d1000-7fafbe4d2000 r--p 0000b000 08:0c 5907062                    /usr/lib/x86_64-linux-gnu/libpangocairo-1.0.so.0.3600.3
7fafbe4d2000-7fafbe4d3000 rw-p 0000c000 08:0c 5907062                    /usr/lib/x86_64-linux-gnu/libpangocairo-1.0.so.0.3600.3
7fafbe4d3000-7fafbe4f0000 r-xp 00000000 08:0c 5907393                    /usr/lib/x86_64-linux-gnu/libxcb.so.1.1.0
7fafbe4f0000-7fafbe6f0000 ---p 0001d000 08:0c 5907393                    /usr/lib/x86_64-linux-gnu/libxcb.so.1.1.0
7fafbe6f0000-7fafbe6f1000 r--p 0001d000 08:0c 5907393                    /usr/lib/x86_64-linux-gnu/libxcb.so.1.1.0
7fafbe6f1000-7fafbe6f2000 rw-p 0001e000 08:0c 5907393                    /usr/lib/x86_64-linux-gnu/libxcb.so.1.1.0
7fafbe6f2000-7fafbe75e000 r-xp 00000000 08:0c 5906514                    /usr/lib/x86_64-linux-gnu/libcups.so.2
7fafbe75e000-7fafbe95e000 ---p 0006c000 08:0c 5906514                    /usr/lib/x86_64-linux-gnu/libcups.so.2
7fafbe95e000-7fafbe965000 r--p 0006c000 08:0c 5906514                    /usr/lib/x86_64-linux-gnu/libcups.so.2
7fafbe965000-7fafbe966000 rw-p 00073000 08:0c 5906514                    /usr/lib/x86_64-linux-gnu/libcups.so.2
7fafbe966000-7fafbe967000 r-xp 00000000 08:0c 5906843                    /usr/lib/x86_64-linux-gnu/libgthread-2.0.so.0.4000.0
7fafbe967000-7fafbeb66000 ---p 00001000 08:0c 5906843                    /usr/lib/x86_64-linux-gnu/libgthread-2.0.so.0.4000.0
7fafbeb66000-7fafbeb67000 r--p 00000000 08:0c 5906843                    /usr/lib/x86_64-linux-gnu/libgthread-2.0.so.0.4000.0
7fafbeb67000-7fafbeb68000 rw-p 00001000 08:0c 5906843                    /usr/lib/x86_64-linux-gnu/libgthread-2.0.so.0.4000.0
7fafbeb68000-7fafbeba2000 r-xp 00000000 08:0c 5906617                    /usr/lib/x86_64-linux-gnu/libfontconfig.so.1.8.0
7fafbeba2000-7fafbeda1000 ---p 0003a000 08:0c 5906617                    /usr/lib/x86_64-linux-gnu/libfontconfig.so.1.8.0
7fafbeda1000-7fafbeda3000 r--p 00039000 08:0c 5906617                    /usr/lib/x86_64-linux-gnu/libfontconfig.so.1.8.0
7fafbeda3000-7fafbeda4000 rw-p 0003b000 08:0c 5906617                    /usr/lib/x86_64-linux-gnu/libfontconfig.so.1.8.0
7fafbeda4000-7fafbedee000 r-xp 00000000 08:0c 5907060                    /usr/lib/x86_64-linux-gnu/libpango-1.0.so.0.3600.3
7fafbedee000-7fafbefee000 ---p 0004a000 08:0c 5907060                    /usr/lib/x86_64-linux-gnu/libpango-1.0.so.0.3600.3
7fafbefee000-7fafbeff0000 r--p 0004a000 08:0c 5907060                    /usr/lib/x86_64-linux-gnu/libpango-1.0.so.0.3600.3
7fafbeff0000-7fafbeff1000 rw-p 0004c000 08:0c 5907060                    /usr/lib/x86_64-linux-gnu/libpango-1.0.so.0.3600.3
7fafbeff1000-7fafbf010000 r-xp 00000000 08:0c 5906682                    /usr/lib/x86_64-linux-gnu/libgdk_pixbuf-2.0.so.0.3000.7
7fafbf010000-7fafbf210000 ---p 0001f000 08:0c 5906682                    /usr/lib/x86_64-linux-gnu/libgdk_pixbuf-2.0.so.0.3000.7
7fafbf210000-7fafbf211000 r--p 0001f000 08:0c 5906682                    /usr/lib/x86_64-linux-gnu/libgdk_pixbuf-2.0.so.0.3000.7
7fafbf211000-7fafbf212000 rw-p 00020000 08:0c 5906682                    /usr/lib/x86_64-linux-gnu/libgdk_pixbuf-2.0.so.0.3000.7
7fafbf212000-7fafbf2bf000 r-xp 00000000 08:0c 5900288                    /usr/lib/x86_64-linux-gnu/libgdk-x11-2.0.so.0.2400.23
7fafbf2bf000-7fafbf4be000 ---p 000ad000 08:0c 5900288                    /usr/lib/x86_64-linux-gnu/libgdk-x11-2.0.so.0.2400.23
7fafbf4be000-7fafbf4c2000 r--p 000ac000 08:0c 5900288                    /usr/lib/x86_64-linux-gnu/libgdk-x11-2.0.so.0.2400.23
7fafbf4c2000-7fafbf4c4000 rw-p 000b0000 08:0c 5900288                    /usr/lib/x86_64-linux-gnu/libgdk-x11-2.0.so.0.2400.23
7fafbf4c4000-7fafbf8f3000 r-xp 00000000 08:0c 5899952                    /usr/lib/x86_64-linux-gnu/libgtk-x11-2.0.so.0.2400.23
7fafbf8f3000-7fafbfaf2000 ---p 0042f000 08:0c 5899952                    /usr/lib/x86_64-linux-gnu/libgtk-x11-2.0.so.0.2400.23
7fafbfaf2000-7fafbfaf9000 r--p 0042e000 08:0c 5899952                    /usr/lib/x86_64-linux-gnu/libgtk-x11-2.0.so.0.2400.23
7fafbfaf9000-7fafbfafd000 rw-p 00435000 08:0c 5899952                    /usr/lib/x86_64-linux-gnu/libgtk-x11-2.0.so.0.2400.23
7fafbfafd000-7fafbfb00000 rw-p 00000000 00:00 0 
7fafbfb00000-7fafbfb0f000 r-xp 00000000 08:0c 5906346                    /usr/lib/x86_64-linux-gnu/libXi.so.6.1.0
7fafbfb0f000-7fafbfd0e000 ---p 0000f000 08:0c 5906346                    /usr/lib/x86_64-linux-gnu/libXi.so.6.1.0
7fafbfd0e000-7fafbfd0f000 r--p 0000e000 08:0c 5906346                    /usr/lib/x86_64-linux-gnu/libXi.so.6.1.0
7fafbfd0f000-7fafbfd10000 rw-p 0000f000 08:0c 5906346                    /usr/lib/x86_64-linux-gnu/libXi.so.6.1.0
7fafbfd10000-7fafc4000000 rw-p 00000000 00:00 0 
7fafc4000000-7fafc4021000 rw-p 00000000 00:00 0 
7fafc4021000-7fafc8000000 ---p 00000000 00:00 0 
7fafc8000000-7fafc8021000 rw-p 00000000 00:00 0 
7fafc8021000-7fafcc000000 ---p 00000000 00:00 0 
7fafcc000000-7fafcc021000 rw-p 00000000 00:00 0 
7fafcc021000-7fafd0000000 ---p 00000000 00:00 0 
7fafd0010000-7fafd0015000 r-xp 00000000 08:0c 5906366                    /usr/lib/x86_64-linux-gnu/libXtst.so.6.1.0
7fafd0015000-7fafd0214000 ---p 00005000 08:0c 5906366                    /usr/lib/x86_64-linux-gnu/libXtst.so.6.1.0
7fafd0214000-7fafd0215000 r--p 00004000 08:0c 5906366                    /usr/lib/x86_64-linux-gnu/libXtst.so.6.1.0
7fafd0215000-7fafd0216000 rw-p 00005000 08:0c 5906366                    /usr/lib/x86_64-linux-gnu/libXtst.so.6.1.0
7fafd0216000-7fafd021f000 r-xp 00000000 08:0c 5906360                    /usr/lib/x86_64-linux-gnu/libXrender.so.1.3.0
7fafd021f000-7fafd041e000 ---p 00009000 08:0c 5906360                    /usr/lib/x86_64-linux-gnu/libXrender.so.1.3.0
7fafd041e000-7fafd041f000 r--p 00008000 08:0c 5906360                    /usr/lib/x86_64-linux-gnu/libXrender.so.1.3.0
7fafd041f000-7fafd0420000 rw-p 00009000 08:0c 5906360                    /usr/lib/x86_64-linux-gnu/libXrender.so.1.3.0
7fafd0420000-7fafd0550000 r-xp 00000000 08:0c 5906321                    /usr/lib/x86_64-linux-gnu/libX11.so.6.3.0
7fafd0550000-7fafd0750000 ---p 00130000 08:0c 5906321                    /usr/lib/x86_64-linux-gnu/libX11.so.6.3.0
7fafd0750000-7fafd0751000 r--p 00130000 08:0c 5906321                    /usr/lib/x86_64-linux-gnu/libX11.so.6.3.0
7fafd0751000-7fafd0755000 rw-p 00131000 08:0c 5906321                    /usr/lib/x86_64-linux-gnu/libX11.so.6.3.0
7fafd0755000-7fafd0766000 r-xp 00000000 08:0c 5906338                    /usr/lib/x86_64-linux-gnu/libXext.so.6.4.0
7fafd0766000-7fafd0965000 ---p 00011000 08:0c 5906338                    /usr/lib/x86_64-linux-gnu/libXext.so.6.4.0
7fafd0965000-7fafd0966000 r--p 00010000 08:0c 5906338                    /usr/lib/x86_64-linux-gnu/libXext.so.6.4.0
7fafd0966000-7fafd0967000 rw-p 00011000 08:0c 5906338                    /usr/lib/x86_64-linux-gnu/libXext.so.6.4.0
7fafd0967000-7fafd09b8000 r-xp 00000000 08:0c 6038063                    /usr/lib/jvm/java-7-openjdk-amd64/jre/lib/amd64/xawt/libmawt.so
7fafd09b8000-7fafd0bb7000 ---p 00051000 08:0c 6038063                    /usr/lib/jvm/java-7-openjdk-amd64/jre/lib/amd64/xawt/libmawt.so
7fafd0bb7000-7fafd0bb8000 r--p 00050000 08:0c 6038063                    /usr/lib/jvm/java-7-openjdk-amd64/jre/lib/amd64/xawt/libmawt.so
7fafd0bb8000-7fafd0bbb000 rw-p 00051000 08:0c 6038063                    /usr/lib/jvm/java-7-openjdk-amd64/jre/lib/amd64/xawt/libmawt.so
7fafd0bbb000-7fafd0bbc000 rw-p 00000000 00:00 0 
7fafd0bbc000-7fafd0c5c000 r-xp 00000000 08:0c 6038150                    /usr/lib/jvm/java-7-openjdk-amd64/jre/lib/amd64/libawt.so
7fafd0c5c000-7fafd0e5b000 ---p 000a0000 08:0c 6038150                    /usr/lib/jvm/java-7-openjdk-amd64/jre/lib/amd64/libawt.so
7fafd0e5b000-7fafd0e5c000 r--p 0009f000 08:0c 6038150                    /usr/lib/jvm/java-7-openjdk-amd64/jre/lib/amd64/libawt.so
7fafd0e5c000-7fafd0e67000 rw-p 000a0000 08:0c 6038150                    /usr/lib/jvm/java-7-openjdk-amd64/jre/lib/amd64/libawt.so
7fafd0e67000-7fafd0e8c000 rw-p 00000000 00:00 0 
7fafd0e8c000-7fafd0ec9000 r-xp 00000000 08:0c 6295539                    /lib/x86_64-linux-gnu/libpcre.so.3.13.1
7fafd0ec9000-7fafd10c8000 ---p 0003d000 08:0c 6295539                    /lib/x86_64-linux-gnu/libpcre.so.3.13.1
7fafd10c8000-7fafd10c9000 r--p 0003c000 08:0c 6295539                    /lib/x86_64-linux-gnu/libpcre.so.3.13.1
7fafd10c9000-7fafd10ca000 rw-p 0003d000 08:0c 6295539                    /lib/x86_64-linux-gnu/libpcre.so.3.13.1
7fafd10ca000-7fafd10d1000 r-xp 00000000 08:0c 5906603                    /usr/lib/x86_64-linux-gnu/libffi.so.6.0.1
7fafd10d1000-7fafd12d0000 ---p 00007000 08:0c 5906603                    /usr/lib/x86_64-linux-gnu/libffi.so.6.0.1
7fafd12d0000-7fafd12d1000 r--p 00006000 08:0c 5906603                    /usr/lib/x86_64-linux-gnu/libffi.so.6.0.1
7fafd12d1000-7fafd12d2000 rw-p 00007000 08:0c 5906603                    /usr/lib/x86_64-linux-gnu/libffi.so.6.0.1
7fafd12d2000-7fafd12e9000 r-xp 00000000 08:0c 6295562                    /lib/x86_64-linux-gnu/libresolv-2.19.so
7fafd12e9000-7fafd14e9000 ---p 00017000 08:0c 6295562                    /lib/x86_64-linux-gnu/libresolv-2.19.so
7fafd14e9000-7fafd14ea000 r--p 00017000 08:0c 6295562                    /lib/x86_64-linux-gnu/libresolv-2.19.so
7fafd14ea000-7fafd14eb000 rw-p 00018000 08:0c 6295562                    /lib/x86_64-linux-gnu/libresolv-2.19.so
7fafd14eb000-7fafd14ed000 rw-p 00000000 00:00 0 
7fafd14ed000-7fafd150d000 r-xp 00000000 08:0c 6292666                    /lib/x86_64-linux-gnu/libselinux.so.1
7fafd150d000-7fafd170c000 ---p 00020000 08:0c 6292666                    /lib/x86_64-linux-gnu/libselinux.so.1
7fafd170c000-7fafd170d000 r--p 0001f000 08:0c 6292666                    /lib/x86_64-linux-gnu/libselinux.so.1
7fafd170d000-7fafd170e000 rw-p 00020000 08:0c 6292666                    /lib/x86_64-linux-gnu/libselinux.so.1
7fafd170e000-7fafd1710000 rw-p 00000000 00:00 0 
7fafd1710000-7fafd1713000 r-xp 00000000 08:0c 5906720                    /usr/lib/x86_64-linux-gnu/libgmodule-2.0.so.0.4000.0
7fafd1713000-7fafd1912000 ---p 00003000 08:0c 5906720                    /usr/lib/x86_64-linux-gnu/libgmodule-2.0.so.0.4000.0
7fafd1912000-7fafd1913000 r--p 00002000 08:0c 5906720                    /usr/lib/x86_64-linux-gnu/libgmodule-2.0.so.0.4000.0
7fafd1913000-7fafd1914000 rw-p 00003000 08:0c 5906720                    /usr/lib/x86_64-linux-gnu/libgmodule-2.0.so.0.4000.0
7fafd1914000-7fafd1a1a000 r-xp 00000000 08:0c 6295467                    /lib/x86_64-linux-gnu/libglib-2.0.so.0.4000.0
7fafd1a1a000-7fafd1c19000 ---p 00106000 08:0c 6295467                    /lib/x86_64-linux-gnu/libglib-2.0.so.0.4000.0
7fafd1c19000-7fafd1c1a000 r--p 00105000 08:0c 6295467                    /lib/x86_64-linux-gnu/libglib-2.0.so.0.4000.0
7fafd1c1a000-7fafd1c1b000 rw-p 00106000 08:0c 6295467                    /lib/x86_64-linux-gnu/libglib-2.0.so.0.4000.0
7fafd1c1b000-7fafd1c1c000 rw-p 00000000 00:00 0 
7fafd1c1c000-7fafd1c6b000 r-xp 00000000 08:0c 5906736                    /usr/lib/x86_64-linux-gnu/libgobject-2.0.so.0.4000.0
7fafd1c6b000-7fafd1e6b000 ---p 0004f000 08:0c 5906736                    /usr/lib/x86_64-linux-gnu/libgobject-2.0.so.0.4000.0
7fafd1e6b000-7fafd1e6c000 r--p 0004f000 08:0c 5906736                    /usr/lib/x86_64-linux-gnu/libgobject-2.0.so.0.4000.0
7fafd1e6c000-7fafd1e6d000 rw-p 00050000 08:0c 5906736                    /usr/lib/x86_64-linux-gnu/libgobject-2.0.so.0.4000.0
7fafd1e6d000-7fafd1fd8000 r-xp 00000000 08:0c 5906706                    /usr/lib/x86_64-linux-gnu/libgio-2.0.so.0.4000.0
7fafd1fd8000-7fafd21d8000 ---p 0016b000 08:0c 5906706                    /usr/lib/x86_64-linux-gnu/libgio-2.0.so.0.4000.0
7fafd21d8000-7fafd21dc000 r--p 0016b000 08:0c 5906706                    /usr/lib/x86_64-linux-gnu/libgio-2.0.so.0.4000.0
7fafd21dc000-7fafd21de000 rw-p 0016f000 08:0c 5906706                    /usr/lib/x86_64-linux-gnu/libgio-2.0.so.0.4000.0
7fafd21de000-7fafd21e0000 rw-p 00000000 00:00 0 
7fafd21e0000-7fafd21f6000 r-xp 00000000 08:0c 6038134                    /usr/lib/jvm/java-7-openjdk-amd64/jre/lib/amd64/libnet.so
7fafd21f6000-7fafd23f6000 ---p 00016000 08:0c 6038134                    /usr/lib/jvm/java-7-openjdk-amd64/jre/lib/amd64/libnet.so
7fafd23f6000-7fafd23f7000 r--p 00016000 08:0c 6038134                    /usr/lib/jvm/java-7-openjdk-amd64/jre/lib/amd64/libnet.so
7fafd23f7000-7fafd23f8000 rw-p 00017000 08:0c 6038134                    /usr/lib/jvm/java-7-openjdk-amd64/jre/lib/amd64/libnet.so
7fafd23f8000-7fafd2408000 r-xp 00000000 08:0c 6038142                    /usr/lib/jvm/java-7-openjdk-amd64/jre/lib/amd64/libnio.so
7fafd2408000-7fafd2608000 ---p 00010000 08:0c 6038142                    /usr/lib/jvm/java-7-openjdk-amd64/jre/lib/amd64/libnio.so
7fafd2608000-7fafd2609000 r--p 00010000 08:0c 6038142                    /usr/lib/jvm/java-7-openjdk-amd64/jre/lib/amd64/libnio.so
7fafd2609000-7fafd260a000 rw-p 00011000 08:0c 6038142                    /usr/lib/jvm/java-7-openjdk-amd64/jre/lib/amd64/libnio.so
7fafd260a000-7fafd260b000 ---p 00000000 00:00 0 
7fafd260b000-7fafd270b000 rw-p 00000000 00:00 0                          [stack:9145]
7fafd270b000-7fafd270e000 ---p 00000000 00:00 0 
7fafd270e000-7fafd280c000 rw-p 00000000 00:00 0                          [stack:9144]
7fafd280c000-7fafd280f000 ---p 00000000 00:00 0 
7fafd280f000-7fafd290d000 rw-p 00000000 00:00 0                          [stack:9143]
7fafd290d000-7fafd2910000 ---p 00000000 00:00 0 
7fafd2910000-7fafd2a0e000 rw-p 00000000 00:00 0                          [stack:9142]
7fafd2a0e000-7fafd2a11000 ---p 00000000 00:00 0 
7fafd2a11000-7fafd2b0f000 rw-p 00000000 00:00 0                          [stack:9141]
7fafd2b0f000-7fafd31f2000 r--p 00000000 08:0c 5905319                    /usr/lib/locale/locale-archive
7fafd31f2000-7fafd31f5000 ---p 00000000 00:00 0 
7fafd31f5000-7fafd32f3000 rw-p 00000000 00:00 0                          [stack:9140]
7fafd32f3000-7fafd32f6000 ---p 00000000 00:00 0 
7fafd32f6000-7fafd33f4000 rw-p 00000000 00:00 0                          [stack:9139]
7fafd33f4000-7fafd33f5000 ---p 00000000 00:00 0 
7fafd33f5000-7fafd4000000 rw-p 00000000 00:00 0                          [stack:9138]
7fafd4000000-7fafd4021000 rw-p 00000000 00:00 0 
7fafd4021000-7fafd8000000 ---p 00000000 00:00 0 
7fafd8000000-7fafd8021000 rw-p 00000000 00:00 0 
7fafd8021000-7fafdc000000 ---p 00000000 00:00 0 
7fafdc000000-7fafdc021000 rw-p 00000000 00:00 0 
7fafdc021000-7fafe0000000 ---p 00000000 00:00 0 
7fafe0000000-7fafe0021000 rw-p 00000000 00:00 0 
7fafe0021000-7fafe4000000 ---p 00000000 00:00 0 
7fafe4000000-7fafe4021000 rw-p 00000000 00:00 0 
7fafe4021000-7fafe8000000 ---p 00000000 00:00 0 
7fafe804e000-7fafe8057000 r--s 000b9000 08:0c 6038099                    /usr/lib/jvm/java-7-openjdk-amd64/jre/lib/resources.jar
7fafe8057000-7fafe805e000 r--s 0009e000 08:08 2405582                    /home/ruioliveira/Downloads/jgoodies-binding-2.10.0/jgoodies-binding-2.10.0-javadoc.jar
7fafe805e000-7fafe8061000 r--s 0003d000 08:08 2405583                    /home/ruioliveira/Downloads/jgoodies-binding-2.10.0/jgoodies-binding-2.10.0-sources.jar
7fafe8061000-7fafe8092000 rw-p 00000000 00:00 0 
7fafe8092000-7fafe8093000 r--p 00000000 08:0c 7363661                    /usr/share/locale-langpack/en_GB/LC_MESSAGES/libc.mo
7fafe8093000-7fafe8096000 r--s 00020000 08:08 2405584                    /home/ruioliveira/Downloads/jgoodies-binding-2.10.0/jgoodies-binding-2.10.0-tests.jar
7fafe8096000-7fafe809c000 r--s 0002b000 08:08 2405585                    /home/ruioliveira/Downloads/jgoodies-binding-2.10.0/jgoodies-binding-2.10.0.jar
7fafe809c000-7fafe809f000 r--s 00035000 08:08 2405312                    /home/ruioliveira/Downloads/jgoodies-common-1.8.0/jgoodies-common-1.8.0-javadoc.jar
7fafe809f000-7fafe80a1000 r--s 00010000 08:08 2405313                    /home/ruioliveira/Downloads/jgoodies-common-1.8.0/jgoodies-common-1.8.0-sources.jar
7fafe80a1000-7fafe80a3000 r--s 00007000 08:08 2405315                    /home/ruioliveira/Downloads/jgoodies-common-1.8.0/jgoodies-common-1.8.0.jar
7fafe80a3000-7fafe80aa000 r--s 000a4000 08:08 2405115                    /home/ruioliveira/Downloads/jgoodies-looks-2.6.0/jgoodies-looks-2.6.0-javadoc.jar
7fafe80aa000-7fafe80af000 r--s 00051000 08:08 2405116                    /home/ruioliveira/Downloads/jgoodies-looks-2.6.0/jgoodies-looks-2.6.0-sources.jar
7fafe80af000-7fafe9000000 rw-p 00000000 00:00 0 
7fafe9000000-7fafe9270000 rwxp 00000000 00:00 0 
7fafe9270000-7fafec376000 rw-p 00000000 00:00 0 
7fafec376000-7faff0000000 ---p 00000000 00:00 0 
7faff0000000-7faff0001000 r--s 00004000 08:08 2405314                    /home/ruioliveira/Downloads/jgoodies-common-1.8.0/jgoodies-common-1.8.0-tests.jar
7faff0001000-7faff0002000 r--s 00001000 08:08 2405117                    /home/ruioliveira/Downloads/jgoodies-looks-2.6.0/jgoodies-looks-2.6.0-tests.jar
7faff0002000-7faff000b000 r--s 0005a000 08:08 2405118                    /home/ruioliveira/Downloads/jgoodies-looks-2.6.0/jgoodies-looks-2.6.0.jar
7faff000b000-7faff023c000 rw-p 00000000 00:00 0 
7faff023c000-7faff03ea000 r--s 01cfc000 08:0c 6038089                    /usr/lib/jvm/java-7-openjdk-amd64/jre/lib/rt.jar
7faff03ea000-7faff093c000 rw-p 00000000 00:00 0 
7faff093c000-7faff093d000 ---p 00000000 00:00 0 
7faff093d000-7faff0a3d000 rw-p 00000000 00:00 0                          [stack:9137]
7faff0a3d000-7faff0a3e000 ---p 00000000 00:00 0 
7faff0a3e000-7faff0b3e000 rw-p 00000000 00:00 0                          [stack:9136]
7faff0b3e000-7faff0b3f000 ---p 00000000 00:00 0 
7faff0b3f000-7faff0c3f000 rw-p 00000000 00:00 0                          [stack:9135]
7faff0c3f000-7faff0c40000 ---p 00000000 00:00 0 
7faff0c40000-7faff0d40000 rw-p 00000000 00:00 0                          [stack:9134]
7faff0d40000-7faff0d41000 ---p 00000000 00:00 0 
7faff0d41000-7faff0e41000 rw-p 00000000 00:00 0                          [stack:9133]
7faff0e41000-7faff0e42000 ---p 00000000 00:00 0 
7faff0e42000-7faff0f42000 rw-p 00000000 00:00 0                          [stack:9132]
7faff0f42000-7faff0f43000 ---p 00000000 00:00 0 
7faff0f43000-7faff1043000 rw-p 00000000 00:00 0                          [stack:9131]
7faff1043000-7faff1044000 ---p 00000000 00:00 0 
7faff1044000-7faff114f000 rw-p 00000000 00:00 0                          [stack:9130]
7faff114f000-7faff1197000 rw-p 00000000 00:00 0 
7faff1197000-7faff11c0000 rw-p 00000000 00:00 0 
7faff11c0000-7faff142a000 rw-p 00000000 00:00 0 
7faff142a000-7faff1435000 rw-p 00000000 00:00 0 
7faff1435000-7faff147d000 rw-p 00000000 00:00 0 
7faff147d000-7faff14a6000 rw-p 00000000 00:00 0 
7faff14a6000-7faff170f000 rw-p 00000000 00:00 0 
7faff170f000-7faff1725000 rw-p 00000000 00:00 0 
7faff1725000-7faff1859000 rw-p 00000000 00:00 0 
7faff1859000-7faff185a000 rw-p 00000000 00:00 0 
7faff185a000-7faff1862000 r-xp 00000000 08:0c 6038129                    /usr/lib/jvm/java-7-openjdk-amd64/jre/lib/amd64/libzip.so
7faff1862000-7faff1a61000 ---p 00008000 08:0c 6038129                    /usr/lib/jvm/java-7-openjdk-amd64/jre/lib/amd64/libzip.so
7faff1a61000-7faff1a62000 r--p 00007000 08:0c 6038129                    /usr/lib/jvm/java-7-openjdk-amd64/jre/lib/amd64/libzip.so
7faff1a62000-7faff1a63000 rw-p 00008000 08:0c 6038129                    /usr/lib/jvm/java-7-openjdk-amd64/jre/lib/amd64/libzip.so
7faff1a63000-7faff1a6e000 r-xp 00000000 08:0c 6295511                    /lib/x86_64-linux-gnu/libnss_files-2.19.so
7faff1a6e000-7faff1c6d000 ---p 0000b000 08:0c 6295511                    /lib/x86_64-linux-gnu/libnss_files-2.19.so
7faff1c6d000-7faff1c6e000 r--p 0000a000 08:0c 6295511                    /lib/x86_64-linux-gnu/libnss_files-2.19.so
7faff1c6e000-7faff1c6f000 rw-p 0000b000 08:0c 6295511                    /lib/x86_64-linux-gnu/libnss_files-2.19.so
7faff1c6f000-7faff1c7a000 r-xp 00000000 08:0c 6295521                    /lib/x86_64-linux-gnu/libnss_nis-2.19.so
7faff1c7a000-7faff1e79000 ---p 0000b000 08:0c 6295521                    /lib/x86_64-linux-gnu/libnss_nis-2.19.so
7faff1e79000-7faff1e7a000 r--p 0000a000 08:0c 6295521                    /lib/x86_64-linux-gnu/libnss_nis-2.19.so
7faff1e7a000-7faff1e7b000 rw-p 0000b000 08:0c 6295521                    /lib/x86_64-linux-gnu/libnss_nis-2.19.so
7faff1e7b000-7faff1e92000 r-xp 00000000 08:0c 6295505                    /lib/x86_64-linux-gnu/libnsl-2.19.so
7faff1e92000-7faff2091000 ---p 00017000 08:0c 6295505                    /lib/x86_64-linux-gnu/libnsl-2.19.so
7faff2091000-7faff2092000 r--p 00016000 08:0c 6295505                    /lib/x86_64-linux-gnu/libnsl-2.19.so
7faff2092000-7faff2093000 rw-p 00017000 08:0c 6295505                    /lib/x86_64-linux-gnu/libnsl-2.19.so
7faff2093000-7faff2095000 rw-p 00000000 00:00 0 
7faff2095000-7faff209e000 r-xp 00000000 08:0c 6295507                    /lib/x86_64-linux-gnu/libnss_compat-2.19.so
7faff209e000-7faff229d000 ---p 00009000 08:0c 6295507                    /lib/x86_64-linux-gnu/libnss_compat-2.19.so
7faff229d000-7faff229e000 r--p 00008000 08:0c 6295507                    /lib/x86_64-linux-gnu/libnss_compat-2.19.so
7faff229e000-7faff229f000 rw-p 00009000 08:0c 6295507                    /lib/x86_64-linux-gnu/libnss_compat-2.19.so
7faff229f000-7faff22ca000 r-xp 00000000 08:0c 6038125                    /usr/lib/jvm/java-7-openjdk-amd64/jre/lib/amd64/libjava.so
7faff22ca000-7faff24c9000 ---p 0002b000 08:0c 6038125                    /usr/lib/jvm/java-7-openjdk-amd64/jre/lib/amd64/libjava.so
7faff24c9000-7faff24ca000 r--p 0002a000 08:0c 6038125                    /usr/lib/jvm/java-7-openjdk-amd64/jre/lib/amd64/libjava.so
7faff24ca000-7faff24cc000 rw-p 0002b000 08:0c 6038125                    /usr/lib/jvm/java-7-openjdk-amd64/jre/lib/amd64/libjava.so
7faff24cc000-7faff24dc000 r-xp 00000000 08:0c 6038158                    /usr/lib/jvm/java-7-openjdk-amd64/jre/lib/amd64/libverify.so
7faff24dc000-7faff26db000 ---p 00010000 08:0c 6038158                    /usr/lib/jvm/java-7-openjdk-amd64/jre/lib/amd64/libverify.so
7faff26db000-7faff26dd000 r--p 0000f000 08:0c 6038158                    /usr/lib/jvm/java-7-openjdk-amd64/jre/lib/amd64/libverify.so
7faff26dd000-7faff26de000 rw-p 00011000 08:0c 6038158                    /usr/lib/jvm/java-7-openjdk-amd64/jre/lib/amd64/libverify.so
7faff26de000-7faff26e5000 r-xp 00000000 08:0c 6295564                    /lib/x86_64-linux-gnu/librt-2.19.so
7faff26e5000-7faff28e4000 ---p 00007000 08:0c 6295564                    /lib/x86_64-linux-gnu/librt-2.19.so
7faff28e4000-7faff28e5000 r--p 00006000 08:0c 6295564                    /lib/x86_64-linux-gnu/librt-2.19.so
7faff28e5000-7faff28e6000 rw-p 00007000 08:0c 6295564                    /lib/x86_64-linux-gnu/librt-2.19.so
7faff28e6000-7faff28fc000 r-xp 00000000 08:0c 6295463                    /lib/x86_64-linux-gnu/libgcc_s.so.1
7faff28fc000-7faff2afb000 ---p 00016000 08:0c 6295463                    /lib/x86_64-linux-gnu/libgcc_s.so.1
7faff2afb000-7faff2afc000 rw-p 00015000 08:0c 6295463                    /lib/x86_64-linux-gnu/libgcc_s.so.1
7faff2afc000-7faff2c01000 r-xp 00000000 08:0c 6295486                    /lib/x86_64-linux-gnu/libm-2.19.so
7faff2c01000-7faff2e00000 ---p 00105000 08:0c 6295486                    /lib/x86_64-linux-gnu/libm-2.19.so
7faff2e00000-7faff2e01000 r--p 00104000 08:0c 6295486                    /lib/x86_64-linux-gnu/libm-2.19.so
7faff2e01000-7faff2e02000 rw-p 00105000 08:0c 6295486                    /lib/x86_64-linux-gnu/libm-2.19.so
7faff2e02000-7faff2ee8000 r-xp 00000000 08:0c 5907231                    /usr/lib/x86_64-linux-gnu/libstdc++.so.6.0.19
7faff2ee8000-7faff30e7000 ---p 000e6000 08:0c 5907231                    /usr/lib/x86_64-linux-gnu/libstdc++.so.6.0.19
7faff30e7000-7faff30ef000 r--p 000e5000 08:0c 5907231                    /usr/lib/x86_64-linux-gnu/libstdc++.so.6.0.19
7faff30ef000-7faff30f1000 rw-p 000ed000 08:0c 5907231                    /usr/lib/x86_64-linux-gnu/libstdc++.so.6.0.19
7faff30f1000-7faff3106000 rw-p 00000000 00:00 0 
7faff3106000-7faff3be7000 r-xp 00000000 08:0c 6038139                    /usr/lib/jvm/java-7-openjdk-amd64/jre/lib/amd64/server/libjvm.so
7faff3be7000-7faff3de6000 ---p 00ae1000 08:0c 6038139                    /usr/lib/jvm/java-7-openjdk-amd64/jre/lib/amd64/server/libjvm.so
7faff3de6000-7faff3e78000 r--p 00ae0000 08:0c 6038139                    /usr/lib/jvm/java-7-openjdk-amd64/jre/lib/amd64/server/libjvm.so
7faff3e78000-7faff3e9b000 rw-p 00b72000 08:0c 6038139                    /usr/lib/jvm/java-7-openjdk-amd64/jre/lib/amd64/server/libjvm.so
7faff3e9b000-7faff3ec8000 rw-p 00000000 00:00 0 
7faff3ec8000-7faff3ee0000 r-xp 00000000 08:0c 6295599                    /lib/x86_64-linux-gnu/libz.so.1.2.8
7faff3ee0000-7faff40df000 ---p 00018000 08:0c 6295599                    /lib/x86_64-linux-gnu/libz.so.1.2.8
7faff40df000-7faff40e0000 r--p 00017000 08:0c 6295599                    /lib/x86_64-linux-gnu/libz.so.1.2.8
7faff40e0000-7faff40e1000 rw-p 00018000 08:0c 6295599                    /lib/x86_64-linux-gnu/libz.so.1.2.8
7faff40e1000-7faff40fa000 r-xp 00000000 08:0c 6295556                    /lib/x86_64-linux-gnu/libpthread-2.19.so
7faff40fa000-7faff42f9000 ---p 00019000 08:0c 6295556                    /lib/x86_64-linux-gnu/libpthread-2.19.so
7faff42f9000-7faff42fa000 r--p 00018000 08:0c 6295556                    /lib/x86_64-linux-gnu/libpthread-2.19.so
7faff42fa000-7faff42fb000 rw-p 00019000 08:0c 6295556                    /lib/x86_64-linux-gnu/libpthread-2.19.so
7faff42fb000-7faff42ff000 rw-p 00000000 00:00 0 
7faff42ff000-7faff4302000 r-xp 00000000 08:0c 6295453                    /lib/x86_64-linux-gnu/libdl-2.19.so
7faff4302000-7faff4501000 ---p 00003000 08:0c 6295453                    /lib/x86_64-linux-gnu/libdl-2.19.so
7faff4501000-7faff4502000 r--p 00002000 08:0c 6295453                    /lib/x86_64-linux-gnu/libdl-2.19.so
7faff4502000-7faff4503000 rw-p 00003000 08:0c 6295453                    /lib/x86_64-linux-gnu/libdl-2.19.so
7faff4503000-7faff46bf000 r-xp 00000000 08:0c 6295436                    /lib/x86_64-linux-gnu/libc-2.19.so
7faff46bf000-7faff48be000 ---p 001bc000 08:0c 6295436                    /lib/x86_64-linux-gnu/libc-2.19.so
7faff48be000-7faff48c2000 r--p 001bb000 08:0c 6295436                    /lib/x86_64-linux-gnu/libc-2.19.so
7faff48c2000-7faff48c4000 rw-p 001bf000 08:0c 6295436                    /lib/x86_64-linux-gnu/libc-2.19.so
7faff48c4000-7faff48c9000 rw-p 00000000 00:00 0 
7faff48c9000-7faff48d6000 r-xp 00000000 08:0c 6038149                    /usr/lib/jvm/java-7-openjdk-amd64/jre/lib/amd64/jli/libjli.so
7faff48d6000-7faff4ad5000 ---p 0000d000 08:0c 6038149                    /usr/lib/jvm/java-7-openjdk-amd64/jre/lib/amd64/jli/libjli.so
7faff4ad5000-7faff4ad6000 r--p 0000c000 08:0c 6038149                    /usr/lib/jvm/java-7-openjdk-amd64/jre/lib/amd64/jli/libjli.so
7faff4ad6000-7faff4ad7000 rw-p 0000d000 08:0c 6038149                    /usr/lib/jvm/java-7-openjdk-amd64/jre/lib/amd64/jli/libjli.so
7faff4ad7000-7faff4afa000 r-xp 00000000 08:0c 6295412                    /lib/x86_64-linux-gnu/ld-2.19.so
7faff4afa000-7faff4aff000 r--s 00064000 08:08 2404801                    /home/ruioliveira/Downloads/jgoodies-forms-1.8.0/jgoodies-forms-1.8.0-javadoc.jar
7faff4aff000-7faff4b01000 r--s 00006000 08:08 2404803                    /home/ruioliveira/Downloads/jgoodies-forms-1.8.0/jgoodies-forms-1.8.0-tests.jar
7faff4b01000-7faff4b04000 r--s 0001b000 08:08 2404804                    /home/ruioliveira/Downloads/jgoodies-forms-1.8.0/jgoodies-forms-1.8.0.jar
7faff4b04000-7faff4b0f000 r--s 00203000 08:0c 6038090                    /usr/lib/jvm/java-7-openjdk-amd64/jre/lib/charsets.jar
7faff4b0f000-7faff4b14000 r--s 0004c000 08:0c 6038108                    /usr/lib/jvm/java-7-openjdk-amd64/jre/lib/jsse.jar
7faff4b14000-7faff4b1e000 rw-p 00000000 00:00 0 
7faff4b1e000-7faff4bd4000 rw-p 00000000 00:00 0 
7faff4bd4000-7faff4bd7000 ---p 00000000 00:00 0 
7faff4bd7000-7faff4cda000 rw-p 00000000 00:00 0                          [stack:9129]
7faff4cda000-7faff4cdc000 r--s 00012000 08:0c 6038093                    /usr/lib/jvm/java-7-openjdk-amd64/jre/lib/ext/zipfs.jar
7faff4cdc000-7faff4cde000 r--s 00006000 08:0c 6560210                    /usr/share/java/java-atk-wrapper.jar
7faff4cde000-7faff4ce2000 r--s 00085000 08:0c 6038095                    /usr/lib/jvm/java-7-openjdk-amd64/jre/lib/ext/localedata.jar
7faff4ce2000-7faff4ce5000 r--s 0000f000 08:0c 6038092                    /usr/lib/jvm/java-7-openjdk-amd64/jre/lib/ext/pulse-java.jar
7faff4ce5000-7faff4ce6000 r--s 00002000 08:0c 6038097                    /usr/lib/jvm/java-7-openjdk-amd64/jre/lib/ext/dnsns.jar
7faff4ce6000-7faff4ce9000 r--s 00032000 08:0c 6038094                    /usr/lib/jvm/java-7-openjdk-amd64/jre/lib/ext/sunjce_provider.jar
7faff4ce9000-7faff4ced000 r--s 0003b000 08:0c 6038096                    /usr/lib/jvm/java-7-openjdk-amd64/jre/lib/ext/sunpkcs11.jar
7faff4ced000-7faff4cf5000 rw-s 00000000 08:0c 9451501                    /tmp/hsperfdata_ruioliveiras/9123
7faff4cf5000-7faff4cf6000 rw-p 00000000 00:00 0 
7faff4cf6000-7faff4cf7000 r--p 00000000 00:00 0 
7faff4cf7000-7faff4cf9000 rw-p 00000000 00:00 0 
7faff4cf9000-7faff4cfa000 r--p 00022000 08:0c 6295412                    /lib/x86_64-linux-gnu/ld-2.19.so
7faff4cfa000-7faff4cfb000 rw-p 00023000 08:0c 6295412                    /lib/x86_64-linux-gnu/ld-2.19.so
7faff4cfb000-7faff4cfc000 rw-p 00000000 00:00 0 
7fff25a22000-7fff25a43000 rw-p 00000000 00:00 0                          [stack]
7fff25bf5000-7fff25bf7000 r-xp 00000000 00:00 0                          [vdso]
ffffffffff600000-ffffffffff601000 r-xp 00000000 00:00 0                  [vsyscall]

VM Arguments:
jvm_args: -Dfile.encoding=UTF-8 
java_command: controller.Main
Launcher Type: SUN_STANDARD

Environment Variables:
PATH=/home/ruioliveiras/bin:/usr/local/sbin:/usr/local/bin:/usr/sbin:/usr/bin:/sbin:/bin:/usr/games:/usr/local/games
USERNAME=ruioliveiras
SHELL=/bin/bash
DISPLAY=:0

Signal Handlers:
SIGSEGV: [libjvm.so+0x918620], sa_mask[0]=0x7ffbfeff, sa_flags=0x10000004
SIGBUS: [libjvm.so+0x918620], sa_mask[0]=0x7ffbfeff, sa_flags=0x10000004
SIGFPE: [libjvm.so+0x795e30], sa_mask[0]=0x7ffbfeff, sa_flags=0x10000004
SIGPIPE: [libjvm.so+0x795e30], sa_mask[0]=0x7ffbfeff, sa_flags=0x10000004
SIGXFSZ: [libjvm.so+0x795e30], sa_mask[0]=0x7ffbfeff, sa_flags=0x10000004
SIGILL: [libjvm.so+0x795e30], sa_mask[0]=0x7ffbfeff, sa_flags=0x10000004
SIGUSR1: SIG_DFL, sa_mask[0]=0x00000000, sa_flags=0x00000000
SIGUSR2: [libjvm.so+0x795cd0], sa_mask[0]=0x00000004, sa_flags=0x10000004
SIGHUP: [libjvm.so+0x795eb0], sa_mask[0]=0x7ffbfeff, sa_flags=0x10000004
SIGINT: [libjvm.so+0x795eb0], sa_mask[0]=0x7ffbfeff, sa_flags=0x10000004
SIGTERM: [libjvm.so+0x795eb0], sa_mask[0]=0x7ffbfeff, sa_flags=0x10000004
SIGQUIT: [libjvm.so+0x795eb0], sa_mask[0]=0x7ffbfeff, sa_flags=0x10000004


---------------  S Y S T E M  ---------------

OS:Ubuntu 14.04 (trusty)
uname:Linux 3.13.0-27-generic #50-Ubuntu SMP Thu May 15 18:06:16 UTC 2014 x86_64
libc:glibc 2.19 NPTL 2.19 
rlimit: STACK 8192k, CORE 0k, NPROC 63008, NOFILE 4096, AS infinity
load average:0,66 0,54 0,49

/proc/meminfo:
MemTotal:        8086640 kB
MemFree:         3734516 kB
Buffers:          159628 kB
Cached:          1495284 kB
SwapCached:            0 kB
Active:          2883864 kB
Inactive:        1161604 kB
Active(anon):    2393816 kB
Inactive(anon):   245344 kB
Active(file):     490048 kB
Inactive(file):   916260 kB
Unevictable:          16 kB
Mlocked:              16 kB
SwapTotal:       8389628 kB
SwapFree:        8389628 kB
Dirty:               848 kB
Writeback:             0 kB
AnonPages:       2360272 kB
Mapped:           192292 kB
Shmem:            248028 kB
Slab:             175816 kB
SReclaimable:     124812 kB
SUnreclaim:        51004 kB
KernelStack:       10152 kB
PageTables:        33108 kB
NFS_Unstable:          0 kB
Bounce:                0 kB
WritebackTmp:          0 kB
CommitLimit:    12432948 kB
Committed_AS:    8405316 kB
VmallocTotal:   34359738367 kB
VmallocUsed:      361728 kB
VmallocChunk:   34359361624 kB
HardwareCorrupted:     0 kB
AnonHugePages:   2213888 kB
HugePages_Total:       0
HugePages_Free:        0
HugePages_Rsvd:        0
HugePages_Surp:        0
Hugepagesize:       2048 kB
DirectMap4k:       82272 kB
DirectMap2M:     2973696 kB
DirectMap1G:     5242880 kB


CPU:total 8 (4 cores per cpu, 2 threads per core) family 6 model 60 stepping 3, cmov, cx8, fxsr, mmx, sse, sse2, sse3, ssse3, sse4.1, sse4.2, popcnt, avx, avx2, aes, erms, ht, tsc, tscinvbit

/proc/cpuinfo:
processor	: 0
vendor_id	: GenuineIntel
cpu family	: 6
model		: 60
model name	: Intel(R) Core(TM) i7-4700MQ CPU @ 2.40GHz
stepping	: 3
microcode	: 0x8
cpu MHz		: 2401.000
cache size	: 6144 KB
physical id	: 0
siblings	: 8
core id		: 0
cpu cores	: 4
apicid		: 0
initial apicid	: 0
fpu		: yes
fpu_exception	: yes
cpuid level	: 13
wp		: yes
flags		: fpu vme de pse tsc msr pae mce cx8 apic sep mtrr pge mca cmov pat pse36 clflush dts acpi mmx fxsr sse sse2 ss ht tm pbe syscall nx pdpe1gb rdtscp lm constant_tsc arch_perfmon pebs bts rep_good nopl xtopology nonstop_tsc aperfmperf eagerfpu pni pclmulqdq dtes64 monitor ds_cpl vmx est tm2 ssse3 fma cx16 xtpr pdcm pcid sse4_1 sse4_2 movbe popcnt tsc_deadline_timer aes xsave avx f16c rdrand lahf_lm abm ida arat epb xsaveopt pln pts dtherm tpr_shadow vnmi flexpriority ept vpid fsgsbase tsc_adjust bmi1 avx2 smep bmi2 erms invpcid
bogomips	: 4788.82
clflush size	: 64
cache_alignment	: 64
address sizes	: 39 bits physical, 48 bits virtual
power management:

processor	: 1
vendor_id	: GenuineIntel
cpu family	: 6
model		: 60
model name	: Intel(R) Core(TM) i7-4700MQ CPU @ 2.40GHz
stepping	: 3
microcode	: 0x8
cpu MHz		: 2401.000
cache size	: 6144 KB
physical id	: 0
siblings	: 8
core id		: 1
cpu cores	: 4
apicid		: 2
initial apicid	: 2
fpu		: yes
fpu_exception	: yes
cpuid level	: 13
wp		: yes
flags		: fpu vme de pse tsc msr pae mce cx8 apic sep mtrr pge mca cmov pat pse36 clflush dts acpi mmx fxsr sse sse2 ss ht tm pbe syscall nx pdpe1gb rdtscp lm constant_tsc arch_perfmon pebs bts rep_good nopl xtopology nonstop_tsc aperfmperf eagerfpu pni pclmulqdq dtes64 monitor ds_cpl vmx est tm2 ssse3 fma cx16 xtpr pdcm pcid sse4_1 sse4_2 movbe popcnt tsc_deadline_timer aes xsave avx f16c rdrand lahf_lm abm ida arat epb xsaveopt pln pts dtherm tpr_shadow vnmi flexpriority ept vpid fsgsbase tsc_adjust bmi1 avx2 smep bmi2 erms invpcid
bogomips	: 4788.82
clflush size	: 64
cache_alignment	: 64
address sizes	: 39 bits physical, 48 bits virtual
power management:

processor	: 2
vendor_id	: GenuineIntel
cpu family	: 6
model		: 60
model name	: Intel(R) Core(TM) i7-4700MQ CPU @ 2.40GHz
stepping	: 3
microcode	: 0x8
cpu MHz		: 2401.000
cache size	: 6144 KB
physical id	: 0
siblings	: 8
core id		: 2
cpu cores	: 4
apicid		: 4
initial apicid	: 4
fpu		: yes
fpu_exception	: yes
cpuid level	: 13
wp		: yes
flags		: fpu vme de pse tsc msr pae mce cx8 apic sep mtrr pge mca cmov pat pse36 clflush dts acpi mmx fxsr sse sse2 ss ht tm pbe syscall nx pdpe1gb rdtscp lm constant_tsc arch_perfmon pebs bts rep_good nopl xtopology nonstop_tsc aperfmperf eagerfpu pni pclmulqdq dtes64 monitor ds_cpl vmx est tm2 ssse3 fma cx16 xtpr pdcm pcid sse4_1 sse4_2 movbe popcnt tsc_deadline_timer aes xsave avx f16c rdrand lahf_lm abm ida arat epb xsaveopt pln pts dtherm tpr_shadow vnmi flexpriority ept vpid fsgsbase tsc_adjust bmi1 avx2 smep bmi2 erms invpcid
bogomips	: 4788.82
clflush size	: 64
cache_alignment	: 64
address sizes	: 39 bits physical, 48 bits virtual
power management:

processor	: 3
vendor_id	: GenuineIntel
cpu family	: 6
model		: 60
model name	: Intel(R) Core(TM) i7-4700MQ CPU @ 2.40GHz
stepping	: 3
microcode	: 0x8
cpu MHz		: 2401.000
cache size	: 6144 KB
physical id	: 0
siblings	: 8
core id		: 3
cpu cores	: 4
apicid		: 6
initial apicid	: 6
fpu		: yes
fpu_exception	: yes
cpuid level	: 13
wp		: yes
flags		: fpu vme de pse tsc msr pae mce cx8 apic sep mtrr pge mca cmov pat pse36 clflush dts acpi mmx fxsr sse sse2 ss ht tm pbe syscall nx pdpe1gb rdtscp lm constant_tsc arch_perfmon pebs bts rep_good nopl xtopology nonstop_tsc aperfmperf eagerfpu pni pclmulqdq dtes64 monitor ds_cpl vmx est tm2 ssse3 fma cx16 xtpr pdcm pcid sse4_1 sse4_2 movbe popcnt tsc_deadline_timer aes xsave avx f16c rdrand lahf_lm abm ida arat epb xsaveopt pln pts dtherm tpr_shadow vnmi flexpriority ept vpid fsgsbase tsc_adjust bmi1 avx2 smep bmi2 erms invpcid
bogomips	: 4788.82
clflush size	: 64
cache_alignment	: 64
address sizes	: 39 bits physical, 48 bits virtual
power management:

processor	: 4
vendor_id	: GenuineIntel
cpu family	: 6
model		: 60
model name	: Intel(R) Core(TM) i7-4700MQ CPU @ 2.40GHz
stepping	: 3
microcode	: 0x8
cpu MHz		: 2401.000
cache size	: 6144 KB
physical id	: 0
siblings	: 8
core id		: 0
cpu cores	: 4
apicid		: 1
initial apicid	: 1
fpu		: yes
fpu_exception	: yes
cpuid level	: 13
wp		: yes
flags		: fpu vme de pse tsc msr pae mce cx8 apic sep mtrr pge mca cmov pat pse36 clflush dts acpi mmx fxsr sse sse2 ss ht tm pbe syscall nx pdpe1gb rdtscp lm constant_tsc arch_perfmon pebs bts rep_good nopl xtopology nonstop_tsc aperfmperf eagerfpu pni pclmulqdq dtes64 monitor ds_cpl vmx est tm2 ssse3 fma cx16 xtpr pdcm pcid sse4_1 sse4_2 movbe popcnt tsc_deadline_timer aes xsave avx f16c rdrand lahf_lm abm ida arat epb xsaveopt pln pts dtherm tpr_shadow vnmi flexpriority ept vpid fsgsbase tsc_adjust bmi1 avx2 smep bmi2 erms invpcid
bogomips	: 4788.82
clflush size	: 64
cache_alignment	: 64
address sizes	: 39 bits physical, 48 bits virtual
power management:

processor	: 5
vendor_id	: GenuineIntel
cpu family	: 6
model		: 60
model name	: Intel(R) Core(TM) i7-4700MQ CPU @ 2.40GHz
stepping	: 3
microcode	: 0x8
cpu MHz		: 2401.000
cache size	: 6144 KB
physical id	: 0
siblings	: 8
core id		: 1
cpu cores	: 4
apicid		: 3
initial apicid	: 3
fpu		: yes
fpu_exception	: yes
cpuid level	: 13
wp		: yes
flags		: fpu vme de pse tsc msr pae mce cx8 apic sep mtrr pge mca cmov pat pse36 clflush dts acpi mmx fxsr sse sse2 ss ht tm pbe syscall nx pdpe1gb rdtscp lm constant_tsc arch_perfmon pebs bts rep_good nopl xtopology nonstop_tsc aperfmperf eagerfpu pni pclmulqdq dtes64 monitor ds_cpl vmx est tm2 ssse3 fma cx16 xtpr pdcm pcid sse4_1 sse4_2 movbe popcnt tsc_deadline_timer aes xsave avx f16c rdrand lahf_lm abm ida arat epb xsaveopt pln pts dtherm tpr_shadow vnmi flexpriority ept vpid fsgsbase tsc_adjust bmi1 avx2 smep bmi2 erms invpcid
bogomips	: 4788.82
clflush size	: 64
cache_alignment	: 64
address sizes	: 39 bits physical, 48 bits virtual
power management:

processor	: 6
vendor_id	: GenuineIntel
cpu family	: 6
model		: 60
model name	: Intel(R) Core(TM) i7-4700MQ CPU @ 2.40GHz
stepping	: 3
microcode	: 0x8
cpu MHz		: 2401.000
cache size	: 6144 KB
physical id	: 0
siblings	: 8
core id		: 2
cpu cores	: 4
apicid		: 5
initial apicid	: 5
fpu		: yes
fpu_exception	: yes
cpuid level	: 13
wp		: yes
flags		: fpu vme de pse tsc msr pae mce cx8 apic sep mtrr pge mca cmov pat pse36 clflush dts acpi mmx fxsr sse sse2 ss ht tm pbe syscall nx pdpe1gb rdtscp lm constant_tsc arch_perfmon pebs bts rep_good nopl xtopology nonstop_tsc aperfmperf eagerfpu pni pclmulqdq dtes64 monitor ds_cpl vmx est tm2 ssse3 fma cx16 xtpr pdcm pcid sse4_1 sse4_2 movbe popcnt tsc_deadline_timer aes xsave avx f16c rdrand lahf_lm abm ida arat epb xsaveopt pln pts dtherm tpr_shadow vnmi flexpriority ept vpid fsgsbase tsc_adjust bmi1 avx2 smep bmi2 erms invpcid
bogomips	: 4788.82
clflush size	: 64
cache_alignment	: 64
address sizes	: 39 bits physical, 48 bits virtual
power management:

processor	: 7
vendor_id	: GenuineIntel
cpu family	: 6
model		: 60
model name	: Intel(R) Core(TM) i7-4700MQ CPU @ 2.40GHz
stepping	: 3
microcode	: 0x8
cpu MHz		: 2401.000
cache size	: 6144 KB
physical id	: 0
siblings	: 8
core id		: 3
cpu cores	: 4
apicid		: 7
initial apicid	: 7
fpu		: yes
fpu_exception	: yes
cpuid level	: 13
wp		: yes
flags		: fpu vme de pse tsc msr pae mce cx8 apic sep mtrr pge mca cmov pat pse36 clflush dts acpi mmx fxsr sse sse2 ss ht tm pbe syscall nx pdpe1gb rdtscp lm constant_tsc arch_perfmon pebs bts rep_good nopl xtopology nonstop_tsc aperfmperf eagerfpu pni pclmulqdq dtes64 monitor ds_cpl vmx est tm2 ssse3 fma cx16 xtpr pdcm pcid sse4_1 sse4_2 movbe popcnt tsc_deadline_timer aes xsave avx f16c rdrand lahf_lm abm ida arat epb xsaveopt pln pts dtherm tpr_shadow vnmi flexpriority ept vpid fsgsbase tsc_adjust bmi1 avx2 smep bmi2 erms invpcid
bogomips	: 4788.82
clflush size	: 64
cache_alignment	: 64
address sizes	: 39 bits physical, 48 bits virtual
power management:



Memory: 4k page, physical 8086640k(3954964k free), swap 8389628k(8389628k free)

vm_info: OpenJDK 64-Bit Server VM (24.51-b03) for linux-amd64 JRE (1.7.0_55-b14), built on Apr 17 2014 20:08:07 by "buildd" with gcc 4.8.2

time: Wed Jun  4 00:04:11 2014
elapsed time: 5787 seconds

