#
# A fatal error has been detected by the Java Runtime Environment:
#
#  SIGSEGV (0xb) at pc=0x00007f900d05b2fa, pid=7581, tid=140255413217024
#
# JRE version: OpenJDK Runtime Environment (7.0_55-b14) (build 1.7.0_55-b14)
# Java VM: OpenJDK 64-Bit Server VM (24.51-b03 mixed mode linux-amd64 compressed oops)
# Problematic frame:
# v  ~BufferBlob::jni_fast_GetLongField
#
# Failed to write core dump. Core dumps have been disabled. To enable core dumping, try "ulimit -c unlimited" before starting Java again
#
# If you would like to submit a bug report, please include
# instructions on how to reproduce the bug and visit:
#   http://icedtea.classpath.org/bugzilla
# The crash happened outside the Java Virtual Machine in native code.
# See problematic frame for where to report the bug.
#

---------------  T H R E A D  ---------------

Current thread (0x00007f90102b6000):  JavaThread "AWT-XAWT" daemon [_thread_in_native, id=7606, stack(0x00007f8fc2052000,0x00007f8fc2153000)]

siginfo:si_signo=SIGSEGV: si_errno=0, si_code=1 (SEGV_MAPERR), si_addr=0x0000000000000000

Registers:
RAX=0x00007f9018d15ec0, RBX=0x00007f90102b61d8, RCX=0x00007f901918c320, RDX=0x0000000000000042
RSP=0x00007f8fc2151818, RBP=0x00007f8fc2151840, RSI=0x0000000000000000, RDI=0x00007f90102b61d8
R8 =0x0000000000000003, R9 =0x0000000000000000, R10=0x0000000000000036, R11=0x00007f900d155478
R12=0x00007f8fa800ea60, R13=0x0000000000000000, R14=0x00007f8fed9c94a0, R15=0x00007f90102b6000
RIP=0x00007f900d05b2fa, EFLAGS=0x0000000000010246, CSGSFS=0x0000000000000033, ERR=0x0000000000000004
  TRAPNO=0x000000000000000e

Top of Stack: (sp=0x00007f8fc2151818)
0x00007f8fc2151818:   00007f8fed795564 000000077a89c220
0x00007f8fc2151828:   00007f8fa800ea60 00007f8fc21518f0
0x00007f8fc2151838:   00007f8fc21518c0 0000000000000000
0x00007f8fc2151848:   00007f8fed28fae8 000000077a89c220
0x00007f8fc2151858:   00007f8fc2151880 0000000000000000
0x00007f8fc2151868:   00007f8fed2879a3 00007f8fc21518f0
0x00007f8fc2151878:   00007f8fed78a09f 00007f8fc21518d0
0x00007f8fc2151888:   00007f900d155516 00000007d7026920
0x00007f8fc2151898:   00007f900d006058 00007f8fc21518a0
0x00007f8fc21518a8:   000000077ac00fab 00000007d7026920
0x00007f8fc21518b8:   00007f8fc21518b8 00000007d6fadc60
0x00007f8fc21518c8:   00007f8fc2151908 00007f8fc2151950
0x00007f8fc21518d8:   00007f900d006350 000000077a8ed588
0x00007f8fc21518e8:   00007f900d006350 0000000000000000
0x00007f8fc21518f8:   00007f8fc2151950 00007f8fb0002dc0
0x00007f8fc2151908:   00000007d7026920 00007f8fc2151910
0x00007f8fc2151918:   000000077a7923ac 00007f8fc2151998
0x00007f8fc2151928:   000000077a79f190 000000077afeb050
0x00007f8fc2151938:   000000077a792540 00007f8fc21518f0
0x00007f8fc2151948:   00007f8fc2151990 00007f8fc21519e0
0x00007f8fc2151958:   00007f900d006058 0000000000000000
0x00007f8fc2151968:   0000000000000000 0000000000000000
0x00007f8fc2151978:   0000000000000000 deaddeaf00000000
0x00007f8fc2151988:   00000007d7026920 deaddeaf00000000
0x00007f8fc2151998:   00000007d6faf138 00007f8fc21519a0
0x00007f8fc21519a8:   000000077a7921a5 00007f8fc21519f0
0x00007f8fc21519b8:   000000077a79f190 0000000000000000
0x00007f8fc21519c8:   000000077a7921c0 00007f8fc2151990
0x00007f8fc21519d8:   00007f8fc21519f0 00007f8fc2151a38
0x00007f8fc21519e8:   00007f900d006706 00000007d6faf138
0x00007f8fc21519f8:   00007f8fc21519f8 000000077a238fa3
0x00007f8fc2151a08:   00007f8fc2151a48 000000077a2beae8 

Instructions: (pc=0x00007f900d05b2fa)
0x00007f900d05b2da:   00 00 00 00 00 00 44 8b 15 fd 4e ce 0b 4c 8b ce
0x00007f900d05b2ea:   41 f6 c2 01 0f 85 2e 00 00 00 4d 33 ca 4d 33 ca
0x00007f900d05b2fa:   4d 8b 09 4c 8b da 49 c1 eb 02 4b 8b 04 19 49 bb
0x00007f900d05b30a:   e4 01 d4 18 90 7f 00 00 4c 33 d8 4c 33 d8 45 3b 

Register to memory mapping:

RAX=0x00007f9018d15ec0: <offset 0xd7dec0> in /usr/lib/jvm/java-7-openjdk-amd64/jre/lib/amd64/server/libjvm.so at 0x00007f9017f98000
RBX=0x00007f90102b61d8 is an unknown value
RCX=0x00007f901918c320: <offset 0x219320> in /lib/x86_64-linux-gnu/libpthread.so.0 at 0x00007f9018f73000
RDX=0x0000000000000042 is an unknown value
RSP=0x00007f8fc2151818 is pointing into the stack for thread: 0x00007f90102b6000
RBP=0x00007f8fc2151840 is pointing into the stack for thread: 0x00007f90102b6000
RSI=0x0000000000000000 is an unknown value
RDI=0x00007f90102b61d8 is an unknown value
R8 =0x0000000000000003 is an unknown value
R9 =0x0000000000000000 is an unknown value
R10=0x0000000000000036 is an unknown value
R11=0x00007f900d155478 is at entry_point+24 in (nmethod*)0x00007f900d1552d0
R12=0x00007f8fa800ea60 is an unknown value
R13=0x0000000000000000 is an unknown value
R14=0x00007f8fed9c94a0: <offset 0x2544a0> in /usr/lib/jvm/java-7-openjdk-amd64/jre/lib/amd64/xawt/libmawt.so at 0x00007f8fed775000
R15=0x00007f90102b6000 is a thread


Stack: [0x00007f8fc2052000,0x00007f8fc2153000],  sp=0x00007f8fc2151818,  free space=1022k
Native frames: (J=compiled Java code, j=interpreted, Vv=VM code, C=native code)
v  ~BufferBlob::jni_fast_GetLongField

Java frames: (J=compiled Java code, j=interpreted, Vv=VM code)
J  sun.awt.X11.XlibWrapper.XFilterEvent(JJ)Z
j  sun.awt.X11.XToolkit.run(Z)V+300
j  sun.awt.X11.XToolkit.run()V+5
j  java.lang.Thread.run()V+11
v  ~StubRoutines::call_stub

---------------  P R O C E S S  ---------------

Java Threads: ( => current thread )
  0x00007f8fa802f800 JavaThread "TimerQueue" daemon [_thread_blocked, id=7610, stack(0x00007f8fc1afb000,0x00007f8fc1bfc000)]
  0x00007f901000a800 JavaThread "DestroyJavaVM" [_thread_blocked, id=7587, stack(0x00007f9019a68000,0x00007f9019b69000)]
  0x00007f901031b800 JavaThread "AWT-EventQueue-0" [_thread_blocked, id=7608, stack(0x00007f8fc1e50000,0x00007f8fc1f51000)]
  0x00007f9010315800 JavaThread "AWT-Shutdown" [_thread_blocked, id=7607, stack(0x00007f8fc1f51000,0x00007f8fc2052000)]
=>0x00007f90102b6000 JavaThread "AWT-XAWT" daemon [_thread_in_native, id=7606, stack(0x00007f8fc2052000,0x00007f8fc2153000)]
  0x00007f901029a000 JavaThread "Java2D Disposer" daemon [_thread_blocked, id=7605, stack(0x00007f8fe00ac000,0x00007f8fe01ad000)]
  0x00007f90100b0800 JavaThread "Service Thread" daemon [_thread_blocked, id=7603, stack(0x00007f8fef519000,0x00007f8fef61a000)]
  0x00007f90100ae000 JavaThread "C2 CompilerThread1" daemon [_thread_blocked, id=7602, stack(0x00007f8fef61a000,0x00007f8fef71b000)]
  0x00007f90100ab800 JavaThread "C2 CompilerThread0" daemon [_thread_blocked, id=7601, stack(0x00007f8fef71b000,0x00007f8fef81c000)]
  0x00007f90100a9000 JavaThread "Signal Dispatcher" daemon [_thread_blocked, id=7600, stack(0x00007f8fef81c000,0x00007f8fef91d000)]
  0x00007f9010085000 JavaThread "Finalizer" daemon [_thread_blocked, id=7599, stack(0x00007f900c0f1000,0x00007f900c1f2000)]
  0x00007f9010083000 JavaThread "Reference Handler" daemon [_thread_blocked, id=7598, stack(0x00007f900c1f2000,0x00007f900c2f3000)]

Other Threads:
  0x00007f901007e800 VMThread [stack: 0x00007f900c2f3000,0x00007f900c3f4000] [id=7596]
  0x00007f90100bb800 WatcherThread [stack: 0x00007f8fef418000,0x00007f8fef519000] [id=7604]

VM state:not at safepoint (normal execution)

VM Mutex/Monitor currently owned by a thread: None

Heap
 PSYoungGen      total 37376K, used 23876K [0x00000007d6d00000, 0x00000007d9680000, 0x0000000800000000)
  eden space 32256K, 74% used [0x00000007d6d00000,0x00000007d8451310,0x00000007d8c80000)
  from space 5120K, 0% used [0x00000007d9180000,0x00000007d9180000,0x00000007d9680000)
  to   space 5120K, 0% used [0x00000007d8c80000,0x00000007d8c80000,0x00000007d9180000)
 ParOldGen       total 83968K, used 0K [0x0000000784800000, 0x0000000789a00000, 0x00000007d6d00000)
  object space 83968K, 0% used [0x0000000784800000,0x0000000784800000,0x0000000789a00000)
 PSPermGen       total 21504K, used 14954K [0x000000077a200000, 0x000000077b700000, 0x0000000784800000)
  object space 21504K, 69% used [0x000000077a200000,0x000000077b09aaf0,0x000000077b700000)

Card table byte_map: [0x00007f90162bc000,0x00007f90166ec000] byte_map_base: 0x00007f90126eb000

Polling page: 0x00007f9019b88000

Code Cache  [0x00007f900d000000, 0x00007f900d270000, 0x00007f9010000000)
 total_blobs=774 nmethods=276 adapters=451 free_code_cache=47736Kb largest_free_block=48530752

Compilation events (10 events):
Event: 148,662 Thread 0x00007f90100ab800  316             java.lang.String::equals (81 bytes)
Event: 148,664 Thread 0x00007f90100ab800 nmethod 316 0x00007f900d154550 code [0x00007f900d1546a0, 0x00007f900d1548f8]
Event: 148,669 Thread 0x00007f90100ae000  317             sun.font.FontDesignMetrics::stringWidth (154 bytes)
Event: 148,673 Thread 0x00007f90100ae000 nmethod 317 0x00007f900d179290 code [0x00007f900d179460, 0x00007f900d1797e8]
Event: 149,398 Thread 0x00007f90100ab800  318   !         javax.swing.RepaintManager::addDirtyRegion0 (205 bytes)
Event: 149,398 Thread 0x00007f90100ae000  319             java.util.IdentityHashMap::get (60 bytes)
Event: 149,405 Thread 0x00007f90100ae000 nmethod 319 0x00007f900d0c6350 code [0x00007f900d0c64a0, 0x00007f900d0c6688]
Event: 149,406 Thread 0x00007f90100ab800 nmethod 318 0x00007f900d0b7c10 code [0x00007f900d0b7d80, 0x00007f900d0b81a8]
Event: 149,474 Thread 0x00007f90100ae000  320   !         sun.awt.X11.XAwtState::getGrabWindow (67 bytes)
Event: 149,484 Thread 0x00007f90100ae000 nmethod 320 0x00007f900d0da990 code [0x00007f900d0dab40, 0x00007f900d0db050]

GC Heap History (0 events):
No events

Deoptimization events (10 events):
Event: 149,424 Thread 0x00007f901031b800 Uncommon trap: reason=null_check action=make_not_entrant pc=0x00007f900d0b8178 method=javax.swing.RepaintManager.extendDirtyRegion(Ljava/awt/Component;IIII)Z @ 10
Event: 149,997 Thread 0x00007f901031b800 Uncommon trap: reason=unreached action=reinterpret pc=0x00007f900d0c5028 method=java.util.concurrent.locks.ReentrantLock$Sync.isHeldExclusively()Z @ 7
Event: 149,997 Thread 0x00007f901031b800 Uncommon trap: reason=unreached action=reinterpret pc=0x00007f900d1254b0 method=java.awt.EventQueue.getPriority(Ljava/awt/AWTEvent;)I @ 4
Event: 149,997 Thread 0x00007f901031b800 Uncommon trap: reason=unreached action=reinterpret pc=0x00007f900d1380f0 method=java.awt.EventQueue.eventToCacheIndex(Ljava/awt/AWTEvent;)I @ 60
Event: 149,997 Thread 0x00007f901031b800 Uncommon trap: reason=unreached action=reinterpret pc=0x00007f900d0ba530 method=java.awt.EventQueue.noEvents()Z @ 16
Event: 149,998 Thread 0x00007f90102b6000 Uncommon trap: reason=unreached action=reinterpret pc=0x00007f900d144264 method=sun.awt.SunToolkit.postEvent(Lsun/awt/AppContext;Ljava/awt/AWTEvent;)V @ 27
Event: 150,000 Thread 0x00007f90102b6000 Uncommon trap: reason=unreached action=reinterpret pc=0x00007f900d1a841c method=sun.awt.X11.XToolkit.run(Z)V @ 213
Event: 150,010 Thread 0x00007f901031b800 Uncommon trap: reason=unreached action=reinterpret pc=0x00007f900d0b8cfc method=java.awt.EventQueue.eventToCacheIndex(Ljava/awt/AWTEvent;)I @ 60
Event: 150,010 Thread 0x00007f901031b800 Uncommon trap: reason=unreached action=reinterpret pc=0x00007f900d156cc8 method=sun.awt.im.InputContext.getInputMethod()Ljava/awt/im/spi/InputMethod; @ 4
Event: 180,496 Thread 0x00007f901031b800 Uncommon trap: reason=unreached action=reinterpret pc=0x00007f900d103384 method=java.awt.EventQueue.getPriority(Ljava/awt/AWTEvent;)I @ 4

Internal exceptions (10 events):
Event: 119,038 Thread 0x00007f901031b800 Threw 0x00000007d7da12a8 at /build/buildd/openjdk-7-7u55-2.4.7/build/openjdk/hotspot/src/share/vm/prims/jvm.cpp:1248
Event: 119,038 Thread 0x00007f901031b800 Threw 0x00000007d7da12a8 at /build/buildd/openjdk-7-7u55-2.4.7/build/openjdk/hotspot/src/share/vm/prims/jvm.cpp:1248
Event: 119,040 Thread 0x00007f901031b800 Threw 0x00000007d7db0f80 at /build/buildd/openjdk-7-7u55-2.4.7/build/openjdk/hotspot/src/share/vm/prims/jvm.cpp:1248
Event: 119,040 Thread 0x00007f901031b800 Threw 0x00000007d7db0f80 at /build/buildd/openjdk-7-7u55-2.4.7/build/openjdk/hotspot/src/share/vm/prims/jvm.cpp:1248
Event: 141,676 Thread 0x00007f901031b800 Threw 0x00000007d82b0a18 at /build/buildd/openjdk-7-7u55-2.4.7/build/openjdk/hotspot/src/share/vm/prims/jvm.cpp:1244
Event: 141,677 Thread 0x00007f901031b800 Threw 0x00000007d82b34c0 at /build/buildd/openjdk-7-7u55-2.4.7/build/openjdk/hotspot/src/share/vm/prims/jvm.cpp:1244
Event: 141,677 Thread 0x00007f901031b800 Threw 0x00000007d82b5308 at /build/buildd/openjdk-7-7u55-2.4.7/build/openjdk/hotspot/src/share/vm/prims/jvm.cpp:1244
Event: 149,423 Thread 0x00007f901031b800 Implicit null exception at 0x00007f900d0b7e7c to 0x00007f900d0b816c
Event: 150,000 Thread 0x00007f90102b6000 Implicit null exception at 0x00007f900d1a373f to 0x00007f900d1a8408
Event: 150,010 Thread 0x00007f901031b800 Implicit null exception at 0x00007f900d1567b0 to 0x00007f900d156ca9

Events (10 events):
Event: 180,496 loading class 0x00007f8fd00ab3c0 done
Event: 180,496 Thread 0x00007f901031b800 Uncommon trap: trap_request=0xffffffad fr.pc=0x00007f900d103384
Event: 180,496 Thread 0x00007f901031b800 DEOPT PACKING pc=0x00007f900d103384 sp=0x00007f8fc1f4f650
Event: 180,496 Thread 0x00007f901031b800 DEOPT UNPACKING pc=0x00007f900d039445 sp=0x00007f8fc1f4f610 mode 2
Event: 217,803 loading class 0x00007f8fc414b820
Event: 217,804 loading class 0x00007f8fc414b820 done
Event: 218,255 loading class 0x00007f8fd003a220
Event: 218,255 loading class 0x00007f8fd003a220 done
Event: 218,290 loading class 0x00007f8fd00399d0
Event: 218,290 loading class 0x00007f8fd00399d0 done


Dynamic libraries:
00400000-00401000 r-xp 00000000 08:0c 6038082                            /usr/lib/jvm/java-7-openjdk-amd64/jre/bin/java
00600000-00601000 r--p 00000000 08:0c 6038082                            /usr/lib/jvm/java-7-openjdk-amd64/jre/bin/java
00601000-00602000 rw-p 00001000 08:0c 6038082                            /usr/lib/jvm/java-7-openjdk-amd64/jre/bin/java
02348000-02369000 rw-p 00000000 00:00 0                                  [heap]
77a200000-77b700000 rw-p 00000000 00:00 0 
77b700000-784800000 rw-p 00000000 00:00 0 
784800000-789a00000 rw-p 00000000 00:00 0 
789a00000-7d6d00000 rw-p 00000000 00:00 0 
7d6d00000-7d9680000 rw-p 00000000 00:00 0 
7d9680000-800000000 rw-p 00000000 00:00 0 
7f8fa8000000-7f8fa828c000 rw-p 00000000 00:00 0 
7f8fa828c000-7f8fac000000 ---p 00000000 00:00 0 
7f8fac000000-7f8fac021000 rw-p 00000000 00:00 0 
7f8fac021000-7f8fb0000000 ---p 00000000 00:00 0 
7f8fb0000000-7f8fb0022000 rw-p 00000000 00:00 0 
7f8fb0022000-7f8fb4000000 ---p 00000000 00:00 0 
7f8fb4000000-7f8fb4021000 rw-p 00000000 00:00 0 
7f8fb4021000-7f8fb8000000 ---p 00000000 00:00 0 
7f8fb8000000-7f8fb8021000 rw-p 00000000 00:00 0 
7f8fb8021000-7f8fbc000000 ---p 00000000 00:00 0 
7f8fbc000000-7f8fbc021000 rw-p 00000000 00:00 0 
7f8fbc021000-7f8fc0000000 ---p 00000000 00:00 0 
7f8fc1afb000-7f8fc1afe000 ---p 00000000 00:00 0 
7f8fc1afe000-7f8fc1bfc000 rw-p 00000000 00:00 0                          [stack:7610]
7f8fc1bfc000-7f8fc1c4d000 r-xp 00000000 08:0c 6038157                    /usr/lib/jvm/java-7-openjdk-amd64/jre/lib/amd64/libfontmanager.so
7f8fc1c4d000-7f8fc1e4c000 ---p 00051000 08:0c 6038157                    /usr/lib/jvm/java-7-openjdk-amd64/jre/lib/amd64/libfontmanager.so
7f8fc1e4c000-7f8fc1e4f000 r--p 00050000 08:0c 6038157                    /usr/lib/jvm/java-7-openjdk-amd64/jre/lib/amd64/libfontmanager.so
7f8fc1e4f000-7f8fc1e50000 rw-p 00053000 08:0c 6038157                    /usr/lib/jvm/java-7-openjdk-amd64/jre/lib/amd64/libfontmanager.so
7f8fc1e50000-7f8fc1e53000 ---p 00000000 00:00 0 
7f8fc1e53000-7f8fc1f51000 rw-p 00000000 00:00 0                          [stack:7608]
7f8fc1f51000-7f8fc1f54000 ---p 00000000 00:00 0 
7f8fc1f54000-7f8fc2052000 rw-p 00000000 00:00 0                          [stack:7607]
7f8fc2052000-7f8fc2055000 ---p 00000000 00:00 0 
7f8fc2055000-7f8fc2153000 rw-p 00000000 00:00 0                          [stack:7606]
7f8fc2153000-7f8fc2157000 r-xp 00000000 08:0c 6295469                    /lib/x86_64-linux-gnu/libgpg-error.so.0.10.0
7f8fc2157000-7f8fc2356000 ---p 00004000 08:0c 6295469                    /lib/x86_64-linux-gnu/libgpg-error.so.0.10.0
7f8fc2356000-7f8fc2357000 r--p 00003000 08:0c 6295469                    /lib/x86_64-linux-gnu/libgpg-error.so.0.10.0
7f8fc2357000-7f8fc2358000 rw-p 00004000 08:0c 6295469                    /lib/x86_64-linux-gnu/libgpg-error.so.0.10.0
7f8fc2358000-7f8fc235a000 r-xp 00000000 08:0c 6295479                    /lib/x86_64-linux-gnu/libkeyutils.so.1.4
7f8fc235a000-7f8fc255a000 ---p 00002000 08:0c 6295479                    /lib/x86_64-linux-gnu/libkeyutils.so.1.4
7f8fc255a000-7f8fc255b000 r--p 00002000 08:0c 6295479                    /lib/x86_64-linux-gnu/libkeyutils.so.1.4
7f8fc255b000-7f8fc255c000 rw-p 00003000 08:0c 6295479                    /lib/x86_64-linux-gnu/libkeyutils.so.1.4
7f8fc255c000-7f8fc2576000 r-xp 00000000 08:0c 5906754                    /usr/lib/x86_64-linux-gnu/libgraphite2.so.3.0.1
7f8fc2576000-7f8fc2775000 ---p 0001a000 08:0c 5906754                    /usr/lib/x86_64-linux-gnu/libgraphite2.so.3.0.1
7f8fc2775000-7f8fc2777000 r--p 00019000 08:0c 5906754                    /usr/lib/x86_64-linux-gnu/libgraphite2.so.3.0.1
7f8fc2777000-7f8fc2778000 rw-p 0001b000 08:0c 5906754                    /usr/lib/x86_64-linux-gnu/libgraphite2.so.3.0.1
7f8fc2778000-7f8fc27bc000 r-xp 00000000 08:0c 6295450                    /lib/x86_64-linux-gnu/libdbus-1.so.3.7.6
7f8fc27bc000-7f8fc29bb000 ---p 00044000 08:0c 6295450                    /lib/x86_64-linux-gnu/libdbus-1.so.3.7.6
7f8fc29bb000-7f8fc29bc000 r--p 00043000 08:0c 6295450                    /lib/x86_64-linux-gnu/libdbus-1.so.3.7.6
7f8fc29bc000-7f8fc29bd000 rw-p 00044000 08:0c 6295450                    /lib/x86_64-linux-gnu/libdbus-1.so.3.7.6
7f8fc29bd000-7f8fc29f8000 r-xp 00000000 08:0c 5907052                    /usr/lib/x86_64-linux-gnu/libp11-kit.so.0.0.0
7f8fc29f8000-7f8fc2bf7000 ---p 0003b000 08:0c 5907052                    /usr/lib/x86_64-linux-gnu/libp11-kit.so.0.0.0
7f8fc2bf7000-7f8fc2bfd000 r--p 0003a000 08:0c 5907052                    /usr/lib/x86_64-linux-gnu/libp11-kit.so.0.0.0
7f8fc2bfd000-7f8fc2bff000 rw-p 00040000 08:0c 5907052                    /usr/lib/x86_64-linux-gnu/libp11-kit.so.0.0.0
7f8fc2bff000-7f8fc2c11000 r-xp 00000000 08:0c 5907237                    /usr/lib/x86_64-linux-gnu/libtasn1.so.6.2.0
7f8fc2c11000-7f8fc2e11000 ---p 00012000 08:0c 5907237                    /usr/lib/x86_64-linux-gnu/libtasn1.so.6.2.0
7f8fc2e11000-7f8fc2e12000 r--p 00012000 08:0c 5907237                    /usr/lib/x86_64-linux-gnu/libtasn1.so.6.2.0
7f8fc2e12000-7f8fc2e13000 rw-p 00013000 08:0c 5907237                    /usr/lib/x86_64-linux-gnu/libtasn1.so.6.2.0
7f8fc2e13000-7f8fc2e8e000 r-xp 00000000 08:0c 6295465                    /lib/x86_64-linux-gnu/libgcrypt.so.11.8.2
7f8fc2e8e000-7f8fc308e000 ---p 0007b000 08:0c 6295465                    /lib/x86_64-linux-gnu/libgcrypt.so.11.8.2
7f8fc308e000-7f8fc308f000 r--p 0007b000 08:0c 6295465                    /lib/x86_64-linux-gnu/libgcrypt.so.11.8.2
7f8fc308f000-7f8fc3092000 rw-p 0007c000 08:0c 6295465                    /lib/x86_64-linux-gnu/libgcrypt.so.11.8.2
7f8fc3092000-7f8fc309c000 r-xp 00000000 08:0c 5906935                    /usr/lib/x86_64-linux-gnu/libkrb5support.so.0.1
7f8fc309c000-7f8fc329b000 ---p 0000a000 08:0c 5906935                    /usr/lib/x86_64-linux-gnu/libkrb5support.so.0.1
7f8fc329b000-7f8fc329c000 r--p 00009000 08:0c 5906935                    /usr/lib/x86_64-linux-gnu/libkrb5support.so.0.1
7f8fc329c000-7f8fc329d000 rw-p 0000a000 08:0c 5906935                    /usr/lib/x86_64-linux-gnu/libkrb5support.so.0.1
7f8fc329d000-7f8fc32a0000 r-xp 00000000 08:0c 6295445                    /lib/x86_64-linux-gnu/libcom_err.so.2.1
7f8fc32a0000-7f8fc349f000 ---p 00003000 08:0c 6295445                    /lib/x86_64-linux-gnu/libcom_err.so.2.1
7f8fc349f000-7f8fc34a0000 r--p 00002000 08:0c 6295445                    /lib/x86_64-linux-gnu/libcom_err.so.2.1
7f8fc34a0000-7f8fc34a1000 rw-p 00003000 08:0c 6295445                    /lib/x86_64-linux-gnu/libcom_err.so.2.1
7f8fc34a1000-7f8fc34cd000 r-xp 00000000 08:0c 5906929                    /usr/lib/x86_64-linux-gnu/libk5crypto.so.3.1
7f8fc34cd000-7f8fc36cc000 ---p 0002c000 08:0c 5906929                    /usr/lib/x86_64-linux-gnu/libk5crypto.so.3.1
7f8fc36cc000-7f8fc36ce000 r--p 0002b000 08:0c 5906929                    /usr/lib/x86_64-linux-gnu/libk5crypto.so.3.1
7f8fc36ce000-7f8fc36cf000 rw-p 0002d000 08:0c 5906929                    /usr/lib/x86_64-linux-gnu/libk5crypto.so.3.1
7f8fc36cf000-7f8fc36d0000 rw-p 00000000 00:00 0 
7f8fc36d0000-7f8fc378c000 r-xp 00000000 08:0c 5906933                    /usr/lib/x86_64-linux-gnu/libkrb5.so.3.3
7f8fc378c000-7f8fc398c000 ---p 000bc000 08:0c 5906933                    /usr/lib/x86_64-linux-gnu/libkrb5.so.3.3
7f8fc398c000-7f8fc3999000 r--p 000bc000 08:0c 5906933                    /usr/lib/x86_64-linux-gnu/libkrb5.so.3.3
7f8fc3999000-7f8fc399b000 rw-p 000c9000 08:0c 5906933                    /usr/lib/x86_64-linux-gnu/libkrb5.so.3.3
7f8fc399b000-7f8fc39a1000 r-xp 00000000 08:0c 5906528                    /usr/lib/x86_64-linux-gnu/libdatrie.so.1.3.1
7f8fc39a1000-7f8fc3ba0000 ---p 00006000 08:0c 5906528                    /usr/lib/x86_64-linux-gnu/libdatrie.so.1.3.1
7f8fc3ba0000-7f8fc3ba1000 r--p 00005000 08:0c 5906528                    /usr/lib/x86_64-linux-gnu/libdatrie.so.1.3.1
7f8fc3ba1000-7f8fc3ba2000 rw-p 00006000 08:0c 5906528                    /usr/lib/x86_64-linux-gnu/libdatrie.so.1.3.1
7f8fc3ba2000-7f8fc3bf5000 r-xp 00000000 08:0c 5906867                    /usr/lib/x86_64-linux-gnu/libharfbuzz.so.0.927.0
7f8fc3bf5000-7f8fc3df5000 ---p 00053000 08:0c 5906867                    /usr/lib/x86_64-linux-gnu/libharfbuzz.so.0.927.0
7f8fc3df5000-7f8fc3df6000 r--p 00053000 08:0c 5906867                    /usr/lib/x86_64-linux-gnu/libharfbuzz.so.0.927.0
7f8fc3df6000-7f8fc3df7000 rw-p 00054000 08:0c 5906867                    /usr/lib/x86_64-linux-gnu/libharfbuzz.so.0.927.0
7f8fc3df7000-7f8fc3dff000 r-xp 00000000 08:0c 5907379                    /usr/lib/x86_64-linux-gnu/libxcb-render.so.0.0.0
7f8fc3dff000-7f8fc3ffe000 ---p 00008000 08:0c 5907379                    /usr/lib/x86_64-linux-gnu/libxcb-render.so.0.0.0
7f8fc3ffe000-7f8fc3fff000 r--p 00007000 08:0c 5907379                    /usr/lib/x86_64-linux-gnu/libxcb-render.so.0.0.0
7f8fc3fff000-7f8fc4000000 rw-p 00008000 08:0c 5907379                    /usr/lib/x86_64-linux-gnu/libxcb-render.so.0.0.0
7f8fc4000000-7f8fc55c8000 rw-p 00000000 00:00 0 
7f8fc55c8000-7f8fc8000000 ---p 00000000 00:00 0 
7f8fc8000000-7f8fc8021000 rw-p 00000000 00:00 0 
7f8fc8021000-7f8fcc000000 ---p 00000000 00:00 0 
7f8fcc000000-7f8fcc021000 rw-p 00000000 00:00 0 
7f8fcc021000-7f8fd0000000 ---p 00000000 00:00 0 
7f8fd0000000-7f8fd13de000 rw-p 00000000 00:00 0 
7f8fd13de000-7f8fd4000000 ---p 00000000 00:00 0 
7f8fd4000000-7f8fd4021000 rw-p 00000000 00:00 0 
7f8fd4021000-7f8fd8000000 ---p 00000000 00:00 0 
7f8fd8000000-7f8fd8021000 rw-p 00000000 00:00 0 
7f8fd8021000-7f8fdc000000 ---p 00000000 00:00 0 
7f8fdc000000-7f8fdc021000 rw-p 00000000 00:00 0 
7f8fdc021000-7f8fe0000000 ---p 00000000 00:00 0 
7f8fe00ac000-7f8fe00af000 ---p 00000000 00:00 0 
7f8fe00af000-7f8fe01ad000 rw-p 00000000 00:00 0                          [stack:7605]
7f8fe01ad000-7f8fe01af000 r-xp 00000000 08:0c 5907383                    /usr/lib/x86_64-linux-gnu/libxcb-shm.so.0.0.0
7f8fe01af000-7f8fe03ae000 ---p 00002000 08:0c 5907383                    /usr/lib/x86_64-linux-gnu/libxcb-shm.so.0.0.0
7f8fe03ae000-7f8fe03af000 r--p 00001000 08:0c 5907383                    /usr/lib/x86_64-linux-gnu/libxcb-shm.so.0.0.0
7f8fe03af000-7f8fe03b0000 rw-p 00002000 08:0c 5907383                    /usr/lib/x86_64-linux-gnu/libxcb-shm.so.0.0.0
7f8fe03b0000-7f8fe03d5000 r-xp 00000000 08:0c 6295551                    /lib/x86_64-linux-gnu/libpng12.so.0.50.0
7f8fe03d5000-7f8fe05d4000 ---p 00025000 08:0c 6295551                    /lib/x86_64-linux-gnu/libpng12.so.0.50.0
7f8fe05d4000-7f8fe05d5000 r--p 00024000 08:0c 6295551                    /lib/x86_64-linux-gnu/libpng12.so.0.50.0
7f8fe05d5000-7f8fe05d6000 rw-p 00025000 08:0c 6295551                    /lib/x86_64-linux-gnu/libpng12.so.0.50.0
7f8fe05d6000-7f8fe0677000 r-xp 00000000 08:0c 5907083                    /usr/lib/x86_64-linux-gnu/libpixman-1.so.0.30.2
7f8fe0677000-7f8fe0877000 ---p 000a1000 08:0c 5907083                    /usr/lib/x86_64-linux-gnu/libpixman-1.so.0.30.2
7f8fe0877000-7f8fe087e000 r--p 000a1000 08:0c 5907083                    /usr/lib/x86_64-linux-gnu/libpixman-1.so.0.30.2
7f8fe087e000-7f8fe087f000 rw-p 000a8000 08:0c 5907083                    /usr/lib/x86_64-linux-gnu/libpixman-1.so.0.30.2
7f8fe087f000-7f8fe0884000 r-xp 00000000 08:0c 5906336                    /usr/lib/x86_64-linux-gnu/libXdmcp.so.6.0.0
7f8fe0884000-7f8fe0a83000 ---p 00005000 08:0c 5906336                    /usr/lib/x86_64-linux-gnu/libXdmcp.so.6.0.0
7f8fe0a83000-7f8fe0a84000 r--p 00004000 08:0c 5906336                    /usr/lib/x86_64-linux-gnu/libXdmcp.so.6.0.0
7f8fe0a84000-7f8fe0a85000 rw-p 00005000 08:0c 5906336                    /usr/lib/x86_64-linux-gnu/libXdmcp.so.6.0.0
7f8fe0a85000-7f8fe0a87000 r-xp 00000000 08:0c 5906325                    /usr/lib/x86_64-linux-gnu/libXau.so.6.0.0
7f8fe0a87000-7f8fe0c87000 ---p 00002000 08:0c 5906325                    /usr/lib/x86_64-linux-gnu/libXau.so.6.0.0
7f8fe0c87000-7f8fe0c88000 r--p 00002000 08:0c 5906325                    /usr/lib/x86_64-linux-gnu/libXau.so.6.0.0
7f8fe0c88000-7f8fe0c89000 rw-p 00003000 08:0c 5906325                    /usr/lib/x86_64-linux-gnu/libXau.so.6.0.0
7f8fe0c89000-7f8fe0c98000 r-xp 00000000 08:0c 5906429                    /usr/lib/x86_64-linux-gnu/libavahi-client.so.3.2.9
7f8fe0c98000-7f8fe0e98000 ---p 0000f000 08:0c 5906429                    /usr/lib/x86_64-linux-gnu/libavahi-client.so.3.2.9
7f8fe0e98000-7f8fe0e99000 r--p 0000f000 08:0c 5906429                    /usr/lib/x86_64-linux-gnu/libavahi-client.so.3.2.9
7f8fe0e99000-7f8fe0e9a000 rw-p 00010000 08:0c 5906429                    /usr/lib/x86_64-linux-gnu/libavahi-client.so.3.2.9
7f8fe0e9a000-7f8fe0ea5000 r-xp 00000000 08:0c 5906431                    /usr/lib/x86_64-linux-gnu/libavahi-common.so.3.5.3
7f8fe0ea5000-7f8fe10a4000 ---p 0000b000 08:0c 5906431                    /usr/lib/x86_64-linux-gnu/libavahi-common.so.3.5.3
7f8fe10a4000-7f8fe10a5000 r--p 0000a000 08:0c 5906431                    /usr/lib/x86_64-linux-gnu/libavahi-common.so.3.5.3
7f8fe10a5000-7f8fe10a6000 rw-p 0000b000 08:0c 5906431                    /usr/lib/x86_64-linux-gnu/libavahi-common.so.3.5.3
7f8fe10a6000-7f8fe115c000 r-xp 00000000 08:0c 5906732                    /usr/lib/x86_64-linux-gnu/libgnutls.so.26.22.6
7f8fe115c000-7f8fe135c000 ---p 000b6000 08:0c 5906732                    /usr/lib/x86_64-linux-gnu/libgnutls.so.26.22.6
7f8fe135c000-7f8fe1362000 r--p 000b6000 08:0c 5906732                    /usr/lib/x86_64-linux-gnu/libgnutls.so.26.22.6
7f8fe1362000-7f8fe1363000 rw-p 000bc000 08:0c 5906732                    /usr/lib/x86_64-linux-gnu/libgnutls.so.26.22.6
7f8fe1363000-7f8fe1364000 rw-p 00000000 00:00 0 
7f8fe1364000-7f8fe13a7000 r-xp 00000000 08:0c 5906763                    /usr/lib/x86_64-linux-gnu/libgssapi_krb5.so.2.2
7f8fe13a7000-7f8fe15a7000 ---p 00043000 08:0c 5906763                    /usr/lib/x86_64-linux-gnu/libgssapi_krb5.so.2.2
7f8fe15a7000-7f8fe15a8000 r--p 00043000 08:0c 5906763                    /usr/lib/x86_64-linux-gnu/libgssapi_krb5.so.2.2
7f8fe15a8000-7f8fe15aa000 rw-p 00044000 08:0c 5906763                    /usr/lib/x86_64-linux-gnu/libgssapi_krb5.so.2.2
7f8fe15aa000-7f8fe15d1000 r-xp 00000000 08:0c 6295458                    /lib/x86_64-linux-gnu/libexpat.so.1.6.0
7f8fe15d1000-7f8fe17d1000 ---p 00027000 08:0c 6295458                    /lib/x86_64-linux-gnu/libexpat.so.1.6.0
7f8fe17d1000-7f8fe17d3000 r--p 00027000 08:0c 6295458                    /lib/x86_64-linux-gnu/libexpat.so.1.6.0
7f8fe17d3000-7f8fe17d4000 rw-p 00029000 08:0c 6295458                    /lib/x86_64-linux-gnu/libexpat.so.1.6.0
7f8fe17d4000-7f8fe1871000 r-xp 00000000 08:0c 5899445                    /usr/lib/x86_64-linux-gnu/libfreetype.so.6.11.1
7f8fe1871000-7f8fe1a70000 ---p 0009d000 08:0c 5899445                    /usr/lib/x86_64-linux-gnu/libfreetype.so.6.11.1
7f8fe1a70000-7f8fe1a76000 r--p 0009c000 08:0c 5899445                    /usr/lib/x86_64-linux-gnu/libfreetype.so.6.11.1
7f8fe1a76000-7f8fe1a77000 rw-p 000a2000 08:0c 5899445                    /usr/lib/x86_64-linux-gnu/libfreetype.so.6.11.1
7f8fe1a77000-7f8fe1a7f000 r-xp 00000000 08:0c 5907253                    /usr/lib/x86_64-linux-gnu/libthai.so.0.2.0
7f8fe1a7f000-7f8fe1c7e000 ---p 00008000 08:0c 5907253                    /usr/lib/x86_64-linux-gnu/libthai.so.0.2.0
7f8fe1c7e000-7f8fe1c7f000 r--p 00007000 08:0c 5907253                    /usr/lib/x86_64-linux-gnu/libthai.so.0.2.0
7f8fe1c7f000-7f8fe1c80000 rw-p 00008000 08:0c 5907253                    /usr/lib/x86_64-linux-gnu/libthai.so.0.2.0
7f8fe1c80000-7f8fe1c82000 r-xp 00000000 08:0c 5906334                    /usr/lib/x86_64-linux-gnu/libXdamage.so.1.1.0
7f8fe1c82000-7f8fe1e81000 ---p 00002000 08:0c 5906334                    /usr/lib/x86_64-linux-gnu/libXdamage.so.1.1.0
7f8fe1e81000-7f8fe1e82000 r--p 00001000 08:0c 5906334                    /usr/lib/x86_64-linux-gnu/libXdamage.so.1.1.0
7f8fe1e82000-7f8fe1e83000 rw-p 00002000 08:0c 5906334                    /usr/lib/x86_64-linux-gnu/libXdamage.so.1.1.0
7f8fe1e83000-7f8fe1e85000 r-xp 00000000 08:0c 5906330                    /usr/lib/x86_64-linux-gnu/libXcomposite.so.1.0.0
7f8fe1e85000-7f8fe2084000 ---p 00002000 08:0c 5906330                    /usr/lib/x86_64-linux-gnu/libXcomposite.so.1.0.0
7f8fe2084000-7f8fe2085000 r--p 00001000 08:0c 5906330                    /usr/lib/x86_64-linux-gnu/libXcomposite.so.1.0.0
7f8fe2085000-7f8fe2086000 rw-p 00002000 08:0c 5906330                    /usr/lib/x86_64-linux-gnu/libXcomposite.so.1.0.0
7f8fe2086000-7f8fe208f000 r-xp 00000000 08:0c 5906332                    /usr/lib/x86_64-linux-gnu/libXcursor.so.1.0.2
7f8fe208f000-7f8fe228e000 ---p 00009000 08:0c 5906332                    /usr/lib/x86_64-linux-gnu/libXcursor.so.1.0.2
7f8fe228e000-7f8fe228f000 r--p 00008000 08:0c 5906332                    /usr/lib/x86_64-linux-gnu/libXcursor.so.1.0.2
7f8fe228f000-7f8fe2290000 rw-p 00009000 08:0c 5906332                    /usr/lib/x86_64-linux-gnu/libXcursor.so.1.0.2
7f8fe2290000-7f8fe2299000 r-xp 00000000 08:0c 5906358                    /usr/lib/x86_64-linux-gnu/libXrandr.so.2.2.0
7f8fe2299000-7f8fe2498000 ---p 00009000 08:0c 5906358                    /usr/lib/x86_64-linux-gnu/libXrandr.so.2.2.0
7f8fe2498000-7f8fe2499000 r--p 00008000 08:0c 5906358                    /usr/lib/x86_64-linux-gnu/libXrandr.so.2.2.0
7f8fe2499000-7f8fe249a000 rw-p 00009000 08:0c 5906358                    /usr/lib/x86_64-linux-gnu/libXrandr.so.2.2.0
7f8fe249a000-7f8fe249c000 r-xp 00000000 08:0c 5906348                    /usr/lib/x86_64-linux-gnu/libXinerama.so.1.0.0
7f8fe249c000-7f8fe269b000 ---p 00002000 08:0c 5906348                    /usr/lib/x86_64-linux-gnu/libXinerama.so.1.0.0
7f8fe269b000-7f8fe269c000 r--p 00001000 08:0c 5906348                    /usr/lib/x86_64-linux-gnu/libXinerama.so.1.0.0
7f8fe269c000-7f8fe269d000 rw-p 00002000 08:0c 5906348                    /usr/lib/x86_64-linux-gnu/libXinerama.so.1.0.0
7f8fe269d000-7f8fe26b1000 r-xp 00000000 08:0c 5907064                    /usr/lib/x86_64-linux-gnu/libpangoft2-1.0.so.0.3600.3
7f8fe26b1000-7f8fe28b0000 ---p 00014000 08:0c 5907064                    /usr/lib/x86_64-linux-gnu/libpangoft2-1.0.so.0.3600.3
7f8fe28b0000-7f8fe28b1000 r--p 00013000 08:0c 5907064                    /usr/lib/x86_64-linux-gnu/libpangoft2-1.0.so.0.3600.3
7f8fe28b1000-7f8fe28b2000 rw-p 00014000 08:0c 5907064                    /usr/lib/x86_64-linux-gnu/libpangoft2-1.0.so.0.3600.3
7f8fe28b2000-7f8fe29b8000 r-xp 00000000 08:0c 5906456                    /usr/lib/x86_64-linux-gnu/libcairo.so.2.11301.0
7f8fe29b8000-7f8fe2bb7000 ---p 00106000 08:0c 5906456                    /usr/lib/x86_64-linux-gnu/libcairo.so.2.11301.0
7f8fe2bb7000-7f8fe2bba000 r--p 00105000 08:0c 5906456                    /usr/lib/x86_64-linux-gnu/libcairo.so.2.11301.0
7f8fe2bba000-7f8fe2bbb000 rw-p 00108000 08:0c 5906456                    /usr/lib/x86_64-linux-gnu/libcairo.so.2.11301.0
7f8fe2bbb000-7f8fe2bbd000 rw-p 00000000 00:00 0 
7f8fe2bbd000-7f8fe2bdc000 r-xp 00000000 08:0c 5906417                    /usr/lib/x86_64-linux-gnu/libatk-1.0.so.0.21009.1
7f8fe2bdc000-7f8fe2ddc000 ---p 0001f000 08:0c 5906417                    /usr/lib/x86_64-linux-gnu/libatk-1.0.so.0.21009.1
7f8fe2ddc000-7f8fe2dde000 r--p 0001f000 08:0c 5906417                    /usr/lib/x86_64-linux-gnu/libatk-1.0.so.0.21009.1
7f8fe2dde000-7f8fe2ddf000 rw-p 00021000 08:0c 5906417                    /usr/lib/x86_64-linux-gnu/libatk-1.0.so.0.21009.1
7f8fe2ddf000-7f8fe2de4000 r-xp 00000000 08:0c 5906340                    /usr/lib/x86_64-linux-gnu/libXfixes.so.3.1.0
7f8fe2de4000-7f8fe2fe3000 ---p 00005000 08:0c 5906340                    /usr/lib/x86_64-linux-gnu/libXfixes.so.3.1.0
7f8fe2fe3000-7f8fe2fe4000 r--p 00004000 08:0c 5906340                    /usr/lib/x86_64-linux-gnu/libXfixes.so.3.1.0
7f8fe2fe4000-7f8fe2fe5000 rw-p 00005000 08:0c 5906340                    /usr/lib/x86_64-linux-gnu/libXfixes.so.3.1.0
7f8fe2fe5000-7f8fe2ff0000 r-xp 00000000 08:0c 5907062                    /usr/lib/x86_64-linux-gnu/libpangocairo-1.0.so.0.3600.3
7f8fe2ff0000-7f8fe31f0000 ---p 0000b000 08:0c 5907062                    /usr/lib/x86_64-linux-gnu/libpangocairo-1.0.so.0.3600.3
7f8fe31f0000-7f8fe31f1000 r--p 0000b000 08:0c 5907062                    /usr/lib/x86_64-linux-gnu/libpangocairo-1.0.so.0.3600.3
7f8fe31f1000-7f8fe31f2000 rw-p 0000c000 08:0c 5907062                    /usr/lib/x86_64-linux-gnu/libpangocairo-1.0.so.0.3600.3
7f8fe31f2000-7f8fe320f000 r-xp 00000000 08:0c 5907393                    /usr/lib/x86_64-linux-gnu/libxcb.so.1.1.0
7f8fe320f000-7f8fe340f000 ---p 0001d000 08:0c 5907393                    /usr/lib/x86_64-linux-gnu/libxcb.so.1.1.0
7f8fe340f000-7f8fe3410000 r--p 0001d000 08:0c 5907393                    /usr/lib/x86_64-linux-gnu/libxcb.so.1.1.0
7f8fe3410000-7f8fe3411000 rw-p 0001e000 08:0c 5907393                    /usr/lib/x86_64-linux-gnu/libxcb.so.1.1.0
7f8fe3411000-7f8fe347d000 r-xp 00000000 08:0c 5906514                    /usr/lib/x86_64-linux-gnu/libcups.so.2
7f8fe347d000-7f8fe367d000 ---p 0006c000 08:0c 5906514                    /usr/lib/x86_64-linux-gnu/libcups.so.2
7f8fe367d000-7f8fe3684000 r--p 0006c000 08:0c 5906514                    /usr/lib/x86_64-linux-gnu/libcups.so.2
7f8fe3684000-7f8fe3685000 rw-p 00073000 08:0c 5906514                    /usr/lib/x86_64-linux-gnu/libcups.so.2
7f8fe3685000-7f8fe3686000 r-xp 00000000 08:0c 5906843                    /usr/lib/x86_64-linux-gnu/libgthread-2.0.so.0.4000.0
7f8fe3686000-7f8fe3885000 ---p 00001000 08:0c 5906843                    /usr/lib/x86_64-linux-gnu/libgthread-2.0.so.0.4000.0
7f8fe3885000-7f8fe3886000 r--p 00000000 08:0c 5906843                    /usr/lib/x86_64-linux-gnu/libgthread-2.0.so.0.4000.0
7f8fe3886000-7f8fe3887000 rw-p 00001000 08:0c 5906843                    /usr/lib/x86_64-linux-gnu/libgthread-2.0.so.0.4000.0
7f8fe3887000-7f8fe38c1000 r-xp 00000000 08:0c 5906617                    /usr/lib/x86_64-linux-gnu/libfontconfig.so.1.8.0
7f8fe38c1000-7f8fe3ac0000 ---p 0003a000 08:0c 5906617                    /usr/lib/x86_64-linux-gnu/libfontconfig.so.1.8.0
7f8fe3ac0000-7f8fe3ac2000 r--p 00039000 08:0c 5906617                    /usr/lib/x86_64-linux-gnu/libfontconfig.so.1.8.0
7f8fe3ac2000-7f8fe3ac3000 rw-p 0003b000 08:0c 5906617                    /usr/lib/x86_64-linux-gnu/libfontconfig.so.1.8.0
7f8fe3ac3000-7f8fe3b0d000 r-xp 00000000 08:0c 5907060                    /usr/lib/x86_64-linux-gnu/libpango-1.0.so.0.3600.3
7f8fe3b0d000-7f8fe3d0d000 ---p 0004a000 08:0c 5907060                    /usr/lib/x86_64-linux-gnu/libpango-1.0.so.0.3600.3
7f8fe3d0d000-7f8fe3d0f000 r--p 0004a000 08:0c 5907060                    /usr/lib/x86_64-linux-gnu/libpango-1.0.so.0.3600.3
7f8fe3d0f000-7f8fe3d10000 rw-p 0004c000 08:0c 5907060                    /usr/lib/x86_64-linux-gnu/libpango-1.0.so.0.3600.3
7f8fe3d10000-7f8fe8000000 rw-p 00000000 00:00 0 
7f8fe8000000-7f8fe8021000 rw-p 00000000 00:00 0 
7f8fe8021000-7f8fec000000 ---p 00000000 00:00 0 
7f8fec0ff000-7f8fec11e000 r-xp 00000000 08:0c 5906682                    /usr/lib/x86_64-linux-gnu/libgdk_pixbuf-2.0.so.0.3000.7
7f8fec11e000-7f8fec31e000 ---p 0001f000 08:0c 5906682                    /usr/lib/x86_64-linux-gnu/libgdk_pixbuf-2.0.so.0.3000.7
7f8fec31e000-7f8fec31f000 r--p 0001f000 08:0c 5906682                    /usr/lib/x86_64-linux-gnu/libgdk_pixbuf-2.0.so.0.3000.7
7f8fec31f000-7f8fec320000 rw-p 00020000 08:0c 5906682                    /usr/lib/x86_64-linux-gnu/libgdk_pixbuf-2.0.so.0.3000.7
7f8fec320000-7f8fec3cd000 r-xp 00000000 08:0c 5900288                    /usr/lib/x86_64-linux-gnu/libgdk-x11-2.0.so.0.2400.23
7f8fec3cd000-7f8fec5cc000 ---p 000ad000 08:0c 5900288                    /usr/lib/x86_64-linux-gnu/libgdk-x11-2.0.so.0.2400.23
7f8fec5cc000-7f8fec5d0000 r--p 000ac000 08:0c 5900288                    /usr/lib/x86_64-linux-gnu/libgdk-x11-2.0.so.0.2400.23
7f8fec5d0000-7f8fec5d2000 rw-p 000b0000 08:0c 5900288                    /usr/lib/x86_64-linux-gnu/libgdk-x11-2.0.so.0.2400.23
7f8fec5d2000-7f8feca01000 r-xp 00000000 08:0c 5899952                    /usr/lib/x86_64-linux-gnu/libgtk-x11-2.0.so.0.2400.23
7f8feca01000-7f8fecc00000 ---p 0042f000 08:0c 5899952                    /usr/lib/x86_64-linux-gnu/libgtk-x11-2.0.so.0.2400.23
7f8fecc00000-7f8fecc07000 r--p 0042e000 08:0c 5899952                    /usr/lib/x86_64-linux-gnu/libgtk-x11-2.0.so.0.2400.23
7f8fecc07000-7f8fecc0b000 rw-p 00435000 08:0c 5899952                    /usr/lib/x86_64-linux-gnu/libgtk-x11-2.0.so.0.2400.23
7f8fecc0b000-7f8fecc0e000 rw-p 00000000 00:00 0 
7f8fecc0e000-7f8fecc1d000 r-xp 00000000 08:0c 5906346                    /usr/lib/x86_64-linux-gnu/libXi.so.6.1.0
7f8fecc1d000-7f8fece1c000 ---p 0000f000 08:0c 5906346                    /usr/lib/x86_64-linux-gnu/libXi.so.6.1.0
7f8fece1c000-7f8fece1d000 r--p 0000e000 08:0c 5906346                    /usr/lib/x86_64-linux-gnu/libXi.so.6.1.0
7f8fece1d000-7f8fece1e000 rw-p 0000f000 08:0c 5906346                    /usr/lib/x86_64-linux-gnu/libXi.so.6.1.0
7f8fece1e000-7f8fece23000 r-xp 00000000 08:0c 5906366                    /usr/lib/x86_64-linux-gnu/libXtst.so.6.1.0
7f8fece23000-7f8fed022000 ---p 00005000 08:0c 5906366                    /usr/lib/x86_64-linux-gnu/libXtst.so.6.1.0
7f8fed022000-7f8fed023000 r--p 00004000 08:0c 5906366                    /usr/lib/x86_64-linux-gnu/libXtst.so.6.1.0
7f8fed023000-7f8fed024000 rw-p 00005000 08:0c 5906366                    /usr/lib/x86_64-linux-gnu/libXtst.so.6.1.0
7f8fed024000-7f8fed02d000 r-xp 00000000 08:0c 5906360                    /usr/lib/x86_64-linux-gnu/libXrender.so.1.3.0
7f8fed02d000-7f8fed22c000 ---p 00009000 08:0c 5906360                    /usr/lib/x86_64-linux-gnu/libXrender.so.1.3.0
7f8fed22c000-7f8fed22d000 r--p 00008000 08:0c 5906360                    /usr/lib/x86_64-linux-gnu/libXrender.so.1.3.0
7f8fed22d000-7f8fed22e000 rw-p 00009000 08:0c 5906360                    /usr/lib/x86_64-linux-gnu/libXrender.so.1.3.0
7f8fed22e000-7f8fed35e000 r-xp 00000000 08:0c 5906321                    /usr/lib/x86_64-linux-gnu/libX11.so.6.3.0
7f8fed35e000-7f8fed55e000 ---p 00130000 08:0c 5906321                    /usr/lib/x86_64-linux-gnu/libX11.so.6.3.0
7f8fed55e000-7f8fed55f000 r--p 00130000 08:0c 5906321                    /usr/lib/x86_64-linux-gnu/libX11.so.6.3.0
7f8fed55f000-7f8fed563000 rw-p 00131000 08:0c 5906321                    /usr/lib/x86_64-linux-gnu/libX11.so.6.3.0
7f8fed563000-7f8fed574000 r-xp 00000000 08:0c 5906338                    /usr/lib/x86_64-linux-gnu/libXext.so.6.4.0
7f8fed574000-7f8fed773000 ---p 00011000 08:0c 5906338                    /usr/lib/x86_64-linux-gnu/libXext.so.6.4.0
7f8fed773000-7f8fed774000 r--p 00010000 08:0c 5906338                    /usr/lib/x86_64-linux-gnu/libXext.so.6.4.0
7f8fed774000-7f8fed775000 rw-p 00011000 08:0c 5906338                    /usr/lib/x86_64-linux-gnu/libXext.so.6.4.0
7f8fed775000-7f8fed7c6000 r-xp 00000000 08:0c 6038063                    /usr/lib/jvm/java-7-openjdk-amd64/jre/lib/amd64/xawt/libmawt.so
7f8fed7c6000-7f8fed9c5000 ---p 00051000 08:0c 6038063                    /usr/lib/jvm/java-7-openjdk-amd64/jre/lib/amd64/xawt/libmawt.so
7f8fed9c5000-7f8fed9c6000 r--p 00050000 08:0c 6038063                    /usr/lib/jvm/java-7-openjdk-amd64/jre/lib/amd64/xawt/libmawt.so
7f8fed9c6000-7f8fed9c9000 rw-p 00051000 08:0c 6038063                    /usr/lib/jvm/java-7-openjdk-amd64/jre/lib/amd64/xawt/libmawt.so
7f8fed9c9000-7f8fed9ca000 rw-p 00000000 00:00 0 
7f8fed9ca000-7f8feda6a000 r-xp 00000000 08:0c 6038150                    /usr/lib/jvm/java-7-openjdk-amd64/jre/lib/amd64/libawt.so
7f8feda6a000-7f8fedc69000 ---p 000a0000 08:0c 6038150                    /usr/lib/jvm/java-7-openjdk-amd64/jre/lib/amd64/libawt.so
7f8fedc69000-7f8fedc6a000 r--p 0009f000 08:0c 6038150                    /usr/lib/jvm/java-7-openjdk-amd64/jre/lib/amd64/libawt.so
7f8fedc6a000-7f8fedc75000 rw-p 000a0000 08:0c 6038150                    /usr/lib/jvm/java-7-openjdk-amd64/jre/lib/amd64/libawt.so
7f8fedc75000-7f8fedc9a000 rw-p 00000000 00:00 0 
7f8fedc9a000-7f8fedcd7000 r-xp 00000000 08:0c 6295539                    /lib/x86_64-linux-gnu/libpcre.so.3.13.1
7f8fedcd7000-7f8feded6000 ---p 0003d000 08:0c 6295539                    /lib/x86_64-linux-gnu/libpcre.so.3.13.1
7f8feded6000-7f8feded7000 r--p 0003c000 08:0c 6295539                    /lib/x86_64-linux-gnu/libpcre.so.3.13.1
7f8feded7000-7f8feded8000 rw-p 0003d000 08:0c 6295539                    /lib/x86_64-linux-gnu/libpcre.so.3.13.1
7f8feded8000-7f8fededf000 r-xp 00000000 08:0c 5906603                    /usr/lib/x86_64-linux-gnu/libffi.so.6.0.1
7f8fededf000-7f8fee0de000 ---p 00007000 08:0c 5906603                    /usr/lib/x86_64-linux-gnu/libffi.so.6.0.1
7f8fee0de000-7f8fee0df000 r--p 00006000 08:0c 5906603                    /usr/lib/x86_64-linux-gnu/libffi.so.6.0.1
7f8fee0df000-7f8fee0e0000 rw-p 00007000 08:0c 5906603                    /usr/lib/x86_64-linux-gnu/libffi.so.6.0.1
7f8fee0e0000-7f8fee0f7000 r-xp 00000000 08:0c 6295562                    /lib/x86_64-linux-gnu/libresolv-2.19.so
7f8fee0f7000-7f8fee2f7000 ---p 00017000 08:0c 6295562                    /lib/x86_64-linux-gnu/libresolv-2.19.so
7f8fee2f7000-7f8fee2f8000 r--p 00017000 08:0c 6295562                    /lib/x86_64-linux-gnu/libresolv-2.19.so
7f8fee2f8000-7f8fee2f9000 rw-p 00018000 08:0c 6295562                    /lib/x86_64-linux-gnu/libresolv-2.19.so
7f8fee2f9000-7f8fee2fb000 rw-p 00000000 00:00 0 
7f8fee2fb000-7f8fee31b000 r-xp 00000000 08:0c 6292666                    /lib/x86_64-linux-gnu/libselinux.so.1
7f8fee31b000-7f8fee51a000 ---p 00020000 08:0c 6292666                    /lib/x86_64-linux-gnu/libselinux.so.1
7f8fee51a000-7f8fee51b000 r--p 0001f000 08:0c 6292666                    /lib/x86_64-linux-gnu/libselinux.so.1
7f8fee51b000-7f8fee51c000 rw-p 00020000 08:0c 6292666                    /lib/x86_64-linux-gnu/libselinux.so.1
7f8fee51c000-7f8fee51e000 rw-p 00000000 00:00 0 
7f8fee51e000-7f8fee521000 r-xp 00000000 08:0c 5906720                    /usr/lib/x86_64-linux-gnu/libgmodule-2.0.so.0.4000.0
7f8fee521000-7f8fee720000 ---p 00003000 08:0c 5906720                    /usr/lib/x86_64-linux-gnu/libgmodule-2.0.so.0.4000.0
7f8fee720000-7f8fee721000 r--p 00002000 08:0c 5906720                    /usr/lib/x86_64-linux-gnu/libgmodule-2.0.so.0.4000.0
7f8fee721000-7f8fee722000 rw-p 00003000 08:0c 5906720                    /usr/lib/x86_64-linux-gnu/libgmodule-2.0.so.0.4000.0
7f8fee722000-7f8fee828000 r-xp 00000000 08:0c 6295467                    /lib/x86_64-linux-gnu/libglib-2.0.so.0.4000.0
7f8fee828000-7f8feea27000 ---p 00106000 08:0c 6295467                    /lib/x86_64-linux-gnu/libglib-2.0.so.0.4000.0
7f8feea27000-7f8feea28000 r--p 00105000 08:0c 6295467                    /lib/x86_64-linux-gnu/libglib-2.0.so.0.4000.0
7f8feea28000-7f8feea29000 rw-p 00106000 08:0c 6295467                    /lib/x86_64-linux-gnu/libglib-2.0.so.0.4000.0
7f8feea29000-7f8feea2a000 rw-p 00000000 00:00 0 
7f8feea2a000-7f8feea79000 r-xp 00000000 08:0c 5906736                    /usr/lib/x86_64-linux-gnu/libgobject-2.0.so.0.4000.0
7f8feea79000-7f8feec79000 ---p 0004f000 08:0c 5906736                    /usr/lib/x86_64-linux-gnu/libgobject-2.0.so.0.4000.0
7f8feec79000-7f8feec7a000 r--p 0004f000 08:0c 5906736                    /usr/lib/x86_64-linux-gnu/libgobject-2.0.so.0.4000.0
7f8feec7a000-7f8feec7b000 rw-p 00050000 08:0c 5906736                    /usr/lib/x86_64-linux-gnu/libgobject-2.0.so.0.4000.0
7f8feec7b000-7f8feede6000 r-xp 00000000 08:0c 5906706                    /usr/lib/x86_64-linux-gnu/libgio-2.0.so.0.4000.0
7f8feede6000-7f8feefe6000 ---p 0016b000 08:0c 5906706                    /usr/lib/x86_64-linux-gnu/libgio-2.0.so.0.4000.0
7f8feefe6000-7f8feefea000 r--p 0016b000 08:0c 5906706                    /usr/lib/x86_64-linux-gnu/libgio-2.0.so.0.4000.0
7f8feefea000-7f8feefec000 rw-p 0016f000 08:0c 5906706                    /usr/lib/x86_64-linux-gnu/libgio-2.0.so.0.4000.0
7f8feefec000-7f8feefee000 rw-p 00000000 00:00 0 
7f8feefee000-7f8fef004000 r-xp 00000000 08:0c 6038134                    /usr/lib/jvm/java-7-openjdk-amd64/jre/lib/amd64/libnet.so
7f8fef004000-7f8fef204000 ---p 00016000 08:0c 6038134                    /usr/lib/jvm/java-7-openjdk-amd64/jre/lib/amd64/libnet.so
7f8fef204000-7f8fef205000 r--p 00016000 08:0c 6038134                    /usr/lib/jvm/java-7-openjdk-amd64/jre/lib/amd64/libnet.so
7f8fef205000-7f8fef206000 rw-p 00017000 08:0c 6038134                    /usr/lib/jvm/java-7-openjdk-amd64/jre/lib/amd64/libnet.so
7f8fef206000-7f8fef216000 r-xp 00000000 08:0c 6038142                    /usr/lib/jvm/java-7-openjdk-amd64/jre/lib/amd64/libnio.so
7f8fef216000-7f8fef416000 ---p 00010000 08:0c 6038142                    /usr/lib/jvm/java-7-openjdk-amd64/jre/lib/amd64/libnio.so
7f8fef416000-7f8fef417000 r--p 00010000 08:0c 6038142                    /usr/lib/jvm/java-7-openjdk-amd64/jre/lib/amd64/libnio.so
7f8fef417000-7f8fef418000 rw-p 00011000 08:0c 6038142                    /usr/lib/jvm/java-7-openjdk-amd64/jre/lib/amd64/libnio.so
7f8fef418000-7f8fef419000 ---p 00000000 00:00 0 
7f8fef419000-7f8fef519000 rw-p 00000000 00:00 0                          [stack:7604]
7f8fef519000-7f8fef51c000 ---p 00000000 00:00 0 
7f8fef51c000-7f8fef61a000 rw-p 00000000 00:00 0                          [stack:7603]
7f8fef61a000-7f8fef61d000 ---p 00000000 00:00 0 
7f8fef61d000-7f8fef71b000 rw-p 00000000 00:00 0                          [stack:7602]
7f8fef71b000-7f8fef71e000 ---p 00000000 00:00 0 
7f8fef71e000-7f8fef81c000 rw-p 00000000 00:00 0                          [stack:7601]
7f8fef81c000-7f8fef81f000 ---p 00000000 00:00 0 
7f8fef81f000-7f8fef91d000 rw-p 00000000 00:00 0                          [stack:7600]
7f8fef91d000-7f8ff0000000 r--p 00000000 08:0c 5905319                    /usr/lib/locale/locale-archive
7f8ff0000000-7f8ff0021000 rw-p 00000000 00:00 0 
7f8ff0021000-7f8ff4000000 ---p 00000000 00:00 0 
7f8ff4000000-7f8ff4021000 rw-p 00000000 00:00 0 
7f8ff4021000-7f8ff8000000 ---p 00000000 00:00 0 
7f8ff8000000-7f8ff8021000 rw-p 00000000 00:00 0 
7f8ff8021000-7f8ffc000000 ---p 00000000 00:00 0 
7f8ffc000000-7f8ffc021000 rw-p 00000000 00:00 0 
7f8ffc021000-7f9000000000 ---p 00000000 00:00 0 
7f9000000000-7f9000021000 rw-p 00000000 00:00 0 
7f9000021000-7f9004000000 ---p 00000000 00:00 0 
7f9004000000-7f9004021000 rw-p 00000000 00:00 0 
7f9004021000-7f9008000000 ---p 00000000 00:00 0 
7f9008000000-7f9008021000 rw-p 00000000 00:00 0 
7f9008021000-7f900c000000 ---p 00000000 00:00 0 
7f900c0c9000-7f900c0cd000 rw-s 00000000 00:04 6291485                    /SYSV00000000 (deleted)
7f900c0d0000-7f900c0d5000 r--s 0004c000 08:0c 6038108                    /usr/lib/jvm/java-7-openjdk-amd64/jre/lib/jsse.jar
7f900c0d5000-7f900c0de000 r--s 000b9000 08:0c 6038099                    /usr/lib/jvm/java-7-openjdk-amd64/jre/lib/resources.jar
7f900c0de000-7f900c0e5000 r--s 0009e000 08:08 2405582                    /home/ruioliveira/Downloads/jgoodies-binding-2.10.0/jgoodies-binding-2.10.0-javadoc.jar
7f900c0e5000-7f900c0e8000 r--s 0003d000 08:08 2405583                    /home/ruioliveira/Downloads/jgoodies-binding-2.10.0/jgoodies-binding-2.10.0-sources.jar
7f900c0e8000-7f900c0eb000 r--s 00020000 08:08 2405584                    /home/ruioliveira/Downloads/jgoodies-binding-2.10.0/jgoodies-binding-2.10.0-tests.jar
7f900c0eb000-7f900c0f1000 r--s 0002b000 08:08 2405585                    /home/ruioliveira/Downloads/jgoodies-binding-2.10.0/jgoodies-binding-2.10.0.jar
7f900c0f1000-7f900c0f4000 ---p 00000000 00:00 0 
7f900c0f4000-7f900c1f2000 rw-p 00000000 00:00 0                          [stack:7599]
7f900c1f2000-7f900c1f5000 ---p 00000000 00:00 0 
7f900c1f5000-7f900c2f3000 rw-p 00000000 00:00 0                          [stack:7598]
7f900c2f3000-7f900c2f4000 ---p 00000000 00:00 0 
7f900c2f4000-7f900d000000 rw-p 00000000 00:00 0                          [stack:7596]
7f900d000000-7f900d270000 rwxp 00000000 00:00 0 
7f900d270000-7f9010382000 rw-p 00000000 00:00 0 
7f9010382000-7f9014000000 ---p 00000000 00:00 0 
7f9014001000-7f9014032000 rw-p 00000000 00:00 0 
7f9014033000-7f9014036000 r--s 00035000 08:08 2405312                    /home/ruioliveira/Downloads/jgoodies-common-1.8.0/jgoodies-common-1.8.0-javadoc.jar
7f9014036000-7f9014038000 r--s 00010000 08:08 2405313                    /home/ruioliveira/Downloads/jgoodies-common-1.8.0/jgoodies-common-1.8.0-sources.jar
7f9014038000-7f901403f000 r--s 000a4000 08:08 2405115                    /home/ruioliveira/Downloads/jgoodies-looks-2.6.0/jgoodies-looks-2.6.0-javadoc.jar
7f901403f000-7f9014044000 r--s 00051000 08:08 2405116                    /home/ruioliveira/Downloads/jgoodies-looks-2.6.0/jgoodies-looks-2.6.0-sources.jar
7f9014044000-7f901404d000 r--s 0005a000 08:08 2405118                    /home/ruioliveira/Downloads/jgoodies-looks-2.6.0/jgoodies-looks-2.6.0.jar
7f901404d000-7f90150ce000 rw-p 00000000 00:00 0 
7f90150ce000-7f901527c000 r--s 01cfc000 08:0c 6038089                    /usr/lib/jvm/java-7-openjdk-amd64/jre/lib/rt.jar
7f901527c000-7f90157ce000 rw-p 00000000 00:00 0 
7f90157ce000-7f90157cf000 ---p 00000000 00:00 0 
7f90157cf000-7f90158cf000 rw-p 00000000 00:00 0                          [stack:7595]
7f90158cf000-7f90158d0000 ---p 00000000 00:00 0 
7f90158d0000-7f90159d0000 rw-p 00000000 00:00 0                          [stack:7594]
7f90159d0000-7f90159d1000 ---p 00000000 00:00 0 
7f90159d1000-7f9015ad1000 rw-p 00000000 00:00 0                          [stack:7593]
7f9015ad1000-7f9015ad2000 ---p 00000000 00:00 0 
7f9015ad2000-7f9015bd2000 rw-p 00000000 00:00 0                          [stack:7592]
7f9015bd2000-7f9015bd3000 ---p 00000000 00:00 0 
7f9015bd3000-7f9015cd3000 rw-p 00000000 00:00 0                          [stack:7591]
7f9015cd3000-7f9015cd4000 ---p 00000000 00:00 0 
7f9015cd4000-7f9015dd4000 rw-p 00000000 00:00 0                          [stack:7590]
7f9015dd4000-7f9015dd5000 ---p 00000000 00:00 0 
7f9015dd5000-7f9015ed5000 rw-p 00000000 00:00 0                          [stack:7589]
7f9015ed5000-7f9015ed6000 ---p 00000000 00:00 0 
7f9015ed6000-7f9015fe1000 rw-p 00000000 00:00 0                          [stack:7588]
7f9015fe1000-7f9016029000 rw-p 00000000 00:00 0 
7f9016029000-7f9016052000 rw-p 00000000 00:00 0 
7f9016052000-7f90162bc000 rw-p 00000000 00:00 0 
7f90162bc000-7f90162c7000 rw-p 00000000 00:00 0 
7f90162c7000-7f901630f000 rw-p 00000000 00:00 0 
7f901630f000-7f9016338000 rw-p 00000000 00:00 0 
7f9016338000-7f90165a1000 rw-p 00000000 00:00 0 
7f90165a1000-7f90165b7000 rw-p 00000000 00:00 0 
7f90165b7000-7f90166eb000 rw-p 00000000 00:00 0 
7f90166eb000-7f90166ec000 rw-p 00000000 00:00 0 
7f90166ec000-7f90166f4000 r-xp 00000000 08:0c 6038129                    /usr/lib/jvm/java-7-openjdk-amd64/jre/lib/amd64/libzip.so
7f90166f4000-7f90168f3000 ---p 00008000 08:0c 6038129                    /usr/lib/jvm/java-7-openjdk-amd64/jre/lib/amd64/libzip.so
7f90168f3000-7f90168f4000 r--p 00007000 08:0c 6038129                    /usr/lib/jvm/java-7-openjdk-amd64/jre/lib/amd64/libzip.so
7f90168f4000-7f90168f5000 rw-p 00008000 08:0c 6038129                    /usr/lib/jvm/java-7-openjdk-amd64/jre/lib/amd64/libzip.so
7f90168f5000-7f9016900000 r-xp 00000000 08:0c 6295511                    /lib/x86_64-linux-gnu/libnss_files-2.19.so
7f9016900000-7f9016aff000 ---p 0000b000 08:0c 6295511                    /lib/x86_64-linux-gnu/libnss_files-2.19.so
7f9016aff000-7f9016b00000 r--p 0000a000 08:0c 6295511                    /lib/x86_64-linux-gnu/libnss_files-2.19.so
7f9016b00000-7f9016b01000 rw-p 0000b000 08:0c 6295511                    /lib/x86_64-linux-gnu/libnss_files-2.19.so
7f9016b01000-7f9016b0c000 r-xp 00000000 08:0c 6295521                    /lib/x86_64-linux-gnu/libnss_nis-2.19.so
7f9016b0c000-7f9016d0b000 ---p 0000b000 08:0c 6295521                    /lib/x86_64-linux-gnu/libnss_nis-2.19.so
7f9016d0b000-7f9016d0c000 r--p 0000a000 08:0c 6295521                    /lib/x86_64-linux-gnu/libnss_nis-2.19.so
7f9016d0c000-7f9016d0d000 rw-p 0000b000 08:0c 6295521                    /lib/x86_64-linux-gnu/libnss_nis-2.19.so
7f9016d0d000-7f9016d24000 r-xp 00000000 08:0c 6295505                    /lib/x86_64-linux-gnu/libnsl-2.19.so
7f9016d24000-7f9016f23000 ---p 00017000 08:0c 6295505                    /lib/x86_64-linux-gnu/libnsl-2.19.so
7f9016f23000-7f9016f24000 r--p 00016000 08:0c 6295505                    /lib/x86_64-linux-gnu/libnsl-2.19.so
7f9016f24000-7f9016f25000 rw-p 00017000 08:0c 6295505                    /lib/x86_64-linux-gnu/libnsl-2.19.so
7f9016f25000-7f9016f27000 rw-p 00000000 00:00 0 
7f9016f27000-7f9016f30000 r-xp 00000000 08:0c 6295507                    /lib/x86_64-linux-gnu/libnss_compat-2.19.so
7f9016f30000-7f901712f000 ---p 00009000 08:0c 6295507                    /lib/x86_64-linux-gnu/libnss_compat-2.19.so
7f901712f000-7f9017130000 r--p 00008000 08:0c 6295507                    /lib/x86_64-linux-gnu/libnss_compat-2.19.so
7f9017130000-7f9017131000 rw-p 00009000 08:0c 6295507                    /lib/x86_64-linux-gnu/libnss_compat-2.19.so
7f9017131000-7f901715c000 r-xp 00000000 08:0c 6038125                    /usr/lib/jvm/java-7-openjdk-amd64/jre/lib/amd64/libjava.so
7f901715c000-7f901735b000 ---p 0002b000 08:0c 6038125                    /usr/lib/jvm/java-7-openjdk-amd64/jre/lib/amd64/libjava.so
7f901735b000-7f901735c000 r--p 0002a000 08:0c 6038125                    /usr/lib/jvm/java-7-openjdk-amd64/jre/lib/amd64/libjava.so
7f901735c000-7f901735e000 rw-p 0002b000 08:0c 6038125                    /usr/lib/jvm/java-7-openjdk-amd64/jre/lib/amd64/libjava.so
7f901735e000-7f901736e000 r-xp 00000000 08:0c 6038158                    /usr/lib/jvm/java-7-openjdk-amd64/jre/lib/amd64/libverify.so
7f901736e000-7f901756d000 ---p 00010000 08:0c 6038158                    /usr/lib/jvm/java-7-openjdk-amd64/jre/lib/amd64/libverify.so
7f901756d000-7f901756f000 r--p 0000f000 08:0c 6038158                    /usr/lib/jvm/java-7-openjdk-amd64/jre/lib/amd64/libverify.so
7f901756f000-7f9017570000 rw-p 00011000 08:0c 6038158                    /usr/lib/jvm/java-7-openjdk-amd64/jre/lib/amd64/libverify.so
7f9017570000-7f9017577000 r-xp 00000000 08:0c 6295564                    /lib/x86_64-linux-gnu/librt-2.19.so
7f9017577000-7f9017776000 ---p 00007000 08:0c 6295564                    /lib/x86_64-linux-gnu/librt-2.19.so
7f9017776000-7f9017777000 r--p 00006000 08:0c 6295564                    /lib/x86_64-linux-gnu/librt-2.19.so
7f9017777000-7f9017778000 rw-p 00007000 08:0c 6295564                    /lib/x86_64-linux-gnu/librt-2.19.so
7f9017778000-7f901778e000 r-xp 00000000 08:0c 6295463                    /lib/x86_64-linux-gnu/libgcc_s.so.1
7f901778e000-7f901798d000 ---p 00016000 08:0c 6295463                    /lib/x86_64-linux-gnu/libgcc_s.so.1
7f901798d000-7f901798e000 rw-p 00015000 08:0c 6295463                    /lib/x86_64-linux-gnu/libgcc_s.so.1
7f901798e000-7f9017a93000 r-xp 00000000 08:0c 6295486                    /lib/x86_64-linux-gnu/libm-2.19.so
7f9017a93000-7f9017c92000 ---p 00105000 08:0c 6295486                    /lib/x86_64-linux-gnu/libm-2.19.so
7f9017c92000-7f9017c93000 r--p 00104000 08:0c 6295486                    /lib/x86_64-linux-gnu/libm-2.19.so
7f9017c93000-7f9017c94000 rw-p 00105000 08:0c 6295486                    /lib/x86_64-linux-gnu/libm-2.19.so
7f9017c94000-7f9017d7a000 r-xp 00000000 08:0c 5907231                    /usr/lib/x86_64-linux-gnu/libstdc++.so.6.0.19
7f9017d7a000-7f9017f79000 ---p 000e6000 08:0c 5907231                    /usr/lib/x86_64-linux-gnu/libstdc++.so.6.0.19
7f9017f79000-7f9017f81000 r--p 000e5000 08:0c 5907231                    /usr/lib/x86_64-linux-gnu/libstdc++.so.6.0.19
7f9017f81000-7f9017f83000 rw-p 000ed000 08:0c 5907231                    /usr/lib/x86_64-linux-gnu/libstdc++.so.6.0.19
7f9017f83000-7f9017f98000 rw-p 00000000 00:00 0 
7f9017f98000-7f9018a79000 r-xp 00000000 08:0c 6038139                    /usr/lib/jvm/java-7-openjdk-amd64/jre/lib/amd64/server/libjvm.so
7f9018a79000-7f9018c78000 ---p 00ae1000 08:0c 6038139                    /usr/lib/jvm/java-7-openjdk-amd64/jre/lib/amd64/server/libjvm.so
7f9018c78000-7f9018d0a000 r--p 00ae0000 08:0c 6038139                    /usr/lib/jvm/java-7-openjdk-amd64/jre/lib/amd64/server/libjvm.so
7f9018d0a000-7f9018d2d000 rw-p 00b72000 08:0c 6038139                    /usr/lib/jvm/java-7-openjdk-amd64/jre/lib/amd64/server/libjvm.so
7f9018d2d000-7f9018d5a000 rw-p 00000000 00:00 0 
7f9018d5a000-7f9018d72000 r-xp 00000000 08:0c 6295599                    /lib/x86_64-linux-gnu/libz.so.1.2.8
7f9018d72000-7f9018f71000 ---p 00018000 08:0c 6295599                    /lib/x86_64-linux-gnu/libz.so.1.2.8
7f9018f71000-7f9018f72000 r--p 00017000 08:0c 6295599                    /lib/x86_64-linux-gnu/libz.so.1.2.8
7f9018f72000-7f9018f73000 rw-p 00018000 08:0c 6295599                    /lib/x86_64-linux-gnu/libz.so.1.2.8
7f9018f73000-7f9018f8c000 r-xp 00000000 08:0c 6295556                    /lib/x86_64-linux-gnu/libpthread-2.19.so
7f9018f8c000-7f901918b000 ---p 00019000 08:0c 6295556                    /lib/x86_64-linux-gnu/libpthread-2.19.so
7f901918b000-7f901918c000 r--p 00018000 08:0c 6295556                    /lib/x86_64-linux-gnu/libpthread-2.19.so
7f901918c000-7f901918d000 rw-p 00019000 08:0c 6295556                    /lib/x86_64-linux-gnu/libpthread-2.19.so
7f901918d000-7f9019191000 rw-p 00000000 00:00 0 
7f9019191000-7f9019194000 r-xp 00000000 08:0c 6295453                    /lib/x86_64-linux-gnu/libdl-2.19.so
7f9019194000-7f9019393000 ---p 00003000 08:0c 6295453                    /lib/x86_64-linux-gnu/libdl-2.19.so
7f9019393000-7f9019394000 r--p 00002000 08:0c 6295453                    /lib/x86_64-linux-gnu/libdl-2.19.so
7f9019394000-7f9019395000 rw-p 00003000 08:0c 6295453                    /lib/x86_64-linux-gnu/libdl-2.19.so
7f9019395000-7f9019551000 r-xp 00000000 08:0c 6295436                    /lib/x86_64-linux-gnu/libc-2.19.so
7f9019551000-7f9019750000 ---p 001bc000 08:0c 6295436                    /lib/x86_64-linux-gnu/libc-2.19.so
7f9019750000-7f9019754000 r--p 001bb000 08:0c 6295436                    /lib/x86_64-linux-gnu/libc-2.19.so
7f9019754000-7f9019756000 rw-p 001bf000 08:0c 6295436                    /lib/x86_64-linux-gnu/libc-2.19.so
7f9019756000-7f901975b000 rw-p 00000000 00:00 0 
7f901975b000-7f9019768000 r-xp 00000000 08:0c 6038149                    /usr/lib/jvm/java-7-openjdk-amd64/jre/lib/amd64/jli/libjli.so
7f9019768000-7f9019967000 ---p 0000d000 08:0c 6038149                    /usr/lib/jvm/java-7-openjdk-amd64/jre/lib/amd64/jli/libjli.so
7f9019967000-7f9019968000 r--p 0000c000 08:0c 6038149                    /usr/lib/jvm/java-7-openjdk-amd64/jre/lib/amd64/jli/libjli.so
7f9019968000-7f9019969000 rw-p 0000d000 08:0c 6038149                    /usr/lib/jvm/java-7-openjdk-amd64/jre/lib/amd64/jli/libjli.so
7f9019969000-7f901998c000 r-xp 00000000 08:0c 6295412                    /lib/x86_64-linux-gnu/ld-2.19.so
7f901998c000-7f901998d000 r--p 00000000 08:0c 7363661                    /usr/share/locale-langpack/en_GB/LC_MESSAGES/libc.mo
7f901998d000-7f901998e000 r--s 00004000 08:08 2405314                    /home/ruioliveira/Downloads/jgoodies-common-1.8.0/jgoodies-common-1.8.0-tests.jar
7f901998e000-7f9019990000 r--s 00007000 08:08 2405315                    /home/ruioliveira/Downloads/jgoodies-common-1.8.0/jgoodies-common-1.8.0.jar
7f9019990000-7f9019991000 r--s 00001000 08:08 2405117                    /home/ruioliveira/Downloads/jgoodies-looks-2.6.0/jgoodies-looks-2.6.0-tests.jar
7f9019991000-7f9019996000 r--s 00064000 08:08 2404801                    /home/ruioliveira/Downloads/jgoodies-forms-1.8.0/jgoodies-forms-1.8.0-javadoc.jar
7f9019996000-7f9019998000 r--s 00006000 08:08 2404803                    /home/ruioliveira/Downloads/jgoodies-forms-1.8.0/jgoodies-forms-1.8.0-tests.jar
7f9019998000-7f901999b000 r--s 0001b000 08:08 2404804                    /home/ruioliveira/Downloads/jgoodies-forms-1.8.0/jgoodies-forms-1.8.0.jar
7f901999b000-7f90199a6000 r--s 00203000 08:0c 6038090                    /usr/lib/jvm/java-7-openjdk-amd64/jre/lib/charsets.jar
7f90199a6000-7f90199a8000 r--s 00012000 08:0c 6038093                    /usr/lib/jvm/java-7-openjdk-amd64/jre/lib/ext/zipfs.jar
7f90199a8000-7f90199b2000 rw-p 00000000 00:00 0 
7f90199b2000-7f9019a68000 rw-p 00000000 00:00 0 
7f9019a68000-7f9019a6b000 ---p 00000000 00:00 0 
7f9019a6b000-7f9019b6e000 rw-p 00000000 00:00 0                          [stack:7587]
7f9019b6e000-7f9019b70000 r--s 00006000 08:0c 6560210                    /usr/share/java/java-atk-wrapper.jar
7f9019b70000-7f9019b74000 r--s 00085000 08:0c 6038095                    /usr/lib/jvm/java-7-openjdk-amd64/jre/lib/ext/localedata.jar
7f9019b74000-7f9019b77000 r--s 0000f000 08:0c 6038092                    /usr/lib/jvm/java-7-openjdk-amd64/jre/lib/ext/pulse-java.jar
7f9019b77000-7f9019b78000 r--s 00002000 08:0c 6038097                    /usr/lib/jvm/java-7-openjdk-amd64/jre/lib/ext/dnsns.jar
7f9019b78000-7f9019b7b000 r--s 00032000 08:0c 6038094                    /usr/lib/jvm/java-7-openjdk-amd64/jre/lib/ext/sunjce_provider.jar
7f9019b7b000-7f9019b7f000 r--s 0003b000 08:0c 6038096                    /usr/lib/jvm/java-7-openjdk-amd64/jre/lib/ext/sunpkcs11.jar
7f9019b7f000-7f9019b87000 rw-s 00000000 08:0c 9449909                    /tmp/hsperfdata_ruioliveiras/7581
7f9019b87000-7f9019b88000 rw-p 00000000 00:00 0 
7f9019b88000-7f9019b89000 r--p 00000000 00:00 0 
7f9019b89000-7f9019b8b000 rw-p 00000000 00:00 0 
7f9019b8b000-7f9019b8c000 r--p 00022000 08:0c 6295412                    /lib/x86_64-linux-gnu/ld-2.19.so
7f9019b8c000-7f9019b8d000 rw-p 00023000 08:0c 6295412                    /lib/x86_64-linux-gnu/ld-2.19.so
7f9019b8d000-7f9019b8e000 rw-p 00000000 00:00 0 
7ffff295c000-7ffff297d000 rw-p 00000000 00:00 0                          [stack]
7ffff29fe000-7ffff2a00000 r-xp 00000000 00:00 0                          [vdso]
ffffffffff600000-ffffffffff601000 r-xp 00000000 00:00 0                  [vsyscall]

VM Arguments:
jvm_args: -Dfile.encoding=UTF-8 
java_command: controller.Main
Launcher Type: SUN_STANDARD

Environment Variables:
PATH=/home/ruioliveiras/bin:/usr/local/sbin:/usr/local/bin:/usr/sbin:/usr/bin:/sbin:/bin:/usr/games:/usr/local/games
USERNAME=ruioliveiras
SHELL=/bin/bash
DISPLAY=:0

Signal Handlers:
SIGSEGV: [libjvm.so+0x918620], sa_mask[0]=0x7ffbfeff, sa_flags=0x10000004
SIGBUS: [libjvm.so+0x918620], sa_mask[0]=0x7ffbfeff, sa_flags=0x10000004
SIGFPE: [libjvm.so+0x795e30], sa_mask[0]=0x7ffbfeff, sa_flags=0x10000004
SIGPIPE: [libjvm.so+0x795e30], sa_mask[0]=0x7ffbfeff, sa_flags=0x10000004
SIGXFSZ: [libjvm.so+0x795e30], sa_mask[0]=0x7ffbfeff, sa_flags=0x10000004
SIGILL: [libjvm.so+0x795e30], sa_mask[0]=0x7ffbfeff, sa_flags=0x10000004
SIGUSR1: SIG_DFL, sa_mask[0]=0x00000000, sa_flags=0x00000000
SIGUSR2: [libjvm.so+0x795cd0], sa_mask[0]=0x00000004, sa_flags=0x10000004
SIGHUP: [libjvm.so+0x795eb0], sa_mask[0]=0x7ffbfeff, sa_flags=0x10000004
SIGINT: [libjvm.so+0x795eb0], sa_mask[0]=0x7ffbfeff, sa_flags=0x10000004
SIGTERM: [libjvm.so+0x795eb0], sa_mask[0]=0x7ffbfeff, sa_flags=0x10000004
SIGQUIT: [libjvm.so+0x795eb0], sa_mask[0]=0x7ffbfeff, sa_flags=0x10000004


---------------  S Y S T E M  ---------------

OS:Ubuntu 14.04 (trusty)
uname:Linux 3.13.0-24-generic #47-Ubuntu SMP Fri May 2 23:30:00 UTC 2014 x86_64
libc:glibc 2.19 NPTL 2.19 
rlimit: STACK 8192k, CORE 0k, NPROC 63008, NOFILE 4096, AS infinity
load average:0,39 0,32 0,32

/proc/meminfo:
MemTotal:        8086668 kB
MemFree:         4666120 kB
Buffers:          314584 kB
Cached:          1355792 kB
SwapCached:            0 kB
Active:          2176368 kB
Inactive:         879836 kB
Active(anon):    1409992 kB
Inactive(anon):   224904 kB
Active(file):     766376 kB
Inactive(file):   654932 kB
Unevictable:          32 kB
Mlocked:              32 kB
SwapTotal:       8389628 kB
SwapFree:        8389628 kB
Dirty:               108 kB
Writeback:             0 kB
AnonPages:       1358156 kB
Mapped:           209540 kB
Shmem:            249176 kB
Slab:             242848 kB
SReclaimable:     199420 kB
SUnreclaim:        43428 kB
KernelStack:        7040 kB
PageTables:        24248 kB
NFS_Unstable:          0 kB
Bounce:                0 kB
WritebackTmp:          0 kB
CommitLimit:    12432960 kB
Committed_AS:    4410268 kB
VmallocTotal:   34359738367 kB
VmallocUsed:      361568 kB
VmallocChunk:   34359359064 kB
HardwareCorrupted:     0 kB
AnonHugePages:   1241088 kB
HugePages_Total:       0
HugePages_Free:        0
HugePages_Rsvd:        0
HugePages_Surp:        0
Hugepagesize:       2048 kB
DirectMap4k:       90464 kB
DirectMap2M:     2965504 kB
DirectMap1G:     5242880 kB


CPU:total 8 (4 cores per cpu, 2 threads per core) family 6 model 60 stepping 3, cmov, cx8, fxsr, mmx, sse, sse2, sse3, ssse3, sse4.1, sse4.2, popcnt, avx, avx2, aes, erms, ht, tsc, tscinvbit

/proc/cpuinfo:
processor	: 0
vendor_id	: GenuineIntel
cpu family	: 6
model		: 60
model name	: Intel(R) Core(TM) i7-4700MQ CPU @ 2.40GHz
stepping	: 3
microcode	: 0x8
cpu MHz		: 2401.000
cache size	: 6144 KB
physical id	: 0
siblings	: 8
core id		: 0
cpu cores	: 4
apicid		: 0
initial apicid	: 0
fpu		: yes
fpu_exception	: yes
cpuid level	: 13
wp		: yes
flags		: fpu vme de pse tsc msr pae mce cx8 apic sep mtrr pge mca cmov pat pse36 clflush dts acpi mmx fxsr sse sse2 ss ht tm pbe syscall nx pdpe1gb rdtscp lm constant_tsc arch_perfmon pebs bts rep_good nopl xtopology nonstop_tsc aperfmperf eagerfpu pni pclmulqdq dtes64 monitor ds_cpl vmx est tm2 ssse3 fma cx16 xtpr pdcm pcid sse4_1 sse4_2 movbe popcnt tsc_deadline_timer aes xsave avx f16c rdrand lahf_lm abm ida arat epb xsaveopt pln pts dtherm tpr_shadow vnmi flexpriority ept vpid fsgsbase tsc_adjust bmi1 avx2 smep bmi2 erms invpcid
bogomips	: 4788.88
clflush size	: 64
cache_alignment	: 64
address sizes	: 39 bits physical, 48 bits virtual
power management:

processor	: 1
vendor_id	: GenuineIntel
cpu family	: 6
model		: 60
model name	: Intel(R) Core(TM) i7-4700MQ CPU @ 2.40GHz
stepping	: 3
microcode	: 0x8
cpu MHz		: 2401.000
cache size	: 6144 KB
physical id	: 0
siblings	: 8
core id		: 1
cpu cores	: 4
apicid		: 2
initial apicid	: 2
fpu		: yes
fpu_exception	: yes
cpuid level	: 13
wp		: yes
flags		: fpu vme de pse tsc msr pae mce cx8 apic sep mtrr pge mca cmov pat pse36 clflush dts acpi mmx fxsr sse sse2 ss ht tm pbe syscall nx pdpe1gb rdtscp lm constant_tsc arch_perfmon pebs bts rep_good nopl xtopology nonstop_tsc aperfmperf eagerfpu pni pclmulqdq dtes64 monitor ds_cpl vmx est tm2 ssse3 fma cx16 xtpr pdcm pcid sse4_1 sse4_2 movbe popcnt tsc_deadline_timer aes xsave avx f16c rdrand lahf_lm abm ida arat epb xsaveopt pln pts dtherm tpr_shadow vnmi flexpriority ept vpid fsgsbase tsc_adjust bmi1 avx2 smep bmi2 erms invpcid
bogomips	: 4788.88
clflush size	: 64
cache_alignment	: 64
address sizes	: 39 bits physical, 48 bits virtual
power management:

processor	: 2
vendor_id	: GenuineIntel
cpu family	: 6
model		: 60
model name	: Intel(R) Core(TM) i7-4700MQ CPU @ 2.40GHz
stepping	: 3
microcode	: 0x8
cpu MHz		: 2401.000
cache size	: 6144 KB
physical id	: 0
siblings	: 8
core id		: 2
cpu cores	: 4
apicid		: 4
initial apicid	: 4
fpu		: yes
fpu_exception	: yes
cpuid level	: 13
wp		: yes
flags		: fpu vme de pse tsc msr pae mce cx8 apic sep mtrr pge mca cmov pat pse36 clflush dts acpi mmx fxsr sse sse2 ss ht tm pbe syscall nx pdpe1gb rdtscp lm constant_tsc arch_perfmon pebs bts rep_good nopl xtopology nonstop_tsc aperfmperf eagerfpu pni pclmulqdq dtes64 monitor ds_cpl vmx est tm2 ssse3 fma cx16 xtpr pdcm pcid sse4_1 sse4_2 movbe popcnt tsc_deadline_timer aes xsave avx f16c rdrand lahf_lm abm ida arat epb xsaveopt pln pts dtherm tpr_shadow vnmi flexpriority ept vpid fsgsbase tsc_adjust bmi1 avx2 smep bmi2 erms invpcid
bogomips	: 4788.88
clflush size	: 64
cache_alignment	: 64
address sizes	: 39 bits physical, 48 bits virtual
power management:

processor	: 3
vendor_id	: GenuineIntel
cpu family	: 6
model		: 60
model name	: Intel(R) Core(TM) i7-4700MQ CPU @ 2.40GHz
stepping	: 3
microcode	: 0x8
cpu MHz		: 800.000
cache size	: 6144 KB
physical id	: 0
siblings	: 8
core id		: 3
cpu cores	: 4
apicid		: 6
initial apicid	: 6
fpu		: yes
fpu_exception	: yes
cpuid level	: 13
wp		: yes
flags		: fpu vme de pse tsc msr pae mce cx8 apic sep mtrr pge mca cmov pat pse36 clflush dts acpi mmx fxsr sse sse2 ss ht tm pbe syscall nx pdpe1gb rdtscp lm constant_tsc arch_perfmon pebs bts rep_good nopl xtopology nonstop_tsc aperfmperf eagerfpu pni pclmulqdq dtes64 monitor ds_cpl vmx est tm2 ssse3 fma cx16 xtpr pdcm pcid sse4_1 sse4_2 movbe popcnt tsc_deadline_timer aes xsave avx f16c rdrand lahf_lm abm ida arat epb xsaveopt pln pts dtherm tpr_shadow vnmi flexpriority ept vpid fsgsbase tsc_adjust bmi1 avx2 smep bmi2 erms invpcid
bogomips	: 4788.88
clflush size	: 64
cache_alignment	: 64
address sizes	: 39 bits physical, 48 bits virtual
power management:

processor	: 4
vendor_id	: GenuineIntel
cpu family	: 6
model		: 60
model name	: Intel(R) Core(TM) i7-4700MQ CPU @ 2.40GHz
stepping	: 3
microcode	: 0x8
cpu MHz		: 2401.000
cache size	: 6144 KB
physical id	: 0
siblings	: 8
core id		: 0
cpu cores	: 4
apicid		: 1
initial apicid	: 1
fpu		: yes
fpu_exception	: yes
cpuid level	: 13
wp		: yes
flags		: fpu vme de pse tsc msr pae mce cx8 apic sep mtrr pge mca cmov pat pse36 clflush dts acpi mmx fxsr sse sse2 ss ht tm pbe syscall nx pdpe1gb rdtscp lm constant_tsc arch_perfmon pebs bts rep_good nopl xtopology nonstop_tsc aperfmperf eagerfpu pni pclmulqdq dtes64 monitor ds_cpl vmx est tm2 ssse3 fma cx16 xtpr pdcm pcid sse4_1 sse4_2 movbe popcnt tsc_deadline_timer aes xsave avx f16c rdrand lahf_lm abm ida arat epb xsaveopt pln pts dtherm tpr_shadow vnmi flexpriority ept vpid fsgsbase tsc_adjust bmi1 avx2 smep bmi2 erms invpcid
bogomips	: 4788.88
clflush size	: 64
cache_alignment	: 64
address sizes	: 39 bits physical, 48 bits virtual
power management:

processor	: 5
vendor_id	: GenuineIntel
cpu family	: 6
model		: 60
model name	: Intel(R) Core(TM) i7-4700MQ CPU @ 2.40GHz
stepping	: 3
microcode	: 0x8
cpu MHz		: 2401.000
cache size	: 6144 KB
physical id	: 0
siblings	: 8
core id		: 1
cpu cores	: 4
apicid		: 3
initial apicid	: 3
fpu		: yes
fpu_exception	: yes
cpuid level	: 13
wp		: yes
flags		: fpu vme de pse tsc msr pae mce cx8 apic sep mtrr pge mca cmov pat pse36 clflush dts acpi mmx fxsr sse sse2 ss ht tm pbe syscall nx pdpe1gb rdtscp lm constant_tsc arch_perfmon pebs bts rep_good nopl xtopology nonstop_tsc aperfmperf eagerfpu pni pclmulqdq dtes64 monitor ds_cpl vmx est tm2 ssse3 fma cx16 xtpr pdcm pcid sse4_1 sse4_2 movbe popcnt tsc_deadline_timer aes xsave avx f16c rdrand lahf_lm abm ida arat epb xsaveopt pln pts dtherm tpr_shadow vnmi flexpriority ept vpid fsgsbase tsc_adjust bmi1 avx2 smep bmi2 erms invpcid
bogomips	: 4788.88
clflush size	: 64
cache_alignment	: 64
address sizes	: 39 bits physical, 48 bits virtual
power management:

processor	: 6
vendor_id	: GenuineIntel
cpu family	: 6
model		: 60
model name	: Intel(R) Core(TM) i7-4700MQ CPU @ 2.40GHz
stepping	: 3
microcode	: 0x8
cpu MHz		: 2200.000
cache size	: 6144 KB
physical id	: 0
siblings	: 8
core id		: 2
cpu cores	: 4
apicid		: 5
initial apicid	: 5
fpu		: yes
fpu_exception	: yes
cpuid level	: 13
wp		: yes
flags		: fpu vme de pse tsc msr pae mce cx8 apic sep mtrr pge mca cmov pat pse36 clflush dts acpi mmx fxsr sse sse2 ss ht tm pbe syscall nx pdpe1gb rdtscp lm constant_tsc arch_perfmon pebs bts rep_good nopl xtopology nonstop_tsc aperfmperf eagerfpu pni pclmulqdq dtes64 monitor ds_cpl vmx est tm2 ssse3 fma cx16 xtpr pdcm pcid sse4_1 sse4_2 movbe popcnt tsc_deadline_timer aes xsave avx f16c rdrand lahf_lm abm ida arat epb xsaveopt pln pts dtherm tpr_shadow vnmi flexpriority ept vpid fsgsbase tsc_adjust bmi1 avx2 smep bmi2 erms invpcid
bogomips	: 4788.88
clflush size	: 64
cache_alignment	: 64
address sizes	: 39 bits physical, 48 bits virtual
power management:

processor	: 7
vendor_id	: GenuineIntel
cpu family	: 6
model		: 60
model name	: Intel(R) Core(TM) i7-4700MQ CPU @ 2.40GHz
stepping	: 3
microcode	: 0x8
cpu MHz		: 2401.000
cache size	: 6144 KB
physical id	: 0
siblings	: 8
core id		: 3
cpu cores	: 4
apicid		: 7
initial apicid	: 7
fpu		: yes
fpu_exception	: yes
cpuid level	: 13
wp		: yes
flags		: fpu vme de pse tsc msr pae mce cx8 apic sep mtrr pge mca cmov pat pse36 clflush dts acpi mmx fxsr sse sse2 ss ht tm pbe syscall nx pdpe1gb rdtscp lm constant_tsc arch_perfmon pebs bts rep_good nopl xtopology nonstop_tsc aperfmperf eagerfpu pni pclmulqdq dtes64 monitor ds_cpl vmx est tm2 ssse3 fma cx16 xtpr pdcm pcid sse4_1 sse4_2 movbe popcnt tsc_deadline_timer aes xsave avx f16c rdrand lahf_lm abm ida arat epb xsaveopt pln pts dtherm tpr_shadow vnmi flexpriority ept vpid fsgsbase tsc_adjust bmi1 avx2 smep bmi2 erms invpcid
bogomips	: 4788.88
clflush size	: 64
cache_alignment	: 64
address sizes	: 39 bits physical, 48 bits virtual
power management:



Memory: 4k page, physical 8086668k(4693156k free), swap 8389628k(8389628k free)

vm_info: OpenJDK 64-Bit Server VM (24.51-b03) for linux-amd64 JRE (1.7.0_55-b14), built on Apr 17 2014 20:08:07 by "buildd" with gcc 4.8.2

time: Mon May 26 17:52:23 2014
elapsed time: 218 seconds

