#
# A fatal error has been detected by the Java Runtime Environment:
#
#  SIGSEGV (0xb) at pc=0x00007f9e8505b2fa, pid=7584, tid=140318342756096
#
# JRE version: OpenJDK Runtime Environment (7.0_55-b14) (build 1.7.0_55-b14)
# Java VM: OpenJDK 64-Bit Server VM (24.51-b03 mixed mode linux-amd64 compressed oops)
# Problematic frame:
# v  ~BufferBlob::jni_fast_GetLongField
#
# Failed to write core dump. Core dumps have been disabled. To enable core dumping, try "ulimit -c unlimited" before starting Java again
#
# If you would like to submit a bug report, please include
# instructions on how to reproduce the bug and visit:
#   http://icedtea.classpath.org/bugzilla
# The crash happened outside the Java Virtual Machine in native code.
# See problematic frame for where to report the bug.
#

---------------  T H R E A D  ---------------

Current thread (0x00007f9e882b2000):  JavaThread "AWT-XAWT" daemon [_thread_in_native, id=7608, stack(0x00007f9e68e9b000,0x00007f9e68f9c000)]

siginfo:si_signo=SIGSEGV: si_errno=0, si_code=1 (SEGV_MAPERR), si_addr=0x0000000000000000

Registers:
RAX=0x00007f9e8f6f8ec0, RBX=0x00007f9e882b21d8, RCX=0x00007f9e8fb6f320, RDX=0x0000000000000042
RSP=0x00007f9e68f9a848, RBP=0x00007f9e68f9a870, RSI=0x0000000000000000, RDI=0x00007f9e882b21d8
R8 =0x0000000000000005, R9 =0x0000000000000000, R10=0x0000000000000084, R11=0x00000000000001f4
R12=0x00007f9e1c00ea90, R13=0x0000000000000000, R14=0x00007f9e7c4804a0, R15=0x00007f9e882b2000
RIP=0x00007f9e8505b2fa, EFLAGS=0x0000000000010246, CSGSFS=0x0000000000000033, ERR=0x0000000000000004
  TRAPNO=0x000000000000000e

Top of Stack: (sp=0x00007f9e68f9a848)
0x00007f9e68f9a848:   00007f9e7c24c564 0000000000000000
0x00007f9e68f9a858:   00007f9e1c00ea90 00007f9e85136ee4
0x00007f9e68f9a868:   00007f9e68f9a8f0 0000000000000000
0x00007f9e68f9a878:   00007f9e77b1aae8 0000000000000000
0x00007f9e68f9a888:   00007f9e68f9a8b0 0000000000000000
0x00007f9e68f9a898:   00007f9e77b129a3 00007f9e85136ee4
0x00007f9e68f9a8a8:   00007f9e7c24109f 00007f9e68f9a900
0x00007f9e68f9a8b8:   00007f9e85175fd6 000000077ae941a8
0x00007f9e68f9a8c8:   00000007d8cb0258 000000077ae94938
0x00007f9e68f9a8d8:   00000007fb1a7048 000000077ae941d0
0x00007f9e68f9a8e8:   00000007d8cb01f8 00000007d8cb04a8
0x00007f9e68f9a8f8:   00000007d74dc158 00000007d8cb17d0
0x00007f9e68f9a908:   00007f9e851356b8 00000000d8cb17d0
0x00007f9e68f9a918:   0000000500000000 0000000000000000
0x00007f9e68f9a928:   00000007d74d9fe8 00007f9e24002dc0
0x00007f9e68f9a938:   00000007fb19100d 00000007d8cb01f8
0x00007f9e68f9a948:   0000000000000000 00007f9e24002dc0
0x00007f9e68f9a958:   00000001fb19100d 0000000000000000
0x00007f9e68f9a968:   00000007d8cb0258 0000000000000009
0x00007f9e68f9a978:   0000000004600029 00007f9e68f9a9e0
0x00007f9e68f9a988:   00007f9e85006058 deaddeaf00000000
0x00007f9e68f9a998:   00000007d706f2b8 00007f9e68f9a9a0
0x00007f9e68f9a9a8:   000000077a7eb7a5 00007f9e68f9a9f0
0x00007f9e68f9a9b8:   000000077a7f8790 0000000000000000
0x00007f9e68f9a9c8:   000000077a7eb7c0 00007f9e68f9a990
0x00007f9e68f9a9d8:   00007f9e68f9a9f0 00007f9e68f9aa38
0x00007f9e68f9a9e8:   00007f9e85006706 00000007d8cb01f8
0x00007f9e68f9a9f8:   00007f9e68f9a9f8 000000077a238fa3
0x00007f9e68f9aa08:   00007f9e68f9aa48 000000077a2beae8
0x00007f9e68f9aa18:   0000000000000000 000000077a238fc0
0x00007f9e68f9aa28:   00007f9e68f9a9f0 00007f9e68f9aa48
0x00007f9e68f9aa38:   00007f9e68f9aab0 00007f9e850004e7 

Instructions: (pc=0x00007f9e8505b2fa)
0x00007f9e8505b2da:   00 00 00 00 00 00 44 8b 15 fd 7e 6c 0a 4c 8b ce
0x00007f9e8505b2ea:   41 f6 c2 01 0f 85 2e 00 00 00 4d 33 ca 4d 33 ca
0x00007f9e8505b2fa:   4d 8b 09 4c 8b da 49 c1 eb 02 4b 8b 04 19 49 bb
0x00007f9e8505b30a:   e4 31 72 8f 9e 7f 00 00 4c 33 d8 4c 33 d8 45 3b 

Register to memory mapping:

RAX=0x00007f9e8f6f8ec0: <offset 0xd7dec0> in /usr/lib/jvm/java-7-openjdk-amd64/jre/lib/amd64/server/libjvm.so at 0x00007f9e8e97b000
RBX=0x00007f9e882b21d8 is an unknown value
RCX=0x00007f9e8fb6f320: <offset 0x219320> in /lib/x86_64-linux-gnu/libpthread.so.0 at 0x00007f9e8f956000
RDX=0x0000000000000042 is an unknown value
RSP=0x00007f9e68f9a848 is pointing into the stack for thread: 0x00007f9e882b2000
RBP=0x00007f9e68f9a870 is pointing into the stack for thread: 0x00007f9e882b2000
RSI=0x0000000000000000 is an unknown value
RDI=0x00007f9e882b21d8 is an unknown value
R8 =0x0000000000000005 is an unknown value
R9 =0x0000000000000000 is an unknown value
R10=0x0000000000000084 is an unknown value
R11=0x00000000000001f4 is an unknown value
R12=0x00007f9e1c00ea90 is an unknown value
R13=0x0000000000000000 is an unknown value
R14=0x00007f9e7c4804a0: <offset 0x2544a0> in /usr/lib/jvm/java-7-openjdk-amd64/jre/lib/amd64/xawt/libmawt.so at 0x00007f9e7c22c000
R15=0x00007f9e882b2000 is a thread


Stack: [0x00007f9e68e9b000,0x00007f9e68f9c000],  sp=0x00007f9e68f9a848,  free space=1022k
Native frames: (J=compiled Java code, j=interpreted, Vv=VM code, C=native code)
v  ~BufferBlob::jni_fast_GetLongField

Java frames: (J=compiled Java code, j=interpreted, Vv=VM code)
J  sun.awt.X11.XlibWrapper.XFilterEvent(JJ)Z
J  sun.awt.X11.XToolkit.run(Z)V
j  sun.awt.X11.XToolkit.run()V+5
j  java.lang.Thread.run()V+11
v  ~StubRoutines::call_stub

---------------  P R O C E S S  ---------------

Java Threads: ( => current thread )
  0x00007f9e1c034000 JavaThread "TimerQueue" daemon [_thread_blocked, id=7611, stack(0x00007f9e68944000,0x00007f9e68a45000)]
  0x00007f9e8800a800 JavaThread "DestroyJavaVM" [_thread_blocked, id=7589, stack(0x00007f9e90449000,0x00007f9e9054a000)]
  0x00007f9e88307000 JavaThread "AWT-EventQueue-0" [_thread_blocked, id=7610, stack(0x00007f9e68c99000,0x00007f9e68d9a000)]
  0x00007f9e882da000 JavaThread "AWT-Shutdown" [_thread_blocked, id=7609, stack(0x00007f9e68d9a000,0x00007f9e68e9b000)]
=>0x00007f9e882b2000 JavaThread "AWT-XAWT" daemon [_thread_in_native, id=7608, stack(0x00007f9e68e9b000,0x00007f9e68f9c000)]
  0x00007f9e88296000 JavaThread "Java2D Disposer" daemon [_thread_blocked, id=7607, stack(0x00007f9e740e7000,0x00007f9e741e8000)]
  0x00007f9e880b0800 JavaThread "Service Thread" daemon [_thread_blocked, id=7604, stack(0x00007f9e7e01e000,0x00007f9e7e11f000)]
  0x00007f9e880ae000 JavaThread "C2 CompilerThread1" daemon [_thread_blocked, id=7603, stack(0x00007f9e7e11f000,0x00007f9e7e220000)]
  0x00007f9e880ab800 JavaThread "C2 CompilerThread0" daemon [_thread_blocked, id=7602, stack(0x00007f9e7e220000,0x00007f9e7e321000)]
  0x00007f9e880a9000 JavaThread "Signal Dispatcher" daemon [_thread_blocked, id=7601, stack(0x00007f9e7e321000,0x00007f9e7e422000)]
  0x00007f9e88085000 JavaThread "Finalizer" daemon [_thread_blocked, id=7600, stack(0x00007f9e7eb05000,0x00007f9e7ec06000)]
  0x00007f9e88083000 JavaThread "Reference Handler" daemon [_thread_blocked, id=7599, stack(0x00007f9e7ec06000,0x00007f9e7ed07000)]

Other Threads:
  0x00007f9e8807e800 VMThread [stack: 0x00007f9e7ed07000,0x00007f9e7ee08000] [id=7598]
  0x00007f9e880c3800 WatcherThread [stack: 0x00007f9e7df1d000,0x00007f9e7e01e000] [id=7605]

VM state:not at safepoint (normal execution)

VM Mutex/Monitor currently owned by a thread: None

Heap
 PSYoungGen      total 37376K, used 11336K [0x00000007d6d00000, 0x00000007d9680000, 0x0000000800000000)
  eden space 32256K, 25% used [0x00000007d6d00000,0x00000007d7521b60,0x00000007d8c80000)
  from space 5120K, 58% used [0x00000007d8c80000,0x00000007d8f70830,0x00000007d9180000)
  to   space 5120K, 0% used [0x00000007d9180000,0x00000007d9180000,0x00000007d9680000)
 ParOldGen       total 83968K, used 8K [0x0000000784800000, 0x0000000789a00000, 0x00000007d6d00000)
  object space 83968K, 0% used [0x0000000784800000,0x0000000784802000,0x0000000789a00000)
 PSPermGen       total 21504K, used 15330K [0x000000077a200000, 0x000000077b700000, 0x0000000784800000)
  object space 21504K, 71% used [0x000000077a200000,0x000000077b0f8878,0x000000077b700000)

Card table byte_map: [0x00007f9e8cc9f000,0x00007f9e8d0cf000] byte_map_base: 0x00007f9e890ce000

Polling page: 0x00007f9e9056b000

Code Cache  [0x00007f9e85000000, 0x00007f9e85270000, 0x00007f9e88000000)
 total_blobs=893 nmethods=389 adapters=457 free_code_cache=47530Kb largest_free_block=48630976

Compilation events (10 events):
Event: 956,344 Thread 0x00007f9e880ab800  392             javax.swing.TimerQueue::now (8 bytes)
Event: 956,345 Thread 0x00007f9e880ab800 nmethod 392 0x00007f9e851862d0 code [0x00007f9e85186400, 0x00007f9e85186458]
Event: 958,652 Thread 0x00007f9e880ae000  393             java.awt.Rectangle::isEmpty (20 bytes)
Event: 958,653 Thread 0x00007f9e880ae000 nmethod 393 0x00007f9e851860d0 code [0x00007f9e85186200, 0x00007f9e85186278]
Event: 962,051 Thread 0x00007f9e880ab800  394             java.awt.Component$1::getPeer (5 bytes)
Event: 962,053 Thread 0x00007f9e880ab800 nmethod 394 0x00007f9e85185e90 code [0x00007f9e85185fc0, 0x00007f9e85186038]
Event: 966,573 Thread 0x00007f9e880ae000  395   !         sun.awt.AWTAutoShutdown::notifyThreadBusy (86 bytes)
Event: 966,585 Thread 0x00007f9e880ae000 nmethod 395 0x00007f9e8518be50 code [0x00007f9e8518bfe0, 0x00007f9e8518c8a8]
Event: 967,606 Thread 0x00007f9e880ab800  396             java.awt.Cursor::access$000 (5 bytes)
Event: 967,606 Thread 0x00007f9e880ab800 nmethod 396 0x00007f9e85185c90 code [0x00007f9e85185dc0, 0x00007f9e85185e18]

GC Heap History (2 events):
Event: 175,853 GC heap before
{Heap before GC invocations=1 (full 0):
 PSYoungGen      total 37376K, used 32256K [0x00000007d6d00000, 0x00000007d9680000, 0x0000000800000000)
  eden space 32256K, 100% used [0x00000007d6d00000,0x00000007d8c80000,0x00000007d8c80000)
  from space 5120K, 0% used [0x00000007d9180000,0x00000007d9180000,0x00000007d9680000)
  to   space 5120K, 0% used [0x00000007d8c80000,0x00000007d8c80000,0x00000007d9180000)
 ParOldGen       total 83968K, used 0K [0x0000000784800000, 0x0000000789a00000, 0x00000007d6d00000)
  object space 83968K, 0% used [0x0000000784800000,0x0000000784800000,0x0000000789a00000)
 PSPermGen       total 21504K, used 15266K [0x000000077a200000, 0x000000077b700000, 0x0000000784800000)
  object space 21504K, 70% used [0x000000077a200000,0x000000077b0e8b38,0x000000077b700000)
Event: 175,862 GC heap after
Heap after GC invocations=1 (full 0):
 PSYoungGen      total 37376K, used 3010K [0x00000007d6d00000, 0x00000007d9680000, 0x0000000800000000)
  eden space 32256K, 0% used [0x00000007d6d00000,0x00000007d6d00000,0x00000007d8c80000)
  from space 5120K, 58% used [0x00000007d8c80000,0x00000007d8f70830,0x00000007d9180000)
  to   space 5120K, 0% used [0x00000007d9180000,0x00000007d9180000,0x00000007d9680000)
 ParOldGen       total 83968K, used 8K [0x0000000784800000, 0x0000000789a00000, 0x00000007d6d00000)
  object space 83968K, 0% used [0x0000000784800000,0x0000000784802000,0x0000000789a00000)
 PSPermGen       total 21504K, used 15266K [0x000000077a200000, 0x000000077b700000, 0x0000000784800000)
  object space 21504K, 70% used [0x000000077a200000,0x000000077b0e8b38,0x000000077b700000)
}

Deoptimization events (10 events):
Event: 951,956 Thread 0x00007f9e88307000 Uncommon trap: reason=class_check action=maybe_recompile pc=0x00007f9e8512429c method=java.awt.LightweightDispatcher.dispatchEvent(Ljava/awt/AWTEvent;)Z @ 44
Event: 951,993 Thread 0x00007f9e88307000 Uncommon trap: reason=class_check action=maybe_recompile pc=0x00007f9e8514deb4 method=java.awt.EventQueue.coalesceEvent(Ljava/awt/AWTEvent;I)Z @ 77
Event: 951,994 Thread 0x00007f9e88307000 Uncommon trap: reason=class_check action=maybe_recompile pc=0x00007f9e8512429c method=java.awt.LightweightDispatcher.dispatchEvent(Ljava/awt/AWTEvent;)Z @ 44
Event: 952,029 Thread 0x00007f9e88307000 Uncommon trap: reason=class_check action=maybe_recompile pc=0x00007f9e8514deb4 method=java.awt.EventQueue.coalesceEvent(Ljava/awt/AWTEvent;I)Z @ 77
Event: 952,029 Thread 0x00007f9e88307000 Uncommon trap: reason=class_check action=maybe_recompile pc=0x00007f9e8512429c method=java.awt.LightweightDispatcher.dispatchEvent(Ljava/awt/AWTEvent;)Z @ 44
Event: 952,077 Thread 0x00007f9e88307000 Uncommon trap: reason=class_check action=maybe_recompile pc=0x00007f9e8514b920 method=java.awt.EventQueue.coalesceEvent(Ljava/awt/AWTEvent;I)Z @ 77
Event: 956,629 Thread 0x00007f9e88307000 Uncommon trap: reason=unreached action=reinterpret pc=0x00007f9e85156f90 method=javax.swing.RepaintManager.collectDirtyComponents(Ljava/util/Map;Ljava/awt/Component;Ljava/util/List;)V @ 104
Event: 972,609 Thread 0x00007f9e88307000 Uncommon trap: reason=unreached action=reinterpret pc=0x00007f9e850ddd38 method=java.awt.Window.getInputContext()Ljava/awt/im/InputContext; @ 11
Event: 972,609 Thread 0x00007f9e88307000 Uncommon trap: reason=unreached action=reinterpret pc=0x00007f9e85155628 method=sun.awt.im.InputContext.getInputMethod()Ljava/awt/im/spi/InputMethod; @ 4
Event: 972,609 Thread 0x00007f9e88307000 Uncommon trap: reason=null_check action=make_not_entrant pc=0x00007f9e85181a28 method=java.awt.Component.getNativeContainer()Ljava/awt/Container; @ 13

Internal exceptions (10 events):
Event: 1,812 Thread 0x00007f9e88307000 Threw 0x00000007d7687a58 at /build/buildd/openjdk-7-7u55-2.4.7/build/openjdk/hotspot/src/share/vm/prims/jvm.cpp:1244
Event: 1,812 Thread 0x00007f9e88307000 Threw 0x00000007d7689fc8 at /build/buildd/openjdk-7-7u55-2.4.7/build/openjdk/hotspot/src/share/vm/prims/jvm.cpp:1244
Event: 1,812 Thread 0x00007f9e88307000 Threw 0x00000007d768d408 at /build/buildd/openjdk-7-7u55-2.4.7/build/openjdk/hotspot/src/share/vm/prims/jvm.cpp:1244
Event: 1,813 Thread 0x00007f9e88307000 Threw 0x00000007d768fbd0 at /build/buildd/openjdk-7-7u55-2.4.7/build/openjdk/hotspot/src/share/vm/prims/jvm.cpp:1244
Event: 1,938 Thread 0x00007f9e88307000 Threw 0x00000007d76e4a18 at /build/buildd/openjdk-7-7u55-2.4.7/build/openjdk/hotspot/src/share/vm/prims/jni.cpp:743
Event: 2,653 Thread 0x00007f9e88307000 Threw 0x00000007d77bbc08 at /build/buildd/openjdk-7-7u55-2.4.7/build/openjdk/hotspot/src/share/vm/prims/jvm.cpp:1244
Event: 43,407 Thread 0x00007f9e88307000 Implicit null exception at 0x00007f9e850ddabc to 0x00007f9e850dddb4
Event: 956,629 Thread 0x00007f9e88307000 Implicit null exception at 0x00007f9e8515642d to 0x00007f9e85156f59
Event: 972,609 Thread 0x00007f9e88307000 Implicit null exception at 0x00007f9e851550a1 to 0x00007f9e85155605
Event: 972,609 Thread 0x00007f9e88307000 Implicit null exception at 0x00007f9e8517fc8a to 0x00007f9e85181a11

Events (10 events):
Event: 972,609 Thread 0x00007f9e88307000 DEOPT PACKING pc=0x00007f9e85181a28 sp=0x00007f9e68d978a0
Event: 972,609 Thread 0x00007f9e88307000 DEOPT UNPACKING pc=0x00007f9e85039445 sp=0x00007f9e68d97818 mode 2
Event: 972,610 loading class 0x00007f9e30195710
Event: 972,610 loading class 0x00007f9e30195710 done
Event: 12413,289 loading class 0x00007f9e340b5810
Event: 12413,290 loading class 0x00007f9e340b5810 done
Event: 12413,513 loading class 0x00007f9e34052f30
Event: 12413,513 loading class 0x00007f9e34052f30 done
Event: 12413,549 loading class 0x00007f9e340526e0
Event: 12413,549 loading class 0x00007f9e340526e0 done


Dynamic libraries:
00400000-00401000 r-xp 00000000 08:0c 6038082                            /usr/lib/jvm/java-7-openjdk-amd64/jre/bin/java
00600000-00601000 r--p 00000000 08:0c 6038082                            /usr/lib/jvm/java-7-openjdk-amd64/jre/bin/java
00601000-00602000 rw-p 00001000 08:0c 6038082                            /usr/lib/jvm/java-7-openjdk-amd64/jre/bin/java
0082e000-0084f000 rw-p 00000000 00:00 0                                  [heap]
77a200000-77b700000 rw-p 00000000 00:00 0 
77b700000-784800000 rw-p 00000000 00:00 0 
784800000-789a00000 rw-p 00000000 00:00 0 
789a00000-7d6d00000 rw-p 00000000 00:00 0 
7d6d00000-7d9680000 rw-p 00000000 00:00 0 
7d9680000-800000000 rw-p 00000000 00:00 0 
7f9e10000000-7f9e1023d000 rw-p 00000000 00:00 0 
7f9e1023d000-7f9e14000000 ---p 00000000 00:00 0 
7f9e18000000-7f9e18021000 rw-p 00000000 00:00 0 
7f9e18021000-7f9e1c000000 ---p 00000000 00:00 0 
7f9e1c000000-7f9e1c07b000 rw-p 00000000 00:00 0 
7f9e1c07b000-7f9e20000000 ---p 00000000 00:00 0 
7f9e20000000-7f9e20021000 rw-p 00000000 00:00 0 
7f9e20021000-7f9e24000000 ---p 00000000 00:00 0 
7f9e24000000-7f9e24022000 rw-p 00000000 00:00 0 
7f9e24022000-7f9e28000000 ---p 00000000 00:00 0 
7f9e28000000-7f9e28021000 rw-p 00000000 00:00 0 
7f9e28021000-7f9e2c000000 ---p 00000000 00:00 0 
7f9e2c000000-7f9e2c021000 rw-p 00000000 00:00 0 
7f9e2c021000-7f9e30000000 ---p 00000000 00:00 0 
7f9e30000000-7f9e30e83000 rw-p 00000000 00:00 0 
7f9e30e83000-7f9e34000000 ---p 00000000 00:00 0 
7f9e34000000-7f9e354a8000 rw-p 00000000 00:00 0 
7f9e354a8000-7f9e38000000 ---p 00000000 00:00 0 
7f9e38000000-7f9e38021000 rw-p 00000000 00:00 0 
7f9e38021000-7f9e3c000000 ---p 00000000 00:00 0 
7f9e3c000000-7f9e3c021000 rw-p 00000000 00:00 0 
7f9e3c021000-7f9e40000000 ---p 00000000 00:00 0 
7f9e40000000-7f9e40021000 rw-p 00000000 00:00 0 
7f9e40021000-7f9e44000000 ---p 00000000 00:00 0 
7f9e47d10000-7f9e4c000000 rw-p 00000000 00:00 0 
7f9e4c000000-7f9e4c021000 rw-p 00000000 00:00 0 
7f9e4c021000-7f9e50000000 ---p 00000000 00:00 0 
7f9e50000000-7f9e50021000 rw-p 00000000 00:00 0 
7f9e50021000-7f9e54000000 ---p 00000000 00:00 0 
7f9e54000000-7f9e54021000 rw-p 00000000 00:00 0 
7f9e54021000-7f9e58000000 ---p 00000000 00:00 0 
7f9e5c000000-7f9e5c021000 rw-p 00000000 00:00 0 
7f9e5c021000-7f9e60000000 ---p 00000000 00:00 0 
7f9e64000000-7f9e64021000 rw-p 00000000 00:00 0 
7f9e64021000-7f9e68000000 ---p 00000000 00:00 0 
7f9e68944000-7f9e68947000 ---p 00000000 00:00 0 
7f9e68947000-7f9e68a45000 rw-p 00000000 00:00 0                          [stack:7611]
7f9e68a45000-7f9e68a96000 r-xp 00000000 08:0c 6038157                    /usr/lib/jvm/java-7-openjdk-amd64/jre/lib/amd64/libfontmanager.so
7f9e68a96000-7f9e68c95000 ---p 00051000 08:0c 6038157                    /usr/lib/jvm/java-7-openjdk-amd64/jre/lib/amd64/libfontmanager.so
7f9e68c95000-7f9e68c98000 r--p 00050000 08:0c 6038157                    /usr/lib/jvm/java-7-openjdk-amd64/jre/lib/amd64/libfontmanager.so
7f9e68c98000-7f9e68c99000 rw-p 00053000 08:0c 6038157                    /usr/lib/jvm/java-7-openjdk-amd64/jre/lib/amd64/libfontmanager.so
7f9e68c99000-7f9e68c9c000 ---p 00000000 00:00 0 
7f9e68c9c000-7f9e68d9a000 rw-p 00000000 00:00 0                          [stack:7610]
7f9e68d9a000-7f9e68d9d000 ---p 00000000 00:00 0 
7f9e68d9d000-7f9e68e9b000 rw-p 00000000 00:00 0                          [stack:7609]
7f9e68e9b000-7f9e68e9e000 ---p 00000000 00:00 0 
7f9e68e9e000-7f9e68f9c000 rw-p 00000000 00:00 0                          [stack:7608]
7f9e68f9c000-7f9e68fa0000 r-xp 00000000 08:0c 6295469                    /lib/x86_64-linux-gnu/libgpg-error.so.0.10.0
7f9e68fa0000-7f9e6919f000 ---p 00004000 08:0c 6295469                    /lib/x86_64-linux-gnu/libgpg-error.so.0.10.0
7f9e6919f000-7f9e691a0000 r--p 00003000 08:0c 6295469                    /lib/x86_64-linux-gnu/libgpg-error.so.0.10.0
7f9e691a0000-7f9e691a1000 rw-p 00004000 08:0c 6295469                    /lib/x86_64-linux-gnu/libgpg-error.so.0.10.0
7f9e691a1000-7f9e691a3000 r-xp 00000000 08:0c 6295479                    /lib/x86_64-linux-gnu/libkeyutils.so.1.4
7f9e691a3000-7f9e693a3000 ---p 00002000 08:0c 6295479                    /lib/x86_64-linux-gnu/libkeyutils.so.1.4
7f9e693a3000-7f9e693a4000 r--p 00002000 08:0c 6295479                    /lib/x86_64-linux-gnu/libkeyutils.so.1.4
7f9e693a4000-7f9e693a5000 rw-p 00003000 08:0c 6295479                    /lib/x86_64-linux-gnu/libkeyutils.so.1.4
7f9e693a5000-7f9e693bf000 r-xp 00000000 08:0c 5906754                    /usr/lib/x86_64-linux-gnu/libgraphite2.so.3.0.1
7f9e693bf000-7f9e695be000 ---p 0001a000 08:0c 5906754                    /usr/lib/x86_64-linux-gnu/libgraphite2.so.3.0.1
7f9e695be000-7f9e695c0000 r--p 00019000 08:0c 5906754                    /usr/lib/x86_64-linux-gnu/libgraphite2.so.3.0.1
7f9e695c0000-7f9e695c1000 rw-p 0001b000 08:0c 5906754                    /usr/lib/x86_64-linux-gnu/libgraphite2.so.3.0.1
7f9e695c1000-7f9e69605000 r-xp 00000000 08:0c 6295450                    /lib/x86_64-linux-gnu/libdbus-1.so.3.7.6
7f9e69605000-7f9e69804000 ---p 00044000 08:0c 6295450                    /lib/x86_64-linux-gnu/libdbus-1.so.3.7.6
7f9e69804000-7f9e69805000 r--p 00043000 08:0c 6295450                    /lib/x86_64-linux-gnu/libdbus-1.so.3.7.6
7f9e69805000-7f9e69806000 rw-p 00044000 08:0c 6295450                    /lib/x86_64-linux-gnu/libdbus-1.so.3.7.6
7f9e69806000-7f9e69841000 r-xp 00000000 08:0c 5907052                    /usr/lib/x86_64-linux-gnu/libp11-kit.so.0.0.0
7f9e69841000-7f9e69a40000 ---p 0003b000 08:0c 5907052                    /usr/lib/x86_64-linux-gnu/libp11-kit.so.0.0.0
7f9e69a40000-7f9e69a46000 r--p 0003a000 08:0c 5907052                    /usr/lib/x86_64-linux-gnu/libp11-kit.so.0.0.0
7f9e69a46000-7f9e69a48000 rw-p 00040000 08:0c 5907052                    /usr/lib/x86_64-linux-gnu/libp11-kit.so.0.0.0
7f9e69a48000-7f9e69a5a000 r-xp 00000000 08:0c 5907237                    /usr/lib/x86_64-linux-gnu/libtasn1.so.6.2.0
7f9e69a5a000-7f9e69c5a000 ---p 00012000 08:0c 5907237                    /usr/lib/x86_64-linux-gnu/libtasn1.so.6.2.0
7f9e69c5a000-7f9e69c5b000 r--p 00012000 08:0c 5907237                    /usr/lib/x86_64-linux-gnu/libtasn1.so.6.2.0
7f9e69c5b000-7f9e69c5c000 rw-p 00013000 08:0c 5907237                    /usr/lib/x86_64-linux-gnu/libtasn1.so.6.2.0
7f9e69c5c000-7f9e69cd7000 r-xp 00000000 08:0c 6295465                    /lib/x86_64-linux-gnu/libgcrypt.so.11.8.2
7f9e69cd7000-7f9e69ed7000 ---p 0007b000 08:0c 6295465                    /lib/x86_64-linux-gnu/libgcrypt.so.11.8.2
7f9e69ed7000-7f9e69ed8000 r--p 0007b000 08:0c 6295465                    /lib/x86_64-linux-gnu/libgcrypt.so.11.8.2
7f9e69ed8000-7f9e69edb000 rw-p 0007c000 08:0c 6295465                    /lib/x86_64-linux-gnu/libgcrypt.so.11.8.2
7f9e69edb000-7f9e69ee5000 r-xp 00000000 08:0c 5906935                    /usr/lib/x86_64-linux-gnu/libkrb5support.so.0.1
7f9e69ee5000-7f9e6a0e4000 ---p 0000a000 08:0c 5906935                    /usr/lib/x86_64-linux-gnu/libkrb5support.so.0.1
7f9e6a0e4000-7f9e6a0e5000 r--p 00009000 08:0c 5906935                    /usr/lib/x86_64-linux-gnu/libkrb5support.so.0.1
7f9e6a0e5000-7f9e6a0e6000 rw-p 0000a000 08:0c 5906935                    /usr/lib/x86_64-linux-gnu/libkrb5support.so.0.1
7f9e6a0e6000-7f9e6a0e9000 r-xp 00000000 08:0c 6295445                    /lib/x86_64-linux-gnu/libcom_err.so.2.1
7f9e6a0e9000-7f9e6a2e8000 ---p 00003000 08:0c 6295445                    /lib/x86_64-linux-gnu/libcom_err.so.2.1
7f9e6a2e8000-7f9e6a2e9000 r--p 00002000 08:0c 6295445                    /lib/x86_64-linux-gnu/libcom_err.so.2.1
7f9e6a2e9000-7f9e6a2ea000 rw-p 00003000 08:0c 6295445                    /lib/x86_64-linux-gnu/libcom_err.so.2.1
7f9e6a2ea000-7f9e6a316000 r-xp 00000000 08:0c 5906929                    /usr/lib/x86_64-linux-gnu/libk5crypto.so.3.1
7f9e6a316000-7f9e6a515000 ---p 0002c000 08:0c 5906929                    /usr/lib/x86_64-linux-gnu/libk5crypto.so.3.1
7f9e6a515000-7f9e6a517000 r--p 0002b000 08:0c 5906929                    /usr/lib/x86_64-linux-gnu/libk5crypto.so.3.1
7f9e6a517000-7f9e6a518000 rw-p 0002d000 08:0c 5906929                    /usr/lib/x86_64-linux-gnu/libk5crypto.so.3.1
7f9e6a518000-7f9e6a519000 rw-p 00000000 00:00 0 
7f9e6a519000-7f9e6a5d5000 r-xp 00000000 08:0c 5906933                    /usr/lib/x86_64-linux-gnu/libkrb5.so.3.3
7f9e6a5d5000-7f9e6a7d5000 ---p 000bc000 08:0c 5906933                    /usr/lib/x86_64-linux-gnu/libkrb5.so.3.3
7f9e6a7d5000-7f9e6a7e2000 r--p 000bc000 08:0c 5906933                    /usr/lib/x86_64-linux-gnu/libkrb5.so.3.3
7f9e6a7e2000-7f9e6a7e4000 rw-p 000c9000 08:0c 5906933                    /usr/lib/x86_64-linux-gnu/libkrb5.so.3.3
7f9e6a7e4000-7f9e6a7ea000 r-xp 00000000 08:0c 5906528                    /usr/lib/x86_64-linux-gnu/libdatrie.so.1.3.1
7f9e6a7ea000-7f9e6a9e9000 ---p 00006000 08:0c 5906528                    /usr/lib/x86_64-linux-gnu/libdatrie.so.1.3.1
7f9e6a9e9000-7f9e6a9ea000 r--p 00005000 08:0c 5906528                    /usr/lib/x86_64-linux-gnu/libdatrie.so.1.3.1
7f9e6a9ea000-7f9e6a9eb000 rw-p 00006000 08:0c 5906528                    /usr/lib/x86_64-linux-gnu/libdatrie.so.1.3.1
7f9e6a9eb000-7f9e6aa3e000 r-xp 00000000 08:0c 5906867                    /usr/lib/x86_64-linux-gnu/libharfbuzz.so.0.927.0
7f9e6aa3e000-7f9e6ac3e000 ---p 00053000 08:0c 5906867                    /usr/lib/x86_64-linux-gnu/libharfbuzz.so.0.927.0
7f9e6ac3e000-7f9e6ac3f000 r--p 00053000 08:0c 5906867                    /usr/lib/x86_64-linux-gnu/libharfbuzz.so.0.927.0
7f9e6ac3f000-7f9e6ac40000 rw-p 00054000 08:0c 5906867                    /usr/lib/x86_64-linux-gnu/libharfbuzz.so.0.927.0
7f9e6ac40000-7f9e6ac48000 r-xp 00000000 08:0c 5907379                    /usr/lib/x86_64-linux-gnu/libxcb-render.so.0.0.0
7f9e6ac48000-7f9e6ae47000 ---p 00008000 08:0c 5907379                    /usr/lib/x86_64-linux-gnu/libxcb-render.so.0.0.0
7f9e6ae47000-7f9e6ae48000 r--p 00007000 08:0c 5907379                    /usr/lib/x86_64-linux-gnu/libxcb-render.so.0.0.0
7f9e6ae48000-7f9e6ae49000 rw-p 00008000 08:0c 5907379                    /usr/lib/x86_64-linux-gnu/libxcb-render.so.0.0.0
7f9e6ae49000-7f9e6ae4b000 r-xp 00000000 08:0c 5907383                    /usr/lib/x86_64-linux-gnu/libxcb-shm.so.0.0.0
7f9e6ae4b000-7f9e6b04a000 ---p 00002000 08:0c 5907383                    /usr/lib/x86_64-linux-gnu/libxcb-shm.so.0.0.0
7f9e6b04a000-7f9e6b04b000 r--p 00001000 08:0c 5907383                    /usr/lib/x86_64-linux-gnu/libxcb-shm.so.0.0.0
7f9e6b04b000-7f9e6b04c000 rw-p 00002000 08:0c 5907383                    /usr/lib/x86_64-linux-gnu/libxcb-shm.so.0.0.0
7f9e6b04c000-7f9e6b071000 r-xp 00000000 08:0c 6295551                    /lib/x86_64-linux-gnu/libpng12.so.0.50.0
7f9e6b071000-7f9e6b270000 ---p 00025000 08:0c 6295551                    /lib/x86_64-linux-gnu/libpng12.so.0.50.0
7f9e6b270000-7f9e6b271000 r--p 00024000 08:0c 6295551                    /lib/x86_64-linux-gnu/libpng12.so.0.50.0
7f9e6b271000-7f9e6b272000 rw-p 00025000 08:0c 6295551                    /lib/x86_64-linux-gnu/libpng12.so.0.50.0
7f9e6b272000-7f9e6b313000 r-xp 00000000 08:0c 5907083                    /usr/lib/x86_64-linux-gnu/libpixman-1.so.0.30.2
7f9e6b313000-7f9e6b513000 ---p 000a1000 08:0c 5907083                    /usr/lib/x86_64-linux-gnu/libpixman-1.so.0.30.2
7f9e6b513000-7f9e6b51a000 r--p 000a1000 08:0c 5907083                    /usr/lib/x86_64-linux-gnu/libpixman-1.so.0.30.2
7f9e6b51a000-7f9e6b51b000 rw-p 000a8000 08:0c 5907083                    /usr/lib/x86_64-linux-gnu/libpixman-1.so.0.30.2
7f9e6b51b000-7f9e6b520000 r-xp 00000000 08:0c 5906336                    /usr/lib/x86_64-linux-gnu/libXdmcp.so.6.0.0
7f9e6b520000-7f9e6b71f000 ---p 00005000 08:0c 5906336                    /usr/lib/x86_64-linux-gnu/libXdmcp.so.6.0.0
7f9e6b71f000-7f9e6b720000 r--p 00004000 08:0c 5906336                    /usr/lib/x86_64-linux-gnu/libXdmcp.so.6.0.0
7f9e6b720000-7f9e6b721000 rw-p 00005000 08:0c 5906336                    /usr/lib/x86_64-linux-gnu/libXdmcp.so.6.0.0
7f9e6b721000-7f9e6b723000 r-xp 00000000 08:0c 5906325                    /usr/lib/x86_64-linux-gnu/libXau.so.6.0.0
7f9e6b723000-7f9e6b923000 ---p 00002000 08:0c 5906325                    /usr/lib/x86_64-linux-gnu/libXau.so.6.0.0
7f9e6b923000-7f9e6b924000 r--p 00002000 08:0c 5906325                    /usr/lib/x86_64-linux-gnu/libXau.so.6.0.0
7f9e6b924000-7f9e6b925000 rw-p 00003000 08:0c 5906325                    /usr/lib/x86_64-linux-gnu/libXau.so.6.0.0
7f9e6b925000-7f9e6b934000 r-xp 00000000 08:0c 5906429                    /usr/lib/x86_64-linux-gnu/libavahi-client.so.3.2.9
7f9e6b934000-7f9e6bb34000 ---p 0000f000 08:0c 5906429                    /usr/lib/x86_64-linux-gnu/libavahi-client.so.3.2.9
7f9e6bb34000-7f9e6bb35000 r--p 0000f000 08:0c 5906429                    /usr/lib/x86_64-linux-gnu/libavahi-client.so.3.2.9
7f9e6bb35000-7f9e6bb36000 rw-p 00010000 08:0c 5906429                    /usr/lib/x86_64-linux-gnu/libavahi-client.so.3.2.9
7f9e6bb36000-7f9e6bb41000 r-xp 00000000 08:0c 5906431                    /usr/lib/x86_64-linux-gnu/libavahi-common.so.3.5.3
7f9e6bb41000-7f9e6bd40000 ---p 0000b000 08:0c 5906431                    /usr/lib/x86_64-linux-gnu/libavahi-common.so.3.5.3
7f9e6bd40000-7f9e6bd41000 r--p 0000a000 08:0c 5906431                    /usr/lib/x86_64-linux-gnu/libavahi-common.so.3.5.3
7f9e6bd41000-7f9e6bd42000 rw-p 0000b000 08:0c 5906431                    /usr/lib/x86_64-linux-gnu/libavahi-common.so.3.5.3
7f9e6bd42000-7f9e6bdf8000 r-xp 00000000 08:0c 5899072                    /usr/lib/x86_64-linux-gnu/libgnutls.so.26.22.6
7f9e6bdf8000-7f9e6bff8000 ---p 000b6000 08:0c 5899072                    /usr/lib/x86_64-linux-gnu/libgnutls.so.26.22.6
7f9e6bff8000-7f9e6bffe000 r--p 000b6000 08:0c 5899072                    /usr/lib/x86_64-linux-gnu/libgnutls.so.26.22.6
7f9e6bffe000-7f9e6bfff000 rw-p 000bc000 08:0c 5899072                    /usr/lib/x86_64-linux-gnu/libgnutls.so.26.22.6
7f9e6bfff000-7f9e6c000000 rw-p 00000000 00:00 0 
7f9e6c000000-7f9e6c021000 rw-p 00000000 00:00 0 
7f9e6c021000-7f9e70000000 ---p 00000000 00:00 0 
7f9e70000000-7f9e70021000 rw-p 00000000 00:00 0 
7f9e70021000-7f9e74000000 ---p 00000000 00:00 0 
7f9e740e7000-7f9e740ea000 ---p 00000000 00:00 0 
7f9e740ea000-7f9e741e8000 rw-p 00000000 00:00 0                          [stack:7607]
7f9e741e8000-7f9e7422b000 r-xp 00000000 08:0c 5906763                    /usr/lib/x86_64-linux-gnu/libgssapi_krb5.so.2.2
7f9e7422b000-7f9e7442b000 ---p 00043000 08:0c 5906763                    /usr/lib/x86_64-linux-gnu/libgssapi_krb5.so.2.2
7f9e7442b000-7f9e7442c000 r--p 00043000 08:0c 5906763                    /usr/lib/x86_64-linux-gnu/libgssapi_krb5.so.2.2
7f9e7442c000-7f9e7442e000 rw-p 00044000 08:0c 5906763                    /usr/lib/x86_64-linux-gnu/libgssapi_krb5.so.2.2
7f9e7442e000-7f9e74455000 r-xp 00000000 08:0c 6295458                    /lib/x86_64-linux-gnu/libexpat.so.1.6.0
7f9e74455000-7f9e74655000 ---p 00027000 08:0c 6295458                    /lib/x86_64-linux-gnu/libexpat.so.1.6.0
7f9e74655000-7f9e74657000 r--p 00027000 08:0c 6295458                    /lib/x86_64-linux-gnu/libexpat.so.1.6.0
7f9e74657000-7f9e74658000 rw-p 00029000 08:0c 6295458                    /lib/x86_64-linux-gnu/libexpat.so.1.6.0
7f9e74658000-7f9e746f5000 r-xp 00000000 08:0c 5899445                    /usr/lib/x86_64-linux-gnu/libfreetype.so.6.11.1
7f9e746f5000-7f9e748f4000 ---p 0009d000 08:0c 5899445                    /usr/lib/x86_64-linux-gnu/libfreetype.so.6.11.1
7f9e748f4000-7f9e748fa000 r--p 0009c000 08:0c 5899445                    /usr/lib/x86_64-linux-gnu/libfreetype.so.6.11.1
7f9e748fa000-7f9e748fb000 rw-p 000a2000 08:0c 5899445                    /usr/lib/x86_64-linux-gnu/libfreetype.so.6.11.1
7f9e748fb000-7f9e74903000 r-xp 00000000 08:0c 5907253                    /usr/lib/x86_64-linux-gnu/libthai.so.0.2.0
7f9e74903000-7f9e74b02000 ---p 00008000 08:0c 5907253                    /usr/lib/x86_64-linux-gnu/libthai.so.0.2.0
7f9e74b02000-7f9e74b03000 r--p 00007000 08:0c 5907253                    /usr/lib/x86_64-linux-gnu/libthai.so.0.2.0
7f9e74b03000-7f9e74b04000 rw-p 00008000 08:0c 5907253                    /usr/lib/x86_64-linux-gnu/libthai.so.0.2.0
7f9e74b04000-7f9e74b06000 r-xp 00000000 08:0c 5906334                    /usr/lib/x86_64-linux-gnu/libXdamage.so.1.1.0
7f9e74b06000-7f9e74d05000 ---p 00002000 08:0c 5906334                    /usr/lib/x86_64-linux-gnu/libXdamage.so.1.1.0
7f9e74d05000-7f9e74d06000 r--p 00001000 08:0c 5906334                    /usr/lib/x86_64-linux-gnu/libXdamage.so.1.1.0
7f9e74d06000-7f9e74d07000 rw-p 00002000 08:0c 5906334                    /usr/lib/x86_64-linux-gnu/libXdamage.so.1.1.0
7f9e74d07000-7f9e74d09000 r-xp 00000000 08:0c 5906330                    /usr/lib/x86_64-linux-gnu/libXcomposite.so.1.0.0
7f9e74d09000-7f9e74f08000 ---p 00002000 08:0c 5906330                    /usr/lib/x86_64-linux-gnu/libXcomposite.so.1.0.0
7f9e74f08000-7f9e74f09000 r--p 00001000 08:0c 5906330                    /usr/lib/x86_64-linux-gnu/libXcomposite.so.1.0.0
7f9e74f09000-7f9e74f0a000 rw-p 00002000 08:0c 5906330                    /usr/lib/x86_64-linux-gnu/libXcomposite.so.1.0.0
7f9e74f0a000-7f9e74f13000 r-xp 00000000 08:0c 5906332                    /usr/lib/x86_64-linux-gnu/libXcursor.so.1.0.2
7f9e74f13000-7f9e75112000 ---p 00009000 08:0c 5906332                    /usr/lib/x86_64-linux-gnu/libXcursor.so.1.0.2
7f9e75112000-7f9e75113000 r--p 00008000 08:0c 5906332                    /usr/lib/x86_64-linux-gnu/libXcursor.so.1.0.2
7f9e75113000-7f9e75114000 rw-p 00009000 08:0c 5906332                    /usr/lib/x86_64-linux-gnu/libXcursor.so.1.0.2
7f9e75114000-7f9e7511d000 r-xp 00000000 08:0c 5906358                    /usr/lib/x86_64-linux-gnu/libXrandr.so.2.2.0
7f9e7511d000-7f9e7531c000 ---p 00009000 08:0c 5906358                    /usr/lib/x86_64-linux-gnu/libXrandr.so.2.2.0
7f9e7531c000-7f9e7531d000 r--p 00008000 08:0c 5906358                    /usr/lib/x86_64-linux-gnu/libXrandr.so.2.2.0
7f9e7531d000-7f9e7531e000 rw-p 00009000 08:0c 5906358                    /usr/lib/x86_64-linux-gnu/libXrandr.so.2.2.0
7f9e7531e000-7f9e75320000 r-xp 00000000 08:0c 5906348                    /usr/lib/x86_64-linux-gnu/libXinerama.so.1.0.0
7f9e75320000-7f9e7551f000 ---p 00002000 08:0c 5906348                    /usr/lib/x86_64-linux-gnu/libXinerama.so.1.0.0
7f9e7551f000-7f9e75520000 r--p 00001000 08:0c 5906348                    /usr/lib/x86_64-linux-gnu/libXinerama.so.1.0.0
7f9e75520000-7f9e75521000 rw-p 00002000 08:0c 5906348                    /usr/lib/x86_64-linux-gnu/libXinerama.so.1.0.0
7f9e75521000-7f9e75535000 r-xp 00000000 08:0c 5907064                    /usr/lib/x86_64-linux-gnu/libpangoft2-1.0.so.0.3600.3
7f9e75535000-7f9e75734000 ---p 00014000 08:0c 5907064                    /usr/lib/x86_64-linux-gnu/libpangoft2-1.0.so.0.3600.3
7f9e75734000-7f9e75735000 r--p 00013000 08:0c 5907064                    /usr/lib/x86_64-linux-gnu/libpangoft2-1.0.so.0.3600.3
7f9e75735000-7f9e75736000 rw-p 00014000 08:0c 5907064                    /usr/lib/x86_64-linux-gnu/libpangoft2-1.0.so.0.3600.3
7f9e75736000-7f9e7583c000 r-xp 00000000 08:0c 5906456                    /usr/lib/x86_64-linux-gnu/libcairo.so.2.11301.0
7f9e7583c000-7f9e75a3b000 ---p 00106000 08:0c 5906456                    /usr/lib/x86_64-linux-gnu/libcairo.so.2.11301.0
7f9e75a3b000-7f9e75a3e000 r--p 00105000 08:0c 5906456                    /usr/lib/x86_64-linux-gnu/libcairo.so.2.11301.0
7f9e75a3e000-7f9e75a3f000 rw-p 00108000 08:0c 5906456                    /usr/lib/x86_64-linux-gnu/libcairo.so.2.11301.0
7f9e75a3f000-7f9e75a41000 rw-p 00000000 00:00 0 
7f9e75a41000-7f9e75a60000 r-xp 00000000 08:0c 5906417                    /usr/lib/x86_64-linux-gnu/libatk-1.0.so.0.21009.1
7f9e75a60000-7f9e75c60000 ---p 0001f000 08:0c 5906417                    /usr/lib/x86_64-linux-gnu/libatk-1.0.so.0.21009.1
7f9e75c60000-7f9e75c62000 r--p 0001f000 08:0c 5906417                    /usr/lib/x86_64-linux-gnu/libatk-1.0.so.0.21009.1
7f9e75c62000-7f9e75c63000 rw-p 00021000 08:0c 5906417                    /usr/lib/x86_64-linux-gnu/libatk-1.0.so.0.21009.1
7f9e75c63000-7f9e75c68000 r-xp 00000000 08:0c 5906340                    /usr/lib/x86_64-linux-gnu/libXfixes.so.3.1.0
7f9e75c68000-7f9e75e67000 ---p 00005000 08:0c 5906340                    /usr/lib/x86_64-linux-gnu/libXfixes.so.3.1.0
7f9e75e67000-7f9e75e68000 r--p 00004000 08:0c 5906340                    /usr/lib/x86_64-linux-gnu/libXfixes.so.3.1.0
7f9e75e68000-7f9e75e69000 rw-p 00005000 08:0c 5906340                    /usr/lib/x86_64-linux-gnu/libXfixes.so.3.1.0
7f9e75e69000-7f9e75e74000 r-xp 00000000 08:0c 5907062                    /usr/lib/x86_64-linux-gnu/libpangocairo-1.0.so.0.3600.3
7f9e75e74000-7f9e76074000 ---p 0000b000 08:0c 5907062                    /usr/lib/x86_64-linux-gnu/libpangocairo-1.0.so.0.3600.3
7f9e76074000-7f9e76075000 r--p 0000b000 08:0c 5907062                    /usr/lib/x86_64-linux-gnu/libpangocairo-1.0.so.0.3600.3
7f9e76075000-7f9e76076000 rw-p 0000c000 08:0c 5907062                    /usr/lib/x86_64-linux-gnu/libpangocairo-1.0.so.0.3600.3
7f9e76076000-7f9e76093000 r-xp 00000000 08:0c 5907393                    /usr/lib/x86_64-linux-gnu/libxcb.so.1.1.0
7f9e76093000-7f9e76293000 ---p 0001d000 08:0c 5907393                    /usr/lib/x86_64-linux-gnu/libxcb.so.1.1.0
7f9e76293000-7f9e76294000 r--p 0001d000 08:0c 5907393                    /usr/lib/x86_64-linux-gnu/libxcb.so.1.1.0
7f9e76294000-7f9e76295000 rw-p 0001e000 08:0c 5907393                    /usr/lib/x86_64-linux-gnu/libxcb.so.1.1.0
7f9e76295000-7f9e76301000 r-xp 00000000 08:0c 5906514                    /usr/lib/x86_64-linux-gnu/libcups.so.2
7f9e76301000-7f9e76501000 ---p 0006c000 08:0c 5906514                    /usr/lib/x86_64-linux-gnu/libcups.so.2
7f9e76501000-7f9e76508000 r--p 0006c000 08:0c 5906514                    /usr/lib/x86_64-linux-gnu/libcups.so.2
7f9e76508000-7f9e76509000 rw-p 00073000 08:0c 5906514                    /usr/lib/x86_64-linux-gnu/libcups.so.2
7f9e76509000-7f9e7650a000 r-xp 00000000 08:0c 5906843                    /usr/lib/x86_64-linux-gnu/libgthread-2.0.so.0.4000.0
7f9e7650a000-7f9e76709000 ---p 00001000 08:0c 5906843                    /usr/lib/x86_64-linux-gnu/libgthread-2.0.so.0.4000.0
7f9e76709000-7f9e7670a000 r--p 00000000 08:0c 5906843                    /usr/lib/x86_64-linux-gnu/libgthread-2.0.so.0.4000.0
7f9e7670a000-7f9e7670b000 rw-p 00001000 08:0c 5906843                    /usr/lib/x86_64-linux-gnu/libgthread-2.0.so.0.4000.0
7f9e7670b000-7f9e76745000 r-xp 00000000 08:0c 5906617                    /usr/lib/x86_64-linux-gnu/libfontconfig.so.1.8.0
7f9e76745000-7f9e76944000 ---p 0003a000 08:0c 5906617                    /usr/lib/x86_64-linux-gnu/libfontconfig.so.1.8.0
7f9e76944000-7f9e76946000 r--p 00039000 08:0c 5906617                    /usr/lib/x86_64-linux-gnu/libfontconfig.so.1.8.0
7f9e76946000-7f9e76947000 rw-p 0003b000 08:0c 5906617                    /usr/lib/x86_64-linux-gnu/libfontconfig.so.1.8.0
7f9e76947000-7f9e76991000 r-xp 00000000 08:0c 5907060                    /usr/lib/x86_64-linux-gnu/libpango-1.0.so.0.3600.3
7f9e76991000-7f9e76b91000 ---p 0004a000 08:0c 5907060                    /usr/lib/x86_64-linux-gnu/libpango-1.0.so.0.3600.3
7f9e76b91000-7f9e76b93000 r--p 0004a000 08:0c 5907060                    /usr/lib/x86_64-linux-gnu/libpango-1.0.so.0.3600.3
7f9e76b93000-7f9e76b94000 rw-p 0004c000 08:0c 5907060                    /usr/lib/x86_64-linux-gnu/libpango-1.0.so.0.3600.3
7f9e76b94000-7f9e76bb3000 r-xp 00000000 08:0c 5906682                    /usr/lib/x86_64-linux-gnu/libgdk_pixbuf-2.0.so.0.3000.7
7f9e76bb3000-7f9e76db3000 ---p 0001f000 08:0c 5906682                    /usr/lib/x86_64-linux-gnu/libgdk_pixbuf-2.0.so.0.3000.7
7f9e76db3000-7f9e76db4000 r--p 0001f000 08:0c 5906682                    /usr/lib/x86_64-linux-gnu/libgdk_pixbuf-2.0.so.0.3000.7
7f9e76db4000-7f9e76db5000 rw-p 00020000 08:0c 5906682                    /usr/lib/x86_64-linux-gnu/libgdk_pixbuf-2.0.so.0.3000.7
7f9e76db5000-7f9e76e62000 r-xp 00000000 08:0c 5900288                    /usr/lib/x86_64-linux-gnu/libgdk-x11-2.0.so.0.2400.23
7f9e76e62000-7f9e77061000 ---p 000ad000 08:0c 5900288                    /usr/lib/x86_64-linux-gnu/libgdk-x11-2.0.so.0.2400.23
7f9e77061000-7f9e77065000 r--p 000ac000 08:0c 5900288                    /usr/lib/x86_64-linux-gnu/libgdk-x11-2.0.so.0.2400.23
7f9e77065000-7f9e77067000 rw-p 000b0000 08:0c 5900288                    /usr/lib/x86_64-linux-gnu/libgdk-x11-2.0.so.0.2400.23
7f9e77067000-7f9e77496000 r-xp 00000000 08:0c 5899952                    /usr/lib/x86_64-linux-gnu/libgtk-x11-2.0.so.0.2400.23
7f9e77496000-7f9e77695000 ---p 0042f000 08:0c 5899952                    /usr/lib/x86_64-linux-gnu/libgtk-x11-2.0.so.0.2400.23
7f9e77695000-7f9e7769c000 r--p 0042e000 08:0c 5899952                    /usr/lib/x86_64-linux-gnu/libgtk-x11-2.0.so.0.2400.23
7f9e7769c000-7f9e776a0000 rw-p 00435000 08:0c 5899952                    /usr/lib/x86_64-linux-gnu/libgtk-x11-2.0.so.0.2400.23
7f9e776a0000-7f9e776a3000 rw-p 00000000 00:00 0 
7f9e776a3000-7f9e776b2000 r-xp 00000000 08:0c 5906346                    /usr/lib/x86_64-linux-gnu/libXi.so.6.1.0
7f9e776b2000-7f9e778b1000 ---p 0000f000 08:0c 5906346                    /usr/lib/x86_64-linux-gnu/libXi.so.6.1.0
7f9e778b1000-7f9e778b2000 r--p 0000e000 08:0c 5906346                    /usr/lib/x86_64-linux-gnu/libXi.so.6.1.0
7f9e778b2000-7f9e778b3000 rw-p 0000f000 08:0c 5906346                    /usr/lib/x86_64-linux-gnu/libXi.so.6.1.0
7f9e778b3000-7f9e778b8000 r-xp 00000000 08:0c 5906366                    /usr/lib/x86_64-linux-gnu/libXtst.so.6.1.0
7f9e778b8000-7f9e77ab7000 ---p 00005000 08:0c 5906366                    /usr/lib/x86_64-linux-gnu/libXtst.so.6.1.0
7f9e77ab7000-7f9e77ab8000 r--p 00004000 08:0c 5906366                    /usr/lib/x86_64-linux-gnu/libXtst.so.6.1.0
7f9e77ab8000-7f9e77ab9000 rw-p 00005000 08:0c 5906366                    /usr/lib/x86_64-linux-gnu/libXtst.so.6.1.0
7f9e77ab9000-7f9e77be9000 r-xp 00000000 08:0c 5906321                    /usr/lib/x86_64-linux-gnu/libX11.so.6.3.0
7f9e77be9000-7f9e77de9000 ---p 00130000 08:0c 5906321                    /usr/lib/x86_64-linux-gnu/libX11.so.6.3.0
7f9e77de9000-7f9e77dea000 r--p 00130000 08:0c 5906321                    /usr/lib/x86_64-linux-gnu/libX11.so.6.3.0
7f9e77dea000-7f9e77dee000 rw-p 00131000 08:0c 5906321                    /usr/lib/x86_64-linux-gnu/libX11.so.6.3.0
7f9e77dee000-7f9e77dff000 r-xp 00000000 08:0c 5906338                    /usr/lib/x86_64-linux-gnu/libXext.so.6.4.0
7f9e77dff000-7f9e77ffe000 ---p 00011000 08:0c 5906338                    /usr/lib/x86_64-linux-gnu/libXext.so.6.4.0
7f9e77ffe000-7f9e77fff000 r--p 00010000 08:0c 5906338                    /usr/lib/x86_64-linux-gnu/libXext.so.6.4.0
7f9e77fff000-7f9e78000000 rw-p 00011000 08:0c 5906338                    /usr/lib/x86_64-linux-gnu/libXext.so.6.4.0
7f9e78000000-7f9e78021000 rw-p 00000000 00:00 0 
7f9e78021000-7f9e7c000000 ---p 00000000 00:00 0 
7f9e7c005000-7f9e7c00e000 r-xp 00000000 08:0c 5906360                    /usr/lib/x86_64-linux-gnu/libXrender.so.1.3.0
7f9e7c00e000-7f9e7c20d000 ---p 00009000 08:0c 5906360                    /usr/lib/x86_64-linux-gnu/libXrender.so.1.3.0
7f9e7c20d000-7f9e7c20e000 r--p 00008000 08:0c 5906360                    /usr/lib/x86_64-linux-gnu/libXrender.so.1.3.0
7f9e7c20e000-7f9e7c20f000 rw-p 00009000 08:0c 5906360                    /usr/lib/x86_64-linux-gnu/libXrender.so.1.3.0
7f9e7c223000-7f9e7c22c000 r--s 000b9000 08:0c 6038099                    /usr/lib/jvm/java-7-openjdk-amd64/jre/lib/resources.jar
7f9e7c22c000-7f9e7c27d000 r-xp 00000000 08:0c 6038063                    /usr/lib/jvm/java-7-openjdk-amd64/jre/lib/amd64/xawt/libmawt.so
7f9e7c27d000-7f9e7c47c000 ---p 00051000 08:0c 6038063                    /usr/lib/jvm/java-7-openjdk-amd64/jre/lib/amd64/xawt/libmawt.so
7f9e7c47c000-7f9e7c47d000 r--p 00050000 08:0c 6038063                    /usr/lib/jvm/java-7-openjdk-amd64/jre/lib/amd64/xawt/libmawt.so
7f9e7c47d000-7f9e7c480000 rw-p 00051000 08:0c 6038063                    /usr/lib/jvm/java-7-openjdk-amd64/jre/lib/amd64/xawt/libmawt.so
7f9e7c480000-7f9e7c481000 rw-p 00000000 00:00 0 
7f9e7c481000-7f9e7c521000 r-xp 00000000 08:0c 6038150                    /usr/lib/jvm/java-7-openjdk-amd64/jre/lib/amd64/libawt.so
7f9e7c521000-7f9e7c720000 ---p 000a0000 08:0c 6038150                    /usr/lib/jvm/java-7-openjdk-amd64/jre/lib/amd64/libawt.so
7f9e7c720000-7f9e7c721000 r--p 0009f000 08:0c 6038150                    /usr/lib/jvm/java-7-openjdk-amd64/jre/lib/amd64/libawt.so
7f9e7c721000-7f9e7c72c000 rw-p 000a0000 08:0c 6038150                    /usr/lib/jvm/java-7-openjdk-amd64/jre/lib/amd64/libawt.so
7f9e7c72c000-7f9e7c782000 rw-p 00000000 00:00 0 
7f9e7c782000-7f9e7c7bf000 r-xp 00000000 08:0c 6295539                    /lib/x86_64-linux-gnu/libpcre.so.3.13.1
7f9e7c7bf000-7f9e7c9be000 ---p 0003d000 08:0c 6295539                    /lib/x86_64-linux-gnu/libpcre.so.3.13.1
7f9e7c9be000-7f9e7c9bf000 r--p 0003c000 08:0c 6295539                    /lib/x86_64-linux-gnu/libpcre.so.3.13.1
7f9e7c9bf000-7f9e7c9c0000 rw-p 0003d000 08:0c 6295539                    /lib/x86_64-linux-gnu/libpcre.so.3.13.1
7f9e7c9c0000-7f9e7c9c7000 r-xp 00000000 08:0c 5906603                    /usr/lib/x86_64-linux-gnu/libffi.so.6.0.1
7f9e7c9c7000-7f9e7cbc6000 ---p 00007000 08:0c 5906603                    /usr/lib/x86_64-linux-gnu/libffi.so.6.0.1
7f9e7cbc6000-7f9e7cbc7000 r--p 00006000 08:0c 5906603                    /usr/lib/x86_64-linux-gnu/libffi.so.6.0.1
7f9e7cbc7000-7f9e7cbc8000 rw-p 00007000 08:0c 5906603                    /usr/lib/x86_64-linux-gnu/libffi.so.6.0.1
7f9e7cbc8000-7f9e7cbdf000 r-xp 00000000 08:0c 6295562                    /lib/x86_64-linux-gnu/libresolv-2.19.so
7f9e7cbdf000-7f9e7cddf000 ---p 00017000 08:0c 6295562                    /lib/x86_64-linux-gnu/libresolv-2.19.so
7f9e7cddf000-7f9e7cde0000 r--p 00017000 08:0c 6295562                    /lib/x86_64-linux-gnu/libresolv-2.19.so
7f9e7cde0000-7f9e7cde1000 rw-p 00018000 08:0c 6295562                    /lib/x86_64-linux-gnu/libresolv-2.19.so
7f9e7cde1000-7f9e7cde3000 rw-p 00000000 00:00 0 
7f9e7cde3000-7f9e7ce03000 r-xp 00000000 08:0c 6292666                    /lib/x86_64-linux-gnu/libselinux.so.1
7f9e7ce03000-7f9e7d002000 ---p 00020000 08:0c 6292666                    /lib/x86_64-linux-gnu/libselinux.so.1
7f9e7d002000-7f9e7d003000 r--p 0001f000 08:0c 6292666                    /lib/x86_64-linux-gnu/libselinux.so.1
7f9e7d003000-7f9e7d004000 rw-p 00020000 08:0c 6292666                    /lib/x86_64-linux-gnu/libselinux.so.1
7f9e7d004000-7f9e7d006000 rw-p 00000000 00:00 0 
7f9e7d006000-7f9e7d009000 r-xp 00000000 08:0c 5906720                    /usr/lib/x86_64-linux-gnu/libgmodule-2.0.so.0.4000.0
7f9e7d009000-7f9e7d208000 ---p 00003000 08:0c 5906720                    /usr/lib/x86_64-linux-gnu/libgmodule-2.0.so.0.4000.0
7f9e7d208000-7f9e7d209000 r--p 00002000 08:0c 5906720                    /usr/lib/x86_64-linux-gnu/libgmodule-2.0.so.0.4000.0
7f9e7d209000-7f9e7d20a000 rw-p 00003000 08:0c 5906720                    /usr/lib/x86_64-linux-gnu/libgmodule-2.0.so.0.4000.0
7f9e7d20a000-7f9e7d310000 r-xp 00000000 08:0c 6295467                    /lib/x86_64-linux-gnu/libglib-2.0.so.0.4000.0
7f9e7d310000-7f9e7d50f000 ---p 00106000 08:0c 6295467                    /lib/x86_64-linux-gnu/libglib-2.0.so.0.4000.0
7f9e7d50f000-7f9e7d510000 r--p 00105000 08:0c 6295467                    /lib/x86_64-linux-gnu/libglib-2.0.so.0.4000.0
7f9e7d510000-7f9e7d511000 rw-p 00106000 08:0c 6295467                    /lib/x86_64-linux-gnu/libglib-2.0.so.0.4000.0
7f9e7d511000-7f9e7d512000 rw-p 00000000 00:00 0 
7f9e7d512000-7f9e7d561000 r-xp 00000000 08:0c 5906736                    /usr/lib/x86_64-linux-gnu/libgobject-2.0.so.0.4000.0
7f9e7d561000-7f9e7d761000 ---p 0004f000 08:0c 5906736                    /usr/lib/x86_64-linux-gnu/libgobject-2.0.so.0.4000.0
7f9e7d761000-7f9e7d762000 r--p 0004f000 08:0c 5906736                    /usr/lib/x86_64-linux-gnu/libgobject-2.0.so.0.4000.0
7f9e7d762000-7f9e7d763000 rw-p 00050000 08:0c 5906736                    /usr/lib/x86_64-linux-gnu/libgobject-2.0.so.0.4000.0
7f9e7d763000-7f9e7d8ce000 r-xp 00000000 08:0c 5906706                    /usr/lib/x86_64-linux-gnu/libgio-2.0.so.0.4000.0
7f9e7d8ce000-7f9e7dace000 ---p 0016b000 08:0c 5906706                    /usr/lib/x86_64-linux-gnu/libgio-2.0.so.0.4000.0
7f9e7dace000-7f9e7dad2000 r--p 0016b000 08:0c 5906706                    /usr/lib/x86_64-linux-gnu/libgio-2.0.so.0.4000.0
7f9e7dad2000-7f9e7dad4000 rw-p 0016f000 08:0c 5906706                    /usr/lib/x86_64-linux-gnu/libgio-2.0.so.0.4000.0
7f9e7dad4000-7f9e7dad6000 rw-p 00000000 00:00 0 
7f9e7dad9000-7f9e7dadd000 rw-s 00000000 00:04 25133072                   /SYSV00000000 (deleted)
7f9e7dadd000-7f9e7dae4000 r--s 0009e000 08:08 2405582                    /home/ruioliveira/Downloads/jgoodies-binding-2.10.0/jgoodies-binding-2.10.0-javadoc.jar
7f9e7dae4000-7f9e7dae7000 r--s 0003d000 08:08 2405583                    /home/ruioliveira/Downloads/jgoodies-binding-2.10.0/jgoodies-binding-2.10.0-sources.jar
7f9e7dae7000-7f9e7daea000 r--s 00020000 08:08 2405584                    /home/ruioliveira/Downloads/jgoodies-binding-2.10.0/jgoodies-binding-2.10.0-tests.jar
7f9e7daea000-7f9e7daf0000 r--s 0002b000 08:08 2405585                    /home/ruioliveira/Downloads/jgoodies-binding-2.10.0/jgoodies-binding-2.10.0.jar
7f9e7daf0000-7f9e7daf3000 r--s 00035000 08:08 2405312                    /home/ruioliveira/Downloads/jgoodies-common-1.8.0/jgoodies-common-1.8.0-javadoc.jar
7f9e7daf3000-7f9e7db09000 r-xp 00000000 08:0c 6038134                    /usr/lib/jvm/java-7-openjdk-amd64/jre/lib/amd64/libnet.so
7f9e7db09000-7f9e7dd09000 ---p 00016000 08:0c 6038134                    /usr/lib/jvm/java-7-openjdk-amd64/jre/lib/amd64/libnet.so
7f9e7dd09000-7f9e7dd0a000 r--p 00016000 08:0c 6038134                    /usr/lib/jvm/java-7-openjdk-amd64/jre/lib/amd64/libnet.so
7f9e7dd0a000-7f9e7dd0b000 rw-p 00017000 08:0c 6038134                    /usr/lib/jvm/java-7-openjdk-amd64/jre/lib/amd64/libnet.so
7f9e7dd0b000-7f9e7dd1b000 r-xp 00000000 08:0c 6038142                    /usr/lib/jvm/java-7-openjdk-amd64/jre/lib/amd64/libnio.so
7f9e7dd1b000-7f9e7df1b000 ---p 00010000 08:0c 6038142                    /usr/lib/jvm/java-7-openjdk-amd64/jre/lib/amd64/libnio.so
7f9e7df1b000-7f9e7df1c000 r--p 00010000 08:0c 6038142                    /usr/lib/jvm/java-7-openjdk-amd64/jre/lib/amd64/libnio.so
7f9e7df1c000-7f9e7df1d000 rw-p 00011000 08:0c 6038142                    /usr/lib/jvm/java-7-openjdk-amd64/jre/lib/amd64/libnio.so
7f9e7df1d000-7f9e7df1e000 ---p 00000000 00:00 0 
7f9e7df1e000-7f9e7e01e000 rw-p 00000000 00:00 0                          [stack:7605]
7f9e7e01e000-7f9e7e021000 ---p 00000000 00:00 0 
7f9e7e021000-7f9e7e11f000 rw-p 00000000 00:00 0                          [stack:7604]
7f9e7e11f000-7f9e7e122000 ---p 00000000 00:00 0 
7f9e7e122000-7f9e7e220000 rw-p 00000000 00:00 0                          [stack:7603]
7f9e7e220000-7f9e7e223000 ---p 00000000 00:00 0 
7f9e7e223000-7f9e7e321000 rw-p 00000000 00:00 0                          [stack:7602]
7f9e7e321000-7f9e7e324000 ---p 00000000 00:00 0 
7f9e7e324000-7f9e7e422000 rw-p 00000000 00:00 0                          [stack:7601]
7f9e7e422000-7f9e7eb05000 r--p 00000000 08:0c 5905319                    /usr/lib/locale/locale-archive
7f9e7eb05000-7f9e7eb08000 ---p 00000000 00:00 0 
7f9e7eb08000-7f9e7ec06000 rw-p 00000000 00:00 0                          [stack:7600]
7f9e7ec06000-7f9e7ec09000 ---p 00000000 00:00 0 
7f9e7ec09000-7f9e7ed07000 rw-p 00000000 00:00 0                          [stack:7599]
7f9e7ed07000-7f9e7ed08000 ---p 00000000 00:00 0 
7f9e7ed08000-7f9e80000000 rw-p 00000000 00:00 0                          [stack:7598]
7f9e80000000-7f9e80021000 rw-p 00000000 00:00 0 
7f9e80021000-7f9e84000000 ---p 00000000 00:00 0 
7f9e84000000-7f9e84001000 r--p 00000000 08:0c 7363661                    /usr/share/locale-langpack/en_GB/LC_MESSAGES/libc.mo
7f9e84001000-7f9e84003000 r--s 00010000 08:08 2405313                    /home/ruioliveira/Downloads/jgoodies-common-1.8.0/jgoodies-common-1.8.0-sources.jar
7f9e84003000-7f9e84004000 r--s 00004000 08:08 2405314                    /home/ruioliveira/Downloads/jgoodies-common-1.8.0/jgoodies-common-1.8.0-tests.jar
7f9e84004000-7f9e8400b000 r--s 000a4000 08:08 2405115                    /home/ruioliveira/Downloads/jgoodies-looks-2.6.0/jgoodies-looks-2.6.0-javadoc.jar
7f9e8400b000-7f9e84010000 r--s 00051000 08:08 2405116                    /home/ruioliveira/Downloads/jgoodies-looks-2.6.0/jgoodies-looks-2.6.0-sources.jar
7f9e84010000-7f9e84019000 r--s 0005a000 08:08 2405118                    /home/ruioliveira/Downloads/jgoodies-looks-2.6.0/jgoodies-looks-2.6.0.jar
7f9e84019000-7f9e84a23000 rw-p 00000000 00:00 0 
7f9e84a23000-7f9e84bd1000 r--s 01cfc000 08:0c 6038089                    /usr/lib/jvm/java-7-openjdk-amd64/jre/lib/rt.jar
7f9e84bd1000-7f9e85000000 rw-p 00000000 00:00 0 
7f9e85000000-7f9e85270000 rwxp 00000000 00:00 0 
7f9e85270000-7f9e88376000 rw-p 00000000 00:00 0 
7f9e88376000-7f9e8c000000 ---p 00000000 00:00 0 
7f9e8c000000-7f9e8c002000 r--s 00007000 08:08 2405315                    /home/ruioliveira/Downloads/jgoodies-common-1.8.0/jgoodies-common-1.8.0.jar
7f9e8c002000-7f9e8c003000 r--s 00001000 08:08 2405117                    /home/ruioliveira/Downloads/jgoodies-looks-2.6.0/jgoodies-looks-2.6.0-tests.jar
7f9e8c003000-7f9e8c1b1000 rw-p 00000000 00:00 0 
7f9e8c1b1000-7f9e8c1b2000 ---p 00000000 00:00 0 
7f9e8c1b2000-7f9e8c2b2000 rw-p 00000000 00:00 0                          [stack:7597]
7f9e8c2b2000-7f9e8c2b3000 ---p 00000000 00:00 0 
7f9e8c2b3000-7f9e8c3b3000 rw-p 00000000 00:00 0                          [stack:7596]
7f9e8c3b3000-7f9e8c3b4000 ---p 00000000 00:00 0 
7f9e8c3b4000-7f9e8c4b4000 rw-p 00000000 00:00 0                          [stack:7595]
7f9e8c4b4000-7f9e8c4b5000 ---p 00000000 00:00 0 
7f9e8c4b5000-7f9e8c5b5000 rw-p 00000000 00:00 0                          [stack:7594]
7f9e8c5b5000-7f9e8c5b6000 ---p 00000000 00:00 0 
7f9e8c5b6000-7f9e8c6b6000 rw-p 00000000 00:00 0                          [stack:7593]
7f9e8c6b6000-7f9e8c6b7000 ---p 00000000 00:00 0 
7f9e8c6b7000-7f9e8c7b7000 rw-p 00000000 00:00 0                          [stack:7592]
7f9e8c7b7000-7f9e8c7b8000 ---p 00000000 00:00 0 
7f9e8c7b8000-7f9e8c8b8000 rw-p 00000000 00:00 0                          [stack:7591]
7f9e8c8b8000-7f9e8c8b9000 ---p 00000000 00:00 0 
7f9e8c8b9000-7f9e8c9c4000 rw-p 00000000 00:00 0                          [stack:7590]
7f9e8c9c4000-7f9e8ca0c000 rw-p 00000000 00:00 0 
7f9e8ca0c000-7f9e8ca35000 rw-p 00000000 00:00 0 
7f9e8ca35000-7f9e8cc9f000 rw-p 00000000 00:00 0 
7f9e8cc9f000-7f9e8ccaa000 rw-p 00000000 00:00 0 
7f9e8ccaa000-7f9e8ccf2000 rw-p 00000000 00:00 0 
7f9e8ccf2000-7f9e8cd1b000 rw-p 00000000 00:00 0 
7f9e8cd1b000-7f9e8cf84000 rw-p 00000000 00:00 0 
7f9e8cf84000-7f9e8cf9a000 rw-p 00000000 00:00 0 
7f9e8cf9a000-7f9e8d0ce000 rw-p 00000000 00:00 0 
7f9e8d0ce000-7f9e8d0cf000 rw-p 00000000 00:00 0 
7f9e8d0cf000-7f9e8d0d7000 r-xp 00000000 08:0c 6038129                    /usr/lib/jvm/java-7-openjdk-amd64/jre/lib/amd64/libzip.so
7f9e8d0d7000-7f9e8d2d6000 ---p 00008000 08:0c 6038129                    /usr/lib/jvm/java-7-openjdk-amd64/jre/lib/amd64/libzip.so
7f9e8d2d6000-7f9e8d2d7000 r--p 00007000 08:0c 6038129                    /usr/lib/jvm/java-7-openjdk-amd64/jre/lib/amd64/libzip.so
7f9e8d2d7000-7f9e8d2d8000 rw-p 00008000 08:0c 6038129                    /usr/lib/jvm/java-7-openjdk-amd64/jre/lib/amd64/libzip.so
7f9e8d2d8000-7f9e8d2e3000 r-xp 00000000 08:0c 6295511                    /lib/x86_64-linux-gnu/libnss_files-2.19.so
7f9e8d2e3000-7f9e8d4e2000 ---p 0000b000 08:0c 6295511                    /lib/x86_64-linux-gnu/libnss_files-2.19.so
7f9e8d4e2000-7f9e8d4e3000 r--p 0000a000 08:0c 6295511                    /lib/x86_64-linux-gnu/libnss_files-2.19.so
7f9e8d4e3000-7f9e8d4e4000 rw-p 0000b000 08:0c 6295511                    /lib/x86_64-linux-gnu/libnss_files-2.19.so
7f9e8d4e4000-7f9e8d4ef000 r-xp 00000000 08:0c 6295521                    /lib/x86_64-linux-gnu/libnss_nis-2.19.so
7f9e8d4ef000-7f9e8d6ee000 ---p 0000b000 08:0c 6295521                    /lib/x86_64-linux-gnu/libnss_nis-2.19.so
7f9e8d6ee000-7f9e8d6ef000 r--p 0000a000 08:0c 6295521                    /lib/x86_64-linux-gnu/libnss_nis-2.19.so
7f9e8d6ef000-7f9e8d6f0000 rw-p 0000b000 08:0c 6295521                    /lib/x86_64-linux-gnu/libnss_nis-2.19.so
7f9e8d6f0000-7f9e8d707000 r-xp 00000000 08:0c 6295505                    /lib/x86_64-linux-gnu/libnsl-2.19.so
7f9e8d707000-7f9e8d906000 ---p 00017000 08:0c 6295505                    /lib/x86_64-linux-gnu/libnsl-2.19.so
7f9e8d906000-7f9e8d907000 r--p 00016000 08:0c 6295505                    /lib/x86_64-linux-gnu/libnsl-2.19.so
7f9e8d907000-7f9e8d908000 rw-p 00017000 08:0c 6295505                    /lib/x86_64-linux-gnu/libnsl-2.19.so
7f9e8d908000-7f9e8d90a000 rw-p 00000000 00:00 0 
7f9e8d90a000-7f9e8d913000 r-xp 00000000 08:0c 6295507                    /lib/x86_64-linux-gnu/libnss_compat-2.19.so
7f9e8d913000-7f9e8db12000 ---p 00009000 08:0c 6295507                    /lib/x86_64-linux-gnu/libnss_compat-2.19.so
7f9e8db12000-7f9e8db13000 r--p 00008000 08:0c 6295507                    /lib/x86_64-linux-gnu/libnss_compat-2.19.so
7f9e8db13000-7f9e8db14000 rw-p 00009000 08:0c 6295507                    /lib/x86_64-linux-gnu/libnss_compat-2.19.so
7f9e8db14000-7f9e8db3f000 r-xp 00000000 08:0c 6038125                    /usr/lib/jvm/java-7-openjdk-amd64/jre/lib/amd64/libjava.so
7f9e8db3f000-7f9e8dd3e000 ---p 0002b000 08:0c 6038125                    /usr/lib/jvm/java-7-openjdk-amd64/jre/lib/amd64/libjava.so
7f9e8dd3e000-7f9e8dd3f000 r--p 0002a000 08:0c 6038125                    /usr/lib/jvm/java-7-openjdk-amd64/jre/lib/amd64/libjava.so
7f9e8dd3f000-7f9e8dd41000 rw-p 0002b000 08:0c 6038125                    /usr/lib/jvm/java-7-openjdk-amd64/jre/lib/amd64/libjava.so
7f9e8dd41000-7f9e8dd51000 r-xp 00000000 08:0c 6038158                    /usr/lib/jvm/java-7-openjdk-amd64/jre/lib/amd64/libverify.so
7f9e8dd51000-7f9e8df50000 ---p 00010000 08:0c 6038158                    /usr/lib/jvm/java-7-openjdk-amd64/jre/lib/amd64/libverify.so
7f9e8df50000-7f9e8df52000 r--p 0000f000 08:0c 6038158                    /usr/lib/jvm/java-7-openjdk-amd64/jre/lib/amd64/libverify.so
7f9e8df52000-7f9e8df53000 rw-p 00011000 08:0c 6038158                    /usr/lib/jvm/java-7-openjdk-amd64/jre/lib/amd64/libverify.so
7f9e8df53000-7f9e8df5a000 r-xp 00000000 08:0c 6295564                    /lib/x86_64-linux-gnu/librt-2.19.so
7f9e8df5a000-7f9e8e159000 ---p 00007000 08:0c 6295564                    /lib/x86_64-linux-gnu/librt-2.19.so
7f9e8e159000-7f9e8e15a000 r--p 00006000 08:0c 6295564                    /lib/x86_64-linux-gnu/librt-2.19.so
7f9e8e15a000-7f9e8e15b000 rw-p 00007000 08:0c 6295564                    /lib/x86_64-linux-gnu/librt-2.19.so
7f9e8e15b000-7f9e8e171000 r-xp 00000000 08:0c 6295463                    /lib/x86_64-linux-gnu/libgcc_s.so.1
7f9e8e171000-7f9e8e370000 ---p 00016000 08:0c 6295463                    /lib/x86_64-linux-gnu/libgcc_s.so.1
7f9e8e370000-7f9e8e371000 rw-p 00015000 08:0c 6295463                    /lib/x86_64-linux-gnu/libgcc_s.so.1
7f9e8e371000-7f9e8e476000 r-xp 00000000 08:0c 6295486                    /lib/x86_64-linux-gnu/libm-2.19.so
7f9e8e476000-7f9e8e675000 ---p 00105000 08:0c 6295486                    /lib/x86_64-linux-gnu/libm-2.19.so
7f9e8e675000-7f9e8e676000 r--p 00104000 08:0c 6295486                    /lib/x86_64-linux-gnu/libm-2.19.so
7f9e8e676000-7f9e8e677000 rw-p 00105000 08:0c 6295486                    /lib/x86_64-linux-gnu/libm-2.19.so
7f9e8e677000-7f9e8e75d000 r-xp 00000000 08:0c 5907231                    /usr/lib/x86_64-linux-gnu/libstdc++.so.6.0.19
7f9e8e75d000-7f9e8e95c000 ---p 000e6000 08:0c 5907231                    /usr/lib/x86_64-linux-gnu/libstdc++.so.6.0.19
7f9e8e95c000-7f9e8e964000 r--p 000e5000 08:0c 5907231                    /usr/lib/x86_64-linux-gnu/libstdc++.so.6.0.19
7f9e8e964000-7f9e8e966000 rw-p 000ed000 08:0c 5907231                    /usr/lib/x86_64-linux-gnu/libstdc++.so.6.0.19
7f9e8e966000-7f9e8e97b000 rw-p 00000000 00:00 0 
7f9e8e97b000-7f9e8f45c000 r-xp 00000000 08:0c 6038139                    /usr/lib/jvm/java-7-openjdk-amd64/jre/lib/amd64/server/libjvm.so
7f9e8f45c000-7f9e8f65b000 ---p 00ae1000 08:0c 6038139                    /usr/lib/jvm/java-7-openjdk-amd64/jre/lib/amd64/server/libjvm.so
7f9e8f65b000-7f9e8f6ed000 r--p 00ae0000 08:0c 6038139                    /usr/lib/jvm/java-7-openjdk-amd64/jre/lib/amd64/server/libjvm.so
7f9e8f6ed000-7f9e8f710000 rw-p 00b72000 08:0c 6038139                    /usr/lib/jvm/java-7-openjdk-amd64/jre/lib/amd64/server/libjvm.so
7f9e8f710000-7f9e8f73d000 rw-p 00000000 00:00 0 
7f9e8f73d000-7f9e8f755000 r-xp 00000000 08:0c 6295599                    /lib/x86_64-linux-gnu/libz.so.1.2.8
7f9e8f755000-7f9e8f954000 ---p 00018000 08:0c 6295599                    /lib/x86_64-linux-gnu/libz.so.1.2.8
7f9e8f954000-7f9e8f955000 r--p 00017000 08:0c 6295599                    /lib/x86_64-linux-gnu/libz.so.1.2.8
7f9e8f955000-7f9e8f956000 rw-p 00018000 08:0c 6295599                    /lib/x86_64-linux-gnu/libz.so.1.2.8
7f9e8f956000-7f9e8f96f000 r-xp 00000000 08:0c 6295556                    /lib/x86_64-linux-gnu/libpthread-2.19.so
7f9e8f96f000-7f9e8fb6e000 ---p 00019000 08:0c 6295556                    /lib/x86_64-linux-gnu/libpthread-2.19.so
7f9e8fb6e000-7f9e8fb6f000 r--p 00018000 08:0c 6295556                    /lib/x86_64-linux-gnu/libpthread-2.19.so
7f9e8fb6f000-7f9e8fb70000 rw-p 00019000 08:0c 6295556                    /lib/x86_64-linux-gnu/libpthread-2.19.so
7f9e8fb70000-7f9e8fb74000 rw-p 00000000 00:00 0 
7f9e8fb74000-7f9e8fb77000 r-xp 00000000 08:0c 6295453                    /lib/x86_64-linux-gnu/libdl-2.19.so
7f9e8fb77000-7f9e8fd76000 ---p 00003000 08:0c 6295453                    /lib/x86_64-linux-gnu/libdl-2.19.so
7f9e8fd76000-7f9e8fd77000 r--p 00002000 08:0c 6295453                    /lib/x86_64-linux-gnu/libdl-2.19.so
7f9e8fd77000-7f9e8fd78000 rw-p 00003000 08:0c 6295453                    /lib/x86_64-linux-gnu/libdl-2.19.so
7f9e8fd78000-7f9e8ff34000 r-xp 00000000 08:0c 6295436                    /lib/x86_64-linux-gnu/libc-2.19.so
7f9e8ff34000-7f9e90133000 ---p 001bc000 08:0c 6295436                    /lib/x86_64-linux-gnu/libc-2.19.so
7f9e90133000-7f9e90137000 r--p 001bb000 08:0c 6295436                    /lib/x86_64-linux-gnu/libc-2.19.so
7f9e90137000-7f9e90139000 rw-p 001bf000 08:0c 6295436                    /lib/x86_64-linux-gnu/libc-2.19.so
7f9e90139000-7f9e9013e000 rw-p 00000000 00:00 0 
7f9e9013e000-7f9e9014b000 r-xp 00000000 08:0c 6038149                    /usr/lib/jvm/java-7-openjdk-amd64/jre/lib/amd64/jli/libjli.so
7f9e9014b000-7f9e9034a000 ---p 0000d000 08:0c 6038149                    /usr/lib/jvm/java-7-openjdk-amd64/jre/lib/amd64/jli/libjli.so
7f9e9034a000-7f9e9034b000 r--p 0000c000 08:0c 6038149                    /usr/lib/jvm/java-7-openjdk-amd64/jre/lib/amd64/jli/libjli.so
7f9e9034b000-7f9e9034c000 rw-p 0000d000 08:0c 6038149                    /usr/lib/jvm/java-7-openjdk-amd64/jre/lib/amd64/jli/libjli.so
7f9e9034c000-7f9e9036f000 r-xp 00000000 08:0c 6295412                    /lib/x86_64-linux-gnu/ld-2.19.so
7f9e9036f000-7f9e90374000 r--s 00064000 08:08 2404801                    /home/ruioliveira/Downloads/jgoodies-forms-1.8.0/jgoodies-forms-1.8.0-javadoc.jar
7f9e90374000-7f9e90376000 r--s 00006000 08:08 2404803                    /home/ruioliveira/Downloads/jgoodies-forms-1.8.0/jgoodies-forms-1.8.0-tests.jar
7f9e90376000-7f9e90379000 r--s 0001b000 08:08 2404804                    /home/ruioliveira/Downloads/jgoodies-forms-1.8.0/jgoodies-forms-1.8.0.jar
7f9e90379000-7f9e90384000 r--s 00203000 08:0c 6038090                    /usr/lib/jvm/java-7-openjdk-amd64/jre/lib/charsets.jar
7f9e90384000-7f9e90389000 r--s 0004c000 08:0c 6038108                    /usr/lib/jvm/java-7-openjdk-amd64/jre/lib/jsse.jar
7f9e90389000-7f9e90393000 rw-p 00000000 00:00 0 
7f9e90393000-7f9e90449000 rw-p 00000000 00:00 0 
7f9e90449000-7f9e9044c000 ---p 00000000 00:00 0 
7f9e9044c000-7f9e9054f000 rw-p 00000000 00:00 0                          [stack:7589]
7f9e9054f000-7f9e90551000 r--s 00012000 08:0c 6038093                    /usr/lib/jvm/java-7-openjdk-amd64/jre/lib/ext/zipfs.jar
7f9e90551000-7f9e90553000 r--s 00006000 08:0c 6560210                    /usr/share/java/java-atk-wrapper.jar
7f9e90553000-7f9e90557000 r--s 00085000 08:0c 6038095                    /usr/lib/jvm/java-7-openjdk-amd64/jre/lib/ext/localedata.jar
7f9e90557000-7f9e9055a000 r--s 0000f000 08:0c 6038092                    /usr/lib/jvm/java-7-openjdk-amd64/jre/lib/ext/pulse-java.jar
7f9e9055a000-7f9e9055b000 r--s 00002000 08:0c 6038097                    /usr/lib/jvm/java-7-openjdk-amd64/jre/lib/ext/dnsns.jar
7f9e9055b000-7f9e9055e000 r--s 00032000 08:0c 6038094                    /usr/lib/jvm/java-7-openjdk-amd64/jre/lib/ext/sunjce_provider.jar
7f9e9055e000-7f9e90562000 r--s 0003b000 08:0c 6038096                    /usr/lib/jvm/java-7-openjdk-amd64/jre/lib/ext/sunpkcs11.jar
7f9e90562000-7f9e9056a000 rw-s 00000000 08:0c 9451490                    /tmp/hsperfdata_ruioliveiras/7584
7f9e9056a000-7f9e9056b000 rw-p 00000000 00:00 0 
7f9e9056b000-7f9e9056c000 r--p 00000000 00:00 0 
7f9e9056c000-7f9e9056e000 rw-p 00000000 00:00 0 
7f9e9056e000-7f9e9056f000 r--p 00022000 08:0c 6295412                    /lib/x86_64-linux-gnu/ld-2.19.so
7f9e9056f000-7f9e90570000 rw-p 00023000 08:0c 6295412                    /lib/x86_64-linux-gnu/ld-2.19.so
7f9e90570000-7f9e90571000 rw-p 00000000 00:00 0 
7fff0482a000-7fff0484b000 rw-p 00000000 00:00 0                          [stack]
7fff04860000-7fff04862000 r-xp 00000000 00:00 0                          [vdso]
ffffffffff600000-ffffffffff601000 r-xp 00000000 00:00 0                  [vsyscall]

VM Arguments:
jvm_args: -Dfile.encoding=UTF-8 
java_command: controller.Main
Launcher Type: SUN_STANDARD

Environment Variables:
PATH=/home/ruioliveiras/bin:/usr/local/sbin:/usr/local/bin:/usr/sbin:/usr/bin:/sbin:/bin:/usr/games:/usr/local/games
USERNAME=ruioliveiras
SHELL=/bin/bash
DISPLAY=:0

Signal Handlers:
SIGSEGV: [libjvm.so+0x918620], sa_mask[0]=0x7ffbfeff, sa_flags=0x10000004
SIGBUS: [libjvm.so+0x918620], sa_mask[0]=0x7ffbfeff, sa_flags=0x10000004
SIGFPE: [libjvm.so+0x795e30], sa_mask[0]=0x7ffbfeff, sa_flags=0x10000004
SIGPIPE: [libjvm.so+0x795e30], sa_mask[0]=0x7ffbfeff, sa_flags=0x10000004
SIGXFSZ: [libjvm.so+0x795e30], sa_mask[0]=0x7ffbfeff, sa_flags=0x10000004
SIGILL: [libjvm.so+0x795e30], sa_mask[0]=0x7ffbfeff, sa_flags=0x10000004
SIGUSR1: SIG_DFL, sa_mask[0]=0x00000000, sa_flags=0x00000000
SIGUSR2: [libjvm.so+0x795cd0], sa_mask[0]=0x00000004, sa_flags=0x10000004
SIGHUP: [libjvm.so+0x795eb0], sa_mask[0]=0x7ffbfeff, sa_flags=0x10000004
SIGINT: [libjvm.so+0x795eb0], sa_mask[0]=0x7ffbfeff, sa_flags=0x10000004
SIGTERM: [libjvm.so+0x795eb0], sa_mask[0]=0x7ffbfeff, sa_flags=0x10000004
SIGQUIT: [libjvm.so+0x795eb0], sa_mask[0]=0x7ffbfeff, sa_flags=0x10000004


---------------  S Y S T E M  ---------------

OS:Ubuntu 14.04 (trusty)
uname:Linux 3.13.0-27-generic #50-Ubuntu SMP Thu May 15 18:06:16 UTC 2014 x86_64
libc:glibc 2.19 NPTL 2.19 
rlimit: STACK 8192k, CORE 0k, NPROC 63008, NOFILE 4096, AS infinity
load average:0,74 1,12 1,02

/proc/meminfo:
MemTotal:        8086640 kB
MemFree:         4956856 kB
Buffers:          153396 kB
Cached:          1504408 kB
SwapCached:            0 kB
Active:          1813828 kB
Inactive:        1045744 kB
Active(anon):    1203392 kB
Inactive(anon):   200764 kB
Active(file):     610436 kB
Inactive(file):   844980 kB
Unevictable:          16 kB
Mlocked:              16 kB
SwapTotal:       8389628 kB
SwapFree:        8389628 kB
Dirty:              3948 kB
Writeback:             0 kB
AnonPages:       1201516 kB
Mapped:           128348 kB
Shmem:            202236 kB
Slab:             152104 kB
SReclaimable:     107632 kB
SUnreclaim:        44472 kB
KernelStack:        7008 kB
PageTables:        19080 kB
NFS_Unstable:          0 kB
Bounce:                0 kB
WritebackTmp:          0 kB
CommitLimit:    12432948 kB
Committed_AS:    3369220 kB
VmallocTotal:   34359738367 kB
VmallocUsed:      361792 kB
VmallocChunk:   34359364184 kB
HardwareCorrupted:     0 kB
AnonHugePages:   1259520 kB
HugePages_Total:       0
HugePages_Free:        0
HugePages_Rsvd:        0
HugePages_Surp:        0
Hugepagesize:       2048 kB
DirectMap4k:       98656 kB
DirectMap2M:     4005888 kB
DirectMap1G:     4194304 kB


CPU:total 8 (4 cores per cpu, 2 threads per core) family 6 model 60 stepping 3, cmov, cx8, fxsr, mmx, sse, sse2, sse3, ssse3, sse4.1, sse4.2, popcnt, avx, avx2, aes, erms, ht, tsc, tscinvbit

/proc/cpuinfo:
processor	: 0
vendor_id	: GenuineIntel
cpu family	: 6
model		: 60
model name	: Intel(R) Core(TM) i7-4700MQ CPU @ 2.40GHz
stepping	: 3
microcode	: 0x8
cpu MHz		: 2400.000
cache size	: 6144 KB
physical id	: 0
siblings	: 8
core id		: 0
cpu cores	: 4
apicid		: 0
initial apicid	: 0
fpu		: yes
fpu_exception	: yes
cpuid level	: 13
wp		: yes
flags		: fpu vme de pse tsc msr pae mce cx8 apic sep mtrr pge mca cmov pat pse36 clflush dts acpi mmx fxsr sse sse2 ss ht tm pbe syscall nx pdpe1gb rdtscp lm constant_tsc arch_perfmon pebs bts rep_good nopl xtopology nonstop_tsc aperfmperf eagerfpu pni pclmulqdq dtes64 monitor ds_cpl vmx est tm2 ssse3 fma cx16 xtpr pdcm pcid sse4_1 sse4_2 movbe popcnt tsc_deadline_timer aes xsave avx f16c rdrand lahf_lm abm ida arat epb xsaveopt pln pts dtherm tpr_shadow vnmi flexpriority ept vpid fsgsbase tsc_adjust bmi1 avx2 smep bmi2 erms invpcid
bogomips	: 4789.32
clflush size	: 64
cache_alignment	: 64
address sizes	: 39 bits physical, 48 bits virtual
power management:

processor	: 1
vendor_id	: GenuineIntel
cpu family	: 6
model		: 60
model name	: Intel(R) Core(TM) i7-4700MQ CPU @ 2.40GHz
stepping	: 3
microcode	: 0x8
cpu MHz		: 2400.000
cache size	: 6144 KB
physical id	: 0
siblings	: 8
core id		: 1
cpu cores	: 4
apicid		: 2
initial apicid	: 2
fpu		: yes
fpu_exception	: yes
cpuid level	: 13
wp		: yes
flags		: fpu vme de pse tsc msr pae mce cx8 apic sep mtrr pge mca cmov pat pse36 clflush dts acpi mmx fxsr sse sse2 ss ht tm pbe syscall nx pdpe1gb rdtscp lm constant_tsc arch_perfmon pebs bts rep_good nopl xtopology nonstop_tsc aperfmperf eagerfpu pni pclmulqdq dtes64 monitor ds_cpl vmx est tm2 ssse3 fma cx16 xtpr pdcm pcid sse4_1 sse4_2 movbe popcnt tsc_deadline_timer aes xsave avx f16c rdrand lahf_lm abm ida arat epb xsaveopt pln pts dtherm tpr_shadow vnmi flexpriority ept vpid fsgsbase tsc_adjust bmi1 avx2 smep bmi2 erms invpcid
bogomips	: 4789.32
clflush size	: 64
cache_alignment	: 64
address sizes	: 39 bits physical, 48 bits virtual
power management:

processor	: 2
vendor_id	: GenuineIntel
cpu family	: 6
model		: 60
model name	: Intel(R) Core(TM) i7-4700MQ CPU @ 2.40GHz
stepping	: 3
microcode	: 0x8
cpu MHz		: 2400.000
cache size	: 6144 KB
physical id	: 0
siblings	: 8
core id		: 2
cpu cores	: 4
apicid		: 4
initial apicid	: 4
fpu		: yes
fpu_exception	: yes
cpuid level	: 13
wp		: yes
flags		: fpu vme de pse tsc msr pae mce cx8 apic sep mtrr pge mca cmov pat pse36 clflush dts acpi mmx fxsr sse sse2 ss ht tm pbe syscall nx pdpe1gb rdtscp lm constant_tsc arch_perfmon pebs bts rep_good nopl xtopology nonstop_tsc aperfmperf eagerfpu pni pclmulqdq dtes64 monitor ds_cpl vmx est tm2 ssse3 fma cx16 xtpr pdcm pcid sse4_1 sse4_2 movbe popcnt tsc_deadline_timer aes xsave avx f16c rdrand lahf_lm abm ida arat epb xsaveopt pln pts dtherm tpr_shadow vnmi flexpriority ept vpid fsgsbase tsc_adjust bmi1 avx2 smep bmi2 erms invpcid
bogomips	: 4789.32
clflush size	: 64
cache_alignment	: 64
address sizes	: 39 bits physical, 48 bits virtual
power management:

processor	: 3
vendor_id	: GenuineIntel
cpu family	: 6
model		: 60
model name	: Intel(R) Core(TM) i7-4700MQ CPU @ 2.40GHz
stepping	: 3
microcode	: 0x8
cpu MHz		: 2400.000
cache size	: 6144 KB
physical id	: 0
siblings	: 8
core id		: 3
cpu cores	: 4
apicid		: 6
initial apicid	: 6
fpu		: yes
fpu_exception	: yes
cpuid level	: 13
wp		: yes
flags		: fpu vme de pse tsc msr pae mce cx8 apic sep mtrr pge mca cmov pat pse36 clflush dts acpi mmx fxsr sse sse2 ss ht tm pbe syscall nx pdpe1gb rdtscp lm constant_tsc arch_perfmon pebs bts rep_good nopl xtopology nonstop_tsc aperfmperf eagerfpu pni pclmulqdq dtes64 monitor ds_cpl vmx est tm2 ssse3 fma cx16 xtpr pdcm pcid sse4_1 sse4_2 movbe popcnt tsc_deadline_timer aes xsave avx f16c rdrand lahf_lm abm ida arat epb xsaveopt pln pts dtherm tpr_shadow vnmi flexpriority ept vpid fsgsbase tsc_adjust bmi1 avx2 smep bmi2 erms invpcid
bogomips	: 4789.32
clflush size	: 64
cache_alignment	: 64
address sizes	: 39 bits physical, 48 bits virtual
power management:

processor	: 4
vendor_id	: GenuineIntel
cpu family	: 6
model		: 60
model name	: Intel(R) Core(TM) i7-4700MQ CPU @ 2.40GHz
stepping	: 3
microcode	: 0x8
cpu MHz		: 2400.000
cache size	: 6144 KB
physical id	: 0
siblings	: 8
core id		: 0
cpu cores	: 4
apicid		: 1
initial apicid	: 1
fpu		: yes
fpu_exception	: yes
cpuid level	: 13
wp		: yes
flags		: fpu vme de pse tsc msr pae mce cx8 apic sep mtrr pge mca cmov pat pse36 clflush dts acpi mmx fxsr sse sse2 ss ht tm pbe syscall nx pdpe1gb rdtscp lm constant_tsc arch_perfmon pebs bts rep_good nopl xtopology nonstop_tsc aperfmperf eagerfpu pni pclmulqdq dtes64 monitor ds_cpl vmx est tm2 ssse3 fma cx16 xtpr pdcm pcid sse4_1 sse4_2 movbe popcnt tsc_deadline_timer aes xsave avx f16c rdrand lahf_lm abm ida arat epb xsaveopt pln pts dtherm tpr_shadow vnmi flexpriority ept vpid fsgsbase tsc_adjust bmi1 avx2 smep bmi2 erms invpcid
bogomips	: 4789.32
clflush size	: 64
cache_alignment	: 64
address sizes	: 39 bits physical, 48 bits virtual
power management:

processor	: 5
vendor_id	: GenuineIntel
cpu family	: 6
model		: 60
model name	: Intel(R) Core(TM) i7-4700MQ CPU @ 2.40GHz
stepping	: 3
microcode	: 0x8
cpu MHz		: 2400.000
cache size	: 6144 KB
physical id	: 0
siblings	: 8
core id		: 1
cpu cores	: 4
apicid		: 3
initial apicid	: 3
fpu		: yes
fpu_exception	: yes
cpuid level	: 13
wp		: yes
flags		: fpu vme de pse tsc msr pae mce cx8 apic sep mtrr pge mca cmov pat pse36 clflush dts acpi mmx fxsr sse sse2 ss ht tm pbe syscall nx pdpe1gb rdtscp lm constant_tsc arch_perfmon pebs bts rep_good nopl xtopology nonstop_tsc aperfmperf eagerfpu pni pclmulqdq dtes64 monitor ds_cpl vmx est tm2 ssse3 fma cx16 xtpr pdcm pcid sse4_1 sse4_2 movbe popcnt tsc_deadline_timer aes xsave avx f16c rdrand lahf_lm abm ida arat epb xsaveopt pln pts dtherm tpr_shadow vnmi flexpriority ept vpid fsgsbase tsc_adjust bmi1 avx2 smep bmi2 erms invpcid
bogomips	: 4789.32
clflush size	: 64
cache_alignment	: 64
address sizes	: 39 bits physical, 48 bits virtual
power management:

processor	: 6
vendor_id	: GenuineIntel
cpu family	: 6
model		: 60
model name	: Intel(R) Core(TM) i7-4700MQ CPU @ 2.40GHz
stepping	: 3
microcode	: 0x8
cpu MHz		: 2400.000
cache size	: 6144 KB
physical id	: 0
siblings	: 8
core id		: 2
cpu cores	: 4
apicid		: 5
initial apicid	: 5
fpu		: yes
fpu_exception	: yes
cpuid level	: 13
wp		: yes
flags		: fpu vme de pse tsc msr pae mce cx8 apic sep mtrr pge mca cmov pat pse36 clflush dts acpi mmx fxsr sse sse2 ss ht tm pbe syscall nx pdpe1gb rdtscp lm constant_tsc arch_perfmon pebs bts rep_good nopl xtopology nonstop_tsc aperfmperf eagerfpu pni pclmulqdq dtes64 monitor ds_cpl vmx est tm2 ssse3 fma cx16 xtpr pdcm pcid sse4_1 sse4_2 movbe popcnt tsc_deadline_timer aes xsave avx f16c rdrand lahf_lm abm ida arat epb xsaveopt pln pts dtherm tpr_shadow vnmi flexpriority ept vpid fsgsbase tsc_adjust bmi1 avx2 smep bmi2 erms invpcid
bogomips	: 4789.32
clflush size	: 64
cache_alignment	: 64
address sizes	: 39 bits physical, 48 bits virtual
power management:

processor	: 7
vendor_id	: GenuineIntel
cpu family	: 6
model		: 60
model name	: Intel(R) Core(TM) i7-4700MQ CPU @ 2.40GHz
stepping	: 3
microcode	: 0x8
cpu MHz		: 1300.000
cache size	: 6144 KB
physical id	: 0
siblings	: 8
core id		: 3
cpu cores	: 4
apicid		: 7
initial apicid	: 7
fpu		: yes
fpu_exception	: yes
cpuid level	: 13
wp		: yes
flags		: fpu vme de pse tsc msr pae mce cx8 apic sep mtrr pge mca cmov pat pse36 clflush dts acpi mmx fxsr sse sse2 ss ht tm pbe syscall nx pdpe1gb rdtscp lm constant_tsc arch_perfmon pebs bts rep_good nopl xtopology nonstop_tsc aperfmperf eagerfpu pni pclmulqdq dtes64 monitor ds_cpl vmx est tm2 ssse3 fma cx16 xtpr pdcm pcid sse4_1 sse4_2 movbe popcnt tsc_deadline_timer aes xsave avx f16c rdrand lahf_lm abm ida arat epb xsaveopt pln pts dtherm tpr_shadow vnmi flexpriority ept vpid fsgsbase tsc_adjust bmi1 avx2 smep bmi2 erms invpcid
bogomips	: 4789.32
clflush size	: 64
cache_alignment	: 64
address sizes	: 39 bits physical, 48 bits virtual
power management:



Memory: 4k page, physical 8086640k(4957084k free), swap 8389628k(8389628k free)

vm_info: OpenJDK 64-Bit Server VM (24.51-b03) for linux-amd64 JRE (1.7.0_55-b14), built on Apr 17 2014 20:08:07 by "buildd" with gcc 4.8.2

time: Fri Jun  6 02:24:11 2014
elapsed time: 12413 seconds

