#
# A fatal error has been detected by the Java Runtime Environment:
#
#  SIGSEGV (0xb) at pc=0x00007f866905b2fa, pid=11758, tid=140214806939392
#
# JRE version: OpenJDK Runtime Environment (7.0_55-b14) (build 1.7.0_55-b14)
# Java VM: OpenJDK 64-Bit Server VM (24.51-b03 mixed mode linux-amd64 compressed oops)
# Problematic frame:
# v  ~BufferBlob::jni_fast_GetLongField
#
# Failed to write core dump. Core dumps have been disabled. To enable core dumping, try "ulimit -c unlimited" before starting Java again
#
# If you would like to submit a bug report, please include
# instructions on how to reproduce the bug and visit:
#   http://icedtea.classpath.org/bugzilla
# The crash happened outside the Java Virtual Machine in native code.
# See problematic frame for where to report the bug.
#

---------------  T H R E A D  ---------------

Current thread (0x00007f866c2dd000):  JavaThread "AWT-XAWT" daemon [_thread_in_native, id=11785, stack(0x00007f864db28000,0x00007f864dc29000)]

siginfo:si_signo=SIGSEGV: si_errno=0, si_code=1 (SEGV_MAPERR), si_addr=0x0000000000000000

Registers:
RAX=0x00007f867439eec0, RBX=0x00007f866c2dd1d8, RCX=0x00007f8674815320, RDX=0x0000000000000042
RSP=0x00007f864dc277f8, RBP=0x00007f864dc27820, RSI=0x0000000000000000, RDI=0x00007f866c2dd1d8
R8 =0x0000000000000003, R9 =0x0000000000000000, R10=0x000000000000000e, R11=0x00007f8673e4d830
R12=0x00007f8608017f80, R13=0x0000000000000000, R14=0x00007f86610c04a0, R15=0x00007f866c2dd000
RIP=0x00007f866905b2fa, EFLAGS=0x0000000000010246, CSGSFS=0x0000000000000033, ERR=0x0000000000000004
  TRAPNO=0x000000000000000e

Top of Stack: (sp=0x00007f864dc277f8)
0x00007f864dc277f8:   00007f8660e8c564 000000077a88eba0
0x00007f864dc27808:   00007f8608017f80 000000077a88eba0
0x00007f864dc27818:   00007f864dc27908 0000000000000000
0x00007f864dc27828:   00007f8660986ae8 000000077a88eba0
0x00007f864dc27838:   00007f864dc27860 0000000000000000
0x00007f864dc27848:   00007f866097e9a3 000000077a88eba0
0x00007f864dc27858:   00007f8660e8109f 00007f864dc278d0
0x00007f864dc27868:   00007f8669012cd8 00007f8669006233
0x00007f864dc27878:   0000000000000000 00000007d6f1ce60
0x00007f864dc27888:   0000000000000000 00007f864dc27890
0x00007f864dc27898:   0000000000000000 00007f864dc27908
0x00007f864dc278a8:   000000077a894d20 0000000000000000
0x00007f864dc278b8:   000000077a88eba0 0000000000000000
0x00007f864dc278c8:   00007f864dc278f0 00007f864dc27950
0x00007f864dc278d8:   00007f8669006350 00000007d6f4ec48
0x00007f864dc278e8:   00007f866900ecc0 0000000000000000
0x00007f864dc278f8:   00007f864dc27950 00007f8610000db0
0x00007f864dc27908:   00000007d6f854a0 00007f864dc27910
0x00007f864dc27918:   000000077a784c2c 00007f864dc27998
0x00007f864dc27928:   000000077a791a10 000000077afbb398
0x00007f864dc27938:   000000077a784dc0 00007f864dc278f0
0x00007f864dc27948:   00007f864dc27990 00007f864dc279e0
0x00007f864dc27958:   00007f8669006058 0000000000000000
0x00007f864dc27968:   00000007d742a570 0000000000000000
0x00007f864dc27978:   0000000000000000 0000000000000000
0x00007f864dc27988:   00000007d6f854a0 0000000000000000
0x00007f864dc27998:   00000007d6f50120 00007f864dc279a0
0x00007f864dc279a8:   000000077a784a25 00007f864dc279f0
0x00007f864dc279b8:   000000077a791a10 0000000000000000
0x00007f864dc279c8:   000000077a784a40 00007f864dc27990
0x00007f864dc279d8:   00007f864dc279f0 00007f864dc27a38
0x00007f864dc279e8:   00007f8669006706 00000007d6f50120 

Instructions: (pc=0x00007f866905b2fa)
0x00007f866905b2da:   00 00 00 00 00 00 44 8b 15 fd de 36 0b 4c 8b ce
0x00007f866905b2ea:   41 f6 c2 01 0f 85 2e 00 00 00 4d 33 ca 4d 33 ca
0x00007f866905b2fa:   4d 8b 09 4c 8b da 49 c1 eb 02 4b 8b 04 19 49 bb
0x00007f866905b30a:   e4 91 3c 74 86 7f 00 00 4c 33 d8 4c 33 d8 45 3b 

Register to memory mapping:

RAX=0x00007f867439eec0: <offset 0xd7dec0> in /usr/lib/jvm/java-7-openjdk-amd64/jre/lib/amd64/server/libjvm.so at 0x00007f8673621000
RBX=0x00007f866c2dd1d8 is an unknown value
RCX=0x00007f8674815320: <offset 0x219320> in /lib/x86_64-linux-gnu/libpthread.so.0 at 0x00007f86745fc000
RDX=0x0000000000000042 is an unknown value
RSP=0x00007f864dc277f8 is pointing into the stack for thread: 0x00007f866c2dd000
RBP=0x00007f864dc27820 is pointing into the stack for thread: 0x00007f866c2dd000
RSI=0x0000000000000000 is an unknown value
RDI=0x00007f866c2dd1d8 is an unknown value
R8 =0x0000000000000003 is an unknown value
R9 =0x0000000000000000 is an unknown value
R10=0x000000000000000e is an unknown value
R11=0x00007f8673e4d830: <offset 0x82c830> in /usr/lib/jvm/java-7-openjdk-amd64/jre/lib/amd64/server/libjvm.so at 0x00007f8673621000
R12=0x00007f8608017f80 is an unknown value
R13=0x0000000000000000 is an unknown value
R14=0x00007f86610c04a0: <offset 0x2544a0> in /usr/lib/jvm/java-7-openjdk-amd64/jre/lib/amd64/xawt/libmawt.so at 0x00007f8660e6c000
R15=0x00007f866c2dd000 is a thread


Stack: [0x00007f864db28000,0x00007f864dc29000],  sp=0x00007f864dc277f8,  free space=1021k
Native frames: (J=compiled Java code, j=interpreted, Vv=VM code, C=native code)
v  ~BufferBlob::jni_fast_GetLongField

Java frames: (J=compiled Java code, j=interpreted, Vv=VM code)
j  sun.awt.X11.XlibWrapper.XFilterEvent(JJ)Z+0
j  sun.awt.X11.XToolkit.run(Z)V+300
j  sun.awt.X11.XToolkit.run()V+5
j  java.lang.Thread.run()V+11
v  ~StubRoutines::call_stub

---------------  P R O C E S S  ---------------

Java Threads: ( => current thread )
  0x00007f860802a800 JavaThread "TimerQueue" daemon [_thread_blocked, id=11789, stack(0x00007f864d5d1000,0x00007f864d6d2000)]
  0x00007f866c00a800 JavaThread "DestroyJavaVM" [_thread_blocked, id=11766, stack(0x00007f86750f1000,0x00007f86751f2000)]
  0x00007f866c344800 JavaThread "AWT-EventQueue-0" [_thread_blocked, id=11787, stack(0x00007f864d926000,0x00007f864da27000)]
  0x00007f866c33e800 JavaThread "AWT-Shutdown" [_thread_blocked, id=11786, stack(0x00007f864da27000,0x00007f864db28000)]
=>0x00007f866c2dd000 JavaThread "AWT-XAWT" daemon [_thread_in_native, id=11785, stack(0x00007f864db28000,0x00007f864dc29000)]
  0x00007f866c2c1800 JavaThread "Java2D Disposer" daemon [_thread_blocked, id=11784, stack(0x00007f864dc29000,0x00007f864dd2a000)]
  0x00007f866c0b0800 JavaThread "Service Thread" daemon [_thread_blocked, id=11782, stack(0x00007f8662c10000,0x00007f8662d11000)]
  0x00007f866c0ae000 JavaThread "C2 CompilerThread1" daemon [_thread_blocked, id=11781, stack(0x00007f8662d11000,0x00007f8662e12000)]
  0x00007f866c0ab800 JavaThread "C2 CompilerThread0" daemon [_thread_blocked, id=11780, stack(0x00007f8662e12000,0x00007f8662f13000)]
  0x00007f866c0a9000 JavaThread "Signal Dispatcher" daemon [_thread_blocked, id=11779, stack(0x00007f8662f13000,0x00007f8663014000)]
  0x00007f866c085000 JavaThread "Finalizer" daemon [_thread_blocked, id=11777, stack(0x00007f86636f7000,0x00007f86637f8000)]
  0x00007f866c083000 JavaThread "Reference Handler" daemon [_thread_blocked, id=11776, stack(0x00007f86637f8000,0x00007f86638f9000)]

Other Threads:
  0x00007f866c07e800 VMThread [stack: 0x00007f86638f9000,0x00007f86639fa000] [id=11775]
  0x00007f866c0c3800 WatcherThread [stack: 0x00007f8662b0f000,0x00007f8662c10000] [id=11783]

VM state:not at safepoint (normal execution)

VM Mutex/Monitor currently owned by a thread: None

Heap
 PSYoungGen      total 37376K, used 12261K [0x00000007d6d00000, 0x00000007d9680000, 0x0000000800000000)
  eden space 32256K, 38% used [0x00000007d6d00000,0x00000007d78f95b0,0x00000007d8c80000)
  from space 5120K, 0% used [0x00000007d9180000,0x00000007d9180000,0x00000007d9680000)
  to   space 5120K, 0% used [0x00000007d8c80000,0x00000007d8c80000,0x00000007d9180000)
 ParOldGen       total 83968K, used 0K [0x0000000784800000, 0x0000000789a00000, 0x00000007d6d00000)
  object space 83968K, 0% used [0x0000000784800000,0x0000000784800000,0x0000000789a00000)
 PSPermGen       total 21504K, used 14135K [0x000000077a200000, 0x000000077b700000, 0x0000000784800000)
  object space 21504K, 65% used [0x000000077a200000,0x000000077afcde08,0x000000077b700000)

Card table byte_map: [0x00007f8671945000,0x00007f8671d75000] byte_map_base: 0x00007f866dd74000

Polling page: 0x00007f8675211000

Code Cache  [0x00007f8669000000, 0x00007f8669270000, 0x00007f866c000000)
 total_blobs=603 nmethods=108 adapters=448 free_code_cache=48422Kb largest_free_block=49559552

Compilation events (10 events):
Event: 18,301 Thread 0x00007f866c0ab800  102             java.lang.ref.Reference::get (5 bytes)
Event: 18,302 Thread 0x00007f866c0ab800 nmethod 102 0x00007f86690b39d0 code [0x00007f86690b3b00, 0x00007f86690b3b78]
Event: 21,093 Thread 0x00007f866c0ae000  103             java.lang.Number::<init> (5 bytes)
Event: 21,094 Thread 0x00007f866c0ae000 nmethod 103 0x00007f86690b4250 code [0x00007f86690b4380, 0x00007f86690b43d8]
Event: 21,221 Thread 0x00007f866c0ab800  105             sun.awt.X11.XWrapperBase::<init> (5 bytes)
Event: 21,221 Thread 0x00007f866c0ab800 nmethod 105 0x00007f86690b96d0 code [0x00007f86690b9800, 0x00007f86690b9858]
Event: 123,537 Thread 0x00007f866c0ae000  107             java.lang.Long::<init> (10 bytes)
Event: 123,538 Thread 0x00007f866c0ae000 nmethod 107 0x00007f86690b6410 code [0x00007f86690b6540, 0x00007f86690b6598]
Event: 198,494 Thread 0x00007f866c0ab800  108             java.lang.Long::valueOf (40 bytes)
Event: 198,497 Thread 0x00007f866c0ab800 nmethod 108 0x00007f86690b6110 code [0x00007f86690b6260, 0x00007f86690b6358]

GC Heap History (0 events):
No events

Deoptimization events (8 events):
Event: 0,278 Thread 0x00007f866c00a800 Uncommon trap: reason=class_check action=maybe_recompile pc=0x00007f866908bd18 method=java.util.Properties$LineReader.readLine()I @ 62
Event: 0,280 Thread 0x00007f866c00a800 Uncommon trap: reason=class_check action=maybe_recompile pc=0x00007f866908bd18 method=java.util.Properties$LineReader.readLine()I @ 62
Event: 0,281 Thread 0x00007f866c00a800 Uncommon trap: reason=class_check action=maybe_recompile pc=0x00007f866908bd18 method=java.util.Properties$LineReader.readLine()I @ 62
Event: 0,282 Thread 0x00007f866c00a800 Uncommon trap: reason=class_check action=maybe_recompile pc=0x00007f866908bd18 method=java.util.Properties$LineReader.readLine()I @ 62
Event: 6,117 Thread 0x00007f866c344800 Uncommon trap: reason=class_check action=maybe_recompile pc=0x00007f8669082858 method=java.lang.String.equals(Ljava/lang/Object;)Z @ 8
Event: 6,117 Thread 0x00007f866c344800 Uncommon trap: reason=class_check action=maybe_recompile pc=0x00007f8669082858 method=java.lang.String.equals(Ljava/lang/Object;)Z @ 8
Event: 7,103 Thread 0x00007f866c344800 Uncommon trap: reason=class_check action=maybe_recompile pc=0x00007f8669082858 method=java.lang.String.equals(Ljava/lang/Object;)Z @ 8
Event: 7,103 Thread 0x00007f866c344800 Uncommon trap: reason=class_check action=maybe_recompile pc=0x00007f8669082858 method=java.lang.String.equals(Ljava/lang/Object;)Z @ 8

Internal exceptions (10 events):
Event: 1,487 Thread 0x00007f866c344800 Threw 0x00000007d7207410 at /build/buildd/openjdk-7-7u55-2.4.7/build/openjdk/hotspot/src/share/vm/prims/jvm.cpp:1244
Event: 1,494 Thread 0x00007f866c344800 Threw 0x00000007d73ff8c0 at /build/buildd/openjdk-7-7u55-2.4.7/build/openjdk/hotspot/src/share/vm/prims/jvm.cpp:1244
Event: 1,494 Thread 0x00007f866c344800 Threw 0x00000007d7404c80 at /build/buildd/openjdk-7-7u55-2.4.7/build/openjdk/hotspot/src/share/vm/prims/jvm.cpp:1244
Event: 1,501 Thread 0x00007f866c344800 Threw 0x00000007d740af60 at /build/buildd/openjdk-7-7u55-2.4.7/build/openjdk/hotspot/src/share/vm/prims/jvm.cpp:1244
Event: 1,501 Thread 0x00007f866c344800 Threw 0x00000007d740e058 at /build/buildd/openjdk-7-7u55-2.4.7/build/openjdk/hotspot/src/share/vm/prims/jvm.cpp:1244
Event: 1,501 Thread 0x00007f866c344800 Threw 0x00000007d7410c10 at /build/buildd/openjdk-7-7u55-2.4.7/build/openjdk/hotspot/src/share/vm/prims/jvm.cpp:1244
Event: 1,501 Thread 0x00007f866c344800 Threw 0x00000007d74138f8 at /build/buildd/openjdk-7-7u55-2.4.7/build/openjdk/hotspot/src/share/vm/prims/jvm.cpp:1244
Event: 1,502 Thread 0x00007f866c344800 Threw 0x00000007d7416448 at /build/buildd/openjdk-7-7u55-2.4.7/build/openjdk/hotspot/src/share/vm/prims/jvm.cpp:1244
Event: 1,502 Thread 0x00007f866c344800 Threw 0x00000007d7419210 at /build/buildd/openjdk-7-7u55-2.4.7/build/openjdk/hotspot/src/share/vm/prims/jvm.cpp:1244
Event: 1,591 Thread 0x00007f866c344800 Threw 0x00000007d7441860 at /build/buildd/openjdk-7-7u55-2.4.7/build/openjdk/hotspot/src/share/vm/prims/jni.cpp:743

Events (10 events):
Event: 7,103 Thread 0x00007f866c344800 DEOPT PACKING pc=0x00007f8669082858 sp=0x00007f864da23550
Event: 7,103 Thread 0x00007f866c344800 DEOPT UNPACKING pc=0x00007f8669039445 sp=0x00007f864da23500 mode 2
Event: 22,112 loading class 0x00007f86200382e0
Event: 22,112 loading class 0x00007f86200382e0 done
Event: 22,123 loading class 0x00007f861c037f20
Event: 22,123 loading class 0x00007f861c037f20 done
Event: 22,126 loading class 0x00007f861c011410
Event: 22,127 loading class 0x00007f861c011410 done
Event: 262,308 loading class 0x00007f8620073970
Event: 262,308 loading class 0x00007f8620073970 done


Dynamic libraries:
00400000-00401000 r-xp 00000000 08:0c 6038082                            /usr/lib/jvm/java-7-openjdk-amd64/jre/bin/java
00600000-00601000 r--p 00000000 08:0c 6038082                            /usr/lib/jvm/java-7-openjdk-amd64/jre/bin/java
00601000-00602000 rw-p 00001000 08:0c 6038082                            /usr/lib/jvm/java-7-openjdk-amd64/jre/bin/java
00950000-00971000 rw-p 00000000 00:00 0                                  [heap]
77a200000-77b700000 rw-p 00000000 00:00 0 
77b700000-784800000 rw-p 00000000 00:00 0 
784800000-789a00000 rw-p 00000000 00:00 0 
789a00000-7d6d00000 rw-p 00000000 00:00 0 
7d6d00000-7d9680000 rw-p 00000000 00:00 0 
7d9680000-800000000 rw-p 00000000 00:00 0 
7f85fc000000-7f85fc021000 rw-p 00000000 00:00 0 
7f85fc021000-7f8600000000 ---p 00000000 00:00 0 
7f8604000000-7f8604021000 rw-p 00000000 00:00 0 
7f8604021000-7f8608000000 ---p 00000000 00:00 0 
7f8608000000-7f8608056000 rw-p 00000000 00:00 0 
7f8608056000-7f860c000000 ---p 00000000 00:00 0 
7f860c000000-7f860c021000 rw-p 00000000 00:00 0 
7f860c021000-7f8610000000 ---p 00000000 00:00 0 
7f8610000000-7f8610021000 rw-p 00000000 00:00 0 
7f8610021000-7f8614000000 ---p 00000000 00:00 0 
7f8614000000-7f8614021000 rw-p 00000000 00:00 0 
7f8614021000-7f8618000000 ---p 00000000 00:00 0 
7f8618000000-7f8618021000 rw-p 00000000 00:00 0 
7f8618021000-7f861c000000 ---p 00000000 00:00 0 
7f861c000000-7f861c689000 rw-p 00000000 00:00 0 
7f861c689000-7f8620000000 ---p 00000000 00:00 0 
7f8620000000-7f8620206000 rw-p 00000000 00:00 0 
7f8620206000-7f8624000000 ---p 00000000 00:00 0 
7f8624000000-7f8624021000 rw-p 00000000 00:00 0 
7f8624021000-7f8628000000 ---p 00000000 00:00 0 
7f8628000000-7f8628021000 rw-p 00000000 00:00 0 
7f8628021000-7f862c000000 ---p 00000000 00:00 0 
7f862c000000-7f862c021000 rw-p 00000000 00:00 0 
7f862c021000-7f8630000000 ---p 00000000 00:00 0 
7f8633d10000-7f8638000000 rw-p 00000000 00:00 0 
7f8638000000-7f8638021000 rw-p 00000000 00:00 0 
7f8638021000-7f863c000000 ---p 00000000 00:00 0 
7f863c000000-7f863c021000 rw-p 00000000 00:00 0 
7f863c021000-7f8640000000 ---p 00000000 00:00 0 
7f8640000000-7f8640021000 rw-p 00000000 00:00 0 
7f8640021000-7f8644000000 ---p 00000000 00:00 0 
7f8644000000-7f8644021000 rw-p 00000000 00:00 0 
7f8644021000-7f8648000000 ---p 00000000 00:00 0 
7f8648000000-7f8648021000 rw-p 00000000 00:00 0 
7f8648021000-7f864c000000 ---p 00000000 00:00 0 
7f864d5d1000-7f864d5d4000 ---p 00000000 00:00 0 
7f864d5d4000-7f864d6d2000 rw-p 00000000 00:00 0                          [stack:11789]
7f864d6d2000-7f864d723000 r-xp 00000000 08:0c 6038157                    /usr/lib/jvm/java-7-openjdk-amd64/jre/lib/amd64/libfontmanager.so
7f864d723000-7f864d922000 ---p 00051000 08:0c 6038157                    /usr/lib/jvm/java-7-openjdk-amd64/jre/lib/amd64/libfontmanager.so
7f864d922000-7f864d925000 r--p 00050000 08:0c 6038157                    /usr/lib/jvm/java-7-openjdk-amd64/jre/lib/amd64/libfontmanager.so
7f864d925000-7f864d926000 rw-p 00053000 08:0c 6038157                    /usr/lib/jvm/java-7-openjdk-amd64/jre/lib/amd64/libfontmanager.so
7f864d926000-7f864d929000 ---p 00000000 00:00 0 
7f864d929000-7f864da27000 rw-p 00000000 00:00 0                          [stack:11787]
7f864da27000-7f864da2a000 ---p 00000000 00:00 0 
7f864da2a000-7f864db28000 rw-p 00000000 00:00 0                          [stack:11786]
7f864db28000-7f864db2b000 ---p 00000000 00:00 0 
7f864db2b000-7f864dc29000 rw-p 00000000 00:00 0                          [stack:11785]
7f864dc29000-7f864dc2c000 ---p 00000000 00:00 0 
7f864dc2c000-7f864dd2a000 rw-p 00000000 00:00 0                          [stack:11784]
7f864dd2a000-7f864dd2e000 r-xp 00000000 08:0c 6295469                    /lib/x86_64-linux-gnu/libgpg-error.so.0.10.0
7f864dd2e000-7f864df2d000 ---p 00004000 08:0c 6295469                    /lib/x86_64-linux-gnu/libgpg-error.so.0.10.0
7f864df2d000-7f864df2e000 r--p 00003000 08:0c 6295469                    /lib/x86_64-linux-gnu/libgpg-error.so.0.10.0
7f864df2e000-7f864df2f000 rw-p 00004000 08:0c 6295469                    /lib/x86_64-linux-gnu/libgpg-error.so.0.10.0
7f864df2f000-7f864df31000 r-xp 00000000 08:0c 6295479                    /lib/x86_64-linux-gnu/libkeyutils.so.1.4
7f864df31000-7f864e131000 ---p 00002000 08:0c 6295479                    /lib/x86_64-linux-gnu/libkeyutils.so.1.4
7f864e131000-7f864e132000 r--p 00002000 08:0c 6295479                    /lib/x86_64-linux-gnu/libkeyutils.so.1.4
7f864e132000-7f864e133000 rw-p 00003000 08:0c 6295479                    /lib/x86_64-linux-gnu/libkeyutils.so.1.4
7f864e133000-7f864e14d000 r-xp 00000000 08:0c 5906754                    /usr/lib/x86_64-linux-gnu/libgraphite2.so.3.0.1
7f864e14d000-7f864e34c000 ---p 0001a000 08:0c 5906754                    /usr/lib/x86_64-linux-gnu/libgraphite2.so.3.0.1
7f864e34c000-7f864e34e000 r--p 00019000 08:0c 5906754                    /usr/lib/x86_64-linux-gnu/libgraphite2.so.3.0.1
7f864e34e000-7f864e34f000 rw-p 0001b000 08:0c 5906754                    /usr/lib/x86_64-linux-gnu/libgraphite2.so.3.0.1
7f864e34f000-7f864e393000 r-xp 00000000 08:0c 6295450                    /lib/x86_64-linux-gnu/libdbus-1.so.3.7.6
7f864e393000-7f864e592000 ---p 00044000 08:0c 6295450                    /lib/x86_64-linux-gnu/libdbus-1.so.3.7.6
7f864e592000-7f864e593000 r--p 00043000 08:0c 6295450                    /lib/x86_64-linux-gnu/libdbus-1.so.3.7.6
7f864e593000-7f864e594000 rw-p 00044000 08:0c 6295450                    /lib/x86_64-linux-gnu/libdbus-1.so.3.7.6
7f864e594000-7f864e5cf000 r-xp 00000000 08:0c 5907052                    /usr/lib/x86_64-linux-gnu/libp11-kit.so.0.0.0
7f864e5cf000-7f864e7ce000 ---p 0003b000 08:0c 5907052                    /usr/lib/x86_64-linux-gnu/libp11-kit.so.0.0.0
7f864e7ce000-7f864e7d4000 r--p 0003a000 08:0c 5907052                    /usr/lib/x86_64-linux-gnu/libp11-kit.so.0.0.0
7f864e7d4000-7f864e7d6000 rw-p 00040000 08:0c 5907052                    /usr/lib/x86_64-linux-gnu/libp11-kit.so.0.0.0
7f864e7d6000-7f864e7e8000 r-xp 00000000 08:0c 5907237                    /usr/lib/x86_64-linux-gnu/libtasn1.so.6.2.0
7f864e7e8000-7f864e9e8000 ---p 00012000 08:0c 5907237                    /usr/lib/x86_64-linux-gnu/libtasn1.so.6.2.0
7f864e9e8000-7f864e9e9000 r--p 00012000 08:0c 5907237                    /usr/lib/x86_64-linux-gnu/libtasn1.so.6.2.0
7f864e9e9000-7f864e9ea000 rw-p 00013000 08:0c 5907237                    /usr/lib/x86_64-linux-gnu/libtasn1.so.6.2.0
7f864e9ea000-7f864ea65000 r-xp 00000000 08:0c 6295465                    /lib/x86_64-linux-gnu/libgcrypt.so.11.8.2
7f864ea65000-7f864ec65000 ---p 0007b000 08:0c 6295465                    /lib/x86_64-linux-gnu/libgcrypt.so.11.8.2
7f864ec65000-7f864ec66000 r--p 0007b000 08:0c 6295465                    /lib/x86_64-linux-gnu/libgcrypt.so.11.8.2
7f864ec66000-7f864ec69000 rw-p 0007c000 08:0c 6295465                    /lib/x86_64-linux-gnu/libgcrypt.so.11.8.2
7f864ec69000-7f864ec73000 r-xp 00000000 08:0c 5906935                    /usr/lib/x86_64-linux-gnu/libkrb5support.so.0.1
7f864ec73000-7f864ee72000 ---p 0000a000 08:0c 5906935                    /usr/lib/x86_64-linux-gnu/libkrb5support.so.0.1
7f864ee72000-7f864ee73000 r--p 00009000 08:0c 5906935                    /usr/lib/x86_64-linux-gnu/libkrb5support.so.0.1
7f864ee73000-7f864ee74000 rw-p 0000a000 08:0c 5906935                    /usr/lib/x86_64-linux-gnu/libkrb5support.so.0.1
7f864ee74000-7f864ee77000 r-xp 00000000 08:0c 6295445                    /lib/x86_64-linux-gnu/libcom_err.so.2.1
7f864ee77000-7f864f076000 ---p 00003000 08:0c 6295445                    /lib/x86_64-linux-gnu/libcom_err.so.2.1
7f864f076000-7f864f077000 r--p 00002000 08:0c 6295445                    /lib/x86_64-linux-gnu/libcom_err.so.2.1
7f864f077000-7f864f078000 rw-p 00003000 08:0c 6295445                    /lib/x86_64-linux-gnu/libcom_err.so.2.1
7f864f078000-7f864f0a4000 r-xp 00000000 08:0c 5906929                    /usr/lib/x86_64-linux-gnu/libk5crypto.so.3.1
7f864f0a4000-7f864f2a3000 ---p 0002c000 08:0c 5906929                    /usr/lib/x86_64-linux-gnu/libk5crypto.so.3.1
7f864f2a3000-7f864f2a5000 r--p 0002b000 08:0c 5906929                    /usr/lib/x86_64-linux-gnu/libk5crypto.so.3.1
7f864f2a5000-7f864f2a6000 rw-p 0002d000 08:0c 5906929                    /usr/lib/x86_64-linux-gnu/libk5crypto.so.3.1
7f864f2a6000-7f864f2a7000 rw-p 00000000 00:00 0 
7f864f2a7000-7f864f363000 r-xp 00000000 08:0c 5906933                    /usr/lib/x86_64-linux-gnu/libkrb5.so.3.3
7f864f363000-7f864f563000 ---p 000bc000 08:0c 5906933                    /usr/lib/x86_64-linux-gnu/libkrb5.so.3.3
7f864f563000-7f864f570000 r--p 000bc000 08:0c 5906933                    /usr/lib/x86_64-linux-gnu/libkrb5.so.3.3
7f864f570000-7f864f572000 rw-p 000c9000 08:0c 5906933                    /usr/lib/x86_64-linux-gnu/libkrb5.so.3.3
7f864f572000-7f864f578000 r-xp 00000000 08:0c 5906528                    /usr/lib/x86_64-linux-gnu/libdatrie.so.1.3.1
7f864f578000-7f864f777000 ---p 00006000 08:0c 5906528                    /usr/lib/x86_64-linux-gnu/libdatrie.so.1.3.1
7f864f777000-7f864f778000 r--p 00005000 08:0c 5906528                    /usr/lib/x86_64-linux-gnu/libdatrie.so.1.3.1
7f864f778000-7f864f779000 rw-p 00006000 08:0c 5906528                    /usr/lib/x86_64-linux-gnu/libdatrie.so.1.3.1
7f864f779000-7f864f7cc000 r-xp 00000000 08:0c 5906867                    /usr/lib/x86_64-linux-gnu/libharfbuzz.so.0.927.0
7f864f7cc000-7f864f9cc000 ---p 00053000 08:0c 5906867                    /usr/lib/x86_64-linux-gnu/libharfbuzz.so.0.927.0
7f864f9cc000-7f864f9cd000 r--p 00053000 08:0c 5906867                    /usr/lib/x86_64-linux-gnu/libharfbuzz.so.0.927.0
7f864f9cd000-7f864f9ce000 rw-p 00054000 08:0c 5906867                    /usr/lib/x86_64-linux-gnu/libharfbuzz.so.0.927.0
7f864f9ce000-7f864f9d6000 r-xp 00000000 08:0c 5907379                    /usr/lib/x86_64-linux-gnu/libxcb-render.so.0.0.0
7f864f9d6000-7f864fbd5000 ---p 00008000 08:0c 5907379                    /usr/lib/x86_64-linux-gnu/libxcb-render.so.0.0.0
7f864fbd5000-7f864fbd6000 r--p 00007000 08:0c 5907379                    /usr/lib/x86_64-linux-gnu/libxcb-render.so.0.0.0
7f864fbd6000-7f864fbd7000 rw-p 00008000 08:0c 5907379                    /usr/lib/x86_64-linux-gnu/libxcb-render.so.0.0.0
7f864fbd7000-7f864fbd9000 r-xp 00000000 08:0c 5907383                    /usr/lib/x86_64-linux-gnu/libxcb-shm.so.0.0.0
7f864fbd9000-7f864fdd8000 ---p 00002000 08:0c 5907383                    /usr/lib/x86_64-linux-gnu/libxcb-shm.so.0.0.0
7f864fdd8000-7f864fdd9000 r--p 00001000 08:0c 5907383                    /usr/lib/x86_64-linux-gnu/libxcb-shm.so.0.0.0
7f864fdd9000-7f864fdda000 rw-p 00002000 08:0c 5907383                    /usr/lib/x86_64-linux-gnu/libxcb-shm.so.0.0.0
7f864fdda000-7f864fdff000 r-xp 00000000 08:0c 6295551                    /lib/x86_64-linux-gnu/libpng12.so.0.50.0
7f864fdff000-7f864fffe000 ---p 00025000 08:0c 6295551                    /lib/x86_64-linux-gnu/libpng12.so.0.50.0
7f864fffe000-7f864ffff000 r--p 00024000 08:0c 6295551                    /lib/x86_64-linux-gnu/libpng12.so.0.50.0
7f864ffff000-7f8650000000 rw-p 00025000 08:0c 6295551                    /lib/x86_64-linux-gnu/libpng12.so.0.50.0
7f8650000000-7f8650021000 rw-p 00000000 00:00 0 
7f8650021000-7f8654000000 ---p 00000000 00:00 0 
7f8654069000-7f865410a000 r-xp 00000000 08:0c 5907083                    /usr/lib/x86_64-linux-gnu/libpixman-1.so.0.30.2
7f865410a000-7f865430a000 ---p 000a1000 08:0c 5907083                    /usr/lib/x86_64-linux-gnu/libpixman-1.so.0.30.2
7f865430a000-7f8654311000 r--p 000a1000 08:0c 5907083                    /usr/lib/x86_64-linux-gnu/libpixman-1.so.0.30.2
7f8654311000-7f8654312000 rw-p 000a8000 08:0c 5907083                    /usr/lib/x86_64-linux-gnu/libpixman-1.so.0.30.2
7f8654312000-7f8654317000 r-xp 00000000 08:0c 5906336                    /usr/lib/x86_64-linux-gnu/libXdmcp.so.6.0.0
7f8654317000-7f8654516000 ---p 00005000 08:0c 5906336                    /usr/lib/x86_64-linux-gnu/libXdmcp.so.6.0.0
7f8654516000-7f8654517000 r--p 00004000 08:0c 5906336                    /usr/lib/x86_64-linux-gnu/libXdmcp.so.6.0.0
7f8654517000-7f8654518000 rw-p 00005000 08:0c 5906336                    /usr/lib/x86_64-linux-gnu/libXdmcp.so.6.0.0
7f8654518000-7f865451a000 r-xp 00000000 08:0c 5906325                    /usr/lib/x86_64-linux-gnu/libXau.so.6.0.0
7f865451a000-7f865471a000 ---p 00002000 08:0c 5906325                    /usr/lib/x86_64-linux-gnu/libXau.so.6.0.0
7f865471a000-7f865471b000 r--p 00002000 08:0c 5906325                    /usr/lib/x86_64-linux-gnu/libXau.so.6.0.0
7f865471b000-7f865471c000 rw-p 00003000 08:0c 5906325                    /usr/lib/x86_64-linux-gnu/libXau.so.6.0.0
7f865471c000-7f865472b000 r-xp 00000000 08:0c 5906429                    /usr/lib/x86_64-linux-gnu/libavahi-client.so.3.2.9
7f865472b000-7f865492b000 ---p 0000f000 08:0c 5906429                    /usr/lib/x86_64-linux-gnu/libavahi-client.so.3.2.9
7f865492b000-7f865492c000 r--p 0000f000 08:0c 5906429                    /usr/lib/x86_64-linux-gnu/libavahi-client.so.3.2.9
7f865492c000-7f865492d000 rw-p 00010000 08:0c 5906429                    /usr/lib/x86_64-linux-gnu/libavahi-client.so.3.2.9
7f865492d000-7f8654938000 r-xp 00000000 08:0c 5906431                    /usr/lib/x86_64-linux-gnu/libavahi-common.so.3.5.3
7f8654938000-7f8654b37000 ---p 0000b000 08:0c 5906431                    /usr/lib/x86_64-linux-gnu/libavahi-common.so.3.5.3
7f8654b37000-7f8654b38000 r--p 0000a000 08:0c 5906431                    /usr/lib/x86_64-linux-gnu/libavahi-common.so.3.5.3
7f8654b38000-7f8654b39000 rw-p 0000b000 08:0c 5906431                    /usr/lib/x86_64-linux-gnu/libavahi-common.so.3.5.3
7f8654b39000-7f8654bef000 r-xp 00000000 08:0c 5906732                    /usr/lib/x86_64-linux-gnu/libgnutls.so.26.22.6
7f8654bef000-7f8654def000 ---p 000b6000 08:0c 5906732                    /usr/lib/x86_64-linux-gnu/libgnutls.so.26.22.6
7f8654def000-7f8654df5000 r--p 000b6000 08:0c 5906732                    /usr/lib/x86_64-linux-gnu/libgnutls.so.26.22.6
7f8654df5000-7f8654df6000 rw-p 000bc000 08:0c 5906732                    /usr/lib/x86_64-linux-gnu/libgnutls.so.26.22.6
7f8654df6000-7f8654df7000 rw-p 00000000 00:00 0 
7f8654df7000-7f8654e3a000 r-xp 00000000 08:0c 5906763                    /usr/lib/x86_64-linux-gnu/libgssapi_krb5.so.2.2
7f8654e3a000-7f865503a000 ---p 00043000 08:0c 5906763                    /usr/lib/x86_64-linux-gnu/libgssapi_krb5.so.2.2
7f865503a000-7f865503b000 r--p 00043000 08:0c 5906763                    /usr/lib/x86_64-linux-gnu/libgssapi_krb5.so.2.2
7f865503b000-7f865503d000 rw-p 00044000 08:0c 5906763                    /usr/lib/x86_64-linux-gnu/libgssapi_krb5.so.2.2
7f865503d000-7f8655064000 r-xp 00000000 08:0c 6295458                    /lib/x86_64-linux-gnu/libexpat.so.1.6.0
7f8655064000-7f8655264000 ---p 00027000 08:0c 6295458                    /lib/x86_64-linux-gnu/libexpat.so.1.6.0
7f8655264000-7f8655266000 r--p 00027000 08:0c 6295458                    /lib/x86_64-linux-gnu/libexpat.so.1.6.0
7f8655266000-7f8655267000 rw-p 00029000 08:0c 6295458                    /lib/x86_64-linux-gnu/libexpat.so.1.6.0
7f8655267000-7f8655304000 r-xp 00000000 08:0c 5899445                    /usr/lib/x86_64-linux-gnu/libfreetype.so.6.11.1
7f8655304000-7f8655503000 ---p 0009d000 08:0c 5899445                    /usr/lib/x86_64-linux-gnu/libfreetype.so.6.11.1
7f8655503000-7f8655509000 r--p 0009c000 08:0c 5899445                    /usr/lib/x86_64-linux-gnu/libfreetype.so.6.11.1
7f8655509000-7f865550a000 rw-p 000a2000 08:0c 5899445                    /usr/lib/x86_64-linux-gnu/libfreetype.so.6.11.1
7f865550a000-7f8655512000 r-xp 00000000 08:0c 5907253                    /usr/lib/x86_64-linux-gnu/libthai.so.0.2.0
7f8655512000-7f8655711000 ---p 00008000 08:0c 5907253                    /usr/lib/x86_64-linux-gnu/libthai.so.0.2.0
7f8655711000-7f8655712000 r--p 00007000 08:0c 5907253                    /usr/lib/x86_64-linux-gnu/libthai.so.0.2.0
7f8655712000-7f8655713000 rw-p 00008000 08:0c 5907253                    /usr/lib/x86_64-linux-gnu/libthai.so.0.2.0
7f8655713000-7f8655715000 r-xp 00000000 08:0c 5906334                    /usr/lib/x86_64-linux-gnu/libXdamage.so.1.1.0
7f8655715000-7f8655914000 ---p 00002000 08:0c 5906334                    /usr/lib/x86_64-linux-gnu/libXdamage.so.1.1.0
7f8655914000-7f8655915000 r--p 00001000 08:0c 5906334                    /usr/lib/x86_64-linux-gnu/libXdamage.so.1.1.0
7f8655915000-7f8655916000 rw-p 00002000 08:0c 5906334                    /usr/lib/x86_64-linux-gnu/libXdamage.so.1.1.0
7f8655916000-7f8655918000 r-xp 00000000 08:0c 5906330                    /usr/lib/x86_64-linux-gnu/libXcomposite.so.1.0.0
7f8655918000-7f8655b17000 ---p 00002000 08:0c 5906330                    /usr/lib/x86_64-linux-gnu/libXcomposite.so.1.0.0
7f8655b17000-7f8655b18000 r--p 00001000 08:0c 5906330                    /usr/lib/x86_64-linux-gnu/libXcomposite.so.1.0.0
7f8655b18000-7f8655b19000 rw-p 00002000 08:0c 5906330                    /usr/lib/x86_64-linux-gnu/libXcomposite.so.1.0.0
7f8655b19000-7f8655b22000 r-xp 00000000 08:0c 5906332                    /usr/lib/x86_64-linux-gnu/libXcursor.so.1.0.2
7f8655b22000-7f8655d21000 ---p 00009000 08:0c 5906332                    /usr/lib/x86_64-linux-gnu/libXcursor.so.1.0.2
7f8655d21000-7f8655d22000 r--p 00008000 08:0c 5906332                    /usr/lib/x86_64-linux-gnu/libXcursor.so.1.0.2
7f8655d22000-7f8655d23000 rw-p 00009000 08:0c 5906332                    /usr/lib/x86_64-linux-gnu/libXcursor.so.1.0.2
7f8655d23000-7f8655d2c000 r-xp 00000000 08:0c 5906358                    /usr/lib/x86_64-linux-gnu/libXrandr.so.2.2.0
7f8655d2c000-7f8655f2b000 ---p 00009000 08:0c 5906358                    /usr/lib/x86_64-linux-gnu/libXrandr.so.2.2.0
7f8655f2b000-7f8655f2c000 r--p 00008000 08:0c 5906358                    /usr/lib/x86_64-linux-gnu/libXrandr.so.2.2.0
7f8655f2c000-7f8655f2d000 rw-p 00009000 08:0c 5906358                    /usr/lib/x86_64-linux-gnu/libXrandr.so.2.2.0
7f8655f2d000-7f8655f2f000 r-xp 00000000 08:0c 5906348                    /usr/lib/x86_64-linux-gnu/libXinerama.so.1.0.0
7f8655f2f000-7f865612e000 ---p 00002000 08:0c 5906348                    /usr/lib/x86_64-linux-gnu/libXinerama.so.1.0.0
7f865612e000-7f865612f000 r--p 00001000 08:0c 5906348                    /usr/lib/x86_64-linux-gnu/libXinerama.so.1.0.0
7f865612f000-7f8656130000 rw-p 00002000 08:0c 5906348                    /usr/lib/x86_64-linux-gnu/libXinerama.so.1.0.0
7f8656130000-7f8656144000 r-xp 00000000 08:0c 5907064                    /usr/lib/x86_64-linux-gnu/libpangoft2-1.0.so.0.3600.3
7f8656144000-7f8656343000 ---p 00014000 08:0c 5907064                    /usr/lib/x86_64-linux-gnu/libpangoft2-1.0.so.0.3600.3
7f8656343000-7f8656344000 r--p 00013000 08:0c 5907064                    /usr/lib/x86_64-linux-gnu/libpangoft2-1.0.so.0.3600.3
7f8656344000-7f8656345000 rw-p 00014000 08:0c 5907064                    /usr/lib/x86_64-linux-gnu/libpangoft2-1.0.so.0.3600.3
7f8656345000-7f865644b000 r-xp 00000000 08:0c 5906456                    /usr/lib/x86_64-linux-gnu/libcairo.so.2.11301.0
7f865644b000-7f865664a000 ---p 00106000 08:0c 5906456                    /usr/lib/x86_64-linux-gnu/libcairo.so.2.11301.0
7f865664a000-7f865664d000 r--p 00105000 08:0c 5906456                    /usr/lib/x86_64-linux-gnu/libcairo.so.2.11301.0
7f865664d000-7f865664e000 rw-p 00108000 08:0c 5906456                    /usr/lib/x86_64-linux-gnu/libcairo.so.2.11301.0
7f865664e000-7f8656650000 rw-p 00000000 00:00 0 
7f8656650000-7f865666f000 r-xp 00000000 08:0c 5906417                    /usr/lib/x86_64-linux-gnu/libatk-1.0.so.0.21009.1
7f865666f000-7f865686f000 ---p 0001f000 08:0c 5906417                    /usr/lib/x86_64-linux-gnu/libatk-1.0.so.0.21009.1
7f865686f000-7f8656871000 r--p 0001f000 08:0c 5906417                    /usr/lib/x86_64-linux-gnu/libatk-1.0.so.0.21009.1
7f8656871000-7f8656872000 rw-p 00021000 08:0c 5906417                    /usr/lib/x86_64-linux-gnu/libatk-1.0.so.0.21009.1
7f8656872000-7f8656877000 r-xp 00000000 08:0c 5906340                    /usr/lib/x86_64-linux-gnu/libXfixes.so.3.1.0
7f8656877000-7f8656a76000 ---p 00005000 08:0c 5906340                    /usr/lib/x86_64-linux-gnu/libXfixes.so.3.1.0
7f8656a76000-7f8656a77000 r--p 00004000 08:0c 5906340                    /usr/lib/x86_64-linux-gnu/libXfixes.so.3.1.0
7f8656a77000-7f8656a78000 rw-p 00005000 08:0c 5906340                    /usr/lib/x86_64-linux-gnu/libXfixes.so.3.1.0
7f8656a78000-7f8656a83000 r-xp 00000000 08:0c 5907062                    /usr/lib/x86_64-linux-gnu/libpangocairo-1.0.so.0.3600.3
7f8656a83000-7f8656c83000 ---p 0000b000 08:0c 5907062                    /usr/lib/x86_64-linux-gnu/libpangocairo-1.0.so.0.3600.3
7f8656c83000-7f8656c84000 r--p 0000b000 08:0c 5907062                    /usr/lib/x86_64-linux-gnu/libpangocairo-1.0.so.0.3600.3
7f8656c84000-7f8656c85000 rw-p 0000c000 08:0c 5907062                    /usr/lib/x86_64-linux-gnu/libpangocairo-1.0.so.0.3600.3
7f8656c85000-7f8656ca2000 r-xp 00000000 08:0c 5907393                    /usr/lib/x86_64-linux-gnu/libxcb.so.1.1.0
7f8656ca2000-7f8656ea2000 ---p 0001d000 08:0c 5907393                    /usr/lib/x86_64-linux-gnu/libxcb.so.1.1.0
7f8656ea2000-7f8656ea3000 r--p 0001d000 08:0c 5907393                    /usr/lib/x86_64-linux-gnu/libxcb.so.1.1.0
7f8656ea3000-7f8656ea4000 rw-p 0001e000 08:0c 5907393                    /usr/lib/x86_64-linux-gnu/libxcb.so.1.1.0
7f8656ea4000-7f8656f10000 r-xp 00000000 08:0c 5906514                    /usr/lib/x86_64-linux-gnu/libcups.so.2
7f8656f10000-7f8657110000 ---p 0006c000 08:0c 5906514                    /usr/lib/x86_64-linux-gnu/libcups.so.2
7f8657110000-7f8657117000 r--p 0006c000 08:0c 5906514                    /usr/lib/x86_64-linux-gnu/libcups.so.2
7f8657117000-7f8657118000 rw-p 00073000 08:0c 5906514                    /usr/lib/x86_64-linux-gnu/libcups.so.2
7f8657118000-7f8657119000 r-xp 00000000 08:0c 5906843                    /usr/lib/x86_64-linux-gnu/libgthread-2.0.so.0.4000.0
7f8657119000-7f8657318000 ---p 00001000 08:0c 5906843                    /usr/lib/x86_64-linux-gnu/libgthread-2.0.so.0.4000.0
7f8657318000-7f8657319000 r--p 00000000 08:0c 5906843                    /usr/lib/x86_64-linux-gnu/libgthread-2.0.so.0.4000.0
7f8657319000-7f865731a000 rw-p 00001000 08:0c 5906843                    /usr/lib/x86_64-linux-gnu/libgthread-2.0.so.0.4000.0
7f865731a000-7f8657354000 r-xp 00000000 08:0c 5906617                    /usr/lib/x86_64-linux-gnu/libfontconfig.so.1.8.0
7f8657354000-7f8657553000 ---p 0003a000 08:0c 5906617                    /usr/lib/x86_64-linux-gnu/libfontconfig.so.1.8.0
7f8657553000-7f8657555000 r--p 00039000 08:0c 5906617                    /usr/lib/x86_64-linux-gnu/libfontconfig.so.1.8.0
7f8657555000-7f8657556000 rw-p 0003b000 08:0c 5906617                    /usr/lib/x86_64-linux-gnu/libfontconfig.so.1.8.0
7f8657556000-7f86575a0000 r-xp 00000000 08:0c 5907060                    /usr/lib/x86_64-linux-gnu/libpango-1.0.so.0.3600.3
7f86575a0000-7f86577a0000 ---p 0004a000 08:0c 5907060                    /usr/lib/x86_64-linux-gnu/libpango-1.0.so.0.3600.3
7f86577a0000-7f86577a2000 r--p 0004a000 08:0c 5907060                    /usr/lib/x86_64-linux-gnu/libpango-1.0.so.0.3600.3
7f86577a2000-7f86577a3000 rw-p 0004c000 08:0c 5907060                    /usr/lib/x86_64-linux-gnu/libpango-1.0.so.0.3600.3
7f86577a3000-7f86577c2000 r-xp 00000000 08:0c 5906682                    /usr/lib/x86_64-linux-gnu/libgdk_pixbuf-2.0.so.0.3000.7
7f86577c2000-7f86579c2000 ---p 0001f000 08:0c 5906682                    /usr/lib/x86_64-linux-gnu/libgdk_pixbuf-2.0.so.0.3000.7
7f86579c2000-7f86579c3000 r--p 0001f000 08:0c 5906682                    /usr/lib/x86_64-linux-gnu/libgdk_pixbuf-2.0.so.0.3000.7
7f86579c3000-7f86579c4000 rw-p 00020000 08:0c 5906682                    /usr/lib/x86_64-linux-gnu/libgdk_pixbuf-2.0.so.0.3000.7
7f86579c4000-7f8657df3000 r-xp 00000000 08:0c 5899952                    /usr/lib/x86_64-linux-gnu/libgtk-x11-2.0.so.0.2400.23
7f8657df3000-7f8657ff2000 ---p 0042f000 08:0c 5899952                    /usr/lib/x86_64-linux-gnu/libgtk-x11-2.0.so.0.2400.23
7f8657ff2000-7f8657ff9000 r--p 0042e000 08:0c 5899952                    /usr/lib/x86_64-linux-gnu/libgtk-x11-2.0.so.0.2400.23
7f8657ff9000-7f8657ffd000 rw-p 00435000 08:0c 5899952                    /usr/lib/x86_64-linux-gnu/libgtk-x11-2.0.so.0.2400.23
7f8657ffd000-7f8658000000 rw-p 00000000 00:00 0 
7f8658000000-7f8658021000 rw-p 00000000 00:00 0 
7f8658021000-7f865c000000 ---p 00000000 00:00 0 
7f865c000000-7f865c021000 rw-p 00000000 00:00 0 
7f865c021000-7f8660000000 ---p 00000000 00:00 0 
7f8660053000-7f8660100000 r-xp 00000000 08:0c 5900288                    /usr/lib/x86_64-linux-gnu/libgdk-x11-2.0.so.0.2400.23
7f8660100000-7f86602ff000 ---p 000ad000 08:0c 5900288                    /usr/lib/x86_64-linux-gnu/libgdk-x11-2.0.so.0.2400.23
7f86602ff000-7f8660303000 r--p 000ac000 08:0c 5900288                    /usr/lib/x86_64-linux-gnu/libgdk-x11-2.0.so.0.2400.23
7f8660303000-7f8660305000 rw-p 000b0000 08:0c 5900288                    /usr/lib/x86_64-linux-gnu/libgdk-x11-2.0.so.0.2400.23
7f8660305000-7f8660314000 r-xp 00000000 08:0c 5906346                    /usr/lib/x86_64-linux-gnu/libXi.so.6.1.0
7f8660314000-7f8660513000 ---p 0000f000 08:0c 5906346                    /usr/lib/x86_64-linux-gnu/libXi.so.6.1.0
7f8660513000-7f8660514000 r--p 0000e000 08:0c 5906346                    /usr/lib/x86_64-linux-gnu/libXi.so.6.1.0
7f8660514000-7f8660515000 rw-p 0000f000 08:0c 5906346                    /usr/lib/x86_64-linux-gnu/libXi.so.6.1.0
7f8660515000-7f866051a000 r-xp 00000000 08:0c 5906366                    /usr/lib/x86_64-linux-gnu/libXtst.so.6.1.0
7f866051a000-7f8660719000 ---p 00005000 08:0c 5906366                    /usr/lib/x86_64-linux-gnu/libXtst.so.6.1.0
7f8660719000-7f866071a000 r--p 00004000 08:0c 5906366                    /usr/lib/x86_64-linux-gnu/libXtst.so.6.1.0
7f866071a000-7f866071b000 rw-p 00005000 08:0c 5906366                    /usr/lib/x86_64-linux-gnu/libXtst.so.6.1.0
7f866071b000-7f8660724000 r-xp 00000000 08:0c 5906360                    /usr/lib/x86_64-linux-gnu/libXrender.so.1.3.0
7f8660724000-7f8660923000 ---p 00009000 08:0c 5906360                    /usr/lib/x86_64-linux-gnu/libXrender.so.1.3.0
7f8660923000-7f8660924000 r--p 00008000 08:0c 5906360                    /usr/lib/x86_64-linux-gnu/libXrender.so.1.3.0
7f8660924000-7f8660925000 rw-p 00009000 08:0c 5906360                    /usr/lib/x86_64-linux-gnu/libXrender.so.1.3.0
7f8660925000-7f8660a55000 r-xp 00000000 08:0c 5906321                    /usr/lib/x86_64-linux-gnu/libX11.so.6.3.0
7f8660a55000-7f8660c55000 ---p 00130000 08:0c 5906321                    /usr/lib/x86_64-linux-gnu/libX11.so.6.3.0
7f8660c55000-7f8660c56000 r--p 00130000 08:0c 5906321                    /usr/lib/x86_64-linux-gnu/libX11.so.6.3.0
7f8660c56000-7f8660c5a000 rw-p 00131000 08:0c 5906321                    /usr/lib/x86_64-linux-gnu/libX11.so.6.3.0
7f8660c5a000-7f8660c6b000 r-xp 00000000 08:0c 5906338                    /usr/lib/x86_64-linux-gnu/libXext.so.6.4.0
7f8660c6b000-7f8660e6a000 ---p 00011000 08:0c 5906338                    /usr/lib/x86_64-linux-gnu/libXext.so.6.4.0
7f8660e6a000-7f8660e6b000 r--p 00010000 08:0c 5906338                    /usr/lib/x86_64-linux-gnu/libXext.so.6.4.0
7f8660e6b000-7f8660e6c000 rw-p 00011000 08:0c 5906338                    /usr/lib/x86_64-linux-gnu/libXext.so.6.4.0
7f8660e6c000-7f8660ebd000 r-xp 00000000 08:0c 6038063                    /usr/lib/jvm/java-7-openjdk-amd64/jre/lib/amd64/xawt/libmawt.so
7f8660ebd000-7f86610bc000 ---p 00051000 08:0c 6038063                    /usr/lib/jvm/java-7-openjdk-amd64/jre/lib/amd64/xawt/libmawt.so
7f86610bc000-7f86610bd000 r--p 00050000 08:0c 6038063                    /usr/lib/jvm/java-7-openjdk-amd64/jre/lib/amd64/xawt/libmawt.so
7f86610bd000-7f86610c0000 rw-p 00051000 08:0c 6038063                    /usr/lib/jvm/java-7-openjdk-amd64/jre/lib/amd64/xawt/libmawt.so
7f86610c0000-7f86610c1000 rw-p 00000000 00:00 0 
7f86610c1000-7f8661161000 r-xp 00000000 08:0c 6038150                    /usr/lib/jvm/java-7-openjdk-amd64/jre/lib/amd64/libawt.so
7f8661161000-7f8661360000 ---p 000a0000 08:0c 6038150                    /usr/lib/jvm/java-7-openjdk-amd64/jre/lib/amd64/libawt.so
7f8661360000-7f8661361000 r--p 0009f000 08:0c 6038150                    /usr/lib/jvm/java-7-openjdk-amd64/jre/lib/amd64/libawt.so
7f8661361000-7f866136c000 rw-p 000a0000 08:0c 6038150                    /usr/lib/jvm/java-7-openjdk-amd64/jre/lib/amd64/libawt.so
7f866136c000-7f8661391000 rw-p 00000000 00:00 0 
7f8661391000-7f86613ce000 r-xp 00000000 08:0c 6295539                    /lib/x86_64-linux-gnu/libpcre.so.3.13.1
7f86613ce000-7f86615cd000 ---p 0003d000 08:0c 6295539                    /lib/x86_64-linux-gnu/libpcre.so.3.13.1
7f86615cd000-7f86615ce000 r--p 0003c000 08:0c 6295539                    /lib/x86_64-linux-gnu/libpcre.so.3.13.1
7f86615ce000-7f86615cf000 rw-p 0003d000 08:0c 6295539                    /lib/x86_64-linux-gnu/libpcre.so.3.13.1
7f86615cf000-7f86615d6000 r-xp 00000000 08:0c 5906603                    /usr/lib/x86_64-linux-gnu/libffi.so.6.0.1
7f86615d6000-7f86617d5000 ---p 00007000 08:0c 5906603                    /usr/lib/x86_64-linux-gnu/libffi.so.6.0.1
7f86617d5000-7f86617d6000 r--p 00006000 08:0c 5906603                    /usr/lib/x86_64-linux-gnu/libffi.so.6.0.1
7f86617d6000-7f86617d7000 rw-p 00007000 08:0c 5906603                    /usr/lib/x86_64-linux-gnu/libffi.so.6.0.1
7f86617d7000-7f86617ee000 r-xp 00000000 08:0c 6295562                    /lib/x86_64-linux-gnu/libresolv-2.19.so
7f86617ee000-7f86619ee000 ---p 00017000 08:0c 6295562                    /lib/x86_64-linux-gnu/libresolv-2.19.so
7f86619ee000-7f86619ef000 r--p 00017000 08:0c 6295562                    /lib/x86_64-linux-gnu/libresolv-2.19.so
7f86619ef000-7f86619f0000 rw-p 00018000 08:0c 6295562                    /lib/x86_64-linux-gnu/libresolv-2.19.so
7f86619f0000-7f86619f2000 rw-p 00000000 00:00 0 
7f86619f2000-7f8661a12000 r-xp 00000000 08:0c 6292666                    /lib/x86_64-linux-gnu/libselinux.so.1
7f8661a12000-7f8661c11000 ---p 00020000 08:0c 6292666                    /lib/x86_64-linux-gnu/libselinux.so.1
7f8661c11000-7f8661c12000 r--p 0001f000 08:0c 6292666                    /lib/x86_64-linux-gnu/libselinux.so.1
7f8661c12000-7f8661c13000 rw-p 00020000 08:0c 6292666                    /lib/x86_64-linux-gnu/libselinux.so.1
7f8661c13000-7f8661c15000 rw-p 00000000 00:00 0 
7f8661c15000-7f8661c18000 r-xp 00000000 08:0c 5906720                    /usr/lib/x86_64-linux-gnu/libgmodule-2.0.so.0.4000.0
7f8661c18000-7f8661e17000 ---p 00003000 08:0c 5906720                    /usr/lib/x86_64-linux-gnu/libgmodule-2.0.so.0.4000.0
7f8661e17000-7f8661e18000 r--p 00002000 08:0c 5906720                    /usr/lib/x86_64-linux-gnu/libgmodule-2.0.so.0.4000.0
7f8661e18000-7f8661e19000 rw-p 00003000 08:0c 5906720                    /usr/lib/x86_64-linux-gnu/libgmodule-2.0.so.0.4000.0
7f8661e19000-7f8661f1f000 r-xp 00000000 08:0c 6295467                    /lib/x86_64-linux-gnu/libglib-2.0.so.0.4000.0
7f8661f1f000-7f866211e000 ---p 00106000 08:0c 6295467                    /lib/x86_64-linux-gnu/libglib-2.0.so.0.4000.0
7f866211e000-7f866211f000 r--p 00105000 08:0c 6295467                    /lib/x86_64-linux-gnu/libglib-2.0.so.0.4000.0
7f866211f000-7f8662120000 rw-p 00106000 08:0c 6295467                    /lib/x86_64-linux-gnu/libglib-2.0.so.0.4000.0
7f8662120000-7f8662121000 rw-p 00000000 00:00 0 
7f8662121000-7f8662170000 r-xp 00000000 08:0c 5906736                    /usr/lib/x86_64-linux-gnu/libgobject-2.0.so.0.4000.0
7f8662170000-7f8662370000 ---p 0004f000 08:0c 5906736                    /usr/lib/x86_64-linux-gnu/libgobject-2.0.so.0.4000.0
7f8662370000-7f8662371000 r--p 0004f000 08:0c 5906736                    /usr/lib/x86_64-linux-gnu/libgobject-2.0.so.0.4000.0
7f8662371000-7f8662372000 rw-p 00050000 08:0c 5906736                    /usr/lib/x86_64-linux-gnu/libgobject-2.0.so.0.4000.0
7f8662372000-7f86624dd000 r-xp 00000000 08:0c 5906706                    /usr/lib/x86_64-linux-gnu/libgio-2.0.so.0.4000.0
7f86624dd000-7f86626dd000 ---p 0016b000 08:0c 5906706                    /usr/lib/x86_64-linux-gnu/libgio-2.0.so.0.4000.0
7f86626dd000-7f86626e1000 r--p 0016b000 08:0c 5906706                    /usr/lib/x86_64-linux-gnu/libgio-2.0.so.0.4000.0
7f86626e1000-7f86626e3000 rw-p 0016f000 08:0c 5906706                    /usr/lib/x86_64-linux-gnu/libgio-2.0.so.0.4000.0
7f86626e3000-7f86626e5000 rw-p 00000000 00:00 0 
7f86626e5000-7f86626fb000 r-xp 00000000 08:0c 6038134                    /usr/lib/jvm/java-7-openjdk-amd64/jre/lib/amd64/libnet.so
7f86626fb000-7f86628fb000 ---p 00016000 08:0c 6038134                    /usr/lib/jvm/java-7-openjdk-amd64/jre/lib/amd64/libnet.so
7f86628fb000-7f86628fc000 r--p 00016000 08:0c 6038134                    /usr/lib/jvm/java-7-openjdk-amd64/jre/lib/amd64/libnet.so
7f86628fc000-7f86628fd000 rw-p 00017000 08:0c 6038134                    /usr/lib/jvm/java-7-openjdk-amd64/jre/lib/amd64/libnet.so
7f86628fd000-7f866290d000 r-xp 00000000 08:0c 6038142                    /usr/lib/jvm/java-7-openjdk-amd64/jre/lib/amd64/libnio.so
7f866290d000-7f8662b0d000 ---p 00010000 08:0c 6038142                    /usr/lib/jvm/java-7-openjdk-amd64/jre/lib/amd64/libnio.so
7f8662b0d000-7f8662b0e000 r--p 00010000 08:0c 6038142                    /usr/lib/jvm/java-7-openjdk-amd64/jre/lib/amd64/libnio.so
7f8662b0e000-7f8662b0f000 rw-p 00011000 08:0c 6038142                    /usr/lib/jvm/java-7-openjdk-amd64/jre/lib/amd64/libnio.so
7f8662b0f000-7f8662b10000 ---p 00000000 00:00 0 
7f8662b10000-7f8662c10000 rw-p 00000000 00:00 0                          [stack:11783]
7f8662c10000-7f8662c13000 ---p 00000000 00:00 0 
7f8662c13000-7f8662d11000 rw-p 00000000 00:00 0                          [stack:11782]
7f8662d11000-7f8662d14000 ---p 00000000 00:00 0 
7f8662d14000-7f8662e12000 rw-p 00000000 00:00 0                          [stack:11781]
7f8662e12000-7f8662e15000 ---p 00000000 00:00 0 
7f8662e15000-7f8662f13000 rw-p 00000000 00:00 0                          [stack:11780]
7f8662f13000-7f8662f16000 ---p 00000000 00:00 0 
7f8662f16000-7f8663014000 rw-p 00000000 00:00 0                          [stack:11779]
7f8663014000-7f86636f7000 r--p 00000000 08:0c 5905319                    /usr/lib/locale/locale-archive
7f86636f7000-7f86636fa000 ---p 00000000 00:00 0 
7f86636fa000-7f86637f8000 rw-p 00000000 00:00 0                          [stack:11777]
7f86637f8000-7f86637fb000 ---p 00000000 00:00 0 
7f86637fb000-7f86638f9000 rw-p 00000000 00:00 0                          [stack:11776]
7f86638f9000-7f86638fa000 ---p 00000000 00:00 0 
7f86638fa000-7f8664000000 rw-p 00000000 00:00 0                          [stack:11775]
7f8664000000-7f8664021000 rw-p 00000000 00:00 0 
7f8664021000-7f8668000000 ---p 00000000 00:00 0 
7f8668062000-7f8668067000 r--s 0004c000 08:0c 6038108                    /usr/lib/jvm/java-7-openjdk-amd64/jre/lib/jsse.jar
7f8668067000-7f8668070000 r--s 000b9000 08:0c 6038099                    /usr/lib/jvm/java-7-openjdk-amd64/jre/lib/resources.jar
7f8668070000-7f8668077000 r--s 0009e000 08:08 2405582                    /home/ruioliveira/Downloads/jgoodies-binding-2.10.0/jgoodies-binding-2.10.0-javadoc.jar
7f8668077000-7f866807a000 r--s 0003d000 08:08 2405583                    /home/ruioliveira/Downloads/jgoodies-binding-2.10.0/jgoodies-binding-2.10.0-sources.jar
7f866807a000-7f866807d000 r--s 00020000 08:08 2405584                    /home/ruioliveira/Downloads/jgoodies-binding-2.10.0/jgoodies-binding-2.10.0-tests.jar
7f866807d000-7f86680ae000 rw-p 00000000 00:00 0 
7f86680b0000-7f86680b6000 r--s 0002b000 08:08 2405585                    /home/ruioliveira/Downloads/jgoodies-binding-2.10.0/jgoodies-binding-2.10.0.jar
7f86680b6000-7f86680b9000 r--s 00035000 08:08 2405312                    /home/ruioliveira/Downloads/jgoodies-common-1.8.0/jgoodies-common-1.8.0-javadoc.jar
7f86680b9000-7f86680c0000 r--s 000a4000 08:08 2405115                    /home/ruioliveira/Downloads/jgoodies-looks-2.6.0/jgoodies-looks-2.6.0-javadoc.jar
7f86680c0000-7f86680c9000 r--s 0005a000 08:08 2405118                    /home/ruioliveira/Downloads/jgoodies-looks-2.6.0/jgoodies-looks-2.6.0.jar
7f86680c9000-7f8669000000 rw-p 00000000 00:00 0 
7f8669000000-7f8669270000 rwxp 00000000 00:00 0 
7f8669270000-7f866c3aa000 rw-p 00000000 00:00 0 
7f866c3aa000-7f8670000000 ---p 00000000 00:00 0 
7f8670000000-7f8670002000 r--s 00010000 08:08 2405313                    /home/ruioliveira/Downloads/jgoodies-common-1.8.0/jgoodies-common-1.8.0-sources.jar
7f8670002000-7f8670007000 r--s 00051000 08:08 2405116                    /home/ruioliveira/Downloads/jgoodies-looks-2.6.0/jgoodies-looks-2.6.0-sources.jar
7f8670007000-7f8670757000 rw-p 00000000 00:00 0 
7f8670757000-7f8670905000 r--s 01cfc000 08:0c 6038089                    /usr/lib/jvm/java-7-openjdk-amd64/jre/lib/rt.jar
7f8670905000-7f8670e57000 rw-p 00000000 00:00 0 
7f8670e57000-7f8670e58000 ---p 00000000 00:00 0 
7f8670e58000-7f8670f58000 rw-p 00000000 00:00 0                          [stack:11774]
7f8670f58000-7f8670f59000 ---p 00000000 00:00 0 
7f8670f59000-7f8671059000 rw-p 00000000 00:00 0                          [stack:11773]
7f8671059000-7f867105a000 ---p 00000000 00:00 0 
7f867105a000-7f867115a000 rw-p 00000000 00:00 0                          [stack:11772]
7f867115a000-7f867115b000 ---p 00000000 00:00 0 
7f867115b000-7f867125b000 rw-p 00000000 00:00 0                          [stack:11771]
7f867125b000-7f867125c000 ---p 00000000 00:00 0 
7f867125c000-7f867135c000 rw-p 00000000 00:00 0                          [stack:11770]
7f867135c000-7f867135d000 ---p 00000000 00:00 0 
7f867135d000-7f867145d000 rw-p 00000000 00:00 0                          [stack:11769]
7f867145d000-7f867145e000 ---p 00000000 00:00 0 
7f867145e000-7f867155e000 rw-p 00000000 00:00 0                          [stack:11768]
7f867155e000-7f867155f000 ---p 00000000 00:00 0 
7f867155f000-7f867166a000 rw-p 00000000 00:00 0                          [stack:11767]
7f867166a000-7f86716b2000 rw-p 00000000 00:00 0 
7f86716b2000-7f86716db000 rw-p 00000000 00:00 0 
7f86716db000-7f8671945000 rw-p 00000000 00:00 0 
7f8671945000-7f8671950000 rw-p 00000000 00:00 0 
7f8671950000-7f8671998000 rw-p 00000000 00:00 0 
7f8671998000-7f86719c1000 rw-p 00000000 00:00 0 
7f86719c1000-7f8671c2a000 rw-p 00000000 00:00 0 
7f8671c2a000-7f8671c40000 rw-p 00000000 00:00 0 
7f8671c40000-7f8671d74000 rw-p 00000000 00:00 0 
7f8671d74000-7f8671d75000 rw-p 00000000 00:00 0 
7f8671d75000-7f8671d7d000 r-xp 00000000 08:0c 6038129                    /usr/lib/jvm/java-7-openjdk-amd64/jre/lib/amd64/libzip.so
7f8671d7d000-7f8671f7c000 ---p 00008000 08:0c 6038129                    /usr/lib/jvm/java-7-openjdk-amd64/jre/lib/amd64/libzip.so
7f8671f7c000-7f8671f7d000 r--p 00007000 08:0c 6038129                    /usr/lib/jvm/java-7-openjdk-amd64/jre/lib/amd64/libzip.so
7f8671f7d000-7f8671f7e000 rw-p 00008000 08:0c 6038129                    /usr/lib/jvm/java-7-openjdk-amd64/jre/lib/amd64/libzip.so
7f8671f7e000-7f8671f89000 r-xp 00000000 08:0c 6295511                    /lib/x86_64-linux-gnu/libnss_files-2.19.so
7f8671f89000-7f8672188000 ---p 0000b000 08:0c 6295511                    /lib/x86_64-linux-gnu/libnss_files-2.19.so
7f8672188000-7f8672189000 r--p 0000a000 08:0c 6295511                    /lib/x86_64-linux-gnu/libnss_files-2.19.so
7f8672189000-7f867218a000 rw-p 0000b000 08:0c 6295511                    /lib/x86_64-linux-gnu/libnss_files-2.19.so
7f867218a000-7f8672195000 r-xp 00000000 08:0c 6295521                    /lib/x86_64-linux-gnu/libnss_nis-2.19.so
7f8672195000-7f8672394000 ---p 0000b000 08:0c 6295521                    /lib/x86_64-linux-gnu/libnss_nis-2.19.so
7f8672394000-7f8672395000 r--p 0000a000 08:0c 6295521                    /lib/x86_64-linux-gnu/libnss_nis-2.19.so
7f8672395000-7f8672396000 rw-p 0000b000 08:0c 6295521                    /lib/x86_64-linux-gnu/libnss_nis-2.19.so
7f8672396000-7f86723ad000 r-xp 00000000 08:0c 6295505                    /lib/x86_64-linux-gnu/libnsl-2.19.so
7f86723ad000-7f86725ac000 ---p 00017000 08:0c 6295505                    /lib/x86_64-linux-gnu/libnsl-2.19.so
7f86725ac000-7f86725ad000 r--p 00016000 08:0c 6295505                    /lib/x86_64-linux-gnu/libnsl-2.19.so
7f86725ad000-7f86725ae000 rw-p 00017000 08:0c 6295505                    /lib/x86_64-linux-gnu/libnsl-2.19.so
7f86725ae000-7f86725b0000 rw-p 00000000 00:00 0 
7f86725b0000-7f86725b9000 r-xp 00000000 08:0c 6295507                    /lib/x86_64-linux-gnu/libnss_compat-2.19.so
7f86725b9000-7f86727b8000 ---p 00009000 08:0c 6295507                    /lib/x86_64-linux-gnu/libnss_compat-2.19.so
7f86727b8000-7f86727b9000 r--p 00008000 08:0c 6295507                    /lib/x86_64-linux-gnu/libnss_compat-2.19.so
7f86727b9000-7f86727ba000 rw-p 00009000 08:0c 6295507                    /lib/x86_64-linux-gnu/libnss_compat-2.19.so
7f86727ba000-7f86727e5000 r-xp 00000000 08:0c 6038125                    /usr/lib/jvm/java-7-openjdk-amd64/jre/lib/amd64/libjava.so
7f86727e5000-7f86729e4000 ---p 0002b000 08:0c 6038125                    /usr/lib/jvm/java-7-openjdk-amd64/jre/lib/amd64/libjava.so
7f86729e4000-7f86729e5000 r--p 0002a000 08:0c 6038125                    /usr/lib/jvm/java-7-openjdk-amd64/jre/lib/amd64/libjava.so
7f86729e5000-7f86729e7000 rw-p 0002b000 08:0c 6038125                    /usr/lib/jvm/java-7-openjdk-amd64/jre/lib/amd64/libjava.so
7f86729e7000-7f86729f7000 r-xp 00000000 08:0c 6038158                    /usr/lib/jvm/java-7-openjdk-amd64/jre/lib/amd64/libverify.so
7f86729f7000-7f8672bf6000 ---p 00010000 08:0c 6038158                    /usr/lib/jvm/java-7-openjdk-amd64/jre/lib/amd64/libverify.so
7f8672bf6000-7f8672bf8000 r--p 0000f000 08:0c 6038158                    /usr/lib/jvm/java-7-openjdk-amd64/jre/lib/amd64/libverify.so
7f8672bf8000-7f8672bf9000 rw-p 00011000 08:0c 6038158                    /usr/lib/jvm/java-7-openjdk-amd64/jre/lib/amd64/libverify.so
7f8672bf9000-7f8672c00000 r-xp 00000000 08:0c 6295564                    /lib/x86_64-linux-gnu/librt-2.19.so
7f8672c00000-7f8672dff000 ---p 00007000 08:0c 6295564                    /lib/x86_64-linux-gnu/librt-2.19.so
7f8672dff000-7f8672e00000 r--p 00006000 08:0c 6295564                    /lib/x86_64-linux-gnu/librt-2.19.so
7f8672e00000-7f8672e01000 rw-p 00007000 08:0c 6295564                    /lib/x86_64-linux-gnu/librt-2.19.so
7f8672e01000-7f8672e17000 r-xp 00000000 08:0c 6295463                    /lib/x86_64-linux-gnu/libgcc_s.so.1
7f8672e17000-7f8673016000 ---p 00016000 08:0c 6295463                    /lib/x86_64-linux-gnu/libgcc_s.so.1
7f8673016000-7f8673017000 rw-p 00015000 08:0c 6295463                    /lib/x86_64-linux-gnu/libgcc_s.so.1
7f8673017000-7f867311c000 r-xp 00000000 08:0c 6295486                    /lib/x86_64-linux-gnu/libm-2.19.so
7f867311c000-7f867331b000 ---p 00105000 08:0c 6295486                    /lib/x86_64-linux-gnu/libm-2.19.so
7f867331b000-7f867331c000 r--p 00104000 08:0c 6295486                    /lib/x86_64-linux-gnu/libm-2.19.so
7f867331c000-7f867331d000 rw-p 00105000 08:0c 6295486                    /lib/x86_64-linux-gnu/libm-2.19.so
7f867331d000-7f8673403000 r-xp 00000000 08:0c 5907231                    /usr/lib/x86_64-linux-gnu/libstdc++.so.6.0.19
7f8673403000-7f8673602000 ---p 000e6000 08:0c 5907231                    /usr/lib/x86_64-linux-gnu/libstdc++.so.6.0.19
7f8673602000-7f867360a000 r--p 000e5000 08:0c 5907231                    /usr/lib/x86_64-linux-gnu/libstdc++.so.6.0.19
7f867360a000-7f867360c000 rw-p 000ed000 08:0c 5907231                    /usr/lib/x86_64-linux-gnu/libstdc++.so.6.0.19
7f867360c000-7f8673621000 rw-p 00000000 00:00 0 
7f8673621000-7f8674102000 r-xp 00000000 08:0c 6038139                    /usr/lib/jvm/java-7-openjdk-amd64/jre/lib/amd64/server/libjvm.so
7f8674102000-7f8674301000 ---p 00ae1000 08:0c 6038139                    /usr/lib/jvm/java-7-openjdk-amd64/jre/lib/amd64/server/libjvm.so
7f8674301000-7f8674393000 r--p 00ae0000 08:0c 6038139                    /usr/lib/jvm/java-7-openjdk-amd64/jre/lib/amd64/server/libjvm.so
7f8674393000-7f86743b6000 rw-p 00b72000 08:0c 6038139                    /usr/lib/jvm/java-7-openjdk-amd64/jre/lib/amd64/server/libjvm.so
7f86743b6000-7f86743e3000 rw-p 00000000 00:00 0 
7f86743e3000-7f86743fb000 r-xp 00000000 08:0c 6295599                    /lib/x86_64-linux-gnu/libz.so.1.2.8
7f86743fb000-7f86745fa000 ---p 00018000 08:0c 6295599                    /lib/x86_64-linux-gnu/libz.so.1.2.8
7f86745fa000-7f86745fb000 r--p 00017000 08:0c 6295599                    /lib/x86_64-linux-gnu/libz.so.1.2.8
7f86745fb000-7f86745fc000 rw-p 00018000 08:0c 6295599                    /lib/x86_64-linux-gnu/libz.so.1.2.8
7f86745fc000-7f8674615000 r-xp 00000000 08:0c 6295556                    /lib/x86_64-linux-gnu/libpthread-2.19.so
7f8674615000-7f8674814000 ---p 00019000 08:0c 6295556                    /lib/x86_64-linux-gnu/libpthread-2.19.so
7f8674814000-7f8674815000 r--p 00018000 08:0c 6295556                    /lib/x86_64-linux-gnu/libpthread-2.19.so
7f8674815000-7f8674816000 rw-p 00019000 08:0c 6295556                    /lib/x86_64-linux-gnu/libpthread-2.19.so
7f8674816000-7f867481a000 rw-p 00000000 00:00 0 
7f867481a000-7f867481d000 r-xp 00000000 08:0c 6295453                    /lib/x86_64-linux-gnu/libdl-2.19.so
7f867481d000-7f8674a1c000 ---p 00003000 08:0c 6295453                    /lib/x86_64-linux-gnu/libdl-2.19.so
7f8674a1c000-7f8674a1d000 r--p 00002000 08:0c 6295453                    /lib/x86_64-linux-gnu/libdl-2.19.so
7f8674a1d000-7f8674a1e000 rw-p 00003000 08:0c 6295453                    /lib/x86_64-linux-gnu/libdl-2.19.so
7f8674a1e000-7f8674bda000 r-xp 00000000 08:0c 6295436                    /lib/x86_64-linux-gnu/libc-2.19.so
7f8674bda000-7f8674dd9000 ---p 001bc000 08:0c 6295436                    /lib/x86_64-linux-gnu/libc-2.19.so
7f8674dd9000-7f8674ddd000 r--p 001bb000 08:0c 6295436                    /lib/x86_64-linux-gnu/libc-2.19.so
7f8674ddd000-7f8674ddf000 rw-p 001bf000 08:0c 6295436                    /lib/x86_64-linux-gnu/libc-2.19.so
7f8674ddf000-7f8674de4000 rw-p 00000000 00:00 0 
7f8674de4000-7f8674df1000 r-xp 00000000 08:0c 6038149                    /usr/lib/jvm/java-7-openjdk-amd64/jre/lib/amd64/jli/libjli.so
7f8674df1000-7f8674ff0000 ---p 0000d000 08:0c 6038149                    /usr/lib/jvm/java-7-openjdk-amd64/jre/lib/amd64/jli/libjli.so
7f8674ff0000-7f8674ff1000 r--p 0000c000 08:0c 6038149                    /usr/lib/jvm/java-7-openjdk-amd64/jre/lib/amd64/jli/libjli.so
7f8674ff1000-7f8674ff2000 rw-p 0000d000 08:0c 6038149                    /usr/lib/jvm/java-7-openjdk-amd64/jre/lib/amd64/jli/libjli.so
7f8674ff2000-7f8675015000 r-xp 00000000 08:0c 6295412                    /lib/x86_64-linux-gnu/ld-2.19.so
7f8675015000-7f8675016000 r--p 00000000 08:0c 7363661                    /usr/share/locale-langpack/en_GB/LC_MESSAGES/libc.mo
7f8675016000-7f8675017000 r--s 00004000 08:08 2405314                    /home/ruioliveira/Downloads/jgoodies-common-1.8.0/jgoodies-common-1.8.0-tests.jar
7f8675017000-7f8675019000 r--s 00007000 08:08 2405315                    /home/ruioliveira/Downloads/jgoodies-common-1.8.0/jgoodies-common-1.8.0.jar
7f8675019000-7f867501a000 r--s 00001000 08:08 2405117                    /home/ruioliveira/Downloads/jgoodies-looks-2.6.0/jgoodies-looks-2.6.0-tests.jar
7f867501a000-7f867501f000 r--s 00064000 08:08 2404801                    /home/ruioliveira/Downloads/jgoodies-forms-1.8.0/jgoodies-forms-1.8.0-javadoc.jar
7f867501f000-7f8675021000 r--s 00006000 08:08 2404803                    /home/ruioliveira/Downloads/jgoodies-forms-1.8.0/jgoodies-forms-1.8.0-tests.jar
7f8675021000-7f8675024000 r--s 0001b000 08:08 2404804                    /home/ruioliveira/Downloads/jgoodies-forms-1.8.0/jgoodies-forms-1.8.0.jar
7f8675024000-7f867502f000 r--s 00203000 08:0c 6038090                    /usr/lib/jvm/java-7-openjdk-amd64/jre/lib/charsets.jar
7f867502f000-7f8675031000 r--s 00012000 08:0c 6038093                    /usr/lib/jvm/java-7-openjdk-amd64/jre/lib/ext/zipfs.jar
7f8675031000-7f867503b000 rw-p 00000000 00:00 0 
7f867503b000-7f86750f1000 rw-p 00000000 00:00 0 
7f86750f1000-7f86750f4000 ---p 00000000 00:00 0 
7f86750f4000-7f86751f7000 rw-p 00000000 00:00 0                          [stack:11766]
7f86751f7000-7f86751f9000 r--s 00006000 08:0c 6560210                    /usr/share/java/java-atk-wrapper.jar
7f86751f9000-7f86751fd000 r--s 00085000 08:0c 6038095                    /usr/lib/jvm/java-7-openjdk-amd64/jre/lib/ext/localedata.jar
7f86751fd000-7f8675200000 r--s 0000f000 08:0c 6038092                    /usr/lib/jvm/java-7-openjdk-amd64/jre/lib/ext/pulse-java.jar
7f8675200000-7f8675201000 r--s 00002000 08:0c 6038097                    /usr/lib/jvm/java-7-openjdk-amd64/jre/lib/ext/dnsns.jar
7f8675201000-7f8675204000 r--s 00032000 08:0c 6038094                    /usr/lib/jvm/java-7-openjdk-amd64/jre/lib/ext/sunjce_provider.jar
7f8675204000-7f8675208000 r--s 0003b000 08:0c 6038096                    /usr/lib/jvm/java-7-openjdk-amd64/jre/lib/ext/sunpkcs11.jar
7f8675208000-7f8675210000 rw-s 00000000 08:0c 9449901                    /tmp/hsperfdata_ruioliveiras/11758
7f8675210000-7f8675211000 rw-p 00000000 00:00 0 
7f8675211000-7f8675212000 r--p 00000000 00:00 0 
7f8675212000-7f8675214000 rw-p 00000000 00:00 0 
7f8675214000-7f8675215000 r--p 00022000 08:0c 6295412                    /lib/x86_64-linux-gnu/ld-2.19.so
7f8675215000-7f8675216000 rw-p 00023000 08:0c 6295412                    /lib/x86_64-linux-gnu/ld-2.19.so
7f8675216000-7f8675217000 rw-p 00000000 00:00 0 
7fff843c8000-7fff843e9000 rw-p 00000000 00:00 0                          [stack]
7fff843fe000-7fff84400000 r-xp 00000000 00:00 0                          [vdso]
ffffffffff600000-ffffffffff601000 r-xp 00000000 00:00 0                  [vsyscall]

VM Arguments:
jvm_args: -Dfile.encoding=UTF-8 
java_command: controller.Main
Launcher Type: SUN_STANDARD

Environment Variables:
PATH=/home/ruioliveiras/bin:/usr/local/sbin:/usr/local/bin:/usr/sbin:/usr/bin:/sbin:/bin:/usr/games:/usr/local/games
USERNAME=ruioliveiras
SHELL=/bin/bash
DISPLAY=:0

Signal Handlers:
SIGSEGV: [libjvm.so+0x918620], sa_mask[0]=0x7ffbfeff, sa_flags=0x10000004
SIGBUS: [libjvm.so+0x918620], sa_mask[0]=0x7ffbfeff, sa_flags=0x10000004
SIGFPE: [libjvm.so+0x795e30], sa_mask[0]=0x7ffbfeff, sa_flags=0x10000004
SIGPIPE: [libjvm.so+0x795e30], sa_mask[0]=0x7ffbfeff, sa_flags=0x10000004
SIGXFSZ: [libjvm.so+0x795e30], sa_mask[0]=0x7ffbfeff, sa_flags=0x10000004
SIGILL: [libjvm.so+0x795e30], sa_mask[0]=0x7ffbfeff, sa_flags=0x10000004
SIGUSR1: SIG_DFL, sa_mask[0]=0x00000000, sa_flags=0x00000000
SIGUSR2: [libjvm.so+0x795cd0], sa_mask[0]=0x00000004, sa_flags=0x10000004
SIGHUP: [libjvm.so+0x795eb0], sa_mask[0]=0x7ffbfeff, sa_flags=0x10000004
SIGINT: [libjvm.so+0x795eb0], sa_mask[0]=0x7ffbfeff, sa_flags=0x10000004
SIGTERM: [libjvm.so+0x795eb0], sa_mask[0]=0x7ffbfeff, sa_flags=0x10000004
SIGQUIT: [libjvm.so+0x795eb0], sa_mask[0]=0x7ffbfeff, sa_flags=0x10000004


---------------  S Y S T E M  ---------------

OS:Ubuntu 14.04 (trusty)
uname:Linux 3.13.0-24-generic #47-Ubuntu SMP Fri May 2 23:30:00 UTC 2014 x86_64
libc:glibc 2.19 NPTL 2.19 
rlimit: STACK 8192k, CORE 0k, NPROC 63008, NOFILE 4096, AS infinity
load average:0,09 0,22 0,26

/proc/meminfo:
MemTotal:        8086668 kB
MemFree:         5196476 kB
Buffers:          117204 kB
Cached:          1053120 kB
SwapCached:            0 kB
Active:          1875740 kB
Inactive:         761024 kB
Active(anon):    1468144 kB
Inactive(anon):   204012 kB
Active(file):     407596 kB
Inactive(file):   557012 kB
Unevictable:          32 kB
Mlocked:              32 kB
SwapTotal:       8389628 kB
SwapFree:        8389628 kB
Dirty:              2100 kB
Writeback:             0 kB
AnonPages:       1440136 kB
Mapped:           226764 kB
Shmem:            205628 kB
Slab:             131676 kB
SReclaimable:      90844 kB
SUnreclaim:        40832 kB
KernelStack:        5888 kB
PageTables:        28280 kB
NFS_Unstable:          0 kB
Bounce:                0 kB
WritebackTmp:          0 kB
CommitLimit:    12432960 kB
Committed_AS:    3892940 kB
VmallocTotal:   34359738367 kB
VmallocUsed:      361952 kB
VmallocChunk:   34359363672 kB
HardwareCorrupted:     0 kB
AnonHugePages:   1089536 kB
HugePages_Total:       0
HugePages_Free:        0
HugePages_Rsvd:        0
HugePages_Surp:        0
Hugepagesize:       2048 kB
DirectMap4k:       82272 kB
DirectMap2M:     2973696 kB
DirectMap1G:     5242880 kB


CPU:total 8 (4 cores per cpu, 2 threads per core) family 6 model 60 stepping 3, cmov, cx8, fxsr, mmx, sse, sse2, sse3, ssse3, sse4.1, sse4.2, popcnt, avx, avx2, aes, erms, ht, tsc, tscinvbit

/proc/cpuinfo:
processor	: 0
vendor_id	: GenuineIntel
cpu family	: 6
model		: 60
model name	: Intel(R) Core(TM) i7-4700MQ CPU @ 2.40GHz
stepping	: 3
microcode	: 0x8
cpu MHz		: 2400.000
cache size	: 6144 KB
physical id	: 0
siblings	: 8
core id		: 0
cpu cores	: 4
apicid		: 0
initial apicid	: 0
fpu		: yes
fpu_exception	: yes
cpuid level	: 13
wp		: yes
flags		: fpu vme de pse tsc msr pae mce cx8 apic sep mtrr pge mca cmov pat pse36 clflush dts acpi mmx fxsr sse sse2 ss ht tm pbe syscall nx pdpe1gb rdtscp lm constant_tsc arch_perfmon pebs bts rep_good nopl xtopology nonstop_tsc aperfmperf eagerfpu pni pclmulqdq dtes64 monitor ds_cpl vmx est tm2 ssse3 fma cx16 xtpr pdcm pcid sse4_1 sse4_2 movbe popcnt tsc_deadline_timer aes xsave avx f16c rdrand lahf_lm abm ida arat epb xsaveopt pln pts dtherm tpr_shadow vnmi flexpriority ept vpid fsgsbase tsc_adjust bmi1 avx2 smep bmi2 erms invpcid
bogomips	: 4788.57
clflush size	: 64
cache_alignment	: 64
address sizes	: 39 bits physical, 48 bits virtual
power management:

processor	: 1
vendor_id	: GenuineIntel
cpu family	: 6
model		: 60
model name	: Intel(R) Core(TM) i7-4700MQ CPU @ 2.40GHz
stepping	: 3
microcode	: 0x8
cpu MHz		: 1600.000
cache size	: 6144 KB
physical id	: 0
siblings	: 8
core id		: 1
cpu cores	: 4
apicid		: 2
initial apicid	: 2
fpu		: yes
fpu_exception	: yes
cpuid level	: 13
wp		: yes
flags		: fpu vme de pse tsc msr pae mce cx8 apic sep mtrr pge mca cmov pat pse36 clflush dts acpi mmx fxsr sse sse2 ss ht tm pbe syscall nx pdpe1gb rdtscp lm constant_tsc arch_perfmon pebs bts rep_good nopl xtopology nonstop_tsc aperfmperf eagerfpu pni pclmulqdq dtes64 monitor ds_cpl vmx est tm2 ssse3 fma cx16 xtpr pdcm pcid sse4_1 sse4_2 movbe popcnt tsc_deadline_timer aes xsave avx f16c rdrand lahf_lm abm ida arat epb xsaveopt pln pts dtherm tpr_shadow vnmi flexpriority ept vpid fsgsbase tsc_adjust bmi1 avx2 smep bmi2 erms invpcid
bogomips	: 4788.57
clflush size	: 64
cache_alignment	: 64
address sizes	: 39 bits physical, 48 bits virtual
power management:

processor	: 2
vendor_id	: GenuineIntel
cpu family	: 6
model		: 60
model name	: Intel(R) Core(TM) i7-4700MQ CPU @ 2.40GHz
stepping	: 3
microcode	: 0x8
cpu MHz		: 2400.000
cache size	: 6144 KB
physical id	: 0
siblings	: 8
core id		: 2
cpu cores	: 4
apicid		: 4
initial apicid	: 4
fpu		: yes
fpu_exception	: yes
cpuid level	: 13
wp		: yes
flags		: fpu vme de pse tsc msr pae mce cx8 apic sep mtrr pge mca cmov pat pse36 clflush dts acpi mmx fxsr sse sse2 ss ht tm pbe syscall nx pdpe1gb rdtscp lm constant_tsc arch_perfmon pebs bts rep_good nopl xtopology nonstop_tsc aperfmperf eagerfpu pni pclmulqdq dtes64 monitor ds_cpl vmx est tm2 ssse3 fma cx16 xtpr pdcm pcid sse4_1 sse4_2 movbe popcnt tsc_deadline_timer aes xsave avx f16c rdrand lahf_lm abm ida arat epb xsaveopt pln pts dtherm tpr_shadow vnmi flexpriority ept vpid fsgsbase tsc_adjust bmi1 avx2 smep bmi2 erms invpcid
bogomips	: 4788.57
clflush size	: 64
cache_alignment	: 64
address sizes	: 39 bits physical, 48 bits virtual
power management:

processor	: 3
vendor_id	: GenuineIntel
cpu family	: 6
model		: 60
model name	: Intel(R) Core(TM) i7-4700MQ CPU @ 2.40GHz
stepping	: 3
microcode	: 0x8
cpu MHz		: 2400.000
cache size	: 6144 KB
physical id	: 0
siblings	: 8
core id		: 3
cpu cores	: 4
apicid		: 6
initial apicid	: 6
fpu		: yes
fpu_exception	: yes
cpuid level	: 13
wp		: yes
flags		: fpu vme de pse tsc msr pae mce cx8 apic sep mtrr pge mca cmov pat pse36 clflush dts acpi mmx fxsr sse sse2 ss ht tm pbe syscall nx pdpe1gb rdtscp lm constant_tsc arch_perfmon pebs bts rep_good nopl xtopology nonstop_tsc aperfmperf eagerfpu pni pclmulqdq dtes64 monitor ds_cpl vmx est tm2 ssse3 fma cx16 xtpr pdcm pcid sse4_1 sse4_2 movbe popcnt tsc_deadline_timer aes xsave avx f16c rdrand lahf_lm abm ida arat epb xsaveopt pln pts dtherm tpr_shadow vnmi flexpriority ept vpid fsgsbase tsc_adjust bmi1 avx2 smep bmi2 erms invpcid
bogomips	: 4788.57
clflush size	: 64
cache_alignment	: 64
address sizes	: 39 bits physical, 48 bits virtual
power management:

processor	: 4
vendor_id	: GenuineIntel
cpu family	: 6
model		: 60
model name	: Intel(R) Core(TM) i7-4700MQ CPU @ 2.40GHz
stepping	: 3
microcode	: 0x8
cpu MHz		: 2400.000
cache size	: 6144 KB
physical id	: 0
siblings	: 8
core id		: 0
cpu cores	: 4
apicid		: 1
initial apicid	: 1
fpu		: yes
fpu_exception	: yes
cpuid level	: 13
wp		: yes
flags		: fpu vme de pse tsc msr pae mce cx8 apic sep mtrr pge mca cmov pat pse36 clflush dts acpi mmx fxsr sse sse2 ss ht tm pbe syscall nx pdpe1gb rdtscp lm constant_tsc arch_perfmon pebs bts rep_good nopl xtopology nonstop_tsc aperfmperf eagerfpu pni pclmulqdq dtes64 monitor ds_cpl vmx est tm2 ssse3 fma cx16 xtpr pdcm pcid sse4_1 sse4_2 movbe popcnt tsc_deadline_timer aes xsave avx f16c rdrand lahf_lm abm ida arat epb xsaveopt pln pts dtherm tpr_shadow vnmi flexpriority ept vpid fsgsbase tsc_adjust bmi1 avx2 smep bmi2 erms invpcid
bogomips	: 4788.57
clflush size	: 64
cache_alignment	: 64
address sizes	: 39 bits physical, 48 bits virtual
power management:

processor	: 5
vendor_id	: GenuineIntel
cpu family	: 6
model		: 60
model name	: Intel(R) Core(TM) i7-4700MQ CPU @ 2.40GHz
stepping	: 3
microcode	: 0x8
cpu MHz		: 1400.000
cache size	: 6144 KB
physical id	: 0
siblings	: 8
core id		: 1
cpu cores	: 4
apicid		: 3
initial apicid	: 3
fpu		: yes
fpu_exception	: yes
cpuid level	: 13
wp		: yes
flags		: fpu vme de pse tsc msr pae mce cx8 apic sep mtrr pge mca cmov pat pse36 clflush dts acpi mmx fxsr sse sse2 ss ht tm pbe syscall nx pdpe1gb rdtscp lm constant_tsc arch_perfmon pebs bts rep_good nopl xtopology nonstop_tsc aperfmperf eagerfpu pni pclmulqdq dtes64 monitor ds_cpl vmx est tm2 ssse3 fma cx16 xtpr pdcm pcid sse4_1 sse4_2 movbe popcnt tsc_deadline_timer aes xsave avx f16c rdrand lahf_lm abm ida arat epb xsaveopt pln pts dtherm tpr_shadow vnmi flexpriority ept vpid fsgsbase tsc_adjust bmi1 avx2 smep bmi2 erms invpcid
bogomips	: 4788.57
clflush size	: 64
cache_alignment	: 64
address sizes	: 39 bits physical, 48 bits virtual
power management:

processor	: 6
vendor_id	: GenuineIntel
cpu family	: 6
model		: 60
model name	: Intel(R) Core(TM) i7-4700MQ CPU @ 2.40GHz
stepping	: 3
microcode	: 0x8
cpu MHz		: 2400.000
cache size	: 6144 KB
physical id	: 0
siblings	: 8
core id		: 2
cpu cores	: 4
apicid		: 5
initial apicid	: 5
fpu		: yes
fpu_exception	: yes
cpuid level	: 13
wp		: yes
flags		: fpu vme de pse tsc msr pae mce cx8 apic sep mtrr pge mca cmov pat pse36 clflush dts acpi mmx fxsr sse sse2 ss ht tm pbe syscall nx pdpe1gb rdtscp lm constant_tsc arch_perfmon pebs bts rep_good nopl xtopology nonstop_tsc aperfmperf eagerfpu pni pclmulqdq dtes64 monitor ds_cpl vmx est tm2 ssse3 fma cx16 xtpr pdcm pcid sse4_1 sse4_2 movbe popcnt tsc_deadline_timer aes xsave avx f16c rdrand lahf_lm abm ida arat epb xsaveopt pln pts dtherm tpr_shadow vnmi flexpriority ept vpid fsgsbase tsc_adjust bmi1 avx2 smep bmi2 erms invpcid
bogomips	: 4788.57
clflush size	: 64
cache_alignment	: 64
address sizes	: 39 bits physical, 48 bits virtual
power management:

processor	: 7
vendor_id	: GenuineIntel
cpu family	: 6
model		: 60
model name	: Intel(R) Core(TM) i7-4700MQ CPU @ 2.40GHz
stepping	: 3
microcode	: 0x8
cpu MHz		: 2400.000
cache size	: 6144 KB
physical id	: 0
siblings	: 8
core id		: 3
cpu cores	: 4
apicid		: 7
initial apicid	: 7
fpu		: yes
fpu_exception	: yes
cpuid level	: 13
wp		: yes
flags		: fpu vme de pse tsc msr pae mce cx8 apic sep mtrr pge mca cmov pat pse36 clflush dts acpi mmx fxsr sse sse2 ss ht tm pbe syscall nx pdpe1gb rdtscp lm constant_tsc arch_perfmon pebs bts rep_good nopl xtopology nonstop_tsc aperfmperf eagerfpu pni pclmulqdq dtes64 monitor ds_cpl vmx est tm2 ssse3 fma cx16 xtpr pdcm pcid sse4_1 sse4_2 movbe popcnt tsc_deadline_timer aes xsave avx f16c rdrand lahf_lm abm ida arat epb xsaveopt pln pts dtherm tpr_shadow vnmi flexpriority ept vpid fsgsbase tsc_adjust bmi1 avx2 smep bmi2 erms invpcid
bogomips	: 4788.57
clflush size	: 64
cache_alignment	: 64
address sizes	: 39 bits physical, 48 bits virtual
power management:



Memory: 4k page, physical 8086668k(5196212k free), swap 8389628k(8389628k free)

vm_info: OpenJDK 64-Bit Server VM (24.51-b03) for linux-amd64 JRE (1.7.0_55-b14), built on Apr 17 2014 20:08:07 by "buildd" with gcc 4.8.2

time: Sat May 24 19:46:53 2014
elapsed time: 262 seconds

