#
# A fatal error has been detected by the Java Runtime Environment:
#
#  SIGSEGV (0xb) at pc=0x00007f422c6162fa, pid=10212, tid=139921647863552
#
# JRE version: OpenJDK Runtime Environment (7.0_55-b14) (build 1.7.0_55-b14)
# Java VM: OpenJDK 64-Bit Server VM (24.51-b03 mixed mode linux-amd64 compressed oops)
# Problematic frame:
# v  ~BufferBlob::jni_fast_GetLongField
#
# Failed to write core dump. Core dumps have been disabled. To enable core dumping, try "ulimit -c unlimited" before starting Java again
#
# If you would like to submit a bug report, please include
# instructions on how to reproduce the bug and visit:
#   http://icedtea.classpath.org/bugzilla
# The crash happened outside the Java Virtual Machine in native code.
# See problematic frame for where to report the bug.
#

---------------  T H R E A D  ---------------

Current thread (0x00007f42302aa000):  JavaThread "AWT-XAWT" daemon [_thread_in_native, id=10238, stack(0x00007f420c0e0000,0x00007f420c1e1000)]

siginfo:si_signo=SIGSEGV: si_errno=0, si_code=1 (SEGV_MAPERR), si_addr=0x0000000000000000

Registers:
RAX=0x00007f4235d01ec0, RBX=0x00007f42302aa1d8, RCX=0x00007f4236178320, RDX=0x0000000000000042
RSP=0x00007f420c1df868, RBP=0x00007f420c1df890, RSI=0x0000000000000000, RDI=0x00007f42302aa1d8
R8 =0x0000000000000005, R9 =0x0000000000000000, R10=0x00000000000000ca, R11=0x00000000000001f4
R12=0x00007f41c8010b70, R13=0x0000000000000000, R14=0x00007f42229db4a0, R15=0x00007f42302aa000
RIP=0x00007f422c6162fa, EFLAGS=0x0000000000010246, CSGSFS=0x0000000000000033, ERR=0x0000000000000004
  TRAPNO=0x000000000000000e

Top of Stack: (sp=0x00007f420c1df868)
0x00007f420c1df868:   00007f42227a7564 0000000000000000
0x00007f420c1df878:   00007f41c8010b70 00007f422c6c85bc
0x00007f420c1df888:   00007f420c1df910 0000000000000000
0x00007f420c1df898:   00007f42222a1ae8 0000000000000000
0x00007f420c1df8a8:   00007f420c1df8d0 0000000000000000
0x00007f420c1df8b8:   00007f42222999a3 00007f422c6c85bc
0x00007f420c1df8c8:   00007f422279c09f 00007f420c1df920
0x00007f420c1df8d8:   00007f422c758f56 000000077ae94f08
0x00007f420c1df8e8:   00000007d91a8360 000000077ae95698
0x00007f420c1df8f8:   00000007fb246989 000000077ae94f30
0x00007f420c1df908:   00000007d91a8300 00000007d91a85c0
0x00007f420c1df918:   00000007d75ccea8 00000007d9221748
0x00007f420c1df928:   00007f422c6c7f18 00000000d9221748
0x00007f420c1df938:   0000000500000000 0000000000000000
0x00007f420c1df948:   00000007d91a8300 00007f41d0000db0
0x00007f420c1df958:   00000007fb235070 00000007d91a8360
0x00007f420c1df968:   00000007d7683b08 0000000000000011
0x00007f420c1df978:   0000000004000027 00007f420c1df9e0
0x00007f420c1df988:   00007f422c5c1058 0000000000000000
0x00007f420c1df998:   00000007d707cda8 00007f420c1df9a0
0x00007f420c1df9a8:   000000077a7ec505 00007f420c1df9f0
0x00007f420c1df9b8:   000000077a7f94f0 0000000000000000
0x00007f420c1df9c8:   000000077a7ec520 00007f420c1df990
0x00007f420c1df9d8:   00007f420c1df9f0 00007f420c1dfa38
0x00007f420c1df9e8:   00007f422c5c1706 00000007d91a8300
0x00007f420c1df9f8:   00007f420c1df9f8 000000077a238fa3
0x00007f420c1dfa08:   00007f420c1dfa48 000000077a2beae8
0x00007f420c1dfa18:   0000000000000000 000000077a238fc0
0x00007f420c1dfa28:   00007f420c1df9f0 00007f420c1dfa48
0x00007f420c1dfa38:   00007f420c1dfab0 00007f422c5bb4e7
0x00007f420c1dfa48:   00000007d91a8108 00007f4200001fa0
0x00007f420c1dfa58:   00007f420c1dfaf0 00007f420c1dfd10 

Instructions: (pc=0x00007f422c6162fa)
0x00007f422c6162da:   00 00 00 00 00 00 44 8b 15 fd 5e 71 09 4c 8b ce
0x00007f422c6162ea:   41 f6 c2 01 0f 85 2e 00 00 00 4d 33 ca 4d 33 ca
0x00007f422c6162fa:   4d 8b 09 4c 8b da 49 c1 eb 02 4b 8b 04 19 49 bb
0x00007f422c61630a:   e4 c1 d2 35 42 7f 00 00 4c 33 d8 4c 33 d8 45 3b 

Register to memory mapping:

RAX=0x00007f4235d01ec0: <offset 0xd7dec0> in /usr/lib/jvm/java-7-openjdk-amd64/jre/lib/amd64/server/libjvm.so at 0x00007f4234f84000
RBX=0x00007f42302aa1d8 is an unknown value
RCX=0x00007f4236178320: <offset 0x219320> in /lib/x86_64-linux-gnu/libpthread.so.0 at 0x00007f4235f5f000
RDX=0x0000000000000042 is an unknown value
RSP=0x00007f420c1df868 is pointing into the stack for thread: 0x00007f42302aa000
RBP=0x00007f420c1df890 is pointing into the stack for thread: 0x00007f42302aa000
RSI=0x0000000000000000 is an unknown value
RDI=0x00007f42302aa1d8 is an unknown value
R8 =0x0000000000000005 is an unknown value
R9 =0x0000000000000000 is an unknown value
R10=0x00000000000000ca is an unknown value
R11=0x00000000000001f4 is an unknown value
R12=0x00007f41c8010b70 is an unknown value
R13=0x0000000000000000 is an unknown value
R14=0x00007f42229db4a0: <offset 0x2544a0> in /usr/lib/jvm/java-7-openjdk-amd64/jre/lib/amd64/xawt/libmawt.so at 0x00007f4222787000
R15=0x00007f42302aa000 is a thread


Stack: [0x00007f420c0e0000,0x00007f420c1e1000],  sp=0x00007f420c1df868,  free space=1022k
Native frames: (J=compiled Java code, j=interpreted, Vv=VM code, C=native code)
v  ~BufferBlob::jni_fast_GetLongField

Java frames: (J=compiled Java code, j=interpreted, Vv=VM code)
J  sun.awt.X11.XlibWrapper.XFilterEvent(JJ)Z
J  sun.awt.X11.XToolkit.run(Z)V
j  sun.awt.X11.XToolkit.run()V+5
j  java.lang.Thread.run()V+11
v  ~StubRoutines::call_stub

---------------  P R O C E S S  ---------------

Java Threads: ( => current thread )
  0x00007f41c8032800 JavaThread "TimerQueue" daemon [_thread_blocked, id=10242, stack(0x00007f4206de9000,0x00007f4206eea000)]
  0x00007f423000a800 JavaThread "DestroyJavaVM" [_thread_blocked, id=10218, stack(0x00007f4236a52000,0x00007f4236b53000)]
  0x00007f42302ff000 JavaThread "AWT-EventQueue-0" [_thread_blocked, id=10240, stack(0x00007f420713e000,0x00007f420723f000)]
  0x00007f42302d2000 JavaThread "AWT-Shutdown" [_thread_blocked, id=10239, stack(0x00007f420723f000,0x00007f4207340000)]
=>0x00007f42302aa000 JavaThread "AWT-XAWT" daemon [_thread_in_native, id=10238, stack(0x00007f420c0e0000,0x00007f420c1e1000)]
  0x00007f423028e000 JavaThread "Java2D Disposer" daemon [_thread_blocked, id=10237, stack(0x00007f42200df000,0x00007f42201e0000)]
  0x00007f42300b0800 JavaThread "Service Thread" daemon [_thread_blocked, id=10234, stack(0x00007f4228626000,0x00007f4228727000)]
  0x00007f42300ae000 JavaThread "C2 CompilerThread1" daemon [_thread_blocked, id=10233, stack(0x00007f4228727000,0x00007f4228828000)]
  0x00007f42300ab800 JavaThread "C2 CompilerThread0" daemon [_thread_blocked, id=10232, stack(0x00007f4228828000,0x00007f4228929000)]
  0x00007f42300a9000 JavaThread "Signal Dispatcher" daemon [_thread_blocked, id=10231, stack(0x00007f4228929000,0x00007f4228a2a000)]
  0x00007f4230085000 JavaThread "Finalizer" daemon [_thread_blocked, id=10230, stack(0x00007f422910d000,0x00007f422920e000)]
  0x00007f4230083000 JavaThread "Reference Handler" daemon [_thread_blocked, id=10229, stack(0x00007f422920e000,0x00007f422930f000)]

Other Threads:
  0x00007f423007e800 VMThread [stack: 0x00007f422930f000,0x00007f4229410000] [id=10227]
  0x00007f42300c3800 WatcherThread [stack: 0x00007f4228525000,0x00007f4228626000] [id=10235]

VM state:not at safepoint (normal execution)

VM Mutex/Monitor currently owned by a thread: None

Heap
 PSYoungGen      total 37376K, used 12346K [0x00000007d6d00000, 0x00000007d9680000, 0x0000000800000000)
  eden space 32256K, 28% used [0x00000007d6d00000,0x00000007d75e5fd0,0x00000007d8c80000)
  from space 5120K, 63% used [0x00000007d9180000,0x00000007d94a8830,0x00000007d9680000)
  to   space 5120K, 0% used [0x00000007d8c80000,0x00000007d8c80000,0x00000007d9180000)
 ParOldGen       total 83968K, used 16K [0x0000000784800000, 0x0000000789a00000, 0x00000007d6d00000)
  object space 83968K, 0% used [0x0000000784800000,0x0000000784804000,0x0000000789a00000)
 PSPermGen       total 21504K, used 16112K [0x000000077a200000, 0x000000077b700000, 0x0000000784800000)
  object space 21504K, 74% used [0x000000077a200000,0x000000077b1bc398,0x000000077b700000)

Card table byte_map: [0x00007f422c18b000,0x00007f422c5bb000] byte_map_base: 0x00007f42285ba000

Polling page: 0x00007f4236b74000

Code Cache  [0x00007f422c5bb000, 0x00007f422c82b000, 0x00007f422f5bb000)
 total_blobs=1120 nmethods=610 adapters=462 free_code_cache=47359Kb largest_free_block=48383168

Compilation events (10 events):
Event: 225,130 Thread 0x00007f42300ab800 nmethod 626 0x00007f422c72f550 code [0x00007f422c72f6c0, 0x00007f422c72f8c8]
Event: 225,131 Thread 0x00007f42300ab800  627             java.io.ObjectStreamClass$Caches::access$200 (4 bytes)
Event: 225,132 Thread 0x00007f42300ab800 nmethod 627 0x00007f422c727ed0 code [0x00007f422c728000, 0x00007f422c728058]
Event: 225,137 Thread 0x00007f42300ae000 nmethod 625 0x00007f422c790110 code [0x00007f422c790320, 0x00007f422c790bd0]
Event: 225,137 Thread 0x00007f42300ab800  628             javax.swing.text.AbstractDocument$DefaultDocumentEvent::getChange (84 bytes)
Event: 225,140 Thread 0x00007f42300ab800 nmethod 628 0x00007f422c7308d0 code [0x00007f422c730a40, 0x00007f422c731078]
Event: 226,772 Thread 0x00007f42300ae000  629             java.util.concurrent.locks.AbstractQueuedSynchronizer::isOnSyncQueue (33 bytes)
Event: 226,775 Thread 0x00007f42300ae000 nmethod 629 0x00007f422c78fd50 code [0x00007f422c78fea0, 0x00007f422c78ff78]
Event: 226,858 Thread 0x00007f42300ab800  630             java.awt.Container::processEvent (22 bytes)
Event: 226,866 Thread 0x00007f42300ab800 nmethod 630 0x00007f422c72ff90 code [0x00007f422c730140, 0x00007f422c730448]

GC Heap History (4 events):
Event: 97,086 GC heap before
{Heap before GC invocations=1 (full 0):
 PSYoungGen      total 37376K, used 32256K [0x00000007d6d00000, 0x00000007d9680000, 0x0000000800000000)
  eden space 32256K, 100% used [0x00000007d6d00000,0x00000007d8c80000,0x00000007d8c80000)
  from space 5120K, 0% used [0x00000007d9180000,0x00000007d9180000,0x00000007d9680000)
  to   space 5120K, 0% used [0x00000007d8c80000,0x00000007d8c80000,0x00000007d9180000)
 ParOldGen       total 83968K, used 0K [0x0000000784800000, 0x0000000789a00000, 0x00000007d6d00000)
  object space 83968K, 0% used [0x0000000784800000,0x0000000784800000,0x0000000789a00000)
 PSPermGen       total 21504K, used 15855K [0x000000077a200000, 0x000000077b700000, 0x0000000784800000)
  object space 21504K, 73% used [0x000000077a200000,0x000000077b17bdf8,0x000000077b700000)
Event: 97,093 GC heap after
Heap after GC invocations=1 (full 0):
 PSYoungGen      total 37376K, used 3056K [0x00000007d6d00000, 0x00000007d9680000, 0x0000000800000000)
  eden space 32256K, 0% used [0x00000007d6d00000,0x00000007d6d00000,0x00000007d8c80000)
  from space 5120K, 59% used [0x00000007d8c80000,0x00000007d8f7c010,0x00000007d9180000)
  to   space 5120K, 0% used [0x00000007d9180000,0x00000007d9180000,0x00000007d9680000)
 ParOldGen       total 83968K, used 8K [0x0000000784800000, 0x0000000789a00000, 0x00000007d6d00000)
  object space 83968K, 0% used [0x0000000784800000,0x0000000784802000,0x0000000789a00000)
 PSPermGen       total 21504K, used 15855K [0x000000077a200000, 0x000000077b700000, 0x0000000784800000)
  object space 21504K, 73% used [0x000000077a200000,0x000000077b17bdf8,0x000000077b700000)
}
Event: 221,055 GC heap before
{Heap before GC invocations=2 (full 0):
 PSYoungGen      total 37376K, used 35312K [0x00000007d6d00000, 0x00000007d9680000, 0x0000000800000000)
  eden space 32256K, 100% used [0x00000007d6d00000,0x00000007d8c80000,0x00000007d8c80000)
  from space 5120K, 59% used [0x00000007d8c80000,0x00000007d8f7c010,0x00000007d9180000)
  to   space 5120K, 0% used [0x00000007d9180000,0x00000007d9180000,0x00000007d9680000)
 ParOldGen       total 83968K, used 8K [0x0000000784800000, 0x0000000789a00000, 0x00000007d6d00000)
  object space 83968K, 0% used [0x0000000784800000,0x0000000784802000,0x0000000789a00000)
 PSPermGen       total 21504K, used 16054K [0x000000077a200000, 0x000000077b700000, 0x0000000784800000)
  object space 21504K, 74% used [0x000000077a200000,0x000000077b1ad878,0x000000077b700000)
Event: 221,068 GC heap after
Heap after GC invocations=2 (full 0):
 PSYoungGen      total 37376K, used 3234K [0x00000007d6d00000, 0x00000007d9680000, 0x0000000800000000)
  eden space 32256K, 0% used [0x00000007d6d00000,0x00000007d6d00000,0x00000007d8c80000)
  from space 5120K, 63% used [0x00000007d9180000,0x00000007d94a8830,0x00000007d9680000)
  to   space 5120K, 0% used [0x00000007d8c80000,0x00000007d8c80000,0x00000007d9180000)
 ParOldGen       total 83968K, used 16K [0x0000000784800000, 0x0000000789a00000, 0x00000007d6d00000)
  object space 83968K, 0% used [0x0000000784800000,0x0000000784804000,0x0000000789a00000)
 PSPermGen       total 21504K, used 16054K [0x000000077a200000, 0x000000077b700000, 0x0000000784800000)
  object space 21504K, 74% used [0x000000077a200000,0x000000077b1ad878,0x000000077b700000)
}

Deoptimization events (10 events):
Event: 192,673 Thread 0x00007f42302ff000 Uncommon trap: reason=bimorphic action=maybe_recompile pc=0x00007f422c746124 method=java.awt.Component.dispatchEventImpl(Ljava/awt/AWTEvent;)V @ 498
Event: 192,750 Thread 0x00007f42302ff000 Uncommon trap: reason=bimorphic action=maybe_recompile pc=0x00007f422c746124 method=java.awt.Component.dispatchEventImpl(Ljava/awt/AWTEvent;)V @ 498
Event: 197,678 Thread 0x00007f42302ff000 Uncommon trap: reason=bimorphic action=maybe_recompile pc=0x00007f422c741b48 method=java.awt.LightweightDispatcher.eventDispatched(Ljava/awt/AWTEvent;)V @ 70
Event: 197,764 Thread 0x00007f42302ff000 Uncommon trap: reason=bimorphic action=maybe_recompile pc=0x00007f422c741b48 method=java.awt.LightweightDispatcher.eventDispatched(Ljava/awt/AWTEvent;)V @ 70
Event: 197,770 Thread 0x00007f42302ff000 Uncommon trap: reason=bimorphic action=maybe_recompile pc=0x00007f422c741b48 method=java.awt.LightweightDispatcher.eventDispatched(Ljava/awt/AWTEvent;)V @ 70
Event: 220,016 Thread 0x00007f42302ff000 Uncommon trap: reason=bimorphic action=maybe_recompile pc=0x00007f422c741b48 method=java.awt.LightweightDispatcher.eventDispatched(Ljava/awt/AWTEvent;)V @ 70
Event: 234,597 Thread 0x00007f42302ff000 Uncommon trap: reason=unreached action=reinterpret pc=0x00007f422c73a558 method=java.awt.KeyboardFocusManager.clearMostRecentFocusOwner(Ljava/awt/Component;)V @ 64
Event: 234,598 Thread 0x00007f42302ff000 Uncommon trap: reason=unreached action=reinterpret pc=0x00007f422c702898 method=java.awt.EventQueue.removeSourceEvents(Ljava/lang/Object;Z)V @ 51
Event: 267,080 Thread 0x00007f42302ff000 Uncommon trap: reason=class_check action=maybe_recompile pc=0x00007f422c734868 method=java.awt.EventQueue.cacheEQItem(Lsun/awt/EventQueueItem;)V @ 31
Event: 267,080 Thread 0x00007f42302ff000 Uncommon trap: reason=class_check action=maybe_recompile pc=0x00007f422c6edc58 method=java.awt.EventQueue.setCurrentEventAndMostRecentTimeImpl(Ljava/awt/AWTEvent;)V @ 119

Internal exceptions (10 events):
Event: 2,091 Thread 0x00007f42302ff000 Threw 0x00000007d766e490 at /build/buildd/openjdk-7-7u55-2.4.7/build/openjdk/hotspot/src/share/vm/prims/jvm.cpp:1244
Event: 2,091 Thread 0x00007f42302ff000 Threw 0x00000007d7670a00 at /build/buildd/openjdk-7-7u55-2.4.7/build/openjdk/hotspot/src/share/vm/prims/jvm.cpp:1244
Event: 2,091 Thread 0x00007f42302ff000 Threw 0x00000007d7673e98 at /build/buildd/openjdk-7-7u55-2.4.7/build/openjdk/hotspot/src/share/vm/prims/jvm.cpp:1244
Event: 2,091 Thread 0x00007f42302ff000 Threw 0x00000007d7676660 at /build/buildd/openjdk-7-7u55-2.4.7/build/openjdk/hotspot/src/share/vm/prims/jvm.cpp:1244
Event: 2,191 Thread 0x00007f42302ff000 Threw 0x00000007d76b9450 at /build/buildd/openjdk-7-7u55-2.4.7/build/openjdk/hotspot/src/share/vm/prims/jni.cpp:743
Event: 4,924 Thread 0x00007f42302ff000 Threw 0x00000007d77c1050 at /build/buildd/openjdk-7-7u55-2.4.7/build/openjdk/hotspot/src/share/vm/prims/jvm.cpp:1244
Event: 13,724 Thread 0x00007f42302ff000 Threw 0x00000007d7bcb898 at /build/buildd/openjdk-7-7u55-2.4.7/build/openjdk/hotspot/src/share/vm/prims/jni.cpp:743
Event: 34,697 Thread 0x00007f42302ff000 Threw 0x00000007d8027f68 at /build/buildd/openjdk-7-7u55-2.4.7/build/openjdk/hotspot/src/share/vm/prims/jvm.cpp:1244
Event: 34,699 Thread 0x00007f42302ff000 Implicit null exception at 0x00007f422c69e17c to 0x00007f422c69e474
Event: 178,348 Thread 0x00007f42302ff000 Implicit null exception at 0x00007f422c71d2e1 to 0x00007f422c71e321

Events (10 events):
Event: 267,080 Thread 0x00007f42302ff000 DEOPT UNPACKING pc=0x00007f422c5f4445 sp=0x00007f420723d5a0 mode 2
Event: 267,080 Thread 0x00007f42302ff000 Uncommon trap: trap_request=0xffffffde fr.pc=0x00007f422c6edc58
Event: 267,080 Thread 0x00007f42302ff000 DEOPT PACKING pc=0x00007f422c6edc58 sp=0x00007f420723cdb0
Event: 267,080 Thread 0x00007f42302ff000 DEOPT UNPACKING pc=0x00007f422c5f4445 sp=0x00007f420723cd58 mode 2
Event: 6951,883 loading class 0x00007f41e005a7b0
Event: 6951,883 loading class 0x00007f41e005a7b0 done
Event: 6952,102 loading class 0x00007f41dc04bc00
Event: 6952,102 loading class 0x00007f41dc04bc00 done
Event: 6952,139 loading class 0x00007f41dc04b3b0
Event: 6952,139 loading class 0x00007f41dc04b3b0 done


Dynamic libraries:
00400000-00401000 r-xp 00000000 08:0c 6038082                            /usr/lib/jvm/java-7-openjdk-amd64/jre/bin/java
00600000-00601000 r--p 00000000 08:0c 6038082                            /usr/lib/jvm/java-7-openjdk-amd64/jre/bin/java
00601000-00602000 rw-p 00001000 08:0c 6038082                            /usr/lib/jvm/java-7-openjdk-amd64/jre/bin/java
01265000-01286000 rw-p 00000000 00:00 0                                  [heap]
77a200000-77b700000 rw-p 00000000 00:00 0 
77b700000-784800000 rw-p 00000000 00:00 0 
784800000-789a00000 rw-p 00000000 00:00 0 
789a00000-7d6d00000 rw-p 00000000 00:00 0 
7d6d00000-7d9680000 rw-p 00000000 00:00 0 
7d9680000-800000000 rw-p 00000000 00:00 0 
7f41bc000000-7f41bc23d000 rw-p 00000000 00:00 0 
7f41bc23d000-7f41c0000000 ---p 00000000 00:00 0 
7f41c0000000-7f41c0021000 rw-p 00000000 00:00 0 
7f41c0021000-7f41c4000000 ---p 00000000 00:00 0 
7f41c4000000-7f41c4021000 rw-p 00000000 00:00 0 
7f41c4021000-7f41c8000000 ---p 00000000 00:00 0 
7f41c8000000-7f41c82a4000 rw-p 00000000 00:00 0 
7f41c82a4000-7f41cc000000 ---p 00000000 00:00 0 
7f41cc000000-7f41cc021000 rw-p 00000000 00:00 0 
7f41cc021000-7f41d0000000 ---p 00000000 00:00 0 
7f41d0000000-7f41d0021000 rw-p 00000000 00:00 0 
7f41d0021000-7f41d4000000 ---p 00000000 00:00 0 
7f41d4000000-7f41d4021000 rw-p 00000000 00:00 0 
7f41d4021000-7f41d8000000 ---p 00000000 00:00 0 
7f41d8000000-7f41d8021000 rw-p 00000000 00:00 0 
7f41d8021000-7f41dc000000 ---p 00000000 00:00 0 
7f41dc000000-7f41dcb00000 rw-p 00000000 00:00 0 
7f41dcb00000-7f41e0000000 ---p 00000000 00:00 0 
7f41e0000000-7f41e095b000 rw-p 00000000 00:00 0 
7f41e095b000-7f41e4000000 ---p 00000000 00:00 0 
7f41e4000000-7f41e4021000 rw-p 00000000 00:00 0 
7f41e4021000-7f41e8000000 ---p 00000000 00:00 0 
7f41e8000000-7f41e8021000 rw-p 00000000 00:00 0 
7f41e8021000-7f41ec000000 ---p 00000000 00:00 0 
7f41ec000000-7f41ec021000 rw-p 00000000 00:00 0 
7f41ec021000-7f41f0000000 ---p 00000000 00:00 0 
7f41f3d10000-7f41f8000000 rw-p 00000000 00:00 0 
7f41f8000000-7f41f8021000 rw-p 00000000 00:00 0 
7f41f8021000-7f41fc000000 ---p 00000000 00:00 0 
7f41fc000000-7f41fc021000 rw-p 00000000 00:00 0 
7f41fc021000-7f4200000000 ---p 00000000 00:00 0 
7f4200000000-7f4200021000 rw-p 00000000 00:00 0 
7f4200021000-7f4204000000 ---p 00000000 00:00 0 
7f4206ce8000-7f4206ceb000 ---p 00000000 00:00 0 
7f4206ceb000-7f4206de9000 rw-p 00000000 00:00 0 
7f4206de9000-7f4206dec000 ---p 00000000 00:00 0 
7f4206dec000-7f4206eea000 rw-p 00000000 00:00 0                          [stack:10242]
7f4206eea000-7f4206f3b000 r-xp 00000000 08:0c 6038157                    /usr/lib/jvm/java-7-openjdk-amd64/jre/lib/amd64/libfontmanager.so
7f4206f3b000-7f420713a000 ---p 00051000 08:0c 6038157                    /usr/lib/jvm/java-7-openjdk-amd64/jre/lib/amd64/libfontmanager.so
7f420713a000-7f420713d000 r--p 00050000 08:0c 6038157                    /usr/lib/jvm/java-7-openjdk-amd64/jre/lib/amd64/libfontmanager.so
7f420713d000-7f420713e000 rw-p 00053000 08:0c 6038157                    /usr/lib/jvm/java-7-openjdk-amd64/jre/lib/amd64/libfontmanager.so
7f420713e000-7f4207141000 ---p 00000000 00:00 0 
7f4207141000-7f420723f000 rw-p 00000000 00:00 0                          [stack:10240]
7f420723f000-7f4207242000 ---p 00000000 00:00 0 
7f4207242000-7f4207340000 rw-p 00000000 00:00 0                          [stack:10239]
7f4207340000-7f4207344000 r-xp 00000000 08:0c 6295469                    /lib/x86_64-linux-gnu/libgpg-error.so.0.10.0
7f4207344000-7f4207543000 ---p 00004000 08:0c 6295469                    /lib/x86_64-linux-gnu/libgpg-error.so.0.10.0
7f4207543000-7f4207544000 r--p 00003000 08:0c 6295469                    /lib/x86_64-linux-gnu/libgpg-error.so.0.10.0
7f4207544000-7f4207545000 rw-p 00004000 08:0c 6295469                    /lib/x86_64-linux-gnu/libgpg-error.so.0.10.0
7f4207545000-7f4207547000 r-xp 00000000 08:0c 6295479                    /lib/x86_64-linux-gnu/libkeyutils.so.1.4
7f4207547000-7f4207747000 ---p 00002000 08:0c 6295479                    /lib/x86_64-linux-gnu/libkeyutils.so.1.4
7f4207747000-7f4207748000 r--p 00002000 08:0c 6295479                    /lib/x86_64-linux-gnu/libkeyutils.so.1.4
7f4207748000-7f4207749000 rw-p 00003000 08:0c 6295479                    /lib/x86_64-linux-gnu/libkeyutils.so.1.4
7f4207749000-7f4207763000 r-xp 00000000 08:0c 5906754                    /usr/lib/x86_64-linux-gnu/libgraphite2.so.3.0.1
7f4207763000-7f4207962000 ---p 0001a000 08:0c 5906754                    /usr/lib/x86_64-linux-gnu/libgraphite2.so.3.0.1
7f4207962000-7f4207964000 r--p 00019000 08:0c 5906754                    /usr/lib/x86_64-linux-gnu/libgraphite2.so.3.0.1
7f4207964000-7f4207965000 rw-p 0001b000 08:0c 5906754                    /usr/lib/x86_64-linux-gnu/libgraphite2.so.3.0.1
7f4207965000-7f42079a9000 r-xp 00000000 08:0c 6295450                    /lib/x86_64-linux-gnu/libdbus-1.so.3.7.6
7f42079a9000-7f4207ba8000 ---p 00044000 08:0c 6295450                    /lib/x86_64-linux-gnu/libdbus-1.so.3.7.6
7f4207ba8000-7f4207ba9000 r--p 00043000 08:0c 6295450                    /lib/x86_64-linux-gnu/libdbus-1.so.3.7.6
7f4207ba9000-7f4207baa000 rw-p 00044000 08:0c 6295450                    /lib/x86_64-linux-gnu/libdbus-1.so.3.7.6
7f4207baa000-7f4207be5000 r-xp 00000000 08:0c 5907052                    /usr/lib/x86_64-linux-gnu/libp11-kit.so.0.0.0
7f4207be5000-7f4207de4000 ---p 0003b000 08:0c 5907052                    /usr/lib/x86_64-linux-gnu/libp11-kit.so.0.0.0
7f4207de4000-7f4207dea000 r--p 0003a000 08:0c 5907052                    /usr/lib/x86_64-linux-gnu/libp11-kit.so.0.0.0
7f4207dea000-7f4207dec000 rw-p 00040000 08:0c 5907052                    /usr/lib/x86_64-linux-gnu/libp11-kit.so.0.0.0
7f4207dec000-7f4207dfe000 r-xp 00000000 08:0c 5907237                    /usr/lib/x86_64-linux-gnu/libtasn1.so.6.2.0
7f4207dfe000-7f4207ffe000 ---p 00012000 08:0c 5907237                    /usr/lib/x86_64-linux-gnu/libtasn1.so.6.2.0
7f4207ffe000-7f4207fff000 r--p 00012000 08:0c 5907237                    /usr/lib/x86_64-linux-gnu/libtasn1.so.6.2.0
7f4207fff000-7f4208000000 rw-p 00013000 08:0c 5907237                    /usr/lib/x86_64-linux-gnu/libtasn1.so.6.2.0
7f4208000000-7f4208021000 rw-p 00000000 00:00 0 
7f4208021000-7f420c000000 ---p 00000000 00:00 0 
7f420c0e0000-7f420c0e3000 ---p 00000000 00:00 0 
7f420c0e3000-7f420c1e1000 rw-p 00000000 00:00 0                          [stack:10238]
7f420c1e1000-7f420c25c000 r-xp 00000000 08:0c 6295465                    /lib/x86_64-linux-gnu/libgcrypt.so.11.8.2
7f420c25c000-7f420c45c000 ---p 0007b000 08:0c 6295465                    /lib/x86_64-linux-gnu/libgcrypt.so.11.8.2
7f420c45c000-7f420c45d000 r--p 0007b000 08:0c 6295465                    /lib/x86_64-linux-gnu/libgcrypt.so.11.8.2
7f420c45d000-7f420c460000 rw-p 0007c000 08:0c 6295465                    /lib/x86_64-linux-gnu/libgcrypt.so.11.8.2
7f420c460000-7f420c46a000 r-xp 00000000 08:0c 5906935                    /usr/lib/x86_64-linux-gnu/libkrb5support.so.0.1
7f420c46a000-7f420c669000 ---p 0000a000 08:0c 5906935                    /usr/lib/x86_64-linux-gnu/libkrb5support.so.0.1
7f420c669000-7f420c66a000 r--p 00009000 08:0c 5906935                    /usr/lib/x86_64-linux-gnu/libkrb5support.so.0.1
7f420c66a000-7f420c66b000 rw-p 0000a000 08:0c 5906935                    /usr/lib/x86_64-linux-gnu/libkrb5support.so.0.1
7f420c66b000-7f420c66e000 r-xp 00000000 08:0c 6295445                    /lib/x86_64-linux-gnu/libcom_err.so.2.1
7f420c66e000-7f420c86d000 ---p 00003000 08:0c 6295445                    /lib/x86_64-linux-gnu/libcom_err.so.2.1
7f420c86d000-7f420c86e000 r--p 00002000 08:0c 6295445                    /lib/x86_64-linux-gnu/libcom_err.so.2.1
7f420c86e000-7f420c86f000 rw-p 00003000 08:0c 6295445                    /lib/x86_64-linux-gnu/libcom_err.so.2.1
7f420c86f000-7f420c89b000 r-xp 00000000 08:0c 5906929                    /usr/lib/x86_64-linux-gnu/libk5crypto.so.3.1
7f420c89b000-7f420ca9a000 ---p 0002c000 08:0c 5906929                    /usr/lib/x86_64-linux-gnu/libk5crypto.so.3.1
7f420ca9a000-7f420ca9c000 r--p 0002b000 08:0c 5906929                    /usr/lib/x86_64-linux-gnu/libk5crypto.so.3.1
7f420ca9c000-7f420ca9d000 rw-p 0002d000 08:0c 5906929                    /usr/lib/x86_64-linux-gnu/libk5crypto.so.3.1
7f420ca9d000-7f420ca9e000 rw-p 00000000 00:00 0 
7f420ca9e000-7f420cb5a000 r-xp 00000000 08:0c 5906933                    /usr/lib/x86_64-linux-gnu/libkrb5.so.3.3
7f420cb5a000-7f420cd5a000 ---p 000bc000 08:0c 5906933                    /usr/lib/x86_64-linux-gnu/libkrb5.so.3.3
7f420cd5a000-7f420cd67000 r--p 000bc000 08:0c 5906933                    /usr/lib/x86_64-linux-gnu/libkrb5.so.3.3
7f420cd67000-7f420cd69000 rw-p 000c9000 08:0c 5906933                    /usr/lib/x86_64-linux-gnu/libkrb5.so.3.3
7f420cd69000-7f420cd6f000 r-xp 00000000 08:0c 5906528                    /usr/lib/x86_64-linux-gnu/libdatrie.so.1.3.1
7f420cd6f000-7f420cf6e000 ---p 00006000 08:0c 5906528                    /usr/lib/x86_64-linux-gnu/libdatrie.so.1.3.1
7f420cf6e000-7f420cf6f000 r--p 00005000 08:0c 5906528                    /usr/lib/x86_64-linux-gnu/libdatrie.so.1.3.1
7f420cf6f000-7f420cf70000 rw-p 00006000 08:0c 5906528                    /usr/lib/x86_64-linux-gnu/libdatrie.so.1.3.1
7f420cf70000-7f420cfc3000 r-xp 00000000 08:0c 5906867                    /usr/lib/x86_64-linux-gnu/libharfbuzz.so.0.927.0
7f420cfc3000-7f420d1c3000 ---p 00053000 08:0c 5906867                    /usr/lib/x86_64-linux-gnu/libharfbuzz.so.0.927.0
7f420d1c3000-7f420d1c4000 r--p 00053000 08:0c 5906867                    /usr/lib/x86_64-linux-gnu/libharfbuzz.so.0.927.0
7f420d1c4000-7f420d1c5000 rw-p 00054000 08:0c 5906867                    /usr/lib/x86_64-linux-gnu/libharfbuzz.so.0.927.0
7f420d1c5000-7f420d1cd000 r-xp 00000000 08:0c 5907379                    /usr/lib/x86_64-linux-gnu/libxcb-render.so.0.0.0
7f420d1cd000-7f420d3cc000 ---p 00008000 08:0c 5907379                    /usr/lib/x86_64-linux-gnu/libxcb-render.so.0.0.0
7f420d3cc000-7f420d3cd000 r--p 00007000 08:0c 5907379                    /usr/lib/x86_64-linux-gnu/libxcb-render.so.0.0.0
7f420d3cd000-7f420d3ce000 rw-p 00008000 08:0c 5907379                    /usr/lib/x86_64-linux-gnu/libxcb-render.so.0.0.0
7f420d3ce000-7f420d3d0000 r-xp 00000000 08:0c 5907383                    /usr/lib/x86_64-linux-gnu/libxcb-shm.so.0.0.0
7f420d3d0000-7f420d5cf000 ---p 00002000 08:0c 5907383                    /usr/lib/x86_64-linux-gnu/libxcb-shm.so.0.0.0
7f420d5cf000-7f420d5d0000 r--p 00001000 08:0c 5907383                    /usr/lib/x86_64-linux-gnu/libxcb-shm.so.0.0.0
7f420d5d0000-7f420d5d1000 rw-p 00002000 08:0c 5907383                    /usr/lib/x86_64-linux-gnu/libxcb-shm.so.0.0.0
7f420d5d1000-7f420d5f6000 r-xp 00000000 08:0c 6295551                    /lib/x86_64-linux-gnu/libpng12.so.0.50.0
7f420d5f6000-7f420d7f5000 ---p 00025000 08:0c 6295551                    /lib/x86_64-linux-gnu/libpng12.so.0.50.0
7f420d7f5000-7f420d7f6000 r--p 00024000 08:0c 6295551                    /lib/x86_64-linux-gnu/libpng12.so.0.50.0
7f420d7f6000-7f420d7f7000 rw-p 00025000 08:0c 6295551                    /lib/x86_64-linux-gnu/libpng12.so.0.50.0
7f420d7f7000-7f420d898000 r-xp 00000000 08:0c 5907083                    /usr/lib/x86_64-linux-gnu/libpixman-1.so.0.30.2
7f420d898000-7f420da98000 ---p 000a1000 08:0c 5907083                    /usr/lib/x86_64-linux-gnu/libpixman-1.so.0.30.2
7f420da98000-7f420da9f000 r--p 000a1000 08:0c 5907083                    /usr/lib/x86_64-linux-gnu/libpixman-1.so.0.30.2
7f420da9f000-7f420daa0000 rw-p 000a8000 08:0c 5907083                    /usr/lib/x86_64-linux-gnu/libpixman-1.so.0.30.2
7f420daa0000-7f420daa5000 r-xp 00000000 08:0c 5906336                    /usr/lib/x86_64-linux-gnu/libXdmcp.so.6.0.0
7f420daa5000-7f420dca4000 ---p 00005000 08:0c 5906336                    /usr/lib/x86_64-linux-gnu/libXdmcp.so.6.0.0
7f420dca4000-7f420dca5000 r--p 00004000 08:0c 5906336                    /usr/lib/x86_64-linux-gnu/libXdmcp.so.6.0.0
7f420dca5000-7f420dca6000 rw-p 00005000 08:0c 5906336                    /usr/lib/x86_64-linux-gnu/libXdmcp.so.6.0.0
7f420dca6000-7f420dca8000 r-xp 00000000 08:0c 5906325                    /usr/lib/x86_64-linux-gnu/libXau.so.6.0.0
7f420dca8000-7f420dea8000 ---p 00002000 08:0c 5906325                    /usr/lib/x86_64-linux-gnu/libXau.so.6.0.0
7f420dea8000-7f420dea9000 r--p 00002000 08:0c 5906325                    /usr/lib/x86_64-linux-gnu/libXau.so.6.0.0
7f420dea9000-7f420deaa000 rw-p 00003000 08:0c 5906325                    /usr/lib/x86_64-linux-gnu/libXau.so.6.0.0
7f420deaa000-7f420deb9000 r-xp 00000000 08:0c 5906429                    /usr/lib/x86_64-linux-gnu/libavahi-client.so.3.2.9
7f420deb9000-7f420e0b9000 ---p 0000f000 08:0c 5906429                    /usr/lib/x86_64-linux-gnu/libavahi-client.so.3.2.9
7f420e0b9000-7f420e0ba000 r--p 0000f000 08:0c 5906429                    /usr/lib/x86_64-linux-gnu/libavahi-client.so.3.2.9
7f420e0ba000-7f420e0bb000 rw-p 00010000 08:0c 5906429                    /usr/lib/x86_64-linux-gnu/libavahi-client.so.3.2.9
7f420e0bb000-7f420e0c6000 r-xp 00000000 08:0c 5906431                    /usr/lib/x86_64-linux-gnu/libavahi-common.so.3.5.3
7f420e0c6000-7f420e2c5000 ---p 0000b000 08:0c 5906431                    /usr/lib/x86_64-linux-gnu/libavahi-common.so.3.5.3
7f420e2c5000-7f420e2c6000 r--p 0000a000 08:0c 5906431                    /usr/lib/x86_64-linux-gnu/libavahi-common.so.3.5.3
7f420e2c6000-7f420e2c7000 rw-p 0000b000 08:0c 5906431                    /usr/lib/x86_64-linux-gnu/libavahi-common.so.3.5.3
7f420e2c7000-7f420e37d000 r-xp 00000000 08:0c 5899072                    /usr/lib/x86_64-linux-gnu/libgnutls.so.26.22.6
7f420e37d000-7f420e57d000 ---p 000b6000 08:0c 5899072                    /usr/lib/x86_64-linux-gnu/libgnutls.so.26.22.6
7f420e57d000-7f420e583000 r--p 000b6000 08:0c 5899072                    /usr/lib/x86_64-linux-gnu/libgnutls.so.26.22.6
7f420e583000-7f420e584000 rw-p 000bc000 08:0c 5899072                    /usr/lib/x86_64-linux-gnu/libgnutls.so.26.22.6
7f420e584000-7f420e585000 rw-p 00000000 00:00 0 
7f420e585000-7f420e5c8000 r-xp 00000000 08:0c 5906763                    /usr/lib/x86_64-linux-gnu/libgssapi_krb5.so.2.2
7f420e5c8000-7f420e7c8000 ---p 00043000 08:0c 5906763                    /usr/lib/x86_64-linux-gnu/libgssapi_krb5.so.2.2
7f420e7c8000-7f420e7c9000 r--p 00043000 08:0c 5906763                    /usr/lib/x86_64-linux-gnu/libgssapi_krb5.so.2.2
7f420e7c9000-7f420e7cb000 rw-p 00044000 08:0c 5906763                    /usr/lib/x86_64-linux-gnu/libgssapi_krb5.so.2.2
7f420e7cb000-7f420e7f2000 r-xp 00000000 08:0c 6295458                    /lib/x86_64-linux-gnu/libexpat.so.1.6.0
7f420e7f2000-7f420e9f2000 ---p 00027000 08:0c 6295458                    /lib/x86_64-linux-gnu/libexpat.so.1.6.0
7f420e9f2000-7f420e9f4000 r--p 00027000 08:0c 6295458                    /lib/x86_64-linux-gnu/libexpat.so.1.6.0
7f420e9f4000-7f420e9f5000 rw-p 00029000 08:0c 6295458                    /lib/x86_64-linux-gnu/libexpat.so.1.6.0
7f420e9f5000-7f420ea92000 r-xp 00000000 08:0c 5899445                    /usr/lib/x86_64-linux-gnu/libfreetype.so.6.11.1
7f420ea92000-7f420ec91000 ---p 0009d000 08:0c 5899445                    /usr/lib/x86_64-linux-gnu/libfreetype.so.6.11.1
7f420ec91000-7f420ec97000 r--p 0009c000 08:0c 5899445                    /usr/lib/x86_64-linux-gnu/libfreetype.so.6.11.1
7f420ec97000-7f420ec98000 rw-p 000a2000 08:0c 5899445                    /usr/lib/x86_64-linux-gnu/libfreetype.so.6.11.1
7f420ec98000-7f420eca0000 r-xp 00000000 08:0c 5907253                    /usr/lib/x86_64-linux-gnu/libthai.so.0.2.0
7f420eca0000-7f420ee9f000 ---p 00008000 08:0c 5907253                    /usr/lib/x86_64-linux-gnu/libthai.so.0.2.0
7f420ee9f000-7f420eea0000 r--p 00007000 08:0c 5907253                    /usr/lib/x86_64-linux-gnu/libthai.so.0.2.0
7f420eea0000-7f420eea1000 rw-p 00008000 08:0c 5907253                    /usr/lib/x86_64-linux-gnu/libthai.so.0.2.0
7f420eea1000-7f420eea3000 r-xp 00000000 08:0c 5906334                    /usr/lib/x86_64-linux-gnu/libXdamage.so.1.1.0
7f420eea3000-7f420f0a2000 ---p 00002000 08:0c 5906334                    /usr/lib/x86_64-linux-gnu/libXdamage.so.1.1.0
7f420f0a2000-7f420f0a3000 r--p 00001000 08:0c 5906334                    /usr/lib/x86_64-linux-gnu/libXdamage.so.1.1.0
7f420f0a3000-7f420f0a4000 rw-p 00002000 08:0c 5906334                    /usr/lib/x86_64-linux-gnu/libXdamage.so.1.1.0
7f420f0a4000-7f420f0a6000 r-xp 00000000 08:0c 5906330                    /usr/lib/x86_64-linux-gnu/libXcomposite.so.1.0.0
7f420f0a6000-7f420f2a5000 ---p 00002000 08:0c 5906330                    /usr/lib/x86_64-linux-gnu/libXcomposite.so.1.0.0
7f420f2a5000-7f420f2a6000 r--p 00001000 08:0c 5906330                    /usr/lib/x86_64-linux-gnu/libXcomposite.so.1.0.0
7f420f2a6000-7f420f2a7000 rw-p 00002000 08:0c 5906330                    /usr/lib/x86_64-linux-gnu/libXcomposite.so.1.0.0
7f420f2a7000-7f420f2b0000 r-xp 00000000 08:0c 5906332                    /usr/lib/x86_64-linux-gnu/libXcursor.so.1.0.2
7f420f2b0000-7f420f4af000 ---p 00009000 08:0c 5906332                    /usr/lib/x86_64-linux-gnu/libXcursor.so.1.0.2
7f420f4af000-7f420f4b0000 r--p 00008000 08:0c 5906332                    /usr/lib/x86_64-linux-gnu/libXcursor.so.1.0.2
7f420f4b0000-7f420f4b1000 rw-p 00009000 08:0c 5906332                    /usr/lib/x86_64-linux-gnu/libXcursor.so.1.0.2
7f420f4b1000-7f420f4ba000 r-xp 00000000 08:0c 5906358                    /usr/lib/x86_64-linux-gnu/libXrandr.so.2.2.0
7f420f4ba000-7f420f6b9000 ---p 00009000 08:0c 5906358                    /usr/lib/x86_64-linux-gnu/libXrandr.so.2.2.0
7f420f6b9000-7f420f6ba000 r--p 00008000 08:0c 5906358                    /usr/lib/x86_64-linux-gnu/libXrandr.so.2.2.0
7f420f6ba000-7f420f6bb000 rw-p 00009000 08:0c 5906358                    /usr/lib/x86_64-linux-gnu/libXrandr.so.2.2.0
7f420f6bb000-7f420f6bd000 r-xp 00000000 08:0c 5906348                    /usr/lib/x86_64-linux-gnu/libXinerama.so.1.0.0
7f420f6bd000-7f420f8bc000 ---p 00002000 08:0c 5906348                    /usr/lib/x86_64-linux-gnu/libXinerama.so.1.0.0
7f420f8bc000-7f420f8bd000 r--p 00001000 08:0c 5906348                    /usr/lib/x86_64-linux-gnu/libXinerama.so.1.0.0
7f420f8bd000-7f420f8be000 rw-p 00002000 08:0c 5906348                    /usr/lib/x86_64-linux-gnu/libXinerama.so.1.0.0
7f420f8be000-7f420f8d2000 r-xp 00000000 08:0c 5907064                    /usr/lib/x86_64-linux-gnu/libpangoft2-1.0.so.0.3600.3
7f420f8d2000-7f420fad1000 ---p 00014000 08:0c 5907064                    /usr/lib/x86_64-linux-gnu/libpangoft2-1.0.so.0.3600.3
7f420fad1000-7f420fad2000 r--p 00013000 08:0c 5907064                    /usr/lib/x86_64-linux-gnu/libpangoft2-1.0.so.0.3600.3
7f420fad2000-7f420fad3000 rw-p 00014000 08:0c 5907064                    /usr/lib/x86_64-linux-gnu/libpangoft2-1.0.so.0.3600.3
7f420fad3000-7f420fbd9000 r-xp 00000000 08:0c 5906456                    /usr/lib/x86_64-linux-gnu/libcairo.so.2.11301.0
7f420fbd9000-7f420fdd8000 ---p 00106000 08:0c 5906456                    /usr/lib/x86_64-linux-gnu/libcairo.so.2.11301.0
7f420fdd8000-7f420fddb000 r--p 00105000 08:0c 5906456                    /usr/lib/x86_64-linux-gnu/libcairo.so.2.11301.0
7f420fddb000-7f420fddc000 rw-p 00108000 08:0c 5906456                    /usr/lib/x86_64-linux-gnu/libcairo.so.2.11301.0
7f420fddc000-7f420fdde000 rw-p 00000000 00:00 0 
7f420fdde000-7f420fdfd000 r-xp 00000000 08:0c 5906417                    /usr/lib/x86_64-linux-gnu/libatk-1.0.so.0.21009.1
7f420fdfd000-7f420fffd000 ---p 0001f000 08:0c 5906417                    /usr/lib/x86_64-linux-gnu/libatk-1.0.so.0.21009.1
7f420fffd000-7f420ffff000 r--p 0001f000 08:0c 5906417                    /usr/lib/x86_64-linux-gnu/libatk-1.0.so.0.21009.1
7f420ffff000-7f4210000000 rw-p 00021000 08:0c 5906417                    /usr/lib/x86_64-linux-gnu/libatk-1.0.so.0.21009.1
7f4210000000-7f4210021000 rw-p 00000000 00:00 0 
7f4210021000-7f4214000000 ---p 00000000 00:00 0 
7f4214000000-7f4214021000 rw-p 00000000 00:00 0 
7f4214021000-7f4218000000 ---p 00000000 00:00 0 
7f4218000000-7f4218021000 rw-p 00000000 00:00 0 
7f4218021000-7f421c000000 ---p 00000000 00:00 0 
7f421c000000-7f421c021000 rw-p 00000000 00:00 0 
7f421c021000-7f4220000000 ---p 00000000 00:00 0 
7f42200df000-7f42200e2000 ---p 00000000 00:00 0 
7f42200e2000-7f42201e0000 rw-p 00000000 00:00 0                          [stack:10237]
7f42201e0000-7f42201e5000 r-xp 00000000 08:0c 5906340                    /usr/lib/x86_64-linux-gnu/libXfixes.so.3.1.0
7f42201e5000-7f42203e4000 ---p 00005000 08:0c 5906340                    /usr/lib/x86_64-linux-gnu/libXfixes.so.3.1.0
7f42203e4000-7f42203e5000 r--p 00004000 08:0c 5906340                    /usr/lib/x86_64-linux-gnu/libXfixes.so.3.1.0
7f42203e5000-7f42203e6000 rw-p 00005000 08:0c 5906340                    /usr/lib/x86_64-linux-gnu/libXfixes.so.3.1.0
7f42203e6000-7f42203f1000 r-xp 00000000 08:0c 5907062                    /usr/lib/x86_64-linux-gnu/libpangocairo-1.0.so.0.3600.3
7f42203f1000-7f42205f1000 ---p 0000b000 08:0c 5907062                    /usr/lib/x86_64-linux-gnu/libpangocairo-1.0.so.0.3600.3
7f42205f1000-7f42205f2000 r--p 0000b000 08:0c 5907062                    /usr/lib/x86_64-linux-gnu/libpangocairo-1.0.so.0.3600.3
7f42205f2000-7f42205f3000 rw-p 0000c000 08:0c 5907062                    /usr/lib/x86_64-linux-gnu/libpangocairo-1.0.so.0.3600.3
7f42205f3000-7f4220610000 r-xp 00000000 08:0c 5907393                    /usr/lib/x86_64-linux-gnu/libxcb.so.1.1.0
7f4220610000-7f4220810000 ---p 0001d000 08:0c 5907393                    /usr/lib/x86_64-linux-gnu/libxcb.so.1.1.0
7f4220810000-7f4220811000 r--p 0001d000 08:0c 5907393                    /usr/lib/x86_64-linux-gnu/libxcb.so.1.1.0
7f4220811000-7f4220812000 rw-p 0001e000 08:0c 5907393                    /usr/lib/x86_64-linux-gnu/libxcb.so.1.1.0
7f4220812000-7f422087e000 r-xp 00000000 08:0c 5906514                    /usr/lib/x86_64-linux-gnu/libcups.so.2
7f422087e000-7f4220a7e000 ---p 0006c000 08:0c 5906514                    /usr/lib/x86_64-linux-gnu/libcups.so.2
7f4220a7e000-7f4220a85000 r--p 0006c000 08:0c 5906514                    /usr/lib/x86_64-linux-gnu/libcups.so.2
7f4220a85000-7f4220a86000 rw-p 00073000 08:0c 5906514                    /usr/lib/x86_64-linux-gnu/libcups.so.2
7f4220a86000-7f4220a87000 r-xp 00000000 08:0c 5906843                    /usr/lib/x86_64-linux-gnu/libgthread-2.0.so.0.4000.0
7f4220a87000-7f4220c86000 ---p 00001000 08:0c 5906843                    /usr/lib/x86_64-linux-gnu/libgthread-2.0.so.0.4000.0
7f4220c86000-7f4220c87000 r--p 00000000 08:0c 5906843                    /usr/lib/x86_64-linux-gnu/libgthread-2.0.so.0.4000.0
7f4220c87000-7f4220c88000 rw-p 00001000 08:0c 5906843                    /usr/lib/x86_64-linux-gnu/libgthread-2.0.so.0.4000.0
7f4220c88000-7f4220cc2000 r-xp 00000000 08:0c 5906617                    /usr/lib/x86_64-linux-gnu/libfontconfig.so.1.8.0
7f4220cc2000-7f4220ec1000 ---p 0003a000 08:0c 5906617                    /usr/lib/x86_64-linux-gnu/libfontconfig.so.1.8.0
7f4220ec1000-7f4220ec3000 r--p 00039000 08:0c 5906617                    /usr/lib/x86_64-linux-gnu/libfontconfig.so.1.8.0
7f4220ec3000-7f4220ec4000 rw-p 0003b000 08:0c 5906617                    /usr/lib/x86_64-linux-gnu/libfontconfig.so.1.8.0
7f4220ec4000-7f4220f0e000 r-xp 00000000 08:0c 5907060                    /usr/lib/x86_64-linux-gnu/libpango-1.0.so.0.3600.3
7f4220f0e000-7f422110e000 ---p 0004a000 08:0c 5907060                    /usr/lib/x86_64-linux-gnu/libpango-1.0.so.0.3600.3
7f422110e000-7f4221110000 r--p 0004a000 08:0c 5907060                    /usr/lib/x86_64-linux-gnu/libpango-1.0.so.0.3600.3
7f4221110000-7f4221111000 rw-p 0004c000 08:0c 5907060                    /usr/lib/x86_64-linux-gnu/libpango-1.0.so.0.3600.3
7f4221111000-7f4221130000 r-xp 00000000 08:0c 5906682                    /usr/lib/x86_64-linux-gnu/libgdk_pixbuf-2.0.so.0.3000.7
7f4221130000-7f4221330000 ---p 0001f000 08:0c 5906682                    /usr/lib/x86_64-linux-gnu/libgdk_pixbuf-2.0.so.0.3000.7
7f4221330000-7f4221331000 r--p 0001f000 08:0c 5906682                    /usr/lib/x86_64-linux-gnu/libgdk_pixbuf-2.0.so.0.3000.7
7f4221331000-7f4221332000 rw-p 00020000 08:0c 5906682                    /usr/lib/x86_64-linux-gnu/libgdk_pixbuf-2.0.so.0.3000.7
7f4221332000-7f42213df000 r-xp 00000000 08:0c 5900288                    /usr/lib/x86_64-linux-gnu/libgdk-x11-2.0.so.0.2400.23
7f42213df000-7f42215de000 ---p 000ad000 08:0c 5900288                    /usr/lib/x86_64-linux-gnu/libgdk-x11-2.0.so.0.2400.23
7f42215de000-7f42215e2000 r--p 000ac000 08:0c 5900288                    /usr/lib/x86_64-linux-gnu/libgdk-x11-2.0.so.0.2400.23
7f42215e2000-7f42215e4000 rw-p 000b0000 08:0c 5900288                    /usr/lib/x86_64-linux-gnu/libgdk-x11-2.0.so.0.2400.23
7f42215e4000-7f4221a13000 r-xp 00000000 08:0c 5899952                    /usr/lib/x86_64-linux-gnu/libgtk-x11-2.0.so.0.2400.23
7f4221a13000-7f4221c12000 ---p 0042f000 08:0c 5899952                    /usr/lib/x86_64-linux-gnu/libgtk-x11-2.0.so.0.2400.23
7f4221c12000-7f4221c19000 r--p 0042e000 08:0c 5899952                    /usr/lib/x86_64-linux-gnu/libgtk-x11-2.0.so.0.2400.23
7f4221c19000-7f4221c1d000 rw-p 00435000 08:0c 5899952                    /usr/lib/x86_64-linux-gnu/libgtk-x11-2.0.so.0.2400.23
7f4221c1d000-7f4221c20000 rw-p 00000000 00:00 0 
7f4221c20000-7f4221c2f000 r-xp 00000000 08:0c 5906346                    /usr/lib/x86_64-linux-gnu/libXi.so.6.1.0
7f4221c2f000-7f4221e2e000 ---p 0000f000 08:0c 5906346                    /usr/lib/x86_64-linux-gnu/libXi.so.6.1.0
7f4221e2e000-7f4221e2f000 r--p 0000e000 08:0c 5906346                    /usr/lib/x86_64-linux-gnu/libXi.so.6.1.0
7f4221e2f000-7f4221e30000 rw-p 0000f000 08:0c 5906346                    /usr/lib/x86_64-linux-gnu/libXi.so.6.1.0
7f4221e30000-7f4221e35000 r-xp 00000000 08:0c 5906366                    /usr/lib/x86_64-linux-gnu/libXtst.so.6.1.0
7f4221e35000-7f4222034000 ---p 00005000 08:0c 5906366                    /usr/lib/x86_64-linux-gnu/libXtst.so.6.1.0
7f4222034000-7f4222035000 r--p 00004000 08:0c 5906366                    /usr/lib/x86_64-linux-gnu/libXtst.so.6.1.0
7f4222035000-7f4222036000 rw-p 00005000 08:0c 5906366                    /usr/lib/x86_64-linux-gnu/libXtst.so.6.1.0
7f4222036000-7f422203f000 r-xp 00000000 08:0c 5906360                    /usr/lib/x86_64-linux-gnu/libXrender.so.1.3.0
7f422203f000-7f422223e000 ---p 00009000 08:0c 5906360                    /usr/lib/x86_64-linux-gnu/libXrender.so.1.3.0
7f422223e000-7f422223f000 r--p 00008000 08:0c 5906360                    /usr/lib/x86_64-linux-gnu/libXrender.so.1.3.0
7f422223f000-7f4222240000 rw-p 00009000 08:0c 5906360                    /usr/lib/x86_64-linux-gnu/libXrender.so.1.3.0
7f4222240000-7f4222370000 r-xp 00000000 08:0c 5906321                    /usr/lib/x86_64-linux-gnu/libX11.so.6.3.0
7f4222370000-7f4222570000 ---p 00130000 08:0c 5906321                    /usr/lib/x86_64-linux-gnu/libX11.so.6.3.0
7f4222570000-7f4222571000 r--p 00130000 08:0c 5906321                    /usr/lib/x86_64-linux-gnu/libX11.so.6.3.0
7f4222571000-7f4222575000 rw-p 00131000 08:0c 5906321                    /usr/lib/x86_64-linux-gnu/libX11.so.6.3.0
7f4222575000-7f4222586000 r-xp 00000000 08:0c 5906338                    /usr/lib/x86_64-linux-gnu/libXext.so.6.4.0
7f4222586000-7f4222785000 ---p 00011000 08:0c 5906338                    /usr/lib/x86_64-linux-gnu/libXext.so.6.4.0
7f4222785000-7f4222786000 r--p 00010000 08:0c 5906338                    /usr/lib/x86_64-linux-gnu/libXext.so.6.4.0
7f4222786000-7f4222787000 rw-p 00011000 08:0c 5906338                    /usr/lib/x86_64-linux-gnu/libXext.so.6.4.0
7f4222787000-7f42227d8000 r-xp 00000000 08:0c 6038063                    /usr/lib/jvm/java-7-openjdk-amd64/jre/lib/amd64/xawt/libmawt.so
7f42227d8000-7f42229d7000 ---p 00051000 08:0c 6038063                    /usr/lib/jvm/java-7-openjdk-amd64/jre/lib/amd64/xawt/libmawt.so
7f42229d7000-7f42229d8000 r--p 00050000 08:0c 6038063                    /usr/lib/jvm/java-7-openjdk-amd64/jre/lib/amd64/xawt/libmawt.so
7f42229d8000-7f42229db000 rw-p 00051000 08:0c 6038063                    /usr/lib/jvm/java-7-openjdk-amd64/jre/lib/amd64/xawt/libmawt.so
7f42229db000-7f42229dc000 rw-p 00000000 00:00 0 
7f42229dc000-7f4222a7c000 r-xp 00000000 08:0c 6038150                    /usr/lib/jvm/java-7-openjdk-amd64/jre/lib/amd64/libawt.so
7f4222a7c000-7f4222c7b000 ---p 000a0000 08:0c 6038150                    /usr/lib/jvm/java-7-openjdk-amd64/jre/lib/amd64/libawt.so
7f4222c7b000-7f4222c7c000 r--p 0009f000 08:0c 6038150                    /usr/lib/jvm/java-7-openjdk-amd64/jre/lib/amd64/libawt.so
7f4222c7c000-7f4222c87000 rw-p 000a0000 08:0c 6038150                    /usr/lib/jvm/java-7-openjdk-amd64/jre/lib/amd64/libawt.so
7f4222c87000-7f4222cac000 rw-p 00000000 00:00 0 
7f4222cac000-7f4222ce9000 r-xp 00000000 08:0c 6295539                    /lib/x86_64-linux-gnu/libpcre.so.3.13.1
7f4222ce9000-7f4222ee8000 ---p 0003d000 08:0c 6295539                    /lib/x86_64-linux-gnu/libpcre.so.3.13.1
7f4222ee8000-7f4222ee9000 r--p 0003c000 08:0c 6295539                    /lib/x86_64-linux-gnu/libpcre.so.3.13.1
7f4222ee9000-7f4222eea000 rw-p 0003d000 08:0c 6295539                    /lib/x86_64-linux-gnu/libpcre.so.3.13.1
7f4222eea000-7f4222ef1000 r-xp 00000000 08:0c 5906603                    /usr/lib/x86_64-linux-gnu/libffi.so.6.0.1
7f4222ef1000-7f42230f0000 ---p 00007000 08:0c 5906603                    /usr/lib/x86_64-linux-gnu/libffi.so.6.0.1
7f42230f0000-7f42230f1000 r--p 00006000 08:0c 5906603                    /usr/lib/x86_64-linux-gnu/libffi.so.6.0.1
7f42230f1000-7f42230f2000 rw-p 00007000 08:0c 5906603                    /usr/lib/x86_64-linux-gnu/libffi.so.6.0.1
7f42230f2000-7f4223109000 r-xp 00000000 08:0c 6295562                    /lib/x86_64-linux-gnu/libresolv-2.19.so
7f4223109000-7f4223309000 ---p 00017000 08:0c 6295562                    /lib/x86_64-linux-gnu/libresolv-2.19.so
7f4223309000-7f422330a000 r--p 00017000 08:0c 6295562                    /lib/x86_64-linux-gnu/libresolv-2.19.so
7f422330a000-7f422330b000 rw-p 00018000 08:0c 6295562                    /lib/x86_64-linux-gnu/libresolv-2.19.so
7f422330b000-7f422330d000 rw-p 00000000 00:00 0 
7f422330d000-7f422332d000 r-xp 00000000 08:0c 6292666                    /lib/x86_64-linux-gnu/libselinux.so.1
7f422332d000-7f422352c000 ---p 00020000 08:0c 6292666                    /lib/x86_64-linux-gnu/libselinux.so.1
7f422352c000-7f422352d000 r--p 0001f000 08:0c 6292666                    /lib/x86_64-linux-gnu/libselinux.so.1
7f422352d000-7f422352e000 rw-p 00020000 08:0c 6292666                    /lib/x86_64-linux-gnu/libselinux.so.1
7f422352e000-7f4223530000 rw-p 00000000 00:00 0 
7f4223530000-7f4223533000 r-xp 00000000 08:0c 5906720                    /usr/lib/x86_64-linux-gnu/libgmodule-2.0.so.0.4000.0
7f4223533000-7f4223732000 ---p 00003000 08:0c 5906720                    /usr/lib/x86_64-linux-gnu/libgmodule-2.0.so.0.4000.0
7f4223732000-7f4223733000 r--p 00002000 08:0c 5906720                    /usr/lib/x86_64-linux-gnu/libgmodule-2.0.so.0.4000.0
7f4223733000-7f4223734000 rw-p 00003000 08:0c 5906720                    /usr/lib/x86_64-linux-gnu/libgmodule-2.0.so.0.4000.0
7f4223734000-7f422383a000 r-xp 00000000 08:0c 6295467                    /lib/x86_64-linux-gnu/libglib-2.0.so.0.4000.0
7f422383a000-7f4223a39000 ---p 00106000 08:0c 6295467                    /lib/x86_64-linux-gnu/libglib-2.0.so.0.4000.0
7f4223a39000-7f4223a3a000 r--p 00105000 08:0c 6295467                    /lib/x86_64-linux-gnu/libglib-2.0.so.0.4000.0
7f4223a3a000-7f4223a3b000 rw-p 00106000 08:0c 6295467                    /lib/x86_64-linux-gnu/libglib-2.0.so.0.4000.0
7f4223a3b000-7f4223a3c000 rw-p 00000000 00:00 0 
7f4223a3c000-7f4223a8b000 r-xp 00000000 08:0c 5906736                    /usr/lib/x86_64-linux-gnu/libgobject-2.0.so.0.4000.0
7f4223a8b000-7f4223c8b000 ---p 0004f000 08:0c 5906736                    /usr/lib/x86_64-linux-gnu/libgobject-2.0.so.0.4000.0
7f4223c8b000-7f4223c8c000 r--p 0004f000 08:0c 5906736                    /usr/lib/x86_64-linux-gnu/libgobject-2.0.so.0.4000.0
7f4223c8c000-7f4223c8d000 rw-p 00050000 08:0c 5906736                    /usr/lib/x86_64-linux-gnu/libgobject-2.0.so.0.4000.0
7f4223c8d000-7f4223df8000 r-xp 00000000 08:0c 5906706                    /usr/lib/x86_64-linux-gnu/libgio-2.0.so.0.4000.0
7f4223df8000-7f4223ff8000 ---p 0016b000 08:0c 5906706                    /usr/lib/x86_64-linux-gnu/libgio-2.0.so.0.4000.0
7f4223ff8000-7f4223ffc000 r--p 0016b000 08:0c 5906706                    /usr/lib/x86_64-linux-gnu/libgio-2.0.so.0.4000.0
7f4223ffc000-7f4223ffe000 rw-p 0016f000 08:0c 5906706                    /usr/lib/x86_64-linux-gnu/libgio-2.0.so.0.4000.0
7f4223ffe000-7f4224000000 rw-p 00000000 00:00 0 
7f4224000000-7f4224021000 rw-p 00000000 00:00 0 
7f4224021000-7f4228000000 ---p 00000000 00:00 0 
7f42280a3000-7f42280a7000 rw-s 00000000 00:04 46727189                   /SYSV00000000 (deleted)
7f42280ab000-7f42280b4000 r--s 000b9000 08:0c 6038099                    /usr/lib/jvm/java-7-openjdk-amd64/jre/lib/resources.jar
7f42280b4000-7f42280bb000 r--s 0009e000 08:08 2405582                    /home/ruioliveira/Downloads/jgoodies-binding-2.10.0/jgoodies-binding-2.10.0-javadoc.jar
7f42280bb000-7f42280be000 r--s 0003d000 08:08 2405583                    /home/ruioliveira/Downloads/jgoodies-binding-2.10.0/jgoodies-binding-2.10.0-sources.jar
7f42280be000-7f42280c1000 r--s 00020000 08:08 2405584                    /home/ruioliveira/Downloads/jgoodies-binding-2.10.0/jgoodies-binding-2.10.0-tests.jar
7f42280c1000-7f42280c7000 r--s 0002b000 08:08 2405585                    /home/ruioliveira/Downloads/jgoodies-binding-2.10.0/jgoodies-binding-2.10.0.jar
7f42280c7000-7f42280ca000 r--s 00035000 08:08 2405312                    /home/ruioliveira/Downloads/jgoodies-common-1.8.0/jgoodies-common-1.8.0-javadoc.jar
7f42280ca000-7f42280fb000 rw-p 00000000 00:00 0 
7f42280fb000-7f4228111000 r-xp 00000000 08:0c 6038134                    /usr/lib/jvm/java-7-openjdk-amd64/jre/lib/amd64/libnet.so
7f4228111000-7f4228311000 ---p 00016000 08:0c 6038134                    /usr/lib/jvm/java-7-openjdk-amd64/jre/lib/amd64/libnet.so
7f4228311000-7f4228312000 r--p 00016000 08:0c 6038134                    /usr/lib/jvm/java-7-openjdk-amd64/jre/lib/amd64/libnet.so
7f4228312000-7f4228313000 rw-p 00017000 08:0c 6038134                    /usr/lib/jvm/java-7-openjdk-amd64/jre/lib/amd64/libnet.so
7f4228313000-7f4228323000 r-xp 00000000 08:0c 6038142                    /usr/lib/jvm/java-7-openjdk-amd64/jre/lib/amd64/libnio.so
7f4228323000-7f4228523000 ---p 00010000 08:0c 6038142                    /usr/lib/jvm/java-7-openjdk-amd64/jre/lib/amd64/libnio.so
7f4228523000-7f4228524000 r--p 00010000 08:0c 6038142                    /usr/lib/jvm/java-7-openjdk-amd64/jre/lib/amd64/libnio.so
7f4228524000-7f4228525000 rw-p 00011000 08:0c 6038142                    /usr/lib/jvm/java-7-openjdk-amd64/jre/lib/amd64/libnio.so
7f4228525000-7f4228526000 ---p 00000000 00:00 0 
7f4228526000-7f4228626000 rw-p 00000000 00:00 0                          [stack:10235]
7f4228626000-7f4228629000 ---p 00000000 00:00 0 
7f4228629000-7f4228727000 rw-p 00000000 00:00 0                          [stack:10234]
7f4228727000-7f422872a000 ---p 00000000 00:00 0 
7f422872a000-7f4228828000 rw-p 00000000 00:00 0                          [stack:10233]
7f4228828000-7f422882b000 ---p 00000000 00:00 0 
7f422882b000-7f4228929000 rw-p 00000000 00:00 0                          [stack:10232]
7f4228929000-7f422892c000 ---p 00000000 00:00 0 
7f422892c000-7f4228a2a000 rw-p 00000000 00:00 0                          [stack:10231]
7f4228a2a000-7f422910d000 r--p 00000000 08:0c 5905319                    /usr/lib/locale/locale-archive
7f422910d000-7f4229110000 ---p 00000000 00:00 0 
7f4229110000-7f422920e000 rw-p 00000000 00:00 0                          [stack:10230]
7f422920e000-7f4229211000 ---p 00000000 00:00 0 
7f4229211000-7f422930f000 rw-p 00000000 00:00 0                          [stack:10229]
7f422930f000-7f4229310000 ---p 00000000 00:00 0 
7f4229310000-7f422b09d000 rw-p 00000000 00:00 0                          [stack:10227]
7f422b09d000-7f422b24b000 r--s 01cfc000 08:0c 6038089                    /usr/lib/jvm/java-7-openjdk-amd64/jre/lib/rt.jar
7f422b24b000-7f422b6f0000 rw-p 00000000 00:00 0 
7f422b6f0000-7f422b6f1000 ---p 00000000 00:00 0 
7f422b6f1000-7f422b7f1000 rw-p 00000000 00:00 0                          [stack:10226]
7f422b7f1000-7f422b7f2000 ---p 00000000 00:00 0 
7f422b7f2000-7f422b8f2000 rw-p 00000000 00:00 0                          [stack:10225]
7f422b8f2000-7f422b8f3000 ---p 00000000 00:00 0 
7f422b8f3000-7f422b9f3000 rw-p 00000000 00:00 0                          [stack:10224]
7f422b9f3000-7f422b9f4000 ---p 00000000 00:00 0 
7f422b9f4000-7f422baf4000 rw-p 00000000 00:00 0                          [stack:10223]
7f422baf4000-7f422baf5000 ---p 00000000 00:00 0 
7f422baf5000-7f422bbf5000 rw-p 00000000 00:00 0                          [stack:10222]
7f422bbf5000-7f422bbf6000 ---p 00000000 00:00 0 
7f422bbf6000-7f422bcf6000 rw-p 00000000 00:00 0                          [stack:10221]
7f422bcf6000-7f422bcf7000 ---p 00000000 00:00 0 
7f422bcf7000-7f422bdf7000 rw-p 00000000 00:00 0                          [stack:10220]
7f422bdf7000-7f422bdf8000 ---p 00000000 00:00 0 
7f422bdf8000-7f422bf21000 rw-p 00000000 00:00 0                          [stack:10219]
7f422bf21000-7f422c18b000 rw-p 00000000 00:00 0 
7f422c18b000-7f422c196000 rw-p 00000000 00:00 0 
7f422c196000-7f422c1de000 rw-p 00000000 00:00 0 
7f422c1de000-7f422c207000 rw-p 00000000 00:00 0 
7f422c207000-7f422c470000 rw-p 00000000 00:00 0 
7f422c470000-7f422c486000 rw-p 00000000 00:00 0 
7f422c486000-7f422c5ba000 rw-p 00000000 00:00 0 
7f422c5ba000-7f422c5bb000 rw-p 00000000 00:00 0 
7f422c5bb000-7f422c82b000 rwxp 00000000 00:00 0 
7f422c82b000-7f422f5bb000 rw-p 00000000 00:00 0 
7f422f5bb000-7f422f5c3000 r-xp 00000000 08:0c 6038129                    /usr/lib/jvm/java-7-openjdk-amd64/jre/lib/amd64/libzip.so
7f422f5c3000-7f422f7c2000 ---p 00008000 08:0c 6038129                    /usr/lib/jvm/java-7-openjdk-amd64/jre/lib/amd64/libzip.so
7f422f7c2000-7f422f7c3000 r--p 00007000 08:0c 6038129                    /usr/lib/jvm/java-7-openjdk-amd64/jre/lib/amd64/libzip.so
7f422f7c3000-7f422f7c4000 rw-p 00008000 08:0c 6038129                    /usr/lib/jvm/java-7-openjdk-amd64/jre/lib/amd64/libzip.so
7f422f7c4000-7f422f7cf000 r-xp 00000000 08:0c 6295511                    /lib/x86_64-linux-gnu/libnss_files-2.19.so
7f422f7cf000-7f422f9ce000 ---p 0000b000 08:0c 6295511                    /lib/x86_64-linux-gnu/libnss_files-2.19.so
7f422f9ce000-7f422f9cf000 r--p 0000a000 08:0c 6295511                    /lib/x86_64-linux-gnu/libnss_files-2.19.so
7f422f9cf000-7f422f9d0000 rw-p 0000b000 08:0c 6295511                    /lib/x86_64-linux-gnu/libnss_files-2.19.so
7f422f9d0000-7f422f9db000 r-xp 00000000 08:0c 6295521                    /lib/x86_64-linux-gnu/libnss_nis-2.19.so
7f422f9db000-7f422fbda000 ---p 0000b000 08:0c 6295521                    /lib/x86_64-linux-gnu/libnss_nis-2.19.so
7f422fbda000-7f422fbdb000 r--p 0000a000 08:0c 6295521                    /lib/x86_64-linux-gnu/libnss_nis-2.19.so
7f422fbdb000-7f422fbdc000 rw-p 0000b000 08:0c 6295521                    /lib/x86_64-linux-gnu/libnss_nis-2.19.so
7f422fbdc000-7f422fbf3000 r-xp 00000000 08:0c 6295505                    /lib/x86_64-linux-gnu/libnsl-2.19.so
7f422fbf3000-7f422fdf2000 ---p 00017000 08:0c 6295505                    /lib/x86_64-linux-gnu/libnsl-2.19.so
7f422fdf2000-7f422fdf3000 r--p 00016000 08:0c 6295505                    /lib/x86_64-linux-gnu/libnsl-2.19.so
7f422fdf3000-7f422fdf4000 rw-p 00017000 08:0c 6295505                    /lib/x86_64-linux-gnu/libnsl-2.19.so
7f422fdf4000-7f422fdf6000 rw-p 00000000 00:00 0 
7f422fdf6000-7f422fdff000 r-xp 00000000 08:0c 6295507                    /lib/x86_64-linux-gnu/libnss_compat-2.19.so
7f422fdff000-7f422fffe000 ---p 00009000 08:0c 6295507                    /lib/x86_64-linux-gnu/libnss_compat-2.19.so
7f422fffe000-7f422ffff000 r--p 00008000 08:0c 6295507                    /lib/x86_64-linux-gnu/libnss_compat-2.19.so
7f422ffff000-7f4230000000 rw-p 00009000 08:0c 6295507                    /lib/x86_64-linux-gnu/libnss_compat-2.19.so
7f4230000000-7f4230370000 rw-p 00000000 00:00 0 
7f4230370000-7f4234000000 ---p 00000000 00:00 0 
7f4234001000-7f4234002000 r--p 00000000 08:0c 7363661                    /usr/share/locale-langpack/en_GB/LC_MESSAGES/libc.mo
7f4234002000-7f4234004000 r--s 00010000 08:08 2405313                    /home/ruioliveira/Downloads/jgoodies-common-1.8.0/jgoodies-common-1.8.0-sources.jar
7f4234004000-7f4234005000 r--s 00004000 08:08 2405314                    /home/ruioliveira/Downloads/jgoodies-common-1.8.0/jgoodies-common-1.8.0-tests.jar
7f4234005000-7f4234007000 r--s 00007000 08:08 2405315                    /home/ruioliveira/Downloads/jgoodies-common-1.8.0/jgoodies-common-1.8.0.jar
7f4234007000-7f423400e000 r--s 000a4000 08:08 2405115                    /home/ruioliveira/Downloads/jgoodies-looks-2.6.0/jgoodies-looks-2.6.0-javadoc.jar
7f423400e000-7f4234013000 r--s 00051000 08:08 2405116                    /home/ruioliveira/Downloads/jgoodies-looks-2.6.0/jgoodies-looks-2.6.0-sources.jar
7f4234013000-7f4234014000 r--s 00001000 08:08 2405117                    /home/ruioliveira/Downloads/jgoodies-looks-2.6.0/jgoodies-looks-2.6.0-tests.jar
7f4234014000-7f423401d000 r--s 0005a000 08:08 2405118                    /home/ruioliveira/Downloads/jgoodies-looks-2.6.0/jgoodies-looks-2.6.0.jar
7f423401d000-7f42340d5000 rw-p 00000000 00:00 0 
7f42340d5000-7f423411d000 rw-p 00000000 00:00 0 
7f423411d000-7f4234148000 r-xp 00000000 08:0c 6038125                    /usr/lib/jvm/java-7-openjdk-amd64/jre/lib/amd64/libjava.so
7f4234148000-7f4234347000 ---p 0002b000 08:0c 6038125                    /usr/lib/jvm/java-7-openjdk-amd64/jre/lib/amd64/libjava.so
7f4234347000-7f4234348000 r--p 0002a000 08:0c 6038125                    /usr/lib/jvm/java-7-openjdk-amd64/jre/lib/amd64/libjava.so
7f4234348000-7f423434a000 rw-p 0002b000 08:0c 6038125                    /usr/lib/jvm/java-7-openjdk-amd64/jre/lib/amd64/libjava.so
7f423434a000-7f423435a000 r-xp 00000000 08:0c 6038158                    /usr/lib/jvm/java-7-openjdk-amd64/jre/lib/amd64/libverify.so
7f423435a000-7f4234559000 ---p 00010000 08:0c 6038158                    /usr/lib/jvm/java-7-openjdk-amd64/jre/lib/amd64/libverify.so
7f4234559000-7f423455b000 r--p 0000f000 08:0c 6038158                    /usr/lib/jvm/java-7-openjdk-amd64/jre/lib/amd64/libverify.so
7f423455b000-7f423455c000 rw-p 00011000 08:0c 6038158                    /usr/lib/jvm/java-7-openjdk-amd64/jre/lib/amd64/libverify.so
7f423455c000-7f4234563000 r-xp 00000000 08:0c 6295564                    /lib/x86_64-linux-gnu/librt-2.19.so
7f4234563000-7f4234762000 ---p 00007000 08:0c 6295564                    /lib/x86_64-linux-gnu/librt-2.19.so
7f4234762000-7f4234763000 r--p 00006000 08:0c 6295564                    /lib/x86_64-linux-gnu/librt-2.19.so
7f4234763000-7f4234764000 rw-p 00007000 08:0c 6295564                    /lib/x86_64-linux-gnu/librt-2.19.so
7f4234764000-7f423477a000 r-xp 00000000 08:0c 6295463                    /lib/x86_64-linux-gnu/libgcc_s.so.1
7f423477a000-7f4234979000 ---p 00016000 08:0c 6295463                    /lib/x86_64-linux-gnu/libgcc_s.so.1
7f4234979000-7f423497a000 rw-p 00015000 08:0c 6295463                    /lib/x86_64-linux-gnu/libgcc_s.so.1
7f423497a000-7f4234a7f000 r-xp 00000000 08:0c 6295486                    /lib/x86_64-linux-gnu/libm-2.19.so
7f4234a7f000-7f4234c7e000 ---p 00105000 08:0c 6295486                    /lib/x86_64-linux-gnu/libm-2.19.so
7f4234c7e000-7f4234c7f000 r--p 00104000 08:0c 6295486                    /lib/x86_64-linux-gnu/libm-2.19.so
7f4234c7f000-7f4234c80000 rw-p 00105000 08:0c 6295486                    /lib/x86_64-linux-gnu/libm-2.19.so
7f4234c80000-7f4234d66000 r-xp 00000000 08:0c 5907231                    /usr/lib/x86_64-linux-gnu/libstdc++.so.6.0.19
7f4234d66000-7f4234f65000 ---p 000e6000 08:0c 5907231                    /usr/lib/x86_64-linux-gnu/libstdc++.so.6.0.19
7f4234f65000-7f4234f6d000 r--p 000e5000 08:0c 5907231                    /usr/lib/x86_64-linux-gnu/libstdc++.so.6.0.19
7f4234f6d000-7f4234f6f000 rw-p 000ed000 08:0c 5907231                    /usr/lib/x86_64-linux-gnu/libstdc++.so.6.0.19
7f4234f6f000-7f4234f84000 rw-p 00000000 00:00 0 
7f4234f84000-7f4235a65000 r-xp 00000000 08:0c 6038139                    /usr/lib/jvm/java-7-openjdk-amd64/jre/lib/amd64/server/libjvm.so
7f4235a65000-7f4235c64000 ---p 00ae1000 08:0c 6038139                    /usr/lib/jvm/java-7-openjdk-amd64/jre/lib/amd64/server/libjvm.so
7f4235c64000-7f4235cf6000 r--p 00ae0000 08:0c 6038139                    /usr/lib/jvm/java-7-openjdk-amd64/jre/lib/amd64/server/libjvm.so
7f4235cf6000-7f4235d19000 rw-p 00b72000 08:0c 6038139                    /usr/lib/jvm/java-7-openjdk-amd64/jre/lib/amd64/server/libjvm.so
7f4235d19000-7f4235d46000 rw-p 00000000 00:00 0 
7f4235d46000-7f4235d5e000 r-xp 00000000 08:0c 6295599                    /lib/x86_64-linux-gnu/libz.so.1.2.8
7f4235d5e000-7f4235f5d000 ---p 00018000 08:0c 6295599                    /lib/x86_64-linux-gnu/libz.so.1.2.8
7f4235f5d000-7f4235f5e000 r--p 00017000 08:0c 6295599                    /lib/x86_64-linux-gnu/libz.so.1.2.8
7f4235f5e000-7f4235f5f000 rw-p 00018000 08:0c 6295599                    /lib/x86_64-linux-gnu/libz.so.1.2.8
7f4235f5f000-7f4235f78000 r-xp 00000000 08:0c 6295556                    /lib/x86_64-linux-gnu/libpthread-2.19.so
7f4235f78000-7f4236177000 ---p 00019000 08:0c 6295556                    /lib/x86_64-linux-gnu/libpthread-2.19.so
7f4236177000-7f4236178000 r--p 00018000 08:0c 6295556                    /lib/x86_64-linux-gnu/libpthread-2.19.so
7f4236178000-7f4236179000 rw-p 00019000 08:0c 6295556                    /lib/x86_64-linux-gnu/libpthread-2.19.so
7f4236179000-7f423617d000 rw-p 00000000 00:00 0 
7f423617d000-7f4236180000 r-xp 00000000 08:0c 6295453                    /lib/x86_64-linux-gnu/libdl-2.19.so
7f4236180000-7f423637f000 ---p 00003000 08:0c 6295453                    /lib/x86_64-linux-gnu/libdl-2.19.so
7f423637f000-7f4236380000 r--p 00002000 08:0c 6295453                    /lib/x86_64-linux-gnu/libdl-2.19.so
7f4236380000-7f4236381000 rw-p 00003000 08:0c 6295453                    /lib/x86_64-linux-gnu/libdl-2.19.so
7f4236381000-7f423653d000 r-xp 00000000 08:0c 6295436                    /lib/x86_64-linux-gnu/libc-2.19.so
7f423653d000-7f423673c000 ---p 001bc000 08:0c 6295436                    /lib/x86_64-linux-gnu/libc-2.19.so
7f423673c000-7f4236740000 r--p 001bb000 08:0c 6295436                    /lib/x86_64-linux-gnu/libc-2.19.so
7f4236740000-7f4236742000 rw-p 001bf000 08:0c 6295436                    /lib/x86_64-linux-gnu/libc-2.19.so
7f4236742000-7f4236747000 rw-p 00000000 00:00 0 
7f4236747000-7f4236754000 r-xp 00000000 08:0c 6038149                    /usr/lib/jvm/java-7-openjdk-amd64/jre/lib/amd64/jli/libjli.so
7f4236754000-7f4236953000 ---p 0000d000 08:0c 6038149                    /usr/lib/jvm/java-7-openjdk-amd64/jre/lib/amd64/jli/libjli.so
7f4236953000-7f4236954000 r--p 0000c000 08:0c 6038149                    /usr/lib/jvm/java-7-openjdk-amd64/jre/lib/amd64/jli/libjli.so
7f4236954000-7f4236955000 rw-p 0000d000 08:0c 6038149                    /usr/lib/jvm/java-7-openjdk-amd64/jre/lib/amd64/jli/libjli.so
7f4236955000-7f4236978000 r-xp 00000000 08:0c 6295412                    /lib/x86_64-linux-gnu/ld-2.19.so
7f4236978000-7f423697d000 r--s 00064000 08:08 2404801                    /home/ruioliveira/Downloads/jgoodies-forms-1.8.0/jgoodies-forms-1.8.0-javadoc.jar
7f423697d000-7f423697f000 r--s 00006000 08:08 2404803                    /home/ruioliveira/Downloads/jgoodies-forms-1.8.0/jgoodies-forms-1.8.0-tests.jar
7f423697f000-7f4236982000 r--s 0001b000 08:08 2404804                    /home/ruioliveira/Downloads/jgoodies-forms-1.8.0/jgoodies-forms-1.8.0.jar
7f4236982000-7f423698d000 r--s 00203000 08:0c 6038090                    /usr/lib/jvm/java-7-openjdk-amd64/jre/lib/charsets.jar
7f423698d000-7f4236992000 r--s 0004c000 08:0c 6038108                    /usr/lib/jvm/java-7-openjdk-amd64/jre/lib/jsse.jar
7f4236992000-7f423699c000 rw-p 00000000 00:00 0 
7f423699c000-7f4236a52000 rw-p 00000000 00:00 0 
7f4236a52000-7f4236a55000 ---p 00000000 00:00 0 
7f4236a55000-7f4236b58000 rw-p 00000000 00:00 0                          [stack:10218]
7f4236b58000-7f4236b5a000 r--s 00012000 08:0c 6038093                    /usr/lib/jvm/java-7-openjdk-amd64/jre/lib/ext/zipfs.jar
7f4236b5a000-7f4236b5c000 r--s 00006000 08:0c 6560210                    /usr/share/java/java-atk-wrapper.jar
7f4236b5c000-7f4236b60000 r--s 00085000 08:0c 6038095                    /usr/lib/jvm/java-7-openjdk-amd64/jre/lib/ext/localedata.jar
7f4236b60000-7f4236b63000 r--s 0000f000 08:0c 6038092                    /usr/lib/jvm/java-7-openjdk-amd64/jre/lib/ext/pulse-java.jar
7f4236b63000-7f4236b64000 r--s 00002000 08:0c 6038097                    /usr/lib/jvm/java-7-openjdk-amd64/jre/lib/ext/dnsns.jar
7f4236b64000-7f4236b67000 r--s 00032000 08:0c 6038094                    /usr/lib/jvm/java-7-openjdk-amd64/jre/lib/ext/sunjce_provider.jar
7f4236b67000-7f4236b6b000 r--s 0003b000 08:0c 6038096                    /usr/lib/jvm/java-7-openjdk-amd64/jre/lib/ext/sunpkcs11.jar
7f4236b6b000-7f4236b73000 rw-s 00000000 08:0c 9451493                    /tmp/hsperfdata_ruioliveiras/10212
7f4236b73000-7f4236b74000 rw-p 00000000 00:00 0 
7f4236b74000-7f4236b75000 r--p 00000000 00:00 0 
7f4236b75000-7f4236b77000 rw-p 00000000 00:00 0 
7f4236b77000-7f4236b78000 r--p 00022000 08:0c 6295412                    /lib/x86_64-linux-gnu/ld-2.19.so
7f4236b78000-7f4236b79000 rw-p 00023000 08:0c 6295412                    /lib/x86_64-linux-gnu/ld-2.19.so
7f4236b79000-7f4236b7a000 rw-p 00000000 00:00 0 
7fff7b20c000-7fff7b22d000 rw-p 00000000 00:00 0                          [stack]
7fff7b3bf000-7fff7b3c1000 r-xp 00000000 00:00 0                          [vdso]
ffffffffff600000-ffffffffff601000 r-xp 00000000 00:00 0                  [vsyscall]

VM Arguments:
jvm_args: -Dfile.encoding=UTF-8 
java_command: controller.Main
Launcher Type: SUN_STANDARD

Environment Variables:
PATH=/home/ruioliveiras/bin:/usr/local/sbin:/usr/local/bin:/usr/sbin:/usr/bin:/sbin:/bin:/usr/games:/usr/local/games
USERNAME=ruioliveiras
SHELL=/bin/bash
DISPLAY=:0

Signal Handlers:
SIGSEGV: [libjvm.so+0x918620], sa_mask[0]=0x7ffbfeff, sa_flags=0x10000004
SIGBUS: [libjvm.so+0x918620], sa_mask[0]=0x7ffbfeff, sa_flags=0x10000004
SIGFPE: [libjvm.so+0x795e30], sa_mask[0]=0x7ffbfeff, sa_flags=0x10000004
SIGPIPE: [libjvm.so+0x795e30], sa_mask[0]=0x7ffbfeff, sa_flags=0x10000004
SIGXFSZ: [libjvm.so+0x795e30], sa_mask[0]=0x7ffbfeff, sa_flags=0x10000004
SIGILL: [libjvm.so+0x795e30], sa_mask[0]=0x7ffbfeff, sa_flags=0x10000004
SIGUSR1: SIG_DFL, sa_mask[0]=0x00000000, sa_flags=0x00000000
SIGUSR2: [libjvm.so+0x795cd0], sa_mask[0]=0x00000004, sa_flags=0x10000004
SIGHUP: [libjvm.so+0x795eb0], sa_mask[0]=0x7ffbfeff, sa_flags=0x10000004
SIGINT: [libjvm.so+0x795eb0], sa_mask[0]=0x7ffbfeff, sa_flags=0x10000004
SIGTERM: [libjvm.so+0x795eb0], sa_mask[0]=0x7ffbfeff, sa_flags=0x10000004
SIGQUIT: [libjvm.so+0x795eb0], sa_mask[0]=0x7ffbfeff, sa_flags=0x10000004


---------------  S Y S T E M  ---------------

OS:Ubuntu 14.04 (trusty)
uname:Linux 3.13.0-27-generic #50-Ubuntu SMP Thu May 15 18:06:16 UTC 2014 x86_64
libc:glibc 2.19 NPTL 2.19 
rlimit: STACK 8192k, CORE 0k, NPROC 63008, NOFILE 4096, AS infinity
load average:0,74 1,12 1,02

/proc/meminfo:
MemTotal:        8086640 kB
MemFree:         4760832 kB
Buffers:          153396 kB
Cached:          1504068 kB
SwapCached:            0 kB
Active:          2006200 kB
Inactive:        1045972 kB
Active(anon):    1395960 kB
Inactive(anon):   200764 kB
Active(file):     610240 kB
Inactive(file):   845208 kB
Unevictable:          16 kB
Mlocked:              16 kB
SwapTotal:       8389628 kB
SwapFree:        8389628 kB
Dirty:              3948 kB
Writeback:             0 kB
AnonPages:       1281916 kB
Mapped:           129320 kB
Shmem:            202236 kB
Slab:             152996 kB
SReclaimable:     108068 kB
SUnreclaim:        44928 kB
KernelStack:        7008 kB
PageTables:        20684 kB
NFS_Unstable:          0 kB
Bounce:                0 kB
WritebackTmp:          0 kB
CommitLimit:    12432948 kB
Committed_AS:    3932744 kB
VmallocTotal:   34359738367 kB
VmallocUsed:      361728 kB
VmallocChunk:   34359364184 kB
HardwareCorrupted:     0 kB
AnonHugePages:   1259520 kB
HugePages_Total:       0
HugePages_Free:        0
HugePages_Rsvd:        0
HugePages_Surp:        0
Hugepagesize:       2048 kB
DirectMap4k:       98656 kB
DirectMap2M:     4005888 kB
DirectMap1G:     4194304 kB


CPU:total 8 (4 cores per cpu, 2 threads per core) family 6 model 60 stepping 3, cmov, cx8, fxsr, mmx, sse, sse2, sse3, ssse3, sse4.1, sse4.2, popcnt, avx, avx2, aes, erms, ht, tsc, tscinvbit

/proc/cpuinfo:
processor	: 0
vendor_id	: GenuineIntel
cpu family	: 6
model		: 60
model name	: Intel(R) Core(TM) i7-4700MQ CPU @ 2.40GHz
stepping	: 3
microcode	: 0x8
cpu MHz		: 2400.000
cache size	: 6144 KB
physical id	: 0
siblings	: 8
core id		: 0
cpu cores	: 4
apicid		: 0
initial apicid	: 0
fpu		: yes
fpu_exception	: yes
cpuid level	: 13
wp		: yes
flags		: fpu vme de pse tsc msr pae mce cx8 apic sep mtrr pge mca cmov pat pse36 clflush dts acpi mmx fxsr sse sse2 ss ht tm pbe syscall nx pdpe1gb rdtscp lm constant_tsc arch_perfmon pebs bts rep_good nopl xtopology nonstop_tsc aperfmperf eagerfpu pni pclmulqdq dtes64 monitor ds_cpl vmx est tm2 ssse3 fma cx16 xtpr pdcm pcid sse4_1 sse4_2 movbe popcnt tsc_deadline_timer aes xsave avx f16c rdrand lahf_lm abm ida arat epb xsaveopt pln pts dtherm tpr_shadow vnmi flexpriority ept vpid fsgsbase tsc_adjust bmi1 avx2 smep bmi2 erms invpcid
bogomips	: 4789.32
clflush size	: 64
cache_alignment	: 64
address sizes	: 39 bits physical, 48 bits virtual
power management:

processor	: 1
vendor_id	: GenuineIntel
cpu family	: 6
model		: 60
model name	: Intel(R) Core(TM) i7-4700MQ CPU @ 2.40GHz
stepping	: 3
microcode	: 0x8
cpu MHz		: 2400.000
cache size	: 6144 KB
physical id	: 0
siblings	: 8
core id		: 1
cpu cores	: 4
apicid		: 2
initial apicid	: 2
fpu		: yes
fpu_exception	: yes
cpuid level	: 13
wp		: yes
flags		: fpu vme de pse tsc msr pae mce cx8 apic sep mtrr pge mca cmov pat pse36 clflush dts acpi mmx fxsr sse sse2 ss ht tm pbe syscall nx pdpe1gb rdtscp lm constant_tsc arch_perfmon pebs bts rep_good nopl xtopology nonstop_tsc aperfmperf eagerfpu pni pclmulqdq dtes64 monitor ds_cpl vmx est tm2 ssse3 fma cx16 xtpr pdcm pcid sse4_1 sse4_2 movbe popcnt tsc_deadline_timer aes xsave avx f16c rdrand lahf_lm abm ida arat epb xsaveopt pln pts dtherm tpr_shadow vnmi flexpriority ept vpid fsgsbase tsc_adjust bmi1 avx2 smep bmi2 erms invpcid
bogomips	: 4789.32
clflush size	: 64
cache_alignment	: 64
address sizes	: 39 bits physical, 48 bits virtual
power management:

processor	: 2
vendor_id	: GenuineIntel
cpu family	: 6
model		: 60
model name	: Intel(R) Core(TM) i7-4700MQ CPU @ 2.40GHz
stepping	: 3
microcode	: 0x8
cpu MHz		: 2400.000
cache size	: 6144 KB
physical id	: 0
siblings	: 8
core id		: 2
cpu cores	: 4
apicid		: 4
initial apicid	: 4
fpu		: yes
fpu_exception	: yes
cpuid level	: 13
wp		: yes
flags		: fpu vme de pse tsc msr pae mce cx8 apic sep mtrr pge mca cmov pat pse36 clflush dts acpi mmx fxsr sse sse2 ss ht tm pbe syscall nx pdpe1gb rdtscp lm constant_tsc arch_perfmon pebs bts rep_good nopl xtopology nonstop_tsc aperfmperf eagerfpu pni pclmulqdq dtes64 monitor ds_cpl vmx est tm2 ssse3 fma cx16 xtpr pdcm pcid sse4_1 sse4_2 movbe popcnt tsc_deadline_timer aes xsave avx f16c rdrand lahf_lm abm ida arat epb xsaveopt pln pts dtherm tpr_shadow vnmi flexpriority ept vpid fsgsbase tsc_adjust bmi1 avx2 smep bmi2 erms invpcid
bogomips	: 4789.32
clflush size	: 64
cache_alignment	: 64
address sizes	: 39 bits physical, 48 bits virtual
power management:

processor	: 3
vendor_id	: GenuineIntel
cpu family	: 6
model		: 60
model name	: Intel(R) Core(TM) i7-4700MQ CPU @ 2.40GHz
stepping	: 3
microcode	: 0x8
cpu MHz		: 2400.000
cache size	: 6144 KB
physical id	: 0
siblings	: 8
core id		: 3
cpu cores	: 4
apicid		: 6
initial apicid	: 6
fpu		: yes
fpu_exception	: yes
cpuid level	: 13
wp		: yes
flags		: fpu vme de pse tsc msr pae mce cx8 apic sep mtrr pge mca cmov pat pse36 clflush dts acpi mmx fxsr sse sse2 ss ht tm pbe syscall nx pdpe1gb rdtscp lm constant_tsc arch_perfmon pebs bts rep_good nopl xtopology nonstop_tsc aperfmperf eagerfpu pni pclmulqdq dtes64 monitor ds_cpl vmx est tm2 ssse3 fma cx16 xtpr pdcm pcid sse4_1 sse4_2 movbe popcnt tsc_deadline_timer aes xsave avx f16c rdrand lahf_lm abm ida arat epb xsaveopt pln pts dtherm tpr_shadow vnmi flexpriority ept vpid fsgsbase tsc_adjust bmi1 avx2 smep bmi2 erms invpcid
bogomips	: 4789.32
clflush size	: 64
cache_alignment	: 64
address sizes	: 39 bits physical, 48 bits virtual
power management:

processor	: 4
vendor_id	: GenuineIntel
cpu family	: 6
model		: 60
model name	: Intel(R) Core(TM) i7-4700MQ CPU @ 2.40GHz
stepping	: 3
microcode	: 0x8
cpu MHz		: 2400.000
cache size	: 6144 KB
physical id	: 0
siblings	: 8
core id		: 0
cpu cores	: 4
apicid		: 1
initial apicid	: 1
fpu		: yes
fpu_exception	: yes
cpuid level	: 13
wp		: yes
flags		: fpu vme de pse tsc msr pae mce cx8 apic sep mtrr pge mca cmov pat pse36 clflush dts acpi mmx fxsr sse sse2 ss ht tm pbe syscall nx pdpe1gb rdtscp lm constant_tsc arch_perfmon pebs bts rep_good nopl xtopology nonstop_tsc aperfmperf eagerfpu pni pclmulqdq dtes64 monitor ds_cpl vmx est tm2 ssse3 fma cx16 xtpr pdcm pcid sse4_1 sse4_2 movbe popcnt tsc_deadline_timer aes xsave avx f16c rdrand lahf_lm abm ida arat epb xsaveopt pln pts dtherm tpr_shadow vnmi flexpriority ept vpid fsgsbase tsc_adjust bmi1 avx2 smep bmi2 erms invpcid
bogomips	: 4789.32
clflush size	: 64
cache_alignment	: 64
address sizes	: 39 bits physical, 48 bits virtual
power management:

processor	: 5
vendor_id	: GenuineIntel
cpu family	: 6
model		: 60
model name	: Intel(R) Core(TM) i7-4700MQ CPU @ 2.40GHz
stepping	: 3
microcode	: 0x8
cpu MHz		: 2400.000
cache size	: 6144 KB
physical id	: 0
siblings	: 8
core id		: 1
cpu cores	: 4
apicid		: 3
initial apicid	: 3
fpu		: yes
fpu_exception	: yes
cpuid level	: 13
wp		: yes
flags		: fpu vme de pse tsc msr pae mce cx8 apic sep mtrr pge mca cmov pat pse36 clflush dts acpi mmx fxsr sse sse2 ss ht tm pbe syscall nx pdpe1gb rdtscp lm constant_tsc arch_perfmon pebs bts rep_good nopl xtopology nonstop_tsc aperfmperf eagerfpu pni pclmulqdq dtes64 monitor ds_cpl vmx est tm2 ssse3 fma cx16 xtpr pdcm pcid sse4_1 sse4_2 movbe popcnt tsc_deadline_timer aes xsave avx f16c rdrand lahf_lm abm ida arat epb xsaveopt pln pts dtherm tpr_shadow vnmi flexpriority ept vpid fsgsbase tsc_adjust bmi1 avx2 smep bmi2 erms invpcid
bogomips	: 4789.32
clflush size	: 64
cache_alignment	: 64
address sizes	: 39 bits physical, 48 bits virtual
power management:

processor	: 6
vendor_id	: GenuineIntel
cpu family	: 6
model		: 60
model name	: Intel(R) Core(TM) i7-4700MQ CPU @ 2.40GHz
stepping	: 3
microcode	: 0x8
cpu MHz		: 2400.000
cache size	: 6144 KB
physical id	: 0
siblings	: 8
core id		: 2
cpu cores	: 4
apicid		: 5
initial apicid	: 5
fpu		: yes
fpu_exception	: yes
cpuid level	: 13
wp		: yes
flags		: fpu vme de pse tsc msr pae mce cx8 apic sep mtrr pge mca cmov pat pse36 clflush dts acpi mmx fxsr sse sse2 ss ht tm pbe syscall nx pdpe1gb rdtscp lm constant_tsc arch_perfmon pebs bts rep_good nopl xtopology nonstop_tsc aperfmperf eagerfpu pni pclmulqdq dtes64 monitor ds_cpl vmx est tm2 ssse3 fma cx16 xtpr pdcm pcid sse4_1 sse4_2 movbe popcnt tsc_deadline_timer aes xsave avx f16c rdrand lahf_lm abm ida arat epb xsaveopt pln pts dtherm tpr_shadow vnmi flexpriority ept vpid fsgsbase tsc_adjust bmi1 avx2 smep bmi2 erms invpcid
bogomips	: 4789.32
clflush size	: 64
cache_alignment	: 64
address sizes	: 39 bits physical, 48 bits virtual
power management:

processor	: 7
vendor_id	: GenuineIntel
cpu family	: 6
model		: 60
model name	: Intel(R) Core(TM) i7-4700MQ CPU @ 2.40GHz
stepping	: 3
microcode	: 0x8
cpu MHz		: 1300.000
cache size	: 6144 KB
physical id	: 0
siblings	: 8
core id		: 3
cpu cores	: 4
apicid		: 7
initial apicid	: 7
fpu		: yes
fpu_exception	: yes
cpuid level	: 13
wp		: yes
flags		: fpu vme de pse tsc msr pae mce cx8 apic sep mtrr pge mca cmov pat pse36 clflush dts acpi mmx fxsr sse sse2 ss ht tm pbe syscall nx pdpe1gb rdtscp lm constant_tsc arch_perfmon pebs bts rep_good nopl xtopology nonstop_tsc aperfmperf eagerfpu pni pclmulqdq dtes64 monitor ds_cpl vmx est tm2 ssse3 fma cx16 xtpr pdcm pcid sse4_1 sse4_2 movbe popcnt tsc_deadline_timer aes xsave avx f16c rdrand lahf_lm abm ida arat epb xsaveopt pln pts dtherm tpr_shadow vnmi flexpriority ept vpid fsgsbase tsc_adjust bmi1 avx2 smep bmi2 erms invpcid
bogomips	: 4789.32
clflush size	: 64
cache_alignment	: 64
address sizes	: 39 bits physical, 48 bits virtual
power management:



Memory: 4k page, physical 8086640k(4813304k free), swap 8389628k(8389628k free)

vm_info: OpenJDK 64-Bit Server VM (24.51-b03) for linux-amd64 JRE (1.7.0_55-b14), built on Apr 17 2014 20:08:07 by "buildd" with gcc 4.8.2

time: Fri Jun  6 02:24:11 2014
elapsed time: 6952 seconds

