#
# A fatal error has been detected by the Java Runtime Environment:
#
#  SIGSEGV (0xb) at pc=0x00007fa36905b2fa, pid=5989, tid=140339064362752
#
# JRE version: OpenJDK Runtime Environment (7.0_55-b14) (build 1.7.0_55-b14)
# Java VM: OpenJDK 64-Bit Server VM (24.51-b03 mixed mode linux-amd64 compressed oops)
# Problematic frame:
# v  ~BufferBlob::jni_fast_GetLongField
#
# Failed to write core dump. Core dumps have been disabled. To enable core dumping, try "ulimit -c unlimited" before starting Java again
#
# If you would like to submit a bug report, please include
# instructions on how to reproduce the bug and visit:
#   http://icedtea.classpath.org/bugzilla
# The crash happened outside the Java Virtual Machine in native code.
# See problematic frame for where to report the bug.
#

---------------  T H R E A D  ---------------

Current thread (0x00007fa36c2c6000):  JavaThread "AWT-XAWT" daemon [_thread_in_native, id=6014, stack(0x00007fa33c045000,0x00007fa33c146000)]

siginfo:si_signo=SIGSEGV: si_errno=0, si_code=1 (SEGV_MAPERR), si_addr=0x0000000000000000

Registers:
RAX=0x00007fa3738c3ec0, RBX=0x00007fa36c2c61d8, RCX=0x00007fa373d3a320, RDX=0x0000000000000042
RSP=0x00007fa33c1447f8, RBP=0x00007fa33c144820, RSI=0x0000000000000000, RDI=0x00007fa36c2c61d8
R8 =0x0000000000000003, R9 =0x0000000000000000, R10=0x000000000000000e, R11=0x00007fa373372830
R12=0x00007fa304010890, R13=0x0000000000000000, R14=0x00007fa3486574a0, R15=0x00007fa36c2c6000
RIP=0x00007fa36905b2fa, EFLAGS=0x0000000000010246, CSGSFS=0x0000000000000033, ERR=0x0000000000000004
  TRAPNO=0x000000000000000e

Top of Stack: (sp=0x00007fa33c1447f8)
0x00007fa33c1447f8:   00007fa348423564 000000077a89c138
0x00007fa33c144808:   00007fa304010890 000000077a89c138
0x00007fa33c144818:   00007fa33c144908 0000000000000000
0x00007fa33c144828:   00007fa33fa3cae8 000000077a89c138
0x00007fa33c144838:   00007fa33c144860 0000000000000000
0x00007fa33c144848:   00007fa33fa349a3 000000077a89c138
0x00007fa33c144858:   00007fa34841809f 00007fa33c1448d0
0x00007fa33c144868:   00007fa369012cd8 00007fa369006233
0x00007fa33c144878:   0000000000000000 00000007d6f7cd38
0x00007fa33c144888:   0000000000000000 00007fa33c144890
0x00007fa33c144898:   0000000000000000 00007fa33c144908
0x00007fa33c1448a8:   000000077a8a22b8 0000000000000000
0x00007fa33c1448b8:   000000077a89c138 0000000000000000
0x00007fa33c1448c8:   00007fa33c1448f0 00007fa33c144950
0x00007fa33c1448d8:   00007fa369006350 00000007d6faebd0
0x00007fa33c1448e8:   00007fa36900ecc0 0000000000000000
0x00007fa33c1448f8:   00007fa33c144950 00007fa30c002dc0
0x00007fa33c144908:   00000007d7026948 00007fa33c144910
0x00007fa33c144918:   000000077a7922c4 00007fa33c144998
0x00007fa33c144928:   000000077a79f0a8 000000077afe5bf8
0x00007fa33c144938:   000000077a792458 00007fa33c1448f0
0x00007fa33c144948:   00007fa33c144990 00007fa33c1449e0
0x00007fa33c144958:   00007fa369006058 0000000000000000
0x00007fa33c144968:   00000007d7471210 0000000000000000
0x00007fa33c144978:   0000000000000000 0000000000000000
0x00007fa33c144988:   00000007d7026948 0000000000000000
0x00007fa33c144998:   00000007d6fb00a8 00007fa33c1449a0
0x00007fa33c1449a8:   000000077a7920bd 00007fa33c1449f0
0x00007fa33c1449b8:   000000077a79f0a8 0000000000000000
0x00007fa33c1449c8:   000000077a7920d8 00007fa33c144990
0x00007fa33c1449d8:   00007fa33c1449f0 00007fa33c144a38
0x00007fa33c1449e8:   00007fa369006706 00000007d6fb00a8 

Instructions: (pc=0x00007fa36905b2fa)
0x00007fa36905b2da:   00 00 00 00 00 00 44 8b 15 fd 2e 89 0a 4c 8b ce
0x00007fa36905b2ea:   41 f6 c2 01 0f 85 2e 00 00 00 4d 33 ca 4d 33 ca
0x00007fa36905b2fa:   4d 8b 09 4c 8b da 49 c1 eb 02 4b 8b 04 19 49 bb
0x00007fa36905b30a:   e4 e1 8e 73 a3 7f 00 00 4c 33 d8 4c 33 d8 45 3b 

Register to memory mapping:

RAX=0x00007fa3738c3ec0: <offset 0xd7dec0> in /usr/lib/jvm/java-7-openjdk-amd64/jre/lib/amd64/server/libjvm.so at 0x00007fa372b46000
RBX=0x00007fa36c2c61d8 is an unknown value
RCX=0x00007fa373d3a320: <offset 0x219320> in /lib/x86_64-linux-gnu/libpthread.so.0 at 0x00007fa373b21000
RDX=0x0000000000000042 is an unknown value
RSP=0x00007fa33c1447f8 is pointing into the stack for thread: 0x00007fa36c2c6000
RBP=0x00007fa33c144820 is pointing into the stack for thread: 0x00007fa36c2c6000
RSI=0x0000000000000000 is an unknown value
RDI=0x00007fa36c2c61d8 is an unknown value
R8 =0x0000000000000003 is an unknown value
R9 =0x0000000000000000 is an unknown value
R10=0x000000000000000e is an unknown value
R11=0x00007fa373372830: <offset 0x82c830> in /usr/lib/jvm/java-7-openjdk-amd64/jre/lib/amd64/server/libjvm.so at 0x00007fa372b46000
R12=0x00007fa304010890 is an unknown value
R13=0x0000000000000000 is an unknown value
R14=0x00007fa3486574a0: <offset 0x2544a0> in /usr/lib/jvm/java-7-openjdk-amd64/jre/lib/amd64/xawt/libmawt.so at 0x00007fa348403000
R15=0x00007fa36c2c6000 is a thread


Stack: [0x00007fa33c045000,0x00007fa33c146000],  sp=0x00007fa33c1447f8,  free space=1021k
Native frames: (J=compiled Java code, j=interpreted, Vv=VM code, C=native code)
v  ~BufferBlob::jni_fast_GetLongField

Java frames: (J=compiled Java code, j=interpreted, Vv=VM code)
j  sun.awt.X11.XlibWrapper.XFilterEvent(JJ)Z+0
j  sun.awt.X11.XToolkit.run(Z)V+300
j  sun.awt.X11.XToolkit.run()V+5
j  java.lang.Thread.run()V+11
v  ~StubRoutines::call_stub

---------------  P R O C E S S  ---------------

Java Threads: ( => current thread )
  0x00007fa304031800 JavaThread "TimerQueue" daemon [_thread_blocked, id=6017, stack(0x00007fa31c7ff000,0x00007fa31c900000)]
  0x00007fa36c00a800 JavaThread "DestroyJavaVM" [_thread_blocked, id=5995, stack(0x00007fa374616000,0x00007fa374717000)]
  0x00007fa36c32b800 JavaThread "AWT-EventQueue-0" [_thread_blocked, id=6016, stack(0x00007fa31cb54000,0x00007fa31cc55000)]
  0x00007fa36c325800 JavaThread "AWT-Shutdown" [_thread_blocked, id=6015, stack(0x00007fa31cc55000,0x00007fa31cd56000)]
=>0x00007fa36c2c6000 JavaThread "AWT-XAWT" daemon [_thread_in_native, id=6014, stack(0x00007fa33c045000,0x00007fa33c146000)]
  0x00007fa36c2aa000 JavaThread "Java2D Disposer" daemon [_thread_blocked, id=6013, stack(0x00007fa3480d5000,0x00007fa3481d6000)]
  0x00007fa36c0b0800 JavaThread "Service Thread" daemon [_thread_blocked, id=6011, stack(0x00007fa34a1e5000,0x00007fa34a2e6000)]
  0x00007fa36c0ae000 JavaThread "C2 CompilerThread1" daemon [_thread_blocked, id=6010, stack(0x00007fa34a2e6000,0x00007fa34a3e7000)]
  0x00007fa36c0ab800 JavaThread "C2 CompilerThread0" daemon [_thread_blocked, id=6009, stack(0x00007fa34a3e7000,0x00007fa34a4e8000)]
  0x00007fa36c0a9000 JavaThread "Signal Dispatcher" daemon [_thread_blocked, id=6008, stack(0x00007fa34a4e8000,0x00007fa34a5e9000)]
  0x00007fa36c085000 JavaThread "Finalizer" daemon [_thread_blocked, id=6006, stack(0x00007fa34accc000,0x00007fa34adcd000)]
  0x00007fa36c083000 JavaThread "Reference Handler" daemon [_thread_blocked, id=6005, stack(0x00007fa34adcd000,0x00007fa34aece000)]

Other Threads:
  0x00007fa36c07e800 VMThread [stack: 0x00007fa34aece000,0x00007fa34afcf000] [id=6004]
  0x00007fa36c0c3800 WatcherThread [stack: 0x00007fa34a0e4000,0x00007fa34a1e5000] [id=6012]

VM state:not at safepoint (normal execution)

VM Mutex/Monitor currently owned by a thread: None

Heap
 PSYoungGen      total 37376K, used 10973K [0x00000007d6d00000, 0x00000007d9680000, 0x0000000800000000)
  eden space 32256K, 34% used [0x00000007d6d00000,0x00000007d77b76f8,0x00000007d8c80000)
  from space 5120K, 0% used [0x00000007d9180000,0x00000007d9180000,0x00000007d9680000)
  to   space 5120K, 0% used [0x00000007d8c80000,0x00000007d8c80000,0x00000007d9180000)
 ParOldGen       total 83968K, used 0K [0x0000000784800000, 0x0000000789a00000, 0x00000007d6d00000)
  object space 83968K, 0% used [0x0000000784800000,0x0000000784800000,0x0000000789a00000)
 PSPermGen       total 21504K, used 14271K [0x000000077a200000, 0x000000077b700000, 0x0000000784800000)
  object space 21504K, 66% used [0x000000077a200000,0x000000077afefc08,0x000000077b700000)

Card table byte_map: [0x00007fa370e6a000,0x00007fa37129a000] byte_map_base: 0x00007fa36d299000

Polling page: 0x00007fa374736000

Code Cache  [0x00007fa369000000, 0x00007fa369270000, 0x00007fa36c000000)
 total_blobs=595 nmethods=99 adapters=449 free_code_cache=48440Kb largest_free_block=49579264

Compilation events (10 events):
Event: 1489,565 Thread 0x00007fa36c0ab800 nmethod 95 0x00007fa3690a1e90 code [0x00007fa3690a1fc0, 0x00007fa3690a2018]
Event: 1489,565 Thread 0x00007fa36c0ae000 nmethod 93 0x00007fa3690a1bd0 code [0x00007fa3690a1d20, 0x00007fa3690a1dd8]
Event: 1556,207 Thread 0x00007fa36c0ab800   96             java.lang.Number::<init> (5 bytes)
Event: 1556,207 Thread 0x00007fa36c0ab800 nmethod 96 0x00007fa3690b6350 code [0x00007fa3690b6480, 0x00007fa3690b64d8]
Event: 1758,733 Thread 0x00007fa36c0ae000   97             java.util.TreeMap::getEntry (84 bytes)
Event: 1758,736 Thread 0x00007fa36c0ae000 nmethod 97 0x00007fa3690a1790 code [0x00007fa3690a18e0, 0x00007fa3690a1a38]
Event: 1927,590 Thread 0x00007fa36c0ab800   98   !         sun.awt.X11.XToolkit::callTimeoutTasks (220 bytes)
Event: 1927,597 Thread 0x00007fa36c0ab800 nmethod 98 0x00007fa3690ab5d0 code [0x00007fa3690ab760, 0x00007fa3690ab9d8]
Event: 2151,624 Thread 0x00007fa36c0ae000   99             sun.awt.X11.XAnyEvent::get_window (20 bytes)
Event: 2151,626 Thread 0x00007fa36c0ae000 nmethod 99 0x00007fa3690aaed0 code [0x00007fa3690ab060, 0x00007fa3690ab298]

GC Heap History (0 events):
No events

Deoptimization events (5 events):
Event: 0,315 Thread 0x00007fa36c00a800 Uncommon trap: reason=class_check action=maybe_recompile pc=0x00007fa36908bbc4 method=java.util.Properties$LineReader.readLine()I @ 62
Event: 0,316 Thread 0x00007fa36c00a800 Uncommon trap: reason=class_check action=maybe_recompile pc=0x00007fa36908bbc4 method=java.util.Properties$LineReader.readLine()I @ 62
Event: 0,316 Thread 0x00007fa36c00a800 Uncommon trap: reason=class_check action=maybe_recompile pc=0x00007fa36908bbc4 method=java.util.Properties$LineReader.readLine()I @ 62
Event: 0,316 Thread 0x00007fa36c00a800 Uncommon trap: reason=class_check action=maybe_recompile pc=0x00007fa36908bbc4 method=java.util.Properties$LineReader.readLine()I @ 62
Event: 8,266 Thread 0x00007fa36c2c6000 Uncommon trap: reason=unreached action=reinterpret pc=0x00007fa3690aedc4 method=java.util.TreeMap.getEntry(Ljava/lang/Object;)Ljava/util/TreeMap$Entry; @ 36

Internal exceptions (10 events):
Event: 1,575 Thread 0x00007fa36c32b800 Threw 0x00000007d744ad70 at /build/buildd/openjdk-7-7u55-2.4.7/build/openjdk/hotspot/src/share/vm/prims/jvm.cpp:1244
Event: 1,575 Thread 0x00007fa36c32b800 Threw 0x00000007d7453090 at /build/buildd/openjdk-7-7u55-2.4.7/build/openjdk/hotspot/src/share/vm/prims/jvm.cpp:1244
Event: 1,576 Thread 0x00007fa36c32b800 Threw 0x00000007d7455e28 at /build/buildd/openjdk-7-7u55-2.4.7/build/openjdk/hotspot/src/share/vm/prims/jvm.cpp:1244
Event: 1,576 Thread 0x00007fa36c32b800 Threw 0x00000007d7459938 at /build/buildd/openjdk-7-7u55-2.4.7/build/openjdk/hotspot/src/share/vm/prims/jvm.cpp:1244
Event: 1,576 Thread 0x00007fa36c32b800 Threw 0x00000007d745c3e8 at /build/buildd/openjdk-7-7u55-2.4.7/build/openjdk/hotspot/src/share/vm/prims/jvm.cpp:1244
Event: 1,576 Thread 0x00007fa36c32b800 Threw 0x00000007d745f0d0 at /build/buildd/openjdk-7-7u55-2.4.7/build/openjdk/hotspot/src/share/vm/prims/jvm.cpp:1244
Event: 1,577 Thread 0x00007fa36c32b800 Threw 0x00000007d7461c20 at /build/buildd/openjdk-7-7u55-2.4.7/build/openjdk/hotspot/src/share/vm/prims/jvm.cpp:1244
Event: 1,577 Thread 0x00007fa36c32b800 Threw 0x00000007d74649e8 at /build/buildd/openjdk-7-7u55-2.4.7/build/openjdk/hotspot/src/share/vm/prims/jvm.cpp:1244
Event: 1,662 Thread 0x00007fa36c32b800 Threw 0x00000007d7498108 at /build/buildd/openjdk-7-7u55-2.4.7/build/openjdk/hotspot/src/share/vm/prims/jni.cpp:743
Event: 2,429 Thread 0x00007fa36c32b800 Threw 0x00000007d74d3d90 at /build/buildd/openjdk-7-7u55-2.4.7/build/openjdk/hotspot/src/share/vm/prims/jvm.cpp:1244

Events (10 events):
Event: 8,276 loading class 0x00007fa32c0ca8f0
Event: 8,276 loading class 0x00007fa32c0ca8f0 done
Event: 8,280 loading class 0x00007fa3200c3ed0
Event: 8,281 loading class 0x00007fa3200c3ed0 done
Event: 2378,746 loading class 0x00007fa320065bb0
Event: 2378,746 loading class 0x00007fa320065bb0 done
Event: 2379,196 loading class 0x00007fa3200a24f0
Event: 2379,196 loading class 0x00007fa3200a24f0 done
Event: 2379,239 loading class 0x00007fa3200a1ca0
Event: 2379,239 loading class 0x00007fa3200a1ca0 done


Dynamic libraries:
00400000-00401000 r-xp 00000000 08:0c 6038082                            /usr/lib/jvm/java-7-openjdk-amd64/jre/bin/java
00600000-00601000 r--p 00000000 08:0c 6038082                            /usr/lib/jvm/java-7-openjdk-amd64/jre/bin/java
00601000-00602000 rw-p 00001000 08:0c 6038082                            /usr/lib/jvm/java-7-openjdk-amd64/jre/bin/java
00d9e000-00dbf000 rw-p 00000000 00:00 0                                  [heap]
77a200000-77b700000 rw-p 00000000 00:00 0 
77b700000-784800000 rw-p 00000000 00:00 0 
784800000-789a00000 rw-p 00000000 00:00 0 
789a00000-7d6d00000 rw-p 00000000 00:00 0 
7d6d00000-7d9680000 rw-p 00000000 00:00 0 
7d9680000-800000000 rw-p 00000000 00:00 0 
7fa304000000-7fa30404f000 rw-p 00000000 00:00 0 
7fa30404f000-7fa308000000 ---p 00000000 00:00 0 
7fa308000000-7fa308021000 rw-p 00000000 00:00 0 
7fa308021000-7fa30c000000 ---p 00000000 00:00 0 
7fa30c000000-7fa30c021000 rw-p 00000000 00:00 0 
7fa30c021000-7fa310000000 ---p 00000000 00:00 0 
7fa310000000-7fa310021000 rw-p 00000000 00:00 0 
7fa310021000-7fa314000000 ---p 00000000 00:00 0 
7fa314000000-7fa314021000 rw-p 00000000 00:00 0 
7fa314021000-7fa318000000 ---p 00000000 00:00 0 
7fa318000000-7fa318021000 rw-p 00000000 00:00 0 
7fa318021000-7fa31c000000 ---p 00000000 00:00 0 
7fa31c7ff000-7fa31c802000 ---p 00000000 00:00 0 
7fa31c802000-7fa31c900000 rw-p 00000000 00:00 0                          [stack:6017]
7fa31c900000-7fa31c951000 r-xp 00000000 08:0c 6038157                    /usr/lib/jvm/java-7-openjdk-amd64/jre/lib/amd64/libfontmanager.so
7fa31c951000-7fa31cb50000 ---p 00051000 08:0c 6038157                    /usr/lib/jvm/java-7-openjdk-amd64/jre/lib/amd64/libfontmanager.so
7fa31cb50000-7fa31cb53000 r--p 00050000 08:0c 6038157                    /usr/lib/jvm/java-7-openjdk-amd64/jre/lib/amd64/libfontmanager.so
7fa31cb53000-7fa31cb54000 rw-p 00053000 08:0c 6038157                    /usr/lib/jvm/java-7-openjdk-amd64/jre/lib/amd64/libfontmanager.so
7fa31cb54000-7fa31cb57000 ---p 00000000 00:00 0 
7fa31cb57000-7fa31cc55000 rw-p 00000000 00:00 0                          [stack:6016]
7fa31cc55000-7fa31cc58000 ---p 00000000 00:00 0 
7fa31cc58000-7fa31cd56000 rw-p 00000000 00:00 0                          [stack:6015]
7fa31cd56000-7fa31cd5a000 r-xp 00000000 08:0c 6295469                    /lib/x86_64-linux-gnu/libgpg-error.so.0.10.0
7fa31cd5a000-7fa31cf59000 ---p 00004000 08:0c 6295469                    /lib/x86_64-linux-gnu/libgpg-error.so.0.10.0
7fa31cf59000-7fa31cf5a000 r--p 00003000 08:0c 6295469                    /lib/x86_64-linux-gnu/libgpg-error.so.0.10.0
7fa31cf5a000-7fa31cf5b000 rw-p 00004000 08:0c 6295469                    /lib/x86_64-linux-gnu/libgpg-error.so.0.10.0
7fa31cf5b000-7fa31cf5d000 r-xp 00000000 08:0c 6295479                    /lib/x86_64-linux-gnu/libkeyutils.so.1.4
7fa31cf5d000-7fa31d15d000 ---p 00002000 08:0c 6295479                    /lib/x86_64-linux-gnu/libkeyutils.so.1.4
7fa31d15d000-7fa31d15e000 r--p 00002000 08:0c 6295479                    /lib/x86_64-linux-gnu/libkeyutils.so.1.4
7fa31d15e000-7fa31d15f000 rw-p 00003000 08:0c 6295479                    /lib/x86_64-linux-gnu/libkeyutils.so.1.4
7fa31d15f000-7fa31d179000 r-xp 00000000 08:0c 5906754                    /usr/lib/x86_64-linux-gnu/libgraphite2.so.3.0.1
7fa31d179000-7fa31d378000 ---p 0001a000 08:0c 5906754                    /usr/lib/x86_64-linux-gnu/libgraphite2.so.3.0.1
7fa31d378000-7fa31d37a000 r--p 00019000 08:0c 5906754                    /usr/lib/x86_64-linux-gnu/libgraphite2.so.3.0.1
7fa31d37a000-7fa31d37b000 rw-p 0001b000 08:0c 5906754                    /usr/lib/x86_64-linux-gnu/libgraphite2.so.3.0.1
7fa31d37b000-7fa31d3bf000 r-xp 00000000 08:0c 6295450                    /lib/x86_64-linux-gnu/libdbus-1.so.3.7.6
7fa31d3bf000-7fa31d5be000 ---p 00044000 08:0c 6295450                    /lib/x86_64-linux-gnu/libdbus-1.so.3.7.6
7fa31d5be000-7fa31d5bf000 r--p 00043000 08:0c 6295450                    /lib/x86_64-linux-gnu/libdbus-1.so.3.7.6
7fa31d5bf000-7fa31d5c0000 rw-p 00044000 08:0c 6295450                    /lib/x86_64-linux-gnu/libdbus-1.so.3.7.6
7fa31d5c0000-7fa31d5fb000 r-xp 00000000 08:0c 5907052                    /usr/lib/x86_64-linux-gnu/libp11-kit.so.0.0.0
7fa31d5fb000-7fa31d7fa000 ---p 0003b000 08:0c 5907052                    /usr/lib/x86_64-linux-gnu/libp11-kit.so.0.0.0
7fa31d7fa000-7fa31d800000 r--p 0003a000 08:0c 5907052                    /usr/lib/x86_64-linux-gnu/libp11-kit.so.0.0.0
7fa31d800000-7fa31d802000 rw-p 00040000 08:0c 5907052                    /usr/lib/x86_64-linux-gnu/libp11-kit.so.0.0.0
7fa31d802000-7fa31d814000 r-xp 00000000 08:0c 5907237                    /usr/lib/x86_64-linux-gnu/libtasn1.so.6.2.0
7fa31d814000-7fa31da14000 ---p 00012000 08:0c 5907237                    /usr/lib/x86_64-linux-gnu/libtasn1.so.6.2.0
7fa31da14000-7fa31da15000 r--p 00012000 08:0c 5907237                    /usr/lib/x86_64-linux-gnu/libtasn1.so.6.2.0
7fa31da15000-7fa31da16000 rw-p 00013000 08:0c 5907237                    /usr/lib/x86_64-linux-gnu/libtasn1.so.6.2.0
7fa31da16000-7fa31da91000 r-xp 00000000 08:0c 6295465                    /lib/x86_64-linux-gnu/libgcrypt.so.11.8.2
7fa31da91000-7fa31dc91000 ---p 0007b000 08:0c 6295465                    /lib/x86_64-linux-gnu/libgcrypt.so.11.8.2
7fa31dc91000-7fa31dc92000 r--p 0007b000 08:0c 6295465                    /lib/x86_64-linux-gnu/libgcrypt.so.11.8.2
7fa31dc92000-7fa31dc95000 rw-p 0007c000 08:0c 6295465                    /lib/x86_64-linux-gnu/libgcrypt.so.11.8.2
7fa31dc95000-7fa31dc9f000 r-xp 00000000 08:0c 5906935                    /usr/lib/x86_64-linux-gnu/libkrb5support.so.0.1
7fa31dc9f000-7fa31de9e000 ---p 0000a000 08:0c 5906935                    /usr/lib/x86_64-linux-gnu/libkrb5support.so.0.1
7fa31de9e000-7fa31de9f000 r--p 00009000 08:0c 5906935                    /usr/lib/x86_64-linux-gnu/libkrb5support.so.0.1
7fa31de9f000-7fa31dea0000 rw-p 0000a000 08:0c 5906935                    /usr/lib/x86_64-linux-gnu/libkrb5support.so.0.1
7fa31dea0000-7fa31dea3000 r-xp 00000000 08:0c 6295445                    /lib/x86_64-linux-gnu/libcom_err.so.2.1
7fa31dea3000-7fa31e0a2000 ---p 00003000 08:0c 6295445                    /lib/x86_64-linux-gnu/libcom_err.so.2.1
7fa31e0a2000-7fa31e0a3000 r--p 00002000 08:0c 6295445                    /lib/x86_64-linux-gnu/libcom_err.so.2.1
7fa31e0a3000-7fa31e0a4000 rw-p 00003000 08:0c 6295445                    /lib/x86_64-linux-gnu/libcom_err.so.2.1
7fa31e0a4000-7fa31e0d0000 r-xp 00000000 08:0c 5906929                    /usr/lib/x86_64-linux-gnu/libk5crypto.so.3.1
7fa31e0d0000-7fa31e2cf000 ---p 0002c000 08:0c 5906929                    /usr/lib/x86_64-linux-gnu/libk5crypto.so.3.1
7fa31e2cf000-7fa31e2d1000 r--p 0002b000 08:0c 5906929                    /usr/lib/x86_64-linux-gnu/libk5crypto.so.3.1
7fa31e2d1000-7fa31e2d2000 rw-p 0002d000 08:0c 5906929                    /usr/lib/x86_64-linux-gnu/libk5crypto.so.3.1
7fa31e2d2000-7fa31e2d3000 rw-p 00000000 00:00 0 
7fa31e2d3000-7fa31e38f000 r-xp 00000000 08:0c 5906933                    /usr/lib/x86_64-linux-gnu/libkrb5.so.3.3
7fa31e38f000-7fa31e58f000 ---p 000bc000 08:0c 5906933                    /usr/lib/x86_64-linux-gnu/libkrb5.so.3.3
7fa31e58f000-7fa31e59c000 r--p 000bc000 08:0c 5906933                    /usr/lib/x86_64-linux-gnu/libkrb5.so.3.3
7fa31e59c000-7fa31e59e000 rw-p 000c9000 08:0c 5906933                    /usr/lib/x86_64-linux-gnu/libkrb5.so.3.3
7fa31e59e000-7fa31e5a4000 r-xp 00000000 08:0c 5906528                    /usr/lib/x86_64-linux-gnu/libdatrie.so.1.3.1
7fa31e5a4000-7fa31e7a3000 ---p 00006000 08:0c 5906528                    /usr/lib/x86_64-linux-gnu/libdatrie.so.1.3.1
7fa31e7a3000-7fa31e7a4000 r--p 00005000 08:0c 5906528                    /usr/lib/x86_64-linux-gnu/libdatrie.so.1.3.1
7fa31e7a4000-7fa31e7a5000 rw-p 00006000 08:0c 5906528                    /usr/lib/x86_64-linux-gnu/libdatrie.so.1.3.1
7fa31e7a5000-7fa31e7f8000 r-xp 00000000 08:0c 5906867                    /usr/lib/x86_64-linux-gnu/libharfbuzz.so.0.927.0
7fa31e7f8000-7fa31e9f8000 ---p 00053000 08:0c 5906867                    /usr/lib/x86_64-linux-gnu/libharfbuzz.so.0.927.0
7fa31e9f8000-7fa31e9f9000 r--p 00053000 08:0c 5906867                    /usr/lib/x86_64-linux-gnu/libharfbuzz.so.0.927.0
7fa31e9f9000-7fa31e9fa000 rw-p 00054000 08:0c 5906867                    /usr/lib/x86_64-linux-gnu/libharfbuzz.so.0.927.0
7fa31e9fa000-7fa31ea02000 r-xp 00000000 08:0c 5907379                    /usr/lib/x86_64-linux-gnu/libxcb-render.so.0.0.0
7fa31ea02000-7fa31ec01000 ---p 00008000 08:0c 5907379                    /usr/lib/x86_64-linux-gnu/libxcb-render.so.0.0.0
7fa31ec01000-7fa31ec02000 r--p 00007000 08:0c 5907379                    /usr/lib/x86_64-linux-gnu/libxcb-render.so.0.0.0
7fa31ec02000-7fa31ec03000 rw-p 00008000 08:0c 5907379                    /usr/lib/x86_64-linux-gnu/libxcb-render.so.0.0.0
7fa31ec03000-7fa31ec05000 r-xp 00000000 08:0c 5907383                    /usr/lib/x86_64-linux-gnu/libxcb-shm.so.0.0.0
7fa31ec05000-7fa31ee04000 ---p 00002000 08:0c 5907383                    /usr/lib/x86_64-linux-gnu/libxcb-shm.so.0.0.0
7fa31ee04000-7fa31ee05000 r--p 00001000 08:0c 5907383                    /usr/lib/x86_64-linux-gnu/libxcb-shm.so.0.0.0
7fa31ee05000-7fa31ee06000 rw-p 00002000 08:0c 5907383                    /usr/lib/x86_64-linux-gnu/libxcb-shm.so.0.0.0
7fa31ee06000-7fa31ee2b000 r-xp 00000000 08:0c 6295551                    /lib/x86_64-linux-gnu/libpng12.so.0.50.0
7fa31ee2b000-7fa31f02a000 ---p 00025000 08:0c 6295551                    /lib/x86_64-linux-gnu/libpng12.so.0.50.0
7fa31f02a000-7fa31f02b000 r--p 00024000 08:0c 6295551                    /lib/x86_64-linux-gnu/libpng12.so.0.50.0
7fa31f02b000-7fa31f02c000 rw-p 00025000 08:0c 6295551                    /lib/x86_64-linux-gnu/libpng12.so.0.50.0
7fa31f02c000-7fa31f0cd000 r-xp 00000000 08:0c 5907083                    /usr/lib/x86_64-linux-gnu/libpixman-1.so.0.30.2
7fa31f0cd000-7fa31f2cd000 ---p 000a1000 08:0c 5907083                    /usr/lib/x86_64-linux-gnu/libpixman-1.so.0.30.2
7fa31f2cd000-7fa31f2d4000 r--p 000a1000 08:0c 5907083                    /usr/lib/x86_64-linux-gnu/libpixman-1.so.0.30.2
7fa31f2d4000-7fa31f2d5000 rw-p 000a8000 08:0c 5907083                    /usr/lib/x86_64-linux-gnu/libpixman-1.so.0.30.2
7fa31f2d5000-7fa31f2da000 r-xp 00000000 08:0c 5906336                    /usr/lib/x86_64-linux-gnu/libXdmcp.so.6.0.0
7fa31f2da000-7fa31f4d9000 ---p 00005000 08:0c 5906336                    /usr/lib/x86_64-linux-gnu/libXdmcp.so.6.0.0
7fa31f4d9000-7fa31f4da000 r--p 00004000 08:0c 5906336                    /usr/lib/x86_64-linux-gnu/libXdmcp.so.6.0.0
7fa31f4da000-7fa31f4db000 rw-p 00005000 08:0c 5906336                    /usr/lib/x86_64-linux-gnu/libXdmcp.so.6.0.0
7fa31f4db000-7fa31f4dd000 r-xp 00000000 08:0c 5906325                    /usr/lib/x86_64-linux-gnu/libXau.so.6.0.0
7fa31f4dd000-7fa31f6dd000 ---p 00002000 08:0c 5906325                    /usr/lib/x86_64-linux-gnu/libXau.so.6.0.0
7fa31f6dd000-7fa31f6de000 r--p 00002000 08:0c 5906325                    /usr/lib/x86_64-linux-gnu/libXau.so.6.0.0
7fa31f6de000-7fa31f6df000 rw-p 00003000 08:0c 5906325                    /usr/lib/x86_64-linux-gnu/libXau.so.6.0.0
7fa31f6df000-7fa31f6ee000 r-xp 00000000 08:0c 5906429                    /usr/lib/x86_64-linux-gnu/libavahi-client.so.3.2.9
7fa31f6ee000-7fa31f8ee000 ---p 0000f000 08:0c 5906429                    /usr/lib/x86_64-linux-gnu/libavahi-client.so.3.2.9
7fa31f8ee000-7fa31f8ef000 r--p 0000f000 08:0c 5906429                    /usr/lib/x86_64-linux-gnu/libavahi-client.so.3.2.9
7fa31f8ef000-7fa31f8f0000 rw-p 00010000 08:0c 5906429                    /usr/lib/x86_64-linux-gnu/libavahi-client.so.3.2.9
7fa31f8f0000-7fa31f8fb000 r-xp 00000000 08:0c 5906431                    /usr/lib/x86_64-linux-gnu/libavahi-common.so.3.5.3
7fa31f8fb000-7fa31fafa000 ---p 0000b000 08:0c 5906431                    /usr/lib/x86_64-linux-gnu/libavahi-common.so.3.5.3
7fa31fafa000-7fa31fafb000 r--p 0000a000 08:0c 5906431                    /usr/lib/x86_64-linux-gnu/libavahi-common.so.3.5.3
7fa31fafb000-7fa31fafc000 rw-p 0000b000 08:0c 5906431                    /usr/lib/x86_64-linux-gnu/libavahi-common.so.3.5.3
7fa31fafc000-7fa31fbb2000 r-xp 00000000 08:0c 5906732                    /usr/lib/x86_64-linux-gnu/libgnutls.so.26.22.6
7fa31fbb2000-7fa31fdb2000 ---p 000b6000 08:0c 5906732                    /usr/lib/x86_64-linux-gnu/libgnutls.so.26.22.6
7fa31fdb2000-7fa31fdb8000 r--p 000b6000 08:0c 5906732                    /usr/lib/x86_64-linux-gnu/libgnutls.so.26.22.6
7fa31fdb8000-7fa31fdb9000 rw-p 000bc000 08:0c 5906732                    /usr/lib/x86_64-linux-gnu/libgnutls.so.26.22.6
7fa31fdb9000-7fa31fdba000 rw-p 00000000 00:00 0 
7fa31fdba000-7fa31fdfd000 r-xp 00000000 08:0c 5906763                    /usr/lib/x86_64-linux-gnu/libgssapi_krb5.so.2.2
7fa31fdfd000-7fa31fffd000 ---p 00043000 08:0c 5906763                    /usr/lib/x86_64-linux-gnu/libgssapi_krb5.so.2.2
7fa31fffd000-7fa31fffe000 r--p 00043000 08:0c 5906763                    /usr/lib/x86_64-linux-gnu/libgssapi_krb5.so.2.2
7fa31fffe000-7fa320000000 rw-p 00044000 08:0c 5906763                    /usr/lib/x86_64-linux-gnu/libgssapi_krb5.so.2.2
7fa320000000-7fa3201e5000 rw-p 00000000 00:00 0 
7fa3201e5000-7fa324000000 ---p 00000000 00:00 0 
7fa324000000-7fa324021000 rw-p 00000000 00:00 0 
7fa324021000-7fa328000000 ---p 00000000 00:00 0 
7fa328000000-7fa328021000 rw-p 00000000 00:00 0 
7fa328021000-7fa32c000000 ---p 00000000 00:00 0 
7fa32c000000-7fa32c6a8000 rw-p 00000000 00:00 0 
7fa32c6a8000-7fa330000000 ---p 00000000 00:00 0 
7fa330000000-7fa330021000 rw-p 00000000 00:00 0 
7fa330021000-7fa334000000 ---p 00000000 00:00 0 
7fa334000000-7fa334021000 rw-p 00000000 00:00 0 
7fa334021000-7fa338000000 ---p 00000000 00:00 0 
7fa338000000-7fa338021000 rw-p 00000000 00:00 0 
7fa338021000-7fa33c000000 ---p 00000000 00:00 0 
7fa33c045000-7fa33c048000 ---p 00000000 00:00 0 
7fa33c048000-7fa33c146000 rw-p 00000000 00:00 0                          [stack:6014]
7fa33c146000-7fa33c16d000 r-xp 00000000 08:0c 6295458                    /lib/x86_64-linux-gnu/libexpat.so.1.6.0
7fa33c16d000-7fa33c36d000 ---p 00027000 08:0c 6295458                    /lib/x86_64-linux-gnu/libexpat.so.1.6.0
7fa33c36d000-7fa33c36f000 r--p 00027000 08:0c 6295458                    /lib/x86_64-linux-gnu/libexpat.so.1.6.0
7fa33c36f000-7fa33c370000 rw-p 00029000 08:0c 6295458                    /lib/x86_64-linux-gnu/libexpat.so.1.6.0
7fa33c370000-7fa33c40d000 r-xp 00000000 08:0c 5899445                    /usr/lib/x86_64-linux-gnu/libfreetype.so.6.11.1
7fa33c40d000-7fa33c60c000 ---p 0009d000 08:0c 5899445                    /usr/lib/x86_64-linux-gnu/libfreetype.so.6.11.1
7fa33c60c000-7fa33c612000 r--p 0009c000 08:0c 5899445                    /usr/lib/x86_64-linux-gnu/libfreetype.so.6.11.1
7fa33c612000-7fa33c613000 rw-p 000a2000 08:0c 5899445                    /usr/lib/x86_64-linux-gnu/libfreetype.so.6.11.1
7fa33c613000-7fa33c61b000 r-xp 00000000 08:0c 5907253                    /usr/lib/x86_64-linux-gnu/libthai.so.0.2.0
7fa33c61b000-7fa33c81a000 ---p 00008000 08:0c 5907253                    /usr/lib/x86_64-linux-gnu/libthai.so.0.2.0
7fa33c81a000-7fa33c81b000 r--p 00007000 08:0c 5907253                    /usr/lib/x86_64-linux-gnu/libthai.so.0.2.0
7fa33c81b000-7fa33c81c000 rw-p 00008000 08:0c 5907253                    /usr/lib/x86_64-linux-gnu/libthai.so.0.2.0
7fa33c81c000-7fa33c81e000 r-xp 00000000 08:0c 5906334                    /usr/lib/x86_64-linux-gnu/libXdamage.so.1.1.0
7fa33c81e000-7fa33ca1d000 ---p 00002000 08:0c 5906334                    /usr/lib/x86_64-linux-gnu/libXdamage.so.1.1.0
7fa33ca1d000-7fa33ca1e000 r--p 00001000 08:0c 5906334                    /usr/lib/x86_64-linux-gnu/libXdamage.so.1.1.0
7fa33ca1e000-7fa33ca1f000 rw-p 00002000 08:0c 5906334                    /usr/lib/x86_64-linux-gnu/libXdamage.so.1.1.0
7fa33ca1f000-7fa33ca21000 r-xp 00000000 08:0c 5906330                    /usr/lib/x86_64-linux-gnu/libXcomposite.so.1.0.0
7fa33ca21000-7fa33cc20000 ---p 00002000 08:0c 5906330                    /usr/lib/x86_64-linux-gnu/libXcomposite.so.1.0.0
7fa33cc20000-7fa33cc21000 r--p 00001000 08:0c 5906330                    /usr/lib/x86_64-linux-gnu/libXcomposite.so.1.0.0
7fa33cc21000-7fa33cc22000 rw-p 00002000 08:0c 5906330                    /usr/lib/x86_64-linux-gnu/libXcomposite.so.1.0.0
7fa33cc22000-7fa33cc2b000 r-xp 00000000 08:0c 5906332                    /usr/lib/x86_64-linux-gnu/libXcursor.so.1.0.2
7fa33cc2b000-7fa33ce2a000 ---p 00009000 08:0c 5906332                    /usr/lib/x86_64-linux-gnu/libXcursor.so.1.0.2
7fa33ce2a000-7fa33ce2b000 r--p 00008000 08:0c 5906332                    /usr/lib/x86_64-linux-gnu/libXcursor.so.1.0.2
7fa33ce2b000-7fa33ce2c000 rw-p 00009000 08:0c 5906332                    /usr/lib/x86_64-linux-gnu/libXcursor.so.1.0.2
7fa33ce2c000-7fa33ce35000 r-xp 00000000 08:0c 5906358                    /usr/lib/x86_64-linux-gnu/libXrandr.so.2.2.0
7fa33ce35000-7fa33d034000 ---p 00009000 08:0c 5906358                    /usr/lib/x86_64-linux-gnu/libXrandr.so.2.2.0
7fa33d034000-7fa33d035000 r--p 00008000 08:0c 5906358                    /usr/lib/x86_64-linux-gnu/libXrandr.so.2.2.0
7fa33d035000-7fa33d036000 rw-p 00009000 08:0c 5906358                    /usr/lib/x86_64-linux-gnu/libXrandr.so.2.2.0
7fa33d036000-7fa33d038000 r-xp 00000000 08:0c 5906348                    /usr/lib/x86_64-linux-gnu/libXinerama.so.1.0.0
7fa33d038000-7fa33d237000 ---p 00002000 08:0c 5906348                    /usr/lib/x86_64-linux-gnu/libXinerama.so.1.0.0
7fa33d237000-7fa33d238000 r--p 00001000 08:0c 5906348                    /usr/lib/x86_64-linux-gnu/libXinerama.so.1.0.0
7fa33d238000-7fa33d239000 rw-p 00002000 08:0c 5906348                    /usr/lib/x86_64-linux-gnu/libXinerama.so.1.0.0
7fa33d239000-7fa33d24d000 r-xp 00000000 08:0c 5907064                    /usr/lib/x86_64-linux-gnu/libpangoft2-1.0.so.0.3600.3
7fa33d24d000-7fa33d44c000 ---p 00014000 08:0c 5907064                    /usr/lib/x86_64-linux-gnu/libpangoft2-1.0.so.0.3600.3
7fa33d44c000-7fa33d44d000 r--p 00013000 08:0c 5907064                    /usr/lib/x86_64-linux-gnu/libpangoft2-1.0.so.0.3600.3
7fa33d44d000-7fa33d44e000 rw-p 00014000 08:0c 5907064                    /usr/lib/x86_64-linux-gnu/libpangoft2-1.0.so.0.3600.3
7fa33d44e000-7fa33d554000 r-xp 00000000 08:0c 5906456                    /usr/lib/x86_64-linux-gnu/libcairo.so.2.11301.0
7fa33d554000-7fa33d753000 ---p 00106000 08:0c 5906456                    /usr/lib/x86_64-linux-gnu/libcairo.so.2.11301.0
7fa33d753000-7fa33d756000 r--p 00105000 08:0c 5906456                    /usr/lib/x86_64-linux-gnu/libcairo.so.2.11301.0
7fa33d756000-7fa33d757000 rw-p 00108000 08:0c 5906456                    /usr/lib/x86_64-linux-gnu/libcairo.so.2.11301.0
7fa33d757000-7fa33d759000 rw-p 00000000 00:00 0 
7fa33d759000-7fa33d778000 r-xp 00000000 08:0c 5906417                    /usr/lib/x86_64-linux-gnu/libatk-1.0.so.0.21009.1
7fa33d778000-7fa33d978000 ---p 0001f000 08:0c 5906417                    /usr/lib/x86_64-linux-gnu/libatk-1.0.so.0.21009.1
7fa33d978000-7fa33d97a000 r--p 0001f000 08:0c 5906417                    /usr/lib/x86_64-linux-gnu/libatk-1.0.so.0.21009.1
7fa33d97a000-7fa33d97b000 rw-p 00021000 08:0c 5906417                    /usr/lib/x86_64-linux-gnu/libatk-1.0.so.0.21009.1
7fa33d97b000-7fa33d980000 r-xp 00000000 08:0c 5906340                    /usr/lib/x86_64-linux-gnu/libXfixes.so.3.1.0
7fa33d980000-7fa33db7f000 ---p 00005000 08:0c 5906340                    /usr/lib/x86_64-linux-gnu/libXfixes.so.3.1.0
7fa33db7f000-7fa33db80000 r--p 00004000 08:0c 5906340                    /usr/lib/x86_64-linux-gnu/libXfixes.so.3.1.0
7fa33db80000-7fa33db81000 rw-p 00005000 08:0c 5906340                    /usr/lib/x86_64-linux-gnu/libXfixes.so.3.1.0
7fa33db81000-7fa33db8c000 r-xp 00000000 08:0c 5907062                    /usr/lib/x86_64-linux-gnu/libpangocairo-1.0.so.0.3600.3
7fa33db8c000-7fa33dd8c000 ---p 0000b000 08:0c 5907062                    /usr/lib/x86_64-linux-gnu/libpangocairo-1.0.so.0.3600.3
7fa33dd8c000-7fa33dd8d000 r--p 0000b000 08:0c 5907062                    /usr/lib/x86_64-linux-gnu/libpangocairo-1.0.so.0.3600.3
7fa33dd8d000-7fa33dd8e000 rw-p 0000c000 08:0c 5907062                    /usr/lib/x86_64-linux-gnu/libpangocairo-1.0.so.0.3600.3
7fa33dd8e000-7fa33ddab000 r-xp 00000000 08:0c 5907393                    /usr/lib/x86_64-linux-gnu/libxcb.so.1.1.0
7fa33ddab000-7fa33dfab000 ---p 0001d000 08:0c 5907393                    /usr/lib/x86_64-linux-gnu/libxcb.so.1.1.0
7fa33dfab000-7fa33dfac000 r--p 0001d000 08:0c 5907393                    /usr/lib/x86_64-linux-gnu/libxcb.so.1.1.0
7fa33dfac000-7fa33dfad000 rw-p 0001e000 08:0c 5907393                    /usr/lib/x86_64-linux-gnu/libxcb.so.1.1.0
7fa33dfad000-7fa33e019000 r-xp 00000000 08:0c 5906514                    /usr/lib/x86_64-linux-gnu/libcups.so.2
7fa33e019000-7fa33e219000 ---p 0006c000 08:0c 5906514                    /usr/lib/x86_64-linux-gnu/libcups.so.2
7fa33e219000-7fa33e220000 r--p 0006c000 08:0c 5906514                    /usr/lib/x86_64-linux-gnu/libcups.so.2
7fa33e220000-7fa33e221000 rw-p 00073000 08:0c 5906514                    /usr/lib/x86_64-linux-gnu/libcups.so.2
7fa33e221000-7fa33e222000 r-xp 00000000 08:0c 5906843                    /usr/lib/x86_64-linux-gnu/libgthread-2.0.so.0.4000.0
7fa33e222000-7fa33e421000 ---p 00001000 08:0c 5906843                    /usr/lib/x86_64-linux-gnu/libgthread-2.0.so.0.4000.0
7fa33e421000-7fa33e422000 r--p 00000000 08:0c 5906843                    /usr/lib/x86_64-linux-gnu/libgthread-2.0.so.0.4000.0
7fa33e422000-7fa33e423000 rw-p 00001000 08:0c 5906843                    /usr/lib/x86_64-linux-gnu/libgthread-2.0.so.0.4000.0
7fa33e423000-7fa33e45d000 r-xp 00000000 08:0c 5906617                    /usr/lib/x86_64-linux-gnu/libfontconfig.so.1.8.0
7fa33e45d000-7fa33e65c000 ---p 0003a000 08:0c 5906617                    /usr/lib/x86_64-linux-gnu/libfontconfig.so.1.8.0
7fa33e65c000-7fa33e65e000 r--p 00039000 08:0c 5906617                    /usr/lib/x86_64-linux-gnu/libfontconfig.so.1.8.0
7fa33e65e000-7fa33e65f000 rw-p 0003b000 08:0c 5906617                    /usr/lib/x86_64-linux-gnu/libfontconfig.so.1.8.0
7fa33e65f000-7fa33e6a9000 r-xp 00000000 08:0c 5907060                    /usr/lib/x86_64-linux-gnu/libpango-1.0.so.0.3600.3
7fa33e6a9000-7fa33e8a9000 ---p 0004a000 08:0c 5907060                    /usr/lib/x86_64-linux-gnu/libpango-1.0.so.0.3600.3
7fa33e8a9000-7fa33e8ab000 r--p 0004a000 08:0c 5907060                    /usr/lib/x86_64-linux-gnu/libpango-1.0.so.0.3600.3
7fa33e8ab000-7fa33e8ac000 rw-p 0004c000 08:0c 5907060                    /usr/lib/x86_64-linux-gnu/libpango-1.0.so.0.3600.3
7fa33e8ac000-7fa33e8cb000 r-xp 00000000 08:0c 5906682                    /usr/lib/x86_64-linux-gnu/libgdk_pixbuf-2.0.so.0.3000.7
7fa33e8cb000-7fa33eacb000 ---p 0001f000 08:0c 5906682                    /usr/lib/x86_64-linux-gnu/libgdk_pixbuf-2.0.so.0.3000.7
7fa33eacb000-7fa33eacc000 r--p 0001f000 08:0c 5906682                    /usr/lib/x86_64-linux-gnu/libgdk_pixbuf-2.0.so.0.3000.7
7fa33eacc000-7fa33eacd000 rw-p 00020000 08:0c 5906682                    /usr/lib/x86_64-linux-gnu/libgdk_pixbuf-2.0.so.0.3000.7
7fa33eacd000-7fa33eb7a000 r-xp 00000000 08:0c 5900288                    /usr/lib/x86_64-linux-gnu/libgdk-x11-2.0.so.0.2400.23
7fa33eb7a000-7fa33ed79000 ---p 000ad000 08:0c 5900288                    /usr/lib/x86_64-linux-gnu/libgdk-x11-2.0.so.0.2400.23
7fa33ed79000-7fa33ed7d000 r--p 000ac000 08:0c 5900288                    /usr/lib/x86_64-linux-gnu/libgdk-x11-2.0.so.0.2400.23
7fa33ed7d000-7fa33ed7f000 rw-p 000b0000 08:0c 5900288                    /usr/lib/x86_64-linux-gnu/libgdk-x11-2.0.so.0.2400.23
7fa33ed7f000-7fa33f1ae000 r-xp 00000000 08:0c 5899952                    /usr/lib/x86_64-linux-gnu/libgtk-x11-2.0.so.0.2400.23
7fa33f1ae000-7fa33f3ad000 ---p 0042f000 08:0c 5899952                    /usr/lib/x86_64-linux-gnu/libgtk-x11-2.0.so.0.2400.23
7fa33f3ad000-7fa33f3b4000 r--p 0042e000 08:0c 5899952                    /usr/lib/x86_64-linux-gnu/libgtk-x11-2.0.so.0.2400.23
7fa33f3b4000-7fa33f3b8000 rw-p 00435000 08:0c 5899952                    /usr/lib/x86_64-linux-gnu/libgtk-x11-2.0.so.0.2400.23
7fa33f3b8000-7fa33f3bb000 rw-p 00000000 00:00 0 
7fa33f3bb000-7fa33f3ca000 r-xp 00000000 08:0c 5906346                    /usr/lib/x86_64-linux-gnu/libXi.so.6.1.0
7fa33f3ca000-7fa33f5c9000 ---p 0000f000 08:0c 5906346                    /usr/lib/x86_64-linux-gnu/libXi.so.6.1.0
7fa33f5c9000-7fa33f5ca000 r--p 0000e000 08:0c 5906346                    /usr/lib/x86_64-linux-gnu/libXi.so.6.1.0
7fa33f5ca000-7fa33f5cb000 rw-p 0000f000 08:0c 5906346                    /usr/lib/x86_64-linux-gnu/libXi.so.6.1.0
7fa33f5cb000-7fa33f5d0000 r-xp 00000000 08:0c 5906366                    /usr/lib/x86_64-linux-gnu/libXtst.so.6.1.0
7fa33f5d0000-7fa33f7cf000 ---p 00005000 08:0c 5906366                    /usr/lib/x86_64-linux-gnu/libXtst.so.6.1.0
7fa33f7cf000-7fa33f7d0000 r--p 00004000 08:0c 5906366                    /usr/lib/x86_64-linux-gnu/libXtst.so.6.1.0
7fa33f7d0000-7fa33f7d1000 rw-p 00005000 08:0c 5906366                    /usr/lib/x86_64-linux-gnu/libXtst.so.6.1.0
7fa33f7d1000-7fa33f7da000 r-xp 00000000 08:0c 5906360                    /usr/lib/x86_64-linux-gnu/libXrender.so.1.3.0
7fa33f7da000-7fa33f9d9000 ---p 00009000 08:0c 5906360                    /usr/lib/x86_64-linux-gnu/libXrender.so.1.3.0
7fa33f9d9000-7fa33f9da000 r--p 00008000 08:0c 5906360                    /usr/lib/x86_64-linux-gnu/libXrender.so.1.3.0
7fa33f9da000-7fa33f9db000 rw-p 00009000 08:0c 5906360                    /usr/lib/x86_64-linux-gnu/libXrender.so.1.3.0
7fa33f9db000-7fa33fb0b000 r-xp 00000000 08:0c 5906321                    /usr/lib/x86_64-linux-gnu/libX11.so.6.3.0
7fa33fb0b000-7fa33fd0b000 ---p 00130000 08:0c 5906321                    /usr/lib/x86_64-linux-gnu/libX11.so.6.3.0
7fa33fd0b000-7fa33fd0c000 r--p 00130000 08:0c 5906321                    /usr/lib/x86_64-linux-gnu/libX11.so.6.3.0
7fa33fd0c000-7fa33fd10000 rw-p 00131000 08:0c 5906321                    /usr/lib/x86_64-linux-gnu/libX11.so.6.3.0
7fa33fd10000-7fa344000000 rw-p 00000000 00:00 0 
7fa344000000-7fa344021000 rw-p 00000000 00:00 0 
7fa344021000-7fa348000000 ---p 00000000 00:00 0 
7fa3480d5000-7fa3480d8000 ---p 00000000 00:00 0 
7fa3480d8000-7fa3481d6000 rw-p 00000000 00:00 0                          [stack:6013]
7fa3481d6000-7fa3481e7000 r-xp 00000000 08:0c 5906338                    /usr/lib/x86_64-linux-gnu/libXext.so.6.4.0
7fa3481e7000-7fa3483e6000 ---p 00011000 08:0c 5906338                    /usr/lib/x86_64-linux-gnu/libXext.so.6.4.0
7fa3483e6000-7fa3483e7000 r--p 00010000 08:0c 5906338                    /usr/lib/x86_64-linux-gnu/libXext.so.6.4.0
7fa3483e7000-7fa3483e8000 rw-p 00011000 08:0c 5906338                    /usr/lib/x86_64-linux-gnu/libXext.so.6.4.0
7fa3483f2000-7fa3483f5000 rw-s 00000000 00:04 5144598                    /SYSV00000000 (deleted)
7fa3483f5000-7fa3483fa000 r--s 0004c000 08:0c 6038108                    /usr/lib/jvm/java-7-openjdk-amd64/jre/lib/jsse.jar
7fa3483fa000-7fa348403000 r--s 000b9000 08:0c 6038099                    /usr/lib/jvm/java-7-openjdk-amd64/jre/lib/resources.jar
7fa348403000-7fa348454000 r-xp 00000000 08:0c 6038063                    /usr/lib/jvm/java-7-openjdk-amd64/jre/lib/amd64/xawt/libmawt.so
7fa348454000-7fa348653000 ---p 00051000 08:0c 6038063                    /usr/lib/jvm/java-7-openjdk-amd64/jre/lib/amd64/xawt/libmawt.so
7fa348653000-7fa348654000 r--p 00050000 08:0c 6038063                    /usr/lib/jvm/java-7-openjdk-amd64/jre/lib/amd64/xawt/libmawt.so
7fa348654000-7fa348657000 rw-p 00051000 08:0c 6038063                    /usr/lib/jvm/java-7-openjdk-amd64/jre/lib/amd64/xawt/libmawt.so
7fa348657000-7fa348658000 rw-p 00000000 00:00 0 
7fa348658000-7fa3486f8000 r-xp 00000000 08:0c 6038150                    /usr/lib/jvm/java-7-openjdk-amd64/jre/lib/amd64/libawt.so
7fa3486f8000-7fa3488f7000 ---p 000a0000 08:0c 6038150                    /usr/lib/jvm/java-7-openjdk-amd64/jre/lib/amd64/libawt.so
7fa3488f7000-7fa3488f8000 r--p 0009f000 08:0c 6038150                    /usr/lib/jvm/java-7-openjdk-amd64/jre/lib/amd64/libawt.so
7fa3488f8000-7fa348903000 rw-p 000a0000 08:0c 6038150                    /usr/lib/jvm/java-7-openjdk-amd64/jre/lib/amd64/libawt.so
7fa348903000-7fa348928000 rw-p 00000000 00:00 0 
7fa348928000-7fa34892f000 r--s 0009e000 08:08 2405582                    /home/ruioliveira/Downloads/jgoodies-binding-2.10.0/jgoodies-binding-2.10.0-javadoc.jar
7fa34892f000-7fa348932000 r--s 0003d000 08:08 2405583                    /home/ruioliveira/Downloads/jgoodies-binding-2.10.0/jgoodies-binding-2.10.0-sources.jar
7fa348932000-7fa348935000 r--s 00020000 08:08 2405584                    /home/ruioliveira/Downloads/jgoodies-binding-2.10.0/jgoodies-binding-2.10.0-tests.jar
7fa348935000-7fa348966000 rw-p 00000000 00:00 0 
7fa348966000-7fa3489a3000 r-xp 00000000 08:0c 6295539                    /lib/x86_64-linux-gnu/libpcre.so.3.13.1
7fa3489a3000-7fa348ba2000 ---p 0003d000 08:0c 6295539                    /lib/x86_64-linux-gnu/libpcre.so.3.13.1
7fa348ba2000-7fa348ba3000 r--p 0003c000 08:0c 6295539                    /lib/x86_64-linux-gnu/libpcre.so.3.13.1
7fa348ba3000-7fa348ba4000 rw-p 0003d000 08:0c 6295539                    /lib/x86_64-linux-gnu/libpcre.so.3.13.1
7fa348ba4000-7fa348bab000 r-xp 00000000 08:0c 5906603                    /usr/lib/x86_64-linux-gnu/libffi.so.6.0.1
7fa348bab000-7fa348daa000 ---p 00007000 08:0c 5906603                    /usr/lib/x86_64-linux-gnu/libffi.so.6.0.1
7fa348daa000-7fa348dab000 r--p 00006000 08:0c 5906603                    /usr/lib/x86_64-linux-gnu/libffi.so.6.0.1
7fa348dab000-7fa348dac000 rw-p 00007000 08:0c 5906603                    /usr/lib/x86_64-linux-gnu/libffi.so.6.0.1
7fa348dac000-7fa348dc3000 r-xp 00000000 08:0c 6295562                    /lib/x86_64-linux-gnu/libresolv-2.19.so
7fa348dc3000-7fa348fc3000 ---p 00017000 08:0c 6295562                    /lib/x86_64-linux-gnu/libresolv-2.19.so
7fa348fc3000-7fa348fc4000 r--p 00017000 08:0c 6295562                    /lib/x86_64-linux-gnu/libresolv-2.19.so
7fa348fc4000-7fa348fc5000 rw-p 00018000 08:0c 6295562                    /lib/x86_64-linux-gnu/libresolv-2.19.so
7fa348fc5000-7fa348fc7000 rw-p 00000000 00:00 0 
7fa348fc7000-7fa348fe7000 r-xp 00000000 08:0c 6292666                    /lib/x86_64-linux-gnu/libselinux.so.1
7fa348fe7000-7fa3491e6000 ---p 00020000 08:0c 6292666                    /lib/x86_64-linux-gnu/libselinux.so.1
7fa3491e6000-7fa3491e7000 r--p 0001f000 08:0c 6292666                    /lib/x86_64-linux-gnu/libselinux.so.1
7fa3491e7000-7fa3491e8000 rw-p 00020000 08:0c 6292666                    /lib/x86_64-linux-gnu/libselinux.so.1
7fa3491e8000-7fa3491ea000 rw-p 00000000 00:00 0 
7fa3491ea000-7fa3491ed000 r-xp 00000000 08:0c 5906720                    /usr/lib/x86_64-linux-gnu/libgmodule-2.0.so.0.4000.0
7fa3491ed000-7fa3493ec000 ---p 00003000 08:0c 5906720                    /usr/lib/x86_64-linux-gnu/libgmodule-2.0.so.0.4000.0
7fa3493ec000-7fa3493ed000 r--p 00002000 08:0c 5906720                    /usr/lib/x86_64-linux-gnu/libgmodule-2.0.so.0.4000.0
7fa3493ed000-7fa3493ee000 rw-p 00003000 08:0c 5906720                    /usr/lib/x86_64-linux-gnu/libgmodule-2.0.so.0.4000.0
7fa3493ee000-7fa3494f4000 r-xp 00000000 08:0c 6295467                    /lib/x86_64-linux-gnu/libglib-2.0.so.0.4000.0
7fa3494f4000-7fa3496f3000 ---p 00106000 08:0c 6295467                    /lib/x86_64-linux-gnu/libglib-2.0.so.0.4000.0
7fa3496f3000-7fa3496f4000 r--p 00105000 08:0c 6295467                    /lib/x86_64-linux-gnu/libglib-2.0.so.0.4000.0
7fa3496f4000-7fa3496f5000 rw-p 00106000 08:0c 6295467                    /lib/x86_64-linux-gnu/libglib-2.0.so.0.4000.0
7fa3496f5000-7fa3496f6000 rw-p 00000000 00:00 0 
7fa3496f6000-7fa349745000 r-xp 00000000 08:0c 5906736                    /usr/lib/x86_64-linux-gnu/libgobject-2.0.so.0.4000.0
7fa349745000-7fa349945000 ---p 0004f000 08:0c 5906736                    /usr/lib/x86_64-linux-gnu/libgobject-2.0.so.0.4000.0
7fa349945000-7fa349946000 r--p 0004f000 08:0c 5906736                    /usr/lib/x86_64-linux-gnu/libgobject-2.0.so.0.4000.0
7fa349946000-7fa349947000 rw-p 00050000 08:0c 5906736                    /usr/lib/x86_64-linux-gnu/libgobject-2.0.so.0.4000.0
7fa349947000-7fa349ab2000 r-xp 00000000 08:0c 5906706                    /usr/lib/x86_64-linux-gnu/libgio-2.0.so.0.4000.0
7fa349ab2000-7fa349cb2000 ---p 0016b000 08:0c 5906706                    /usr/lib/x86_64-linux-gnu/libgio-2.0.so.0.4000.0
7fa349cb2000-7fa349cb6000 r--p 0016b000 08:0c 5906706                    /usr/lib/x86_64-linux-gnu/libgio-2.0.so.0.4000.0
7fa349cb6000-7fa349cb8000 rw-p 0016f000 08:0c 5906706                    /usr/lib/x86_64-linux-gnu/libgio-2.0.so.0.4000.0
7fa349cb8000-7fa349cba000 rw-p 00000000 00:00 0 
7fa349cba000-7fa349cd0000 r-xp 00000000 08:0c 6038134                    /usr/lib/jvm/java-7-openjdk-amd64/jre/lib/amd64/libnet.so
7fa349cd0000-7fa349ed0000 ---p 00016000 08:0c 6038134                    /usr/lib/jvm/java-7-openjdk-amd64/jre/lib/amd64/libnet.so
7fa349ed0000-7fa349ed1000 r--p 00016000 08:0c 6038134                    /usr/lib/jvm/java-7-openjdk-amd64/jre/lib/amd64/libnet.so
7fa349ed1000-7fa349ed2000 rw-p 00017000 08:0c 6038134                    /usr/lib/jvm/java-7-openjdk-amd64/jre/lib/amd64/libnet.so
7fa349ed2000-7fa349ee2000 r-xp 00000000 08:0c 6038142                    /usr/lib/jvm/java-7-openjdk-amd64/jre/lib/amd64/libnio.so
7fa349ee2000-7fa34a0e2000 ---p 00010000 08:0c 6038142                    /usr/lib/jvm/java-7-openjdk-amd64/jre/lib/amd64/libnio.so
7fa34a0e2000-7fa34a0e3000 r--p 00010000 08:0c 6038142                    /usr/lib/jvm/java-7-openjdk-amd64/jre/lib/amd64/libnio.so
7fa34a0e3000-7fa34a0e4000 rw-p 00011000 08:0c 6038142                    /usr/lib/jvm/java-7-openjdk-amd64/jre/lib/amd64/libnio.so
7fa34a0e4000-7fa34a0e5000 ---p 00000000 00:00 0 
7fa34a0e5000-7fa34a1e5000 rw-p 00000000 00:00 0                          [stack:6012]
7fa34a1e5000-7fa34a1e8000 ---p 00000000 00:00 0 
7fa34a1e8000-7fa34a2e6000 rw-p 00000000 00:00 0                          [stack:6011]
7fa34a2e6000-7fa34a2e9000 ---p 00000000 00:00 0 
7fa34a2e9000-7fa34a3e7000 rw-p 00000000 00:00 0                          [stack:6010]
7fa34a3e7000-7fa34a3ea000 ---p 00000000 00:00 0 
7fa34a3ea000-7fa34a4e8000 rw-p 00000000 00:00 0                          [stack:6009]
7fa34a4e8000-7fa34a4eb000 ---p 00000000 00:00 0 
7fa34a4eb000-7fa34a5e9000 rw-p 00000000 00:00 0                          [stack:6008]
7fa34a5e9000-7fa34accc000 r--p 00000000 08:0c 5905319                    /usr/lib/locale/locale-archive
7fa34accc000-7fa34accf000 ---p 00000000 00:00 0 
7fa34accf000-7fa34adcd000 rw-p 00000000 00:00 0                          [stack:6006]
7fa34adcd000-7fa34add0000 ---p 00000000 00:00 0 
7fa34add0000-7fa34aece000 rw-p 00000000 00:00 0                          [stack:6005]
7fa34aece000-7fa34aecf000 ---p 00000000 00:00 0 
7fa34aecf000-7fa34c000000 rw-p 00000000 00:00 0                          [stack:6004]
7fa34c000000-7fa34c021000 rw-p 00000000 00:00 0 
7fa34c021000-7fa350000000 ---p 00000000 00:00 0 
7fa350000000-7fa350021000 rw-p 00000000 00:00 0 
7fa350021000-7fa354000000 ---p 00000000 00:00 0 
7fa354000000-7fa354021000 rw-p 00000000 00:00 0 
7fa354021000-7fa358000000 ---p 00000000 00:00 0 
7fa358000000-7fa358021000 rw-p 00000000 00:00 0 
7fa358021000-7fa35c000000 ---p 00000000 00:00 0 
7fa35c000000-7fa35c021000 rw-p 00000000 00:00 0 
7fa35c021000-7fa360000000 ---p 00000000 00:00 0 
7fa360000000-7fa360021000 rw-p 00000000 00:00 0 
7fa360021000-7fa364000000 ---p 00000000 00:00 0 
7fa364000000-7fa364021000 rw-p 00000000 00:00 0 
7fa364021000-7fa368000000 ---p 00000000 00:00 0 
7fa368000000-7fa369000000 rw-p 00000000 00:00 0 
7fa369000000-7fa369270000 rwxp 00000000 00:00 0 
7fa369270000-7fa36c390000 rw-p 00000000 00:00 0 
7fa36c390000-7fa370000000 ---p 00000000 00:00 0 
7fa370000000-7fa370006000 r--s 0002b000 08:08 2405585                    /home/ruioliveira/Downloads/jgoodies-binding-2.10.0/jgoodies-binding-2.10.0.jar
7fa370006000-7fa370009000 r--s 00035000 08:08 2405312                    /home/ruioliveira/Downloads/jgoodies-common-1.8.0/jgoodies-common-1.8.0-javadoc.jar
7fa370009000-7fa37000b000 r--s 00010000 08:08 2405313                    /home/ruioliveira/Downloads/jgoodies-common-1.8.0/jgoodies-common-1.8.0-sources.jar
7fa37000b000-7fa370012000 r--s 000a4000 08:08 2405115                    /home/ruioliveira/Downloads/jgoodies-looks-2.6.0/jgoodies-looks-2.6.0-javadoc.jar
7fa370012000-7fa370017000 r--s 00051000 08:08 2405116                    /home/ruioliveira/Downloads/jgoodies-looks-2.6.0/jgoodies-looks-2.6.0-sources.jar
7fa370017000-7fa370020000 r--s 0005a000 08:08 2405118                    /home/ruioliveira/Downloads/jgoodies-looks-2.6.0/jgoodies-looks-2.6.0.jar
7fa370020000-7fa3700ab000 rw-p 00000000 00:00 0 
7fa3700ab000-7fa370259000 r--s 01cfc000 08:0c 6038089                    /usr/lib/jvm/java-7-openjdk-amd64/jre/lib/rt.jar
7fa370259000-7fa37037c000 rw-p 00000000 00:00 0 
7fa37037c000-7fa37037d000 ---p 00000000 00:00 0 
7fa37037d000-7fa37047d000 rw-p 00000000 00:00 0                          [stack:6003]
7fa37047d000-7fa37047e000 ---p 00000000 00:00 0 
7fa37047e000-7fa37057e000 rw-p 00000000 00:00 0                          [stack:6002]
7fa37057e000-7fa37057f000 ---p 00000000 00:00 0 
7fa37057f000-7fa37067f000 rw-p 00000000 00:00 0                          [stack:6001]
7fa37067f000-7fa370680000 ---p 00000000 00:00 0 
7fa370680000-7fa370780000 rw-p 00000000 00:00 0                          [stack:6000]
7fa370780000-7fa370781000 ---p 00000000 00:00 0 
7fa370781000-7fa370881000 rw-p 00000000 00:00 0                          [stack:5999]
7fa370881000-7fa370882000 ---p 00000000 00:00 0 
7fa370882000-7fa370982000 rw-p 00000000 00:00 0                          [stack:5998]
7fa370982000-7fa370983000 ---p 00000000 00:00 0 
7fa370983000-7fa370a83000 rw-p 00000000 00:00 0                          [stack:5997]
7fa370a83000-7fa370a84000 ---p 00000000 00:00 0 
7fa370a84000-7fa370b8f000 rw-p 00000000 00:00 0                          [stack:5996]
7fa370b8f000-7fa370bd7000 rw-p 00000000 00:00 0 
7fa370bd7000-7fa370c00000 rw-p 00000000 00:00 0 
7fa370c00000-7fa370e6a000 rw-p 00000000 00:00 0 
7fa370e6a000-7fa370e75000 rw-p 00000000 00:00 0 
7fa370e75000-7fa370ebd000 rw-p 00000000 00:00 0 
7fa370ebd000-7fa370ee6000 rw-p 00000000 00:00 0 
7fa370ee6000-7fa37114f000 rw-p 00000000 00:00 0 
7fa37114f000-7fa371165000 rw-p 00000000 00:00 0 
7fa371165000-7fa371299000 rw-p 00000000 00:00 0 
7fa371299000-7fa37129a000 rw-p 00000000 00:00 0 
7fa37129a000-7fa3712a2000 r-xp 00000000 08:0c 6038129                    /usr/lib/jvm/java-7-openjdk-amd64/jre/lib/amd64/libzip.so
7fa3712a2000-7fa3714a1000 ---p 00008000 08:0c 6038129                    /usr/lib/jvm/java-7-openjdk-amd64/jre/lib/amd64/libzip.so
7fa3714a1000-7fa3714a2000 r--p 00007000 08:0c 6038129                    /usr/lib/jvm/java-7-openjdk-amd64/jre/lib/amd64/libzip.so
7fa3714a2000-7fa3714a3000 rw-p 00008000 08:0c 6038129                    /usr/lib/jvm/java-7-openjdk-amd64/jre/lib/amd64/libzip.so
7fa3714a3000-7fa3714ae000 r-xp 00000000 08:0c 6295511                    /lib/x86_64-linux-gnu/libnss_files-2.19.so
7fa3714ae000-7fa3716ad000 ---p 0000b000 08:0c 6295511                    /lib/x86_64-linux-gnu/libnss_files-2.19.so
7fa3716ad000-7fa3716ae000 r--p 0000a000 08:0c 6295511                    /lib/x86_64-linux-gnu/libnss_files-2.19.so
7fa3716ae000-7fa3716af000 rw-p 0000b000 08:0c 6295511                    /lib/x86_64-linux-gnu/libnss_files-2.19.so
7fa3716af000-7fa3716ba000 r-xp 00000000 08:0c 6295521                    /lib/x86_64-linux-gnu/libnss_nis-2.19.so
7fa3716ba000-7fa3718b9000 ---p 0000b000 08:0c 6295521                    /lib/x86_64-linux-gnu/libnss_nis-2.19.so
7fa3718b9000-7fa3718ba000 r--p 0000a000 08:0c 6295521                    /lib/x86_64-linux-gnu/libnss_nis-2.19.so
7fa3718ba000-7fa3718bb000 rw-p 0000b000 08:0c 6295521                    /lib/x86_64-linux-gnu/libnss_nis-2.19.so
7fa3718bb000-7fa3718d2000 r-xp 00000000 08:0c 6295505                    /lib/x86_64-linux-gnu/libnsl-2.19.so
7fa3718d2000-7fa371ad1000 ---p 00017000 08:0c 6295505                    /lib/x86_64-linux-gnu/libnsl-2.19.so
7fa371ad1000-7fa371ad2000 r--p 00016000 08:0c 6295505                    /lib/x86_64-linux-gnu/libnsl-2.19.so
7fa371ad2000-7fa371ad3000 rw-p 00017000 08:0c 6295505                    /lib/x86_64-linux-gnu/libnsl-2.19.so
7fa371ad3000-7fa371ad5000 rw-p 00000000 00:00 0 
7fa371ad5000-7fa371ade000 r-xp 00000000 08:0c 6295507                    /lib/x86_64-linux-gnu/libnss_compat-2.19.so
7fa371ade000-7fa371cdd000 ---p 00009000 08:0c 6295507                    /lib/x86_64-linux-gnu/libnss_compat-2.19.so
7fa371cdd000-7fa371cde000 r--p 00008000 08:0c 6295507                    /lib/x86_64-linux-gnu/libnss_compat-2.19.so
7fa371cde000-7fa371cdf000 rw-p 00009000 08:0c 6295507                    /lib/x86_64-linux-gnu/libnss_compat-2.19.so
7fa371cdf000-7fa371d0a000 r-xp 00000000 08:0c 6038125                    /usr/lib/jvm/java-7-openjdk-amd64/jre/lib/amd64/libjava.so
7fa371d0a000-7fa371f09000 ---p 0002b000 08:0c 6038125                    /usr/lib/jvm/java-7-openjdk-amd64/jre/lib/amd64/libjava.so
7fa371f09000-7fa371f0a000 r--p 0002a000 08:0c 6038125                    /usr/lib/jvm/java-7-openjdk-amd64/jre/lib/amd64/libjava.so
7fa371f0a000-7fa371f0c000 rw-p 0002b000 08:0c 6038125                    /usr/lib/jvm/java-7-openjdk-amd64/jre/lib/amd64/libjava.so
7fa371f0c000-7fa371f1c000 r-xp 00000000 08:0c 6038158                    /usr/lib/jvm/java-7-openjdk-amd64/jre/lib/amd64/libverify.so
7fa371f1c000-7fa37211b000 ---p 00010000 08:0c 6038158                    /usr/lib/jvm/java-7-openjdk-amd64/jre/lib/amd64/libverify.so
7fa37211b000-7fa37211d000 r--p 0000f000 08:0c 6038158                    /usr/lib/jvm/java-7-openjdk-amd64/jre/lib/amd64/libverify.so
7fa37211d000-7fa37211e000 rw-p 00011000 08:0c 6038158                    /usr/lib/jvm/java-7-openjdk-amd64/jre/lib/amd64/libverify.so
7fa37211e000-7fa372125000 r-xp 00000000 08:0c 6295564                    /lib/x86_64-linux-gnu/librt-2.19.so
7fa372125000-7fa372324000 ---p 00007000 08:0c 6295564                    /lib/x86_64-linux-gnu/librt-2.19.so
7fa372324000-7fa372325000 r--p 00006000 08:0c 6295564                    /lib/x86_64-linux-gnu/librt-2.19.so
7fa372325000-7fa372326000 rw-p 00007000 08:0c 6295564                    /lib/x86_64-linux-gnu/librt-2.19.so
7fa372326000-7fa37233c000 r-xp 00000000 08:0c 6295463                    /lib/x86_64-linux-gnu/libgcc_s.so.1
7fa37233c000-7fa37253b000 ---p 00016000 08:0c 6295463                    /lib/x86_64-linux-gnu/libgcc_s.so.1
7fa37253b000-7fa37253c000 rw-p 00015000 08:0c 6295463                    /lib/x86_64-linux-gnu/libgcc_s.so.1
7fa37253c000-7fa372641000 r-xp 00000000 08:0c 6295486                    /lib/x86_64-linux-gnu/libm-2.19.so
7fa372641000-7fa372840000 ---p 00105000 08:0c 6295486                    /lib/x86_64-linux-gnu/libm-2.19.so
7fa372840000-7fa372841000 r--p 00104000 08:0c 6295486                    /lib/x86_64-linux-gnu/libm-2.19.so
7fa372841000-7fa372842000 rw-p 00105000 08:0c 6295486                    /lib/x86_64-linux-gnu/libm-2.19.so
7fa372842000-7fa372928000 r-xp 00000000 08:0c 5907231                    /usr/lib/x86_64-linux-gnu/libstdc++.so.6.0.19
7fa372928000-7fa372b27000 ---p 000e6000 08:0c 5907231                    /usr/lib/x86_64-linux-gnu/libstdc++.so.6.0.19
7fa372b27000-7fa372b2f000 r--p 000e5000 08:0c 5907231                    /usr/lib/x86_64-linux-gnu/libstdc++.so.6.0.19
7fa372b2f000-7fa372b31000 rw-p 000ed000 08:0c 5907231                    /usr/lib/x86_64-linux-gnu/libstdc++.so.6.0.19
7fa372b31000-7fa372b46000 rw-p 00000000 00:00 0 
7fa372b46000-7fa373627000 r-xp 00000000 08:0c 6038139                    /usr/lib/jvm/java-7-openjdk-amd64/jre/lib/amd64/server/libjvm.so
7fa373627000-7fa373826000 ---p 00ae1000 08:0c 6038139                    /usr/lib/jvm/java-7-openjdk-amd64/jre/lib/amd64/server/libjvm.so
7fa373826000-7fa3738b8000 r--p 00ae0000 08:0c 6038139                    /usr/lib/jvm/java-7-openjdk-amd64/jre/lib/amd64/server/libjvm.so
7fa3738b8000-7fa3738db000 rw-p 00b72000 08:0c 6038139                    /usr/lib/jvm/java-7-openjdk-amd64/jre/lib/amd64/server/libjvm.so
7fa3738db000-7fa373908000 rw-p 00000000 00:00 0 
7fa373908000-7fa373920000 r-xp 00000000 08:0c 6295599                    /lib/x86_64-linux-gnu/libz.so.1.2.8
7fa373920000-7fa373b1f000 ---p 00018000 08:0c 6295599                    /lib/x86_64-linux-gnu/libz.so.1.2.8
7fa373b1f000-7fa373b20000 r--p 00017000 08:0c 6295599                    /lib/x86_64-linux-gnu/libz.so.1.2.8
7fa373b20000-7fa373b21000 rw-p 00018000 08:0c 6295599                    /lib/x86_64-linux-gnu/libz.so.1.2.8
7fa373b21000-7fa373b3a000 r-xp 00000000 08:0c 6295556                    /lib/x86_64-linux-gnu/libpthread-2.19.so
7fa373b3a000-7fa373d39000 ---p 00019000 08:0c 6295556                    /lib/x86_64-linux-gnu/libpthread-2.19.so
7fa373d39000-7fa373d3a000 r--p 00018000 08:0c 6295556                    /lib/x86_64-linux-gnu/libpthread-2.19.so
7fa373d3a000-7fa373d3b000 rw-p 00019000 08:0c 6295556                    /lib/x86_64-linux-gnu/libpthread-2.19.so
7fa373d3b000-7fa373d3f000 rw-p 00000000 00:00 0 
7fa373d3f000-7fa373d42000 r-xp 00000000 08:0c 6295453                    /lib/x86_64-linux-gnu/libdl-2.19.so
7fa373d42000-7fa373f41000 ---p 00003000 08:0c 6295453                    /lib/x86_64-linux-gnu/libdl-2.19.so
7fa373f41000-7fa373f42000 r--p 00002000 08:0c 6295453                    /lib/x86_64-linux-gnu/libdl-2.19.so
7fa373f42000-7fa373f43000 rw-p 00003000 08:0c 6295453                    /lib/x86_64-linux-gnu/libdl-2.19.so
7fa373f43000-7fa3740ff000 r-xp 00000000 08:0c 6295436                    /lib/x86_64-linux-gnu/libc-2.19.so
7fa3740ff000-7fa3742fe000 ---p 001bc000 08:0c 6295436                    /lib/x86_64-linux-gnu/libc-2.19.so
7fa3742fe000-7fa374302000 r--p 001bb000 08:0c 6295436                    /lib/x86_64-linux-gnu/libc-2.19.so
7fa374302000-7fa374304000 rw-p 001bf000 08:0c 6295436                    /lib/x86_64-linux-gnu/libc-2.19.so
7fa374304000-7fa374309000 rw-p 00000000 00:00 0 
7fa374309000-7fa374316000 r-xp 00000000 08:0c 6038149                    /usr/lib/jvm/java-7-openjdk-amd64/jre/lib/amd64/jli/libjli.so
7fa374316000-7fa374515000 ---p 0000d000 08:0c 6038149                    /usr/lib/jvm/java-7-openjdk-amd64/jre/lib/amd64/jli/libjli.so
7fa374515000-7fa374516000 r--p 0000c000 08:0c 6038149                    /usr/lib/jvm/java-7-openjdk-amd64/jre/lib/amd64/jli/libjli.so
7fa374516000-7fa374517000 rw-p 0000d000 08:0c 6038149                    /usr/lib/jvm/java-7-openjdk-amd64/jre/lib/amd64/jli/libjli.so
7fa374517000-7fa37453a000 r-xp 00000000 08:0c 6295412                    /lib/x86_64-linux-gnu/ld-2.19.so
7fa37453a000-7fa37453b000 r--p 00000000 08:0c 7363661                    /usr/share/locale-langpack/en_GB/LC_MESSAGES/libc.mo
7fa37453b000-7fa37453c000 r--s 00004000 08:08 2405314                    /home/ruioliveira/Downloads/jgoodies-common-1.8.0/jgoodies-common-1.8.0-tests.jar
7fa37453c000-7fa37453e000 r--s 00007000 08:08 2405315                    /home/ruioliveira/Downloads/jgoodies-common-1.8.0/jgoodies-common-1.8.0.jar
7fa37453e000-7fa37453f000 r--s 00001000 08:08 2405117                    /home/ruioliveira/Downloads/jgoodies-looks-2.6.0/jgoodies-looks-2.6.0-tests.jar
7fa37453f000-7fa374544000 r--s 00064000 08:08 2404801                    /home/ruioliveira/Downloads/jgoodies-forms-1.8.0/jgoodies-forms-1.8.0-javadoc.jar
7fa374544000-7fa374546000 r--s 00006000 08:08 2404803                    /home/ruioliveira/Downloads/jgoodies-forms-1.8.0/jgoodies-forms-1.8.0-tests.jar
7fa374546000-7fa374549000 r--s 0001b000 08:08 2404804                    /home/ruioliveira/Downloads/jgoodies-forms-1.8.0/jgoodies-forms-1.8.0.jar
7fa374549000-7fa374554000 r--s 00203000 08:0c 6038090                    /usr/lib/jvm/java-7-openjdk-amd64/jre/lib/charsets.jar
7fa374554000-7fa374556000 r--s 00012000 08:0c 6038093                    /usr/lib/jvm/java-7-openjdk-amd64/jre/lib/ext/zipfs.jar
7fa374556000-7fa374560000 rw-p 00000000 00:00 0 
7fa374560000-7fa374616000 rw-p 00000000 00:00 0 
7fa374616000-7fa374619000 ---p 00000000 00:00 0 
7fa374619000-7fa37471c000 rw-p 00000000 00:00 0                          [stack:5995]
7fa37471c000-7fa37471e000 r--s 00006000 08:0c 6560210                    /usr/share/java/java-atk-wrapper.jar
7fa37471e000-7fa374722000 r--s 00085000 08:0c 6038095                    /usr/lib/jvm/java-7-openjdk-amd64/jre/lib/ext/localedata.jar
7fa374722000-7fa374725000 r--s 0000f000 08:0c 6038092                    /usr/lib/jvm/java-7-openjdk-amd64/jre/lib/ext/pulse-java.jar
7fa374725000-7fa374726000 r--s 00002000 08:0c 6038097                    /usr/lib/jvm/java-7-openjdk-amd64/jre/lib/ext/dnsns.jar
7fa374726000-7fa374729000 r--s 00032000 08:0c 6038094                    /usr/lib/jvm/java-7-openjdk-amd64/jre/lib/ext/sunjce_provider.jar
7fa374729000-7fa37472d000 r--s 0003b000 08:0c 6038096                    /usr/lib/jvm/java-7-openjdk-amd64/jre/lib/ext/sunpkcs11.jar
7fa37472d000-7fa374735000 rw-s 00000000 08:0c 9449904                    /tmp/hsperfdata_ruioliveiras/5989
7fa374735000-7fa374736000 rw-p 00000000 00:00 0 
7fa374736000-7fa374737000 r--p 00000000 00:00 0 
7fa374737000-7fa374739000 rw-p 00000000 00:00 0 
7fa374739000-7fa37473a000 r--p 00022000 08:0c 6295412                    /lib/x86_64-linux-gnu/ld-2.19.so
7fa37473a000-7fa37473b000 rw-p 00023000 08:0c 6295412                    /lib/x86_64-linux-gnu/ld-2.19.so
7fa37473b000-7fa37473c000 rw-p 00000000 00:00 0 
7fff15cbe000-7fff15cdf000 rw-p 00000000 00:00 0                          [stack]
7fff15d89000-7fff15d8b000 r-xp 00000000 00:00 0                          [vdso]
ffffffffff600000-ffffffffff601000 r-xp 00000000 00:00 0                  [vsyscall]

VM Arguments:
jvm_args: -Dfile.encoding=UTF-8 
java_command: controller.Main
Launcher Type: SUN_STANDARD

Environment Variables:
PATH=/home/ruioliveiras/bin:/usr/local/sbin:/usr/local/bin:/usr/sbin:/usr/bin:/sbin:/bin:/usr/games:/usr/local/games
USERNAME=ruioliveiras
SHELL=/bin/bash
DISPLAY=:0

Signal Handlers:
SIGSEGV: [libjvm.so+0x918620], sa_mask[0]=0x7ffbfeff, sa_flags=0x10000004
SIGBUS: [libjvm.so+0x918620], sa_mask[0]=0x7ffbfeff, sa_flags=0x10000004
SIGFPE: [libjvm.so+0x795e30], sa_mask[0]=0x7ffbfeff, sa_flags=0x10000004
SIGPIPE: [libjvm.so+0x795e30], sa_mask[0]=0x7ffbfeff, sa_flags=0x10000004
SIGXFSZ: [libjvm.so+0x795e30], sa_mask[0]=0x7ffbfeff, sa_flags=0x10000004
SIGILL: [libjvm.so+0x795e30], sa_mask[0]=0x7ffbfeff, sa_flags=0x10000004
SIGUSR1: SIG_DFL, sa_mask[0]=0x00000000, sa_flags=0x00000000
SIGUSR2: [libjvm.so+0x795cd0], sa_mask[0]=0x00000004, sa_flags=0x10000004
SIGHUP: [libjvm.so+0x795eb0], sa_mask[0]=0x7ffbfeff, sa_flags=0x10000004
SIGINT: [libjvm.so+0x795eb0], sa_mask[0]=0x7ffbfeff, sa_flags=0x10000004
SIGTERM: [libjvm.so+0x795eb0], sa_mask[0]=0x7ffbfeff, sa_flags=0x10000004
SIGQUIT: [libjvm.so+0x795eb0], sa_mask[0]=0x7ffbfeff, sa_flags=0x10000004


---------------  S Y S T E M  ---------------

OS:Ubuntu 14.04 (trusty)
uname:Linux 3.13.0-24-generic #47-Ubuntu SMP Fri May 2 23:30:00 UTC 2014 x86_64
libc:glibc 2.19 NPTL 2.19 
rlimit: STACK 8192k, CORE 0k, NPROC 63008, NOFILE 4096, AS infinity
load average:0,39 0,32 0,32

/proc/meminfo:
MemTotal:        8086668 kB
MemFree:         4884892 kB
Buffers:          314584 kB
Cached:          1345624 kB
SwapCached:            0 kB
Active:          1966204 kB
Inactive:         876804 kB
Active(anon):    1196992 kB
Inactive(anon):   224708 kB
Active(file):     769212 kB
Inactive(file):   652096 kB
Unevictable:          32 kB
Mlocked:              32 kB
SwapTotal:       8389628 kB
SwapFree:        8389628 kB
Dirty:               108 kB
Writeback:             0 kB
AnonPages:       1125296 kB
Mapped:           174492 kB
Shmem:            238424 kB
Slab:             242196 kB
SReclaimable:     199420 kB
SUnreclaim:        42776 kB
KernelStack:        7040 kB
PageTables:        21040 kB
NFS_Unstable:          0 kB
Bounce:                0 kB
WritebackTmp:          0 kB
CommitLimit:    12432960 kB
Committed_AS:    3880680 kB
VmallocTotal:   34359738367 kB
VmallocUsed:      361632 kB
VmallocChunk:   34359359064 kB
HardwareCorrupted:     0 kB
AnonHugePages:   1241088 kB
HugePages_Total:       0
HugePages_Free:        0
HugePages_Rsvd:        0
HugePages_Surp:        0
Hugepagesize:       2048 kB
DirectMap4k:       90464 kB
DirectMap2M:     2965504 kB
DirectMap1G:     5242880 kB


CPU:total 8 (4 cores per cpu, 2 threads per core) family 6 model 60 stepping 3, cmov, cx8, fxsr, mmx, sse, sse2, sse3, ssse3, sse4.1, sse4.2, popcnt, avx, avx2, aes, erms, ht, tsc, tscinvbit

/proc/cpuinfo:
processor	: 0
vendor_id	: GenuineIntel
cpu family	: 6
model		: 60
model name	: Intel(R) Core(TM) i7-4700MQ CPU @ 2.40GHz
stepping	: 3
microcode	: 0x8
cpu MHz		: 2401.000
cache size	: 6144 KB
physical id	: 0
siblings	: 8
core id		: 0
cpu cores	: 4
apicid		: 0
initial apicid	: 0
fpu		: yes
fpu_exception	: yes
cpuid level	: 13
wp		: yes
flags		: fpu vme de pse tsc msr pae mce cx8 apic sep mtrr pge mca cmov pat pse36 clflush dts acpi mmx fxsr sse sse2 ss ht tm pbe syscall nx pdpe1gb rdtscp lm constant_tsc arch_perfmon pebs bts rep_good nopl xtopology nonstop_tsc aperfmperf eagerfpu pni pclmulqdq dtes64 monitor ds_cpl vmx est tm2 ssse3 fma cx16 xtpr pdcm pcid sse4_1 sse4_2 movbe popcnt tsc_deadline_timer aes xsave avx f16c rdrand lahf_lm abm ida arat epb xsaveopt pln pts dtherm tpr_shadow vnmi flexpriority ept vpid fsgsbase tsc_adjust bmi1 avx2 smep bmi2 erms invpcid
bogomips	: 4788.88
clflush size	: 64
cache_alignment	: 64
address sizes	: 39 bits physical, 48 bits virtual
power management:

processor	: 1
vendor_id	: GenuineIntel
cpu family	: 6
model		: 60
model name	: Intel(R) Core(TM) i7-4700MQ CPU @ 2.40GHz
stepping	: 3
microcode	: 0x8
cpu MHz		: 2401.000
cache size	: 6144 KB
physical id	: 0
siblings	: 8
core id		: 1
cpu cores	: 4
apicid		: 2
initial apicid	: 2
fpu		: yes
fpu_exception	: yes
cpuid level	: 13
wp		: yes
flags		: fpu vme de pse tsc msr pae mce cx8 apic sep mtrr pge mca cmov pat pse36 clflush dts acpi mmx fxsr sse sse2 ss ht tm pbe syscall nx pdpe1gb rdtscp lm constant_tsc arch_perfmon pebs bts rep_good nopl xtopology nonstop_tsc aperfmperf eagerfpu pni pclmulqdq dtes64 monitor ds_cpl vmx est tm2 ssse3 fma cx16 xtpr pdcm pcid sse4_1 sse4_2 movbe popcnt tsc_deadline_timer aes xsave avx f16c rdrand lahf_lm abm ida arat epb xsaveopt pln pts dtherm tpr_shadow vnmi flexpriority ept vpid fsgsbase tsc_adjust bmi1 avx2 smep bmi2 erms invpcid
bogomips	: 4788.88
clflush size	: 64
cache_alignment	: 64
address sizes	: 39 bits physical, 48 bits virtual
power management:

processor	: 2
vendor_id	: GenuineIntel
cpu family	: 6
model		: 60
model name	: Intel(R) Core(TM) i7-4700MQ CPU @ 2.40GHz
stepping	: 3
microcode	: 0x8
cpu MHz		: 2100.000
cache size	: 6144 KB
physical id	: 0
siblings	: 8
core id		: 2
cpu cores	: 4
apicid		: 4
initial apicid	: 4
fpu		: yes
fpu_exception	: yes
cpuid level	: 13
wp		: yes
flags		: fpu vme de pse tsc msr pae mce cx8 apic sep mtrr pge mca cmov pat pse36 clflush dts acpi mmx fxsr sse sse2 ss ht tm pbe syscall nx pdpe1gb rdtscp lm constant_tsc arch_perfmon pebs bts rep_good nopl xtopology nonstop_tsc aperfmperf eagerfpu pni pclmulqdq dtes64 monitor ds_cpl vmx est tm2 ssse3 fma cx16 xtpr pdcm pcid sse4_1 sse4_2 movbe popcnt tsc_deadline_timer aes xsave avx f16c rdrand lahf_lm abm ida arat epb xsaveopt pln pts dtherm tpr_shadow vnmi flexpriority ept vpid fsgsbase tsc_adjust bmi1 avx2 smep bmi2 erms invpcid
bogomips	: 4788.88
clflush size	: 64
cache_alignment	: 64
address sizes	: 39 bits physical, 48 bits virtual
power management:

processor	: 3
vendor_id	: GenuineIntel
cpu family	: 6
model		: 60
model name	: Intel(R) Core(TM) i7-4700MQ CPU @ 2.40GHz
stepping	: 3
microcode	: 0x8
cpu MHz		: 800.000
cache size	: 6144 KB
physical id	: 0
siblings	: 8
core id		: 3
cpu cores	: 4
apicid		: 6
initial apicid	: 6
fpu		: yes
fpu_exception	: yes
cpuid level	: 13
wp		: yes
flags		: fpu vme de pse tsc msr pae mce cx8 apic sep mtrr pge mca cmov pat pse36 clflush dts acpi mmx fxsr sse sse2 ss ht tm pbe syscall nx pdpe1gb rdtscp lm constant_tsc arch_perfmon pebs bts rep_good nopl xtopology nonstop_tsc aperfmperf eagerfpu pni pclmulqdq dtes64 monitor ds_cpl vmx est tm2 ssse3 fma cx16 xtpr pdcm pcid sse4_1 sse4_2 movbe popcnt tsc_deadline_timer aes xsave avx f16c rdrand lahf_lm abm ida arat epb xsaveopt pln pts dtherm tpr_shadow vnmi flexpriority ept vpid fsgsbase tsc_adjust bmi1 avx2 smep bmi2 erms invpcid
bogomips	: 4788.88
clflush size	: 64
cache_alignment	: 64
address sizes	: 39 bits physical, 48 bits virtual
power management:

processor	: 4
vendor_id	: GenuineIntel
cpu family	: 6
model		: 60
model name	: Intel(R) Core(TM) i7-4700MQ CPU @ 2.40GHz
stepping	: 3
microcode	: 0x8
cpu MHz		: 2401.000
cache size	: 6144 KB
physical id	: 0
siblings	: 8
core id		: 0
cpu cores	: 4
apicid		: 1
initial apicid	: 1
fpu		: yes
fpu_exception	: yes
cpuid level	: 13
wp		: yes
flags		: fpu vme de pse tsc msr pae mce cx8 apic sep mtrr pge mca cmov pat pse36 clflush dts acpi mmx fxsr sse sse2 ss ht tm pbe syscall nx pdpe1gb rdtscp lm constant_tsc arch_perfmon pebs bts rep_good nopl xtopology nonstop_tsc aperfmperf eagerfpu pni pclmulqdq dtes64 monitor ds_cpl vmx est tm2 ssse3 fma cx16 xtpr pdcm pcid sse4_1 sse4_2 movbe popcnt tsc_deadline_timer aes xsave avx f16c rdrand lahf_lm abm ida arat epb xsaveopt pln pts dtherm tpr_shadow vnmi flexpriority ept vpid fsgsbase tsc_adjust bmi1 avx2 smep bmi2 erms invpcid
bogomips	: 4788.88
clflush size	: 64
cache_alignment	: 64
address sizes	: 39 bits physical, 48 bits virtual
power management:

processor	: 5
vendor_id	: GenuineIntel
cpu family	: 6
model		: 60
model name	: Intel(R) Core(TM) i7-4700MQ CPU @ 2.40GHz
stepping	: 3
microcode	: 0x8
cpu MHz		: 2401.000
cache size	: 6144 KB
physical id	: 0
siblings	: 8
core id		: 1
cpu cores	: 4
apicid		: 3
initial apicid	: 3
fpu		: yes
fpu_exception	: yes
cpuid level	: 13
wp		: yes
flags		: fpu vme de pse tsc msr pae mce cx8 apic sep mtrr pge mca cmov pat pse36 clflush dts acpi mmx fxsr sse sse2 ss ht tm pbe syscall nx pdpe1gb rdtscp lm constant_tsc arch_perfmon pebs bts rep_good nopl xtopology nonstop_tsc aperfmperf eagerfpu pni pclmulqdq dtes64 monitor ds_cpl vmx est tm2 ssse3 fma cx16 xtpr pdcm pcid sse4_1 sse4_2 movbe popcnt tsc_deadline_timer aes xsave avx f16c rdrand lahf_lm abm ida arat epb xsaveopt pln pts dtherm tpr_shadow vnmi flexpriority ept vpid fsgsbase tsc_adjust bmi1 avx2 smep bmi2 erms invpcid
bogomips	: 4788.88
clflush size	: 64
cache_alignment	: 64
address sizes	: 39 bits physical, 48 bits virtual
power management:

processor	: 6
vendor_id	: GenuineIntel
cpu family	: 6
model		: 60
model name	: Intel(R) Core(TM) i7-4700MQ CPU @ 2.40GHz
stepping	: 3
microcode	: 0x8
cpu MHz		: 2200.000
cache size	: 6144 KB
physical id	: 0
siblings	: 8
core id		: 2
cpu cores	: 4
apicid		: 5
initial apicid	: 5
fpu		: yes
fpu_exception	: yes
cpuid level	: 13
wp		: yes
flags		: fpu vme de pse tsc msr pae mce cx8 apic sep mtrr pge mca cmov pat pse36 clflush dts acpi mmx fxsr sse sse2 ss ht tm pbe syscall nx pdpe1gb rdtscp lm constant_tsc arch_perfmon pebs bts rep_good nopl xtopology nonstop_tsc aperfmperf eagerfpu pni pclmulqdq dtes64 monitor ds_cpl vmx est tm2 ssse3 fma cx16 xtpr pdcm pcid sse4_1 sse4_2 movbe popcnt tsc_deadline_timer aes xsave avx f16c rdrand lahf_lm abm ida arat epb xsaveopt pln pts dtherm tpr_shadow vnmi flexpriority ept vpid fsgsbase tsc_adjust bmi1 avx2 smep bmi2 erms invpcid
bogomips	: 4788.88
clflush size	: 64
cache_alignment	: 64
address sizes	: 39 bits physical, 48 bits virtual
power management:

processor	: 7
vendor_id	: GenuineIntel
cpu family	: 6
model		: 60
model name	: Intel(R) Core(TM) i7-4700MQ CPU @ 2.40GHz
stepping	: 3
microcode	: 0x8
cpu MHz		: 2401.000
cache size	: 6144 KB
physical id	: 0
siblings	: 8
core id		: 3
cpu cores	: 4
apicid		: 7
initial apicid	: 7
fpu		: yes
fpu_exception	: yes
cpuid level	: 13
wp		: yes
flags		: fpu vme de pse tsc msr pae mce cx8 apic sep mtrr pge mca cmov pat pse36 clflush dts acpi mmx fxsr sse sse2 ss ht tm pbe syscall nx pdpe1gb rdtscp lm constant_tsc arch_perfmon pebs bts rep_good nopl xtopology nonstop_tsc aperfmperf eagerfpu pni pclmulqdq dtes64 monitor ds_cpl vmx est tm2 ssse3 fma cx16 xtpr pdcm pcid sse4_1 sse4_2 movbe popcnt tsc_deadline_timer aes xsave avx f16c rdrand lahf_lm abm ida arat epb xsaveopt pln pts dtherm tpr_shadow vnmi flexpriority ept vpid fsgsbase tsc_adjust bmi1 avx2 smep bmi2 erms invpcid
bogomips	: 4788.88
clflush size	: 64
cache_alignment	: 64
address sizes	: 39 bits physical, 48 bits virtual
power management:



Memory: 4k page, physical 8086668k(4929400k free), swap 8389628k(8389628k free)

vm_info: OpenJDK 64-Bit Server VM (24.51-b03) for linux-amd64 JRE (1.7.0_55-b14), built on Apr 17 2014 20:08:07 by "buildd" with gcc 4.8.2

time: Mon May 26 17:52:23 2014
elapsed time: 2379 seconds

